[0.000000] (-) TimerEvent: {}
[0.000037] (-) JobUnselected: {'identifier': 'rs_a3_description'}
[0.000049] (-) JobUnselected: {'identifier': 'rs_a3_description'}
[0.000057] (-) JobUnselected: {'identifier': 'rs_a3_moveit_config'}
[0.000063] (-) JobUnselected: {'identifier': 'rs_a3_teleop'}
[0.000070] (rs_a3_hardware) JobQueued: {'identifier': 'rs_a3_hardware', 'dependencies': OrderedDict()}
[0.000363] (rs_a3_hardware) JobStarted: {'identifier': 'rs_a3_hardware'}
[0.006018] (rs_a3_hardware) JobProgress: {'identifier': 'rs_a3_hardware', 'progress': 'cmake'}
[0.006068] (rs_a3_hardware) Command: {'cmd': ['/usr/bin/cmake', '/home/wy/RS/A3/ros2_ws/src/rs_a3_hardware', '-DCMAKE_INSTALL_PREFIX=/home/wy/RS/A3/install/rs_a3_hardware'], 'cwd': '/home/wy/RS/A3/build/rs_a3_hardware', 'env': OrderedDict([('LESSOPEN', '| /usr/bin/lesspipe %s'), ('VSCODE_CWD', '/home/wy'), ('VSCODE_ESM_ENTRYPOINT', 'vs/workbench/api/node/extensionHostProcess'), ('CONDA_PROMPT_MODIFIER', '(base)'), ('LANGUAGE', 'zh_CN:en'), ('USER', 'wy'), ('LC_TIME', 'en_US.UTF-8'), ('VSCODE_NLS_CONFIG', '{"userLocale":"zh-cn","osLocale":"zh-cn","resolvedLanguage":"zh-cn","defaultMessagesFile":"/usr/share/cursor/resources/app/out/nls.messages.json","languagePack":{"translationsConfigFile":"/home/wy/.config/Cursor/clp/3bfb7f1471a52e527cfc1587dd57c7c1.zh-cn/tcf.json","messagesFile":"/home/wy/.config/Cursor/clp/3bfb7f1471a52e527cfc1587dd57c7c1.zh-cn/20adc1003928b0f1b99305dbaf845656ff81f5d0/nls.messages.json","corruptMarkerFile":"/home/wy/.config/Cursor/clp/3bfb7f1471a52e527cfc1587dd57c7c1.zh-cn/corrupted.info"},"locale":"zh-cn","availableLanguages":{"*":"zh-cn"},"_languagePackId":"3bfb7f1471a52e527cfc1587dd57c7c1.zh-cn","_languagePackSupport":true,"_translationsConfigFile":"/home/wy/.config/Cursor/clp/3bfb7f1471a52e527cfc1587dd57c7c1.zh-cn/tcf.json","_cacheRoot":"/home/wy/.config/Cursor/clp/3bfb7f1471a52e527cfc1587dd57c7c1.zh-cn","_resolvedLanguagePackCoreLocation":"/home/wy/.config/Cursor/clp/3bfb7f1471a52e527cfc1587dd57c7c1.zh-cn/20adc1003928b0f1b99305dbaf845656ff81f5d0","_corruptedFile":"/home/wy/.config/Cursor/clp/3bfb7f1471a52e527cfc1587dd57c7c1.zh-cn/corrupted.info"}'), ('VSCODE_HANDLES_UNCAUGHT_ERRORS', 'true'), ('XDG_SESSION_TYPE', 'x11'), ('SHLVL', '0'), ('LD_LIBRARY_PATH', '/opt/ros/humble/opt/rviz_ogre_vendor/lib:/opt/ros/humble/lib/x86_64-linux-gnu:/opt/ros/humble/lib::/home/wy/miniconda3/envs/rl_gpu/lib:/home/wy/miniconda3/envs/rl_gpu/lib'), ('HOME', '/home/wy'), ('CHROME_DESKTOP', 'cursor.desktop'), ('CONDA_SHLVL', '1'), ('OLDPWD', '/home/wy/RS/A3'), ('DESKTOP_SESSION', 'ubuntu'), ('VSCODE_IPC_HOOK', '/run/user/1000/vscode-ffeb21a4-2.2.-main.sock'), ('GIO_LAUNCHED_DESKTOP_FILE', '/usr/share/applications/cursor.desktop'), ('ROS_PYTHON_VERSION', '3'), ('GNOME_SHELL_SESSION_MODE', 'ubuntu'), ('GTK_MODULES', 'gail:atk-bridge'), ('XDG_SEAT_PATH', '/org/freedesktop/DisplayManager/Seat0'), ('LC_MONETARY', 'en_US.UTF-8'), ('MANAGERPID', '2112'), ('SYSTEMD_EXEC_PID', '2304'), ('NO_COLOR', '1'), ('DBUS_SESSION_BUS_ADDRESS', 'unix:path=/run/user/1000/bus'), ('_CE_M', ''), ('_CONDA_ROOT', '/home/wy/miniconda3'), ('GIO_LAUNCHED_DESKTOP_FILE_PID', '4319'), ('VSCODE_CRASH_REPORTER_PROCESS_TYPE', 'extensionHost'), ('VSCODE_L10N_BUNDLE_LOCATION', 'file:///home/wy/.cursor/extensions/ms-ceintl.vscode-language-pack-zh-hans-1.105.0-universal/translations/extensions/vscode.json-language-features.i18n.json'), ('ROS_DISTRO', 'humble'), ('GTK_IM_MODULE', 'fcitx'), ('LOGNAME', 'wy'), ('FORCE_COLOR', '0'), ('JOURNAL_STREAM', '8:20670'), ('PULSE_SERVER', 'unix:/run/user/1000/pulse/native'), ('_', '/usr/bin/colcon'), ('ROS_VERSION', '2'), ('XDG_SESSION_CLASS', 'user'), ('TERM', 'dumb'), ('EVERYSPHERE_RIPGREP_PATH', '/usr/share/cursor/resources/app/node_modules/@vscode/ripgrep/bin/rg'), ('GNOME_DESKTOP_SESSION_ID', 'this-is-deprecated'), ('_CE_CONDA', ''), ('ROS_LOCALHOST_ONLY', '0'), ('COMPOSER_NO_INTERACTION', '1'), ('PATH', '/opt/ros/humble/bin:/usr/bin:/home/wy/miniconda3/bin:/home/wy/miniconda3/condabin:/usr/local/sbin:/usr/local/bin:/usr/sbin:/usr/bin:/sbin:/bin:/usr/games:/usr/local/games:/snap/bin'), ('SESSION_MANAGER', 'local/RS-wy:@/tmp/.ICE-unix/2304,unix/RS-wy:/tmp/.ICE-unix/2304'), ('GDM_LANG', 'zh_CN'), ('INVOCATION_ID', 'e33984b694004e6390f46fe29ec8d089'), ('PAPERSIZE', 'letter'), ('XDG_SESSION_PATH', '/org/freedesktop/DisplayManager/Session0'), ('XDG_MENU_PREFIX', 'gnome-'), ('LC_ADDRESS', 'en_US.UTF-8'), ('VSCODE_PROCESS_TITLE', 'extension-host  [1-1]'), ('XDG_RUNTIME_DIR', '/run/user/1000'), ('GDK_BACKEND', 'x11'), ('CURSOR_AGENT', '1'), ('DISPLAY', ':0'), ('LANG', 'zh_CN.UTF-8'), ('XDG_CURRENT_DESKTOP', 'Unity'), ('LC_TELEPHONE', 'en_US.UTF-8'), ('XMODIFIERS', '@im=fcitx'), ('XDG_SESSION_DESKTOP', 'ubuntu'), ('XAUTHORITY', '/home/wy/.Xauthority'), ('LS_COLORS', ''), ('CURSOR_TRACE_ID', 'b435035fe07c420b8fea1225b6b7b6b6'), ('SSH_AGENT_LAUNCHER', 'gnome-keyring'), ('SSH_AUTH_SOCK', '/run/user/1000/keyring/ssh'), ('GSETTINGS_SCHEMA_DIR', '/home/wy/data'), ('XDG_GREETER_DATA_DIR', '/var/lib/lightdm-data/wy'), ('AMENT_PREFIX_PATH', '/opt/ros/humble'), ('CONDA_PYTHON_EXE', '/home/wy/miniconda3/bin/python'), ('ORIGINAL_XDG_CURRENT_DESKTOP', 'ubuntu:GNOME'), ('SHELL', '/bin/bash'), ('LC_NAME', 'en_US.UTF-8'), ('QT_ACCESSIBILITY', '1'), ('GDMSESSION', 'ubuntu'), ('LESSCLOSE', '/usr/bin/lesspipe %s %s'), ('CONDA_DEFAULT_ENV', 'base'), ('LC_MEASUREMENT', 'en_US.UTF-8'), ('GPG_AGENT_INFO', '/run/user/1000/gnupg/S.gpg-agent:0:1'), ('_CONDA_EXE', '/home/wy/miniconda3/bin/conda'), ('LC_IDENTIFICATION', 'en_US.UTF-8'), ('QT_IM_MODULE', 'fcitx'), ('PWD', '/home/wy/RS/A3/build/rs_a3_hardware'), ('LC_ALL', 'en_US.UTF-8'), ('XDG_CONFIG_DIRS', '/etc/xdg/xdg-ubuntu:/etc/xdg'), ('CONDA_EXE', '/home/wy/miniconda3/bin/conda'), ('VSCODE_CODE_CACHE_PATH', '/home/wy/.config/Cursor/CachedData/20adc1003928b0f1b99305dbaf845656ff81f5d0'), ('XDG_DATA_DIRS', '/usr/share/ubuntu:/usr/share/gnome:/usr/local/share:/usr/share:/var/lib/snapd/desktop'), ('PYTHONPATH', '/opt/ros/humble/lib/python3.10/site-packages:/opt/ros/humble/local/lib/python3.10/dist-packages'), ('LC_NUMERIC', 'en_US.UTF-8'), ('CONDA_PREFIX', '/home/wy/miniconda3'), ('LC_PAPER', 'en_US.UTF-8'), ('COLCON', '1'), ('_ZO_DOCTOR', '0'), ('VSCODE_PID', '4319'), ('CMAKE_PREFIX_PATH', '/opt/ros/humble')]), 'shell': False}
[0.053884] (rs_a3_hardware) StdoutLine: {'line': b'-- The C compiler identification is GNU 11.4.0\n'}
[0.099933] (-) TimerEvent: {}
[0.101444] (rs_a3_hardware) StdoutLine: {'line': b'-- The CXX compiler identification is GNU 11.4.0\n'}
[0.106865] (rs_a3_hardware) StdoutLine: {'line': b'-- Detecting C compiler ABI info\n'}
[0.147374] (rs_a3_hardware) StdoutLine: {'line': b'-- Detecting C compiler ABI info - done\n'}
[0.151740] (rs_a3_hardware) StdoutLine: {'line': b'-- Check for working C compiler: /usr/bin/cc - skipped\n'}
[0.152608] (rs_a3_hardware) StdoutLine: {'line': b'-- Detecting C compile features\n'}
[0.153293] (rs_a3_hardware) StdoutLine: {'line': b'-- Detecting C compile features - done\n'}
[0.155118] (rs_a3_hardware) StdoutLine: {'line': b'-- Detecting CXX compiler ABI info\n'}
[0.196959] (rs_a3_hardware) StdoutLine: {'line': b'-- Detecting CXX compiler ABI info - done\n'}
[0.199993] (-) TimerEvent: {}
[0.201189] (rs_a3_hardware) StdoutLine: {'line': b'-- Check for working CXX compiler: /usr/bin/c++ - skipped\n'}
[0.201364] (rs_a3_hardware) StdoutLine: {'line': b'-- Detecting CXX compile features\n'}
[0.201395] (rs_a3_hardware) StdoutLine: {'line': b'-- Detecting CXX compile features - done\n'}
[0.204872] (rs_a3_hardware) StdoutLine: {'line': b'-- Found ament_cmake: 1.3.12 (/opt/ros/humble/share/ament_cmake/cmake)\n'}
[0.280199] (rs_a3_hardware) StdoutLine: {'line': b'-- Found Python3: /usr/bin/python3 (found version "3.10.12") found components: Interpreter \n'}
[0.300148] (-) TimerEvent: {}
[0.326915] (rs_a3_hardware) StdoutLine: {'line': b'-- Found rclcpp: 16.0.16 (/opt/ros/humble/share/rclcpp/cmake)\n'}
[0.353473] (rs_a3_hardware) StdoutLine: {'line': b'-- Found rosidl_generator_c: 3.1.7 (/opt/ros/humble/share/rosidl_generator_c/cmake)\n'}
[0.355888] (rs_a3_hardware) StdoutLine: {'line': b'-- Found rosidl_adapter: 3.1.7 (/opt/ros/humble/share/rosidl_adapter/cmake)\n'}
[0.360821] (rs_a3_hardware) StdoutLine: {'line': b'-- Found rosidl_generator_cpp: 3.1.7 (/opt/ros/humble/share/rosidl_generator_cpp/cmake)\n'}
[0.367638] (rs_a3_hardware) StdoutLine: {'line': b'-- Using all available rosidl_typesupport_c: rosidl_typesupport_fastrtps_c;rosidl_typesupport_introspection_c\n'}
[0.376577] (rs_a3_hardware) StdoutLine: {'line': b'-- Using all available rosidl_typesupport_cpp: rosidl_typesupport_fastrtps_cpp;rosidl_typesupport_introspection_cpp\n'}
[0.400241] (-) TimerEvent: {}
[0.403962] (rs_a3_hardware) StdoutLine: {'line': b'-- Found rmw_implementation_cmake: 6.1.2 (/opt/ros/humble/share/rmw_implementation_cmake/cmake)\n'}
[0.405613] (rs_a3_hardware) StdoutLine: {'line': b'-- Found rmw_fastrtps_cpp: 6.2.9 (/opt/ros/humble/share/rmw_fastrtps_cpp/cmake)\n'}
[0.464957] (rs_a3_hardware) StdoutLine: {'line': b'-- Found OpenSSL: /usr/lib/x86_64-linux-gnu/libcrypto.so (found version "3.0.2")  \n'}
[0.479873] (rs_a3_hardware) StdoutLine: {'line': b'-- Found FastRTPS: /opt/ros/humble/include  \n'}
[0.500333] (-) TimerEvent: {}
[0.500732] (rs_a3_hardware) StdoutLine: {'line': b"-- Using RMW implementation 'rmw_fastrtps_cpp' as default\n"}
[0.505970] (rs_a3_hardware) StdoutLine: {'line': b'-- Looking for pthread.h\n'}
[0.551351] (rs_a3_hardware) StdoutLine: {'line': b'-- Looking for pthread.h - found\n'}
[0.551528] (rs_a3_hardware) StdoutLine: {'line': b'-- Performing Test CMAKE_HAVE_LIBC_PTHREAD\n'}
[0.594533] (rs_a3_hardware) StdoutLine: {'line': b'-- Performing Test CMAKE_HAVE_LIBC_PTHREAD - Success\n'}
[0.594981] (rs_a3_hardware) StdoutLine: {'line': b'-- Found Threads: TRUE  \n'}
[0.600402] (-) TimerEvent: {}
[0.625087] (rs_a3_hardware) StdoutLine: {'line': b'-- Found rclcpp_lifecycle: 16.0.16 (/opt/ros/humble/share/rclcpp_lifecycle/cmake)\n'}
[0.636232] (rs_a3_hardware) StdoutLine: {'line': b'-- Found hardware_interface: 2.52.2 (/opt/ros/humble/share/hardware_interface/cmake)\n'}
[0.700617] (-) TimerEvent: {}
[0.707728] (rs_a3_hardware) StdoutLine: {'line': b'-- Found ament_lint_auto: 0.12.14 (/opt/ros/humble/share/ament_lint_auto/cmake)\n'}
[0.749675] (rs_a3_hardware) StdoutLine: {'line': b"-- Added test 'copyright' to check source files copyright and LICENSE\n"}
[0.750387] (rs_a3_hardware) StdoutLine: {'line': b"-- Added test 'cppcheck' to perform static code analysis on C / C++ code\n"}
[0.750443] (rs_a3_hardware) StdoutLine: {'line': b'-- Configured cppcheck include dirs: /home/wy/RS/A3/ros2_ws/src/rs_a3_hardware/include;$<BUILD_INTERFACE:/home/wy/RS/A3/ros2_ws/src/rs_a3_hardware/include>\n'}
[0.750471] (rs_a3_hardware) StdoutLine: {'line': b'-- Configured cppcheck exclude dirs and/or files: \n'}
[0.750699] (rs_a3_hardware) StdoutLine: {'line': b"-- Added test 'cpplint' to check C / C++ code against the Google style\n"}
[0.750731] (rs_a3_hardware) StdoutLine: {'line': b'-- Configured cpplint exclude dirs and/or files: \n'}
[0.751240] (rs_a3_hardware) StdoutLine: {'line': b"-- Added test 'lint_cmake' to check CMake code style\n"}
[0.751606] (rs_a3_hardware) StdoutLine: {'line': b"-- Added test 'uncrustify' to check C / C++ code style\n"}
[0.751640] (rs_a3_hardware) StdoutLine: {'line': b'-- Configured uncrustify additional arguments: \n'}
[0.751920] (rs_a3_hardware) StdoutLine: {'line': b"-- Added test 'xmllint' to check XML markup files\n"}
[0.753586] (rs_a3_hardware) StdoutLine: {'line': b'-- Configuring done\n'}
[0.759572] (rs_a3_hardware) StdoutLine: {'line': b'-- Generating done\n'}
[0.761775] (rs_a3_hardware) StdoutLine: {'line': b'-- Build files have been written to: /home/wy/RS/A3/build/rs_a3_hardware\n'}
[0.767933] (rs_a3_hardware) CommandEnded: {'returncode': 0}
[0.769601] (rs_a3_hardware) JobProgress: {'identifier': 'rs_a3_hardware', 'progress': 'build'}
[0.769662] (rs_a3_hardware) Command: {'cmd': ['/usr/bin/cmake', '--build', '/home/wy/RS/A3/build/rs_a3_hardware', '--', '-j24', '-l24'], 'cwd': '/home/wy/RS/A3/build/rs_a3_hardware', 'env': OrderedDict([('LESSOPEN', '| /usr/bin/lesspipe %s'), ('VSCODE_CWD', '/home/wy'), ('VSCODE_ESM_ENTRYPOINT', 'vs/workbench/api/node/extensionHostProcess'), ('CONDA_PROMPT_MODIFIER', '(base)'), ('LANGUAGE', 'zh_CN:en'), ('USER', 'wy'), ('LC_TIME', 'en_US.UTF-8'), ('VSCODE_NLS_CONFIG', '{"userLocale":"zh-cn","osLocale":"zh-cn","resolvedLanguage":"zh-cn","defaultMessagesFile":"/usr/share/cursor/resources/app/out/nls.messages.json","languagePack":{"translationsConfigFile":"/home/wy/.config/Cursor/clp/3bfb7f1471a52e527cfc1587dd57c7c1.zh-cn/tcf.json","messagesFile":"/home/wy/.config/Cursor/clp/3bfb7f1471a52e527cfc1587dd57c7c1.zh-cn/20adc1003928b0f1b99305dbaf845656ff81f5d0/nls.messages.json","corruptMarkerFile":"/home/wy/.config/Cursor/clp/3bfb7f1471a52e527cfc1587dd57c7c1.zh-cn/corrupted.info"},"locale":"zh-cn","availableLanguages":{"*":"zh-cn"},"_languagePackId":"3bfb7f1471a52e527cfc1587dd57c7c1.zh-cn","_languagePackSupport":true,"_translationsConfigFile":"/home/wy/.config/Cursor/clp/3bfb7f1471a52e527cfc1587dd57c7c1.zh-cn/tcf.json","_cacheRoot":"/home/wy/.config/Cursor/clp/3bfb7f1471a52e527cfc1587dd57c7c1.zh-cn","_resolvedLanguagePackCoreLocation":"/home/wy/.config/Cursor/clp/3bfb7f1471a52e527cfc1587dd57c7c1.zh-cn/20adc1003928b0f1b99305dbaf845656ff81f5d0","_corruptedFile":"/home/wy/.config/Cursor/clp/3bfb7f1471a52e527cfc1587dd57c7c1.zh-cn/corrupted.info"}'), ('VSCODE_HANDLES_UNCAUGHT_ERRORS', 'true'), ('XDG_SESSION_TYPE', 'x11'), ('SHLVL', '0'), ('LD_LIBRARY_PATH', '/opt/ros/humble/opt/rviz_ogre_vendor/lib:/opt/ros/humble/lib/x86_64-linux-gnu:/opt/ros/humble/lib::/home/wy/miniconda3/envs/rl_gpu/lib:/home/wy/miniconda3/envs/rl_gpu/lib'), ('HOME', '/home/wy'), ('CHROME_DESKTOP', 'cursor.desktop'), ('CONDA_SHLVL', '1'), ('OLDPWD', '/home/wy/RS/A3'), ('DESKTOP_SESSION', 'ubuntu'), ('VSCODE_IPC_HOOK', '/run/user/1000/vscode-ffeb21a4-2.2.-main.sock'), ('GIO_LAUNCHED_DESKTOP_FILE', '/usr/share/applications/cursor.desktop'), ('ROS_PYTHON_VERSION', '3'), ('GNOME_SHELL_SESSION_MODE', 'ubuntu'), ('GTK_MODULES', 'gail:atk-bridge'), ('XDG_SEAT_PATH', '/org/freedesktop/DisplayManager/Seat0'), ('LC_MONETARY', 'en_US.UTF-8'), ('MANAGERPID', '2112'), ('SYSTEMD_EXEC_PID', '2304'), ('NO_COLOR', '1'), ('DBUS_SESSION_BUS_ADDRESS', 'unix:path=/run/user/1000/bus'), ('_CE_M', ''), ('_CONDA_ROOT', '/home/wy/miniconda3'), ('GIO_LAUNCHED_DESKTOP_FILE_PID', '4319'), ('VSCODE_CRASH_REPORTER_PROCESS_TYPE', 'extensionHost'), ('VSCODE_L10N_BUNDLE_LOCATION', 'file:///home/wy/.cursor/extensions/ms-ceintl.vscode-language-pack-zh-hans-1.105.0-universal/translations/extensions/vscode.json-language-features.i18n.json'), ('ROS_DISTRO', 'humble'), ('GTK_IM_MODULE', 'fcitx'), ('LOGNAME', 'wy'), ('FORCE_COLOR', '0'), ('JOURNAL_STREAM', '8:20670'), ('PULSE_SERVER', 'unix:/run/user/1000/pulse/native'), ('_', '/usr/bin/colcon'), ('ROS_VERSION', '2'), ('XDG_SESSION_CLASS', 'user'), ('TERM', 'dumb'), ('EVERYSPHERE_RIPGREP_PATH', '/usr/share/cursor/resources/app/node_modules/@vscode/ripgrep/bin/rg'), ('GNOME_DESKTOP_SESSION_ID', 'this-is-deprecated'), ('_CE_CONDA', ''), ('ROS_LOCALHOST_ONLY', '0'), ('COMPOSER_NO_INTERACTION', '1'), ('PATH', '/opt/ros/humble/bin:/usr/bin:/home/wy/miniconda3/bin:/home/wy/miniconda3/condabin:/usr/local/sbin:/usr/local/bin:/usr/sbin:/usr/bin:/sbin:/bin:/usr/games:/usr/local/games:/snap/bin'), ('SESSION_MANAGER', 'local/RS-wy:@/tmp/.ICE-unix/2304,unix/RS-wy:/tmp/.ICE-unix/2304'), ('GDM_LANG', 'zh_CN'), ('INVOCATION_ID', 'e33984b694004e6390f46fe29ec8d089'), ('PAPERSIZE', 'letter'), ('XDG_SESSION_PATH', '/org/freedesktop/DisplayManager/Session0'), ('XDG_MENU_PREFIX', 'gnome-'), ('LC_ADDRESS', 'en_US.UTF-8'), ('VSCODE_PROCESS_TITLE', 'extension-host  [1-1]'), ('XDG_RUNTIME_DIR', '/run/user/1000'), ('GDK_BACKEND', 'x11'), ('CURSOR_AGENT', '1'), ('DISPLAY', ':0'), ('LANG', 'zh_CN.UTF-8'), ('XDG_CURRENT_DESKTOP', 'Unity'), ('LC_TELEPHONE', 'en_US.UTF-8'), ('XMODIFIERS', '@im=fcitx'), ('XDG_SESSION_DESKTOP', 'ubuntu'), ('XAUTHORITY', '/home/wy/.Xauthority'), ('LS_COLORS', ''), ('CURSOR_TRACE_ID', 'b435035fe07c420b8fea1225b6b7b6b6'), ('SSH_AGENT_LAUNCHER', 'gnome-keyring'), ('SSH_AUTH_SOCK', '/run/user/1000/keyring/ssh'), ('GSETTINGS_SCHEMA_DIR', '/home/wy/data'), ('XDG_GREETER_DATA_DIR', '/var/lib/lightdm-data/wy'), ('AMENT_PREFIX_PATH', '/opt/ros/humble'), ('CONDA_PYTHON_EXE', '/home/wy/miniconda3/bin/python'), ('ORIGINAL_XDG_CURRENT_DESKTOP', 'ubuntu:GNOME'), ('SHELL', '/bin/bash'), ('LC_NAME', 'en_US.UTF-8'), ('QT_ACCESSIBILITY', '1'), ('GDMSESSION', 'ubuntu'), ('LESSCLOSE', '/usr/bin/lesspipe %s %s'), ('CONDA_DEFAULT_ENV', 'base'), ('LC_MEASUREMENT', 'en_US.UTF-8'), ('GPG_AGENT_INFO', '/run/user/1000/gnupg/S.gpg-agent:0:1'), ('_CONDA_EXE', '/home/wy/miniconda3/bin/conda'), ('LC_IDENTIFICATION', 'en_US.UTF-8'), ('QT_IM_MODULE', 'fcitx'), ('PWD', '/home/wy/RS/A3/build/rs_a3_hardware'), ('LC_ALL', 'en_US.UTF-8'), ('XDG_CONFIG_DIRS', '/etc/xdg/xdg-ubuntu:/etc/xdg'), ('CONDA_EXE', '/home/wy/miniconda3/bin/conda'), ('VSCODE_CODE_CACHE_PATH', '/home/wy/.config/Cursor/CachedData/20adc1003928b0f1b99305dbaf845656ff81f5d0'), ('XDG_DATA_DIRS', '/usr/share/ubuntu:/usr/share/gnome:/usr/local/share:/usr/share:/var/lib/snapd/desktop'), ('PYTHONPATH', '/opt/ros/humble/lib/python3.10/site-packages:/opt/ros/humble/local/lib/python3.10/dist-packages'), ('LC_NUMERIC', 'en_US.UTF-8'), ('CONDA_PREFIX', '/home/wy/miniconda3'), ('LC_PAPER', 'en_US.UTF-8'), ('COLCON', '1'), ('_ZO_DOCTOR', '0'), ('VSCODE_PID', '4319'), ('CMAKE_PREFIX_PATH', '/opt/ros/humble')]), 'shell': False}
[0.795066] (rs_a3_hardware) StdoutLine: {'line': b'[ 33%] Building CXX object CMakeFiles/rs_a3_hardware.dir/src/rs_a3_hardware.cpp.o\n'}
[0.796261] (rs_a3_hardware) StdoutLine: {'line': b'[ 66%] Building CXX object CMakeFiles/rs_a3_hardware.dir/src/robstride_can_driver.cpp.o\n'}
[0.800677] (-) TimerEvent: {}
[0.900857] (-) TimerEvent: {}
[1.001028] (-) TimerEvent: {}
[1.101215] (-) TimerEvent: {}
[1.201384] (-) TimerEvent: {}
[1.301562] (-) TimerEvent: {}
[1.401806] (-) TimerEvent: {}
[1.501984] (-) TimerEvent: {}
[1.602265] (-) TimerEvent: {}
[1.702539] (-) TimerEvent: {}
[1.802802] (-) TimerEvent: {}
[1.903068] (-) TimerEvent: {}
[2.003252] (-) TimerEvent: {}
[2.103433] (-) TimerEvent: {}
[2.203687] (-) TimerEvent: {}
[2.303850] (-) TimerEvent: {}
[2.404103] (-) TimerEvent: {}
[2.443150] (rs_a3_hardware) StdoutLine: {'line': b'[100%] Linking CXX shared library librs_a3_hardware.so\n'}
[2.504314] (-) TimerEvent: {}
[2.556295] (rs_a3_hardware) StdoutLine: {'line': b'[100%] Built target rs_a3_hardware\n'}
[2.564419] (rs_a3_hardware) CommandEnded: {'returncode': 0}
[2.564769] (rs_a3_hardware) JobProgress: {'identifier': 'rs_a3_hardware', 'progress': 'install'}
[2.569508] (rs_a3_hardware) Command: {'cmd': ['/usr/bin/cmake', '--install', '/home/wy/RS/A3/build/rs_a3_hardware'], 'cwd': '/home/wy/RS/A3/build/rs_a3_hardware', 'env': OrderedDict([('LESSOPEN', '| /usr/bin/lesspipe %s'), ('VSCODE_CWD', '/home/wy'), ('VSCODE_ESM_ENTRYPOINT', 'vs/workbench/api/node/extensionHostProcess'), ('CONDA_PROMPT_MODIFIER', '(base)'), ('LANGUAGE', 'zh_CN:en'), ('USER', 'wy'), ('LC_TIME', 'en_US.UTF-8'), ('VSCODE_NLS_CONFIG', '{"userLocale":"zh-cn","osLocale":"zh-cn","resolvedLanguage":"zh-cn","defaultMessagesFile":"/usr/share/cursor/resources/app/out/nls.messages.json","languagePack":{"translationsConfigFile":"/home/wy/.config/Cursor/clp/3bfb7f1471a52e527cfc1587dd57c7c1.zh-cn/tcf.json","messagesFile":"/home/wy/.config/Cursor/clp/3bfb7f1471a52e527cfc1587dd57c7c1.zh-cn/20adc1003928b0f1b99305dbaf845656ff81f5d0/nls.messages.json","corruptMarkerFile":"/home/wy/.config/Cursor/clp/3bfb7f1471a52e527cfc1587dd57c7c1.zh-cn/corrupted.info"},"locale":"zh-cn","availableLanguages":{"*":"zh-cn"},"_languagePackId":"3bfb7f1471a52e527cfc1587dd57c7c1.zh-cn","_languagePackSupport":true,"_translationsConfigFile":"/home/wy/.config/Cursor/clp/3bfb7f1471a52e527cfc1587dd57c7c1.zh-cn/tcf.json","_cacheRoot":"/home/wy/.config/Cursor/clp/3bfb7f1471a52e527cfc1587dd57c7c1.zh-cn","_resolvedLanguagePackCoreLocation":"/home/wy/.config/Cursor/clp/3bfb7f1471a52e527cfc1587dd57c7c1.zh-cn/20adc1003928b0f1b99305dbaf845656ff81f5d0","_corruptedFile":"/home/wy/.config/Cursor/clp/3bfb7f1471a52e527cfc1587dd57c7c1.zh-cn/corrupted.info"}'), ('VSCODE_HANDLES_UNCAUGHT_ERRORS', 'true'), ('XDG_SESSION_TYPE', 'x11'), ('SHLVL', '0'), ('LD_LIBRARY_PATH', '/opt/ros/humble/opt/rviz_ogre_vendor/lib:/opt/ros/humble/lib/x86_64-linux-gnu:/opt/ros/humble/lib::/home/wy/miniconda3/envs/rl_gpu/lib:/home/wy/miniconda3/envs/rl_gpu/lib'), ('HOME', '/home/wy'), ('CHROME_DESKTOP', 'cursor.desktop'), ('CONDA_SHLVL', '1'), ('OLDPWD', '/home/wy/RS/A3'), ('DESKTOP_SESSION', 'ubuntu'), ('VSCODE_IPC_HOOK', '/run/user/1000/vscode-ffeb21a4-2.2.-main.sock'), ('GIO_LAUNCHED_DESKTOP_FILE', '/usr/share/applications/cursor.desktop'), ('ROS_PYTHON_VERSION', '3'), ('GNOME_SHELL_SESSION_MODE', 'ubuntu'), ('GTK_MODULES', 'gail:atk-bridge'), ('XDG_SEAT_PATH', '/org/freedesktop/DisplayManager/Seat0'), ('LC_MONETARY', 'en_US.UTF-8'), ('MANAGERPID', '2112'), ('SYSTEMD_EXEC_PID', '2304'), ('NO_COLOR', '1'), ('DBUS_SESSION_BUS_ADDRESS', 'unix:path=/run/user/1000/bus'), ('_CE_M', ''), ('_CONDA_ROOT', '/home/wy/miniconda3'), ('GIO_LAUNCHED_DESKTOP_FILE_PID', '4319'), ('VSCODE_CRASH_REPORTER_PROCESS_TYPE', 'extensionHost'), ('VSCODE_L10N_BUNDLE_LOCATION', 'file:///home/wy/.cursor/extensions/ms-ceintl.vscode-language-pack-zh-hans-1.105.0-universal/translations/extensions/vscode.json-language-features.i18n.json'), ('ROS_DISTRO', 'humble'), ('GTK_IM_MODULE', 'fcitx'), ('LOGNAME', 'wy'), ('FORCE_COLOR', '0'), ('JOURNAL_STREAM', '8:20670'), ('PULSE_SERVER', 'unix:/run/user/1000/pulse/native'), ('_', '/usr/bin/colcon'), ('ROS_VERSION', '2'), ('XDG_SESSION_CLASS', 'user'), ('TERM', 'dumb'), ('EVERYSPHERE_RIPGREP_PATH', '/usr/share/cursor/resources/app/node_modules/@vscode/ripgrep/bin/rg'), ('GNOME_DESKTOP_SESSION_ID', 'this-is-deprecated'), ('_CE_CONDA', ''), ('ROS_LOCALHOST_ONLY', '0'), ('COMPOSER_NO_INTERACTION', '1'), ('PATH', '/opt/ros/humble/bin:/usr/bin:/home/wy/miniconda3/bin:/home/wy/miniconda3/condabin:/usr/local/sbin:/usr/local/bin:/usr/sbin:/usr/bin:/sbin:/bin:/usr/games:/usr/local/games:/snap/bin'), ('SESSION_MANAGER', 'local/RS-wy:@/tmp/.ICE-unix/2304,unix/RS-wy:/tmp/.ICE-unix/2304'), ('GDM_LANG', 'zh_CN'), ('INVOCATION_ID', 'e33984b694004e6390f46fe29ec8d089'), ('PAPERSIZE', 'letter'), ('XDG_SESSION_PATH', '/org/freedesktop/DisplayManager/Session0'), ('XDG_MENU_PREFIX', 'gnome-'), ('LC_ADDRESS', 'en_US.UTF-8'), ('VSCODE_PROCESS_TITLE', 'extension-host  [1-1]'), ('XDG_RUNTIME_DIR', '/run/user/1000'), ('GDK_BACKEND', 'x11'), ('CURSOR_AGENT', '1'), ('DISPLAY', ':0'), ('LANG', 'zh_CN.UTF-8'), ('XDG_CURRENT_DESKTOP', 'Unity'), ('LC_TELEPHONE', 'en_US.UTF-8'), ('XMODIFIERS', '@im=fcitx'), ('XDG_SESSION_DESKTOP', 'ubuntu'), ('XAUTHORITY', '/home/wy/.Xauthority'), ('LS_COLORS', ''), ('CURSOR_TRACE_ID', 'b435035fe07c420b8fea1225b6b7b6b6'), ('SSH_AGENT_LAUNCHER', 'gnome-keyring'), ('SSH_AUTH_SOCK', '/run/user/1000/keyring/ssh'), ('GSETTINGS_SCHEMA_DIR', '/home/wy/data'), ('XDG_GREETER_DATA_DIR', '/var/lib/lightdm-data/wy'), ('AMENT_PREFIX_PATH', '/opt/ros/humble'), ('CONDA_PYTHON_EXE', '/home/wy/miniconda3/bin/python'), ('ORIGINAL_XDG_CURRENT_DESKTOP', 'ubuntu:GNOME'), ('SHELL', '/bin/bash'), ('LC_NAME', 'en_US.UTF-8'), ('QT_ACCESSIBILITY', '1'), ('GDMSESSION', 'ubuntu'), ('LESSCLOSE', '/usr/bin/lesspipe %s %s'), ('CONDA_DEFAULT_ENV', 'base'), ('LC_MEASUREMENT', 'en_US.UTF-8'), ('GPG_AGENT_INFO', '/run/user/1000/gnupg/S.gpg-agent:0:1'), ('_CONDA_EXE', '/home/wy/miniconda3/bin/conda'), ('LC_IDENTIFICATION', 'en_US.UTF-8'), ('QT_IM_MODULE', 'fcitx'), ('PWD', '/home/wy/RS/A3/build/rs_a3_hardware'), ('LC_ALL', 'en_US.UTF-8'), ('XDG_CONFIG_DIRS', '/etc/xdg/xdg-ubuntu:/etc/xdg'), ('CONDA_EXE', '/home/wy/miniconda3/bin/conda'), ('VSCODE_CODE_CACHE_PATH', '/home/wy/.config/Cursor/CachedData/20adc1003928b0f1b99305dbaf845656ff81f5d0'), ('XDG_DATA_DIRS', '/usr/share/ubuntu:/usr/share/gnome:/usr/local/share:/usr/share:/var/lib/snapd/desktop'), ('PYTHONPATH', '/opt/ros/humble/lib/python3.10/site-packages:/opt/ros/humble/local/lib/python3.10/dist-packages'), ('LC_NUMERIC', 'en_US.UTF-8'), ('CONDA_PREFIX', '/home/wy/miniconda3'), ('LC_PAPER', 'en_US.UTF-8'), ('COLCON', '1'), ('_ZO_DOCTOR', '0'), ('VSCODE_PID', '4319'), ('CMAKE_PREFIX_PATH', '/opt/ros/humble')]), 'shell': False}
[2.576615] (rs_a3_hardware) StdoutLine: {'line': b'-- Install configuration: ""\n'}
[2.576777] (rs_a3_hardware) StdoutLine: {'line': b'-- Installing: /home/wy/RS/A3/install/rs_a3_hardware/share/rs_a3_hardware/rs_a3_hardware_plugin.xml\n'}
[2.576825] (rs_a3_hardware) StdoutLine: {'line': b'-- Installing: /home/wy/RS/A3/install/rs_a3_hardware/lib/librs_a3_hardware.so\n'}
[2.577670] (rs_a3_hardware) StdoutLine: {'line': b'-- Set runtime path of "/home/wy/RS/A3/install/rs_a3_hardware/lib/librs_a3_hardware.so" to ""\n'}
[2.577726] (rs_a3_hardware) StdoutLine: {'line': b'-- Installing: /home/wy/RS/A3/install/rs_a3_hardware/include\n'}
[2.577853] (rs_a3_hardware) StdoutLine: {'line': b'-- Installing: /home/wy/RS/A3/install/rs_a3_hardware/include/rs_a3_hardware\n'}
[2.577953] (rs_a3_hardware) StdoutLine: {'line': b'-- Installing: /home/wy/RS/A3/install/rs_a3_hardware/include/rs_a3_hardware/rs_a3_hardware.hpp\n'}
[2.578039] (rs_a3_hardware) StdoutLine: {'line': b'-- Installing: /home/wy/RS/A3/install/rs_a3_hardware/include/rs_a3_hardware/robstride_can_driver.hpp\n'}
[2.578086] (rs_a3_hardware) StdoutLine: {'line': b'-- Up-to-date: /home/wy/RS/A3/install/rs_a3_hardware/share/rs_a3_hardware/rs_a3_hardware_plugin.xml\n'}
[2.578148] (rs_a3_hardware) StdoutLine: {'line': b'-- Installing: /home/wy/RS/A3/install/rs_a3_hardware/share/rs_a3_hardware/environment/library_path.sh\n'}
[2.578209] (rs_a3_hardware) StdoutLine: {'line': b'-- Installing: /home/wy/RS/A3/install/rs_a3_hardware/share/rs_a3_hardware/environment/library_path.dsv\n'}
[2.578238] (rs_a3_hardware) StdoutLine: {'line': b'-- Installing: /home/wy/RS/A3/install/rs_a3_hardware/share/ament_index/resource_index/package_run_dependencies/rs_a3_hardware\n'}
[2.578270] (rs_a3_hardware) StdoutLine: {'line': b'-- Installing: /home/wy/RS/A3/install/rs_a3_hardware/share/ament_index/resource_index/parent_prefix_path/rs_a3_hardware\n'}
[2.578299] (rs_a3_hardware) StdoutLine: {'line': b'-- Installing: /home/wy/RS/A3/install/rs_a3_hardware/share/rs_a3_hardware/environment/ament_prefix_path.sh\n'}
[2.578376] (rs_a3_hardware) StdoutLine: {'line': b'-- Installing: /home/wy/RS/A3/install/rs_a3_hardware/share/rs_a3_hardware/environment/ament_prefix_path.dsv\n'}
[2.578453] (rs_a3_hardware) StdoutLine: {'line': b'-- Installing: /home/wy/RS/A3/install/rs_a3_hardware/share/rs_a3_hardware/environment/path.sh\n'}
[2.578478] (rs_a3_hardware) StdoutLine: {'line': b'-- Installing: /home/wy/RS/A3/install/rs_a3_hardware/share/rs_a3_hardware/environment/path.dsv\n'}
[2.578500] (rs_a3_hardware) StdoutLine: {'line': b'-- Installing: /home/wy/RS/A3/install/rs_a3_hardware/share/rs_a3_hardware/local_setup.bash\n'}
[2.578522] (rs_a3_hardware) StdoutLine: {'line': b'-- Installing: /home/wy/RS/A3/install/rs_a3_hardware/share/rs_a3_hardware/local_setup.sh\n'}
[2.578731] (rs_a3_hardware) StdoutLine: {'line': b'-- Installing: /home/wy/RS/A3/install/rs_a3_hardware/share/rs_a3_hardware/local_setup.zsh\n'}
[2.578802] (rs_a3_hardware) StdoutLine: {'line': b'-- Installing: /home/wy/RS/A3/install/rs_a3_hardware/share/rs_a3_hardware/local_setup.dsv\n'}
[2.578829] (rs_a3_hardware) StdoutLine: {'line': b'-- Installing: /home/wy/RS/A3/install/rs_a3_hardware/share/rs_a3_hardware/package.dsv\n'}
[2.578853] (rs_a3_hardware) StdoutLine: {'line': b'-- Installing: /home/wy/RS/A3/install/rs_a3_hardware/share/ament_index/resource_index/packages/rs_a3_hardware\n'}
[2.578875] (rs_a3_hardware) StdoutLine: {'line': b'-- Installing: /home/wy/RS/A3/install/rs_a3_hardware/share/ament_index/resource_index/hardware_interface__pluginlib__plugin/rs_a3_hardware\n'}
[2.578897] (rs_a3_hardware) StdoutLine: {'line': b'-- Installing: /home/wy/RS/A3/install/rs_a3_hardware/share/rs_a3_hardware/cmake/export_rs_a3_hardwareExport.cmake\n'}
[2.578918] (rs_a3_hardware) StdoutLine: {'line': b'-- Installing: /home/wy/RS/A3/install/rs_a3_hardware/share/rs_a3_hardware/cmake/export_rs_a3_hardwareExport-noconfig.cmake\n'}
[2.578938] (rs_a3_hardware) StdoutLine: {'line': b'-- Installing: /home/wy/RS/A3/install/rs_a3_hardware/share/rs_a3_hardware/cmake/ament_cmake_export_include_directories-extras.cmake\n'}
[2.578963] (rs_a3_hardware) StdoutLine: {'line': b'-- Installing: /home/wy/RS/A3/install/rs_a3_hardware/share/rs_a3_hardware/cmake/ament_cmake_export_libraries-extras.cmake\n'}
[2.578983] (rs_a3_hardware) StdoutLine: {'line': b'-- Installing: /home/wy/RS/A3/install/rs_a3_hardware/share/rs_a3_hardware/cmake/ament_cmake_export_targets-extras.cmake\n'}
[2.579003] (rs_a3_hardware) StdoutLine: {'line': b'-- Installing: /home/wy/RS/A3/install/rs_a3_hardware/share/rs_a3_hardware/cmake/rs_a3_hardwareConfig.cmake\n'}
[2.579023] (rs_a3_hardware) StdoutLine: {'line': b'-- Installing: /home/wy/RS/A3/install/rs_a3_hardware/share/rs_a3_hardware/cmake/rs_a3_hardwareConfig-version.cmake\n'}
[2.579043] (rs_a3_hardware) StdoutLine: {'line': b'-- Installing: /home/wy/RS/A3/install/rs_a3_hardware/share/rs_a3_hardware/package.xml\n'}
[2.579777] (rs_a3_hardware) CommandEnded: {'returncode': 0}
[2.593179] (rs_a3_hardware) JobEnded: {'identifier': 'rs_a3_hardware', 'rc': 0}
[2.593403] (-) EventReactorShutdown: {}
