[0.259s] Invoking command in '/home/wy/RS/A3/ros2_ws/src/rs_a3_teleop': CONDA_PROMPT_MODIFIER=(base) PYTHONPATH=/home/wy/RS/A3/ros2_ws/build/rs_a3_teleop/prefix_override:/usr/lib/python3/dist-packages/colcon_core/task/python/colcon_distutils_commands:/home/wy/RS/A3/ros2_ws/install/rs_a3_teleop/lib/python3.10/site-packages:${PYTHONPATH} /usr/bin/python3 -W ignore:setup.py install is deprecated -W ignore:easy_install command is deprecated setup.py egg_info --egg-base ../../build/rs_a3_teleop build --build-base /home/wy/RS/A3/ros2_ws/build/rs_a3_teleop/build install --record /home/wy/RS/A3/ros2_ws/build/rs_a3_teleop/install.log --single-version-externally-managed install_data
[0.362s] running egg_info
[0.362s] writing ../../build/rs_a3_teleop/rs_a3_teleop.egg-info/PKG-INFO
[0.362s] writing dependency_links to ../../build/rs_a3_teleop/rs_a3_teleop.egg-info/dependency_links.txt
[0.362s] writing entry points to ../../build/rs_a3_teleop/rs_a3_teleop.egg-info/entry_points.txt
[0.363s] writing requirements to ../../build/rs_a3_teleop/rs_a3_teleop.egg-info/requires.txt
[0.363s] writing top-level names to ../../build/rs_a3_teleop/rs_a3_teleop.egg-info/top_level.txt
[0.364s] reading manifest file '../../build/rs_a3_teleop/rs_a3_teleop.egg-info/SOURCES.txt'
[0.364s] writing manifest file '../../build/rs_a3_teleop/rs_a3_teleop.egg-info/SOURCES.txt'
[0.364s] running build
[0.364s] running build_py
[0.364s] running install
[0.364s] running install_lib
[0.365s] running install_data
[0.365s] copying config/xbox_teleop.yaml -> /home/wy/RS/A3/ros2_ws/install/rs_a3_teleop/share/rs_a3_teleop/config
[0.365s] running install_egg_info
[0.366s] removing '/home/wy/RS/A3/ros2_ws/install/rs_a3_teleop/lib/python3.10/site-packages/rs_a3_teleop-0.0.1-py3.10.egg-info' (and everything under it)
[0.367s] Copying ../../build/rs_a3_teleop/rs_a3_teleop.egg-info to /home/wy/RS/A3/ros2_ws/install/rs_a3_teleop/lib/python3.10/site-packages/rs_a3_teleop-0.0.1-py3.10.egg-info
[0.367s] running install_scripts
[0.378s] Installing xbox_servo_teleop_node script to /home/wy/RS/A3/ros2_ws/install/rs_a3_teleop/lib/rs_a3_teleop
[0.378s] Installing xbox_teleop_node script to /home/wy/RS/A3/ros2_ws/install/rs_a3_teleop/lib/rs_a3_teleop
[0.378s] writing list of installed files to '/home/wy/RS/A3/ros2_ws/build/rs_a3_teleop/install.log'
[0.391s] Invoked command in '/home/wy/RS/A3/ros2_ws/src/rs_a3_teleop' returned '0': CONDA_PROMPT_MODIFIER=(base) PYTHONPATH=/home/wy/RS/A3/ros2_ws/build/rs_a3_teleop/prefix_override:/usr/lib/python3/dist-packages/colcon_core/task/python/colcon_distutils_commands:/home/wy/RS/A3/ros2_ws/install/rs_a3_teleop/lib/python3.10/site-packages:${PYTHONPATH} /usr/bin/python3 -W ignore:setup.py install is deprecated -W ignore:easy_install command is deprecated setup.py egg_info --egg-base ../../build/rs_a3_teleop build --build-base /home/wy/RS/A3/ros2_ws/build/rs_a3_teleop/build install --record /home/wy/RS/A3/ros2_ws/build/rs_a3_teleop/install.log --single-version-externally-managed install_data
