[0.907s] Invoking command in '/home/ubuntu/rs_arm/src/rs_a3_teleop': PYTHONPATH=/home/ubuntu/rs_arm/build/rs_a3_teleop/prefix_override:/usr/lib/python3/dist-packages/colcon_core/task/python/colcon_distutils_commands:/home/ubuntu/rs_arm/install/rs_a3_teleop/lib/python3.10/site-packages:${PYTHONPATH} /usr/bin/python3 -W ignore:setup.py install is deprecated -W ignore:easy_install command is deprecated setup.py egg_info --egg-base ../../build/rs_a3_teleop build --build-base /home/ubuntu/rs_arm/build/rs_a3_teleop/build install --record /home/ubuntu/rs_arm/build/rs_a3_teleop/install.log --single-version-externally-managed install_data
[1.129s] running egg_info
[1.138s] writing ../../build/rs_a3_teleop/rs_a3_teleop.egg-info/PKG-INFO
[1.139s] writing dependency_links to ../../build/rs_a3_teleop/rs_a3_teleop.egg-info/dependency_links.txt
[1.139s] writing entry points to ../../build/rs_a3_teleop/rs_a3_teleop.egg-info/entry_points.txt
[1.139s] writing requirements to ../../build/rs_a3_teleop/rs_a3_teleop.egg-info/requires.txt
[1.139s] writing top-level names to ../../build/rs_a3_teleop/rs_a3_teleop.egg-info/top_level.txt
[1.159s] reading manifest file '../../build/rs_a3_teleop/rs_a3_teleop.egg-info/SOURCES.txt'
[1.160s] writing manifest file '../../build/rs_a3_teleop/rs_a3_teleop.egg-info/SOURCES.txt'
[1.160s] running build
[1.162s] running build_py
[1.162s] copying rs_a3_teleop/xbox_servo_node.py -> /home/ubuntu/rs_arm/build/rs_a3_teleop/build/lib/rs_a3_teleop
[1.162s] copying rs_a3_teleop/__init__.py -> /home/ubuntu/rs_arm/build/rs_a3_teleop/build/lib/rs_a3_teleop
[1.162s] copying rs_a3_teleop/xbox_teleop_node.py -> /home/ubuntu/rs_arm/build/rs_a3_teleop/build/lib/rs_a3_teleop
[1.162s] copying rs_a3_teleop/joycon_imu_driver.py -> /home/ubuntu/rs_arm/build/rs_a3_teleop/build/lib/rs_a3_teleop
[1.162s] copying rs_a3_teleop/joycon_imu_teleop_node.py -> /home/ubuntu/rs_arm/build/rs_a3_teleop/build/lib/rs_a3_teleop
[1.162s] copying rs_a3_teleop/imu_processor.py -> /home/ubuntu/rs_arm/build/rs_a3_teleop/build/lib/rs_a3_teleop
[1.162s] copying rs_a3_teleop/joycon_visualizer_node.py -> /home/ubuntu/rs_arm/build/rs_a3_teleop/build/lib/rs_a3_teleop
[1.162s] copying rs_a3_teleop/xbox_servo_teleop.py -> /home/ubuntu/rs_arm/build/rs_a3_teleop/build/lib/rs_a3_teleop
[1.162s] running install
[1.164s] running install_lib
[1.174s] running install_data
[1.174s] copying resource/rs_a3_teleop -> /home/ubuntu/rs_arm/install/rs_a3_teleop/share/ament_index/resource_index/packages
[1.177s] copying package.xml -> /home/ubuntu/rs_arm/install/rs_a3_teleop/share/rs_a3_teleop
[1.177s] copying launch/simple_teleop.launch.py -> /home/ubuntu/rs_arm/install/rs_a3_teleop/share/rs_a3_teleop/launch
[1.177s] copying launch/servo_teleop.launch.py -> /home/ubuntu/rs_arm/install/rs_a3_teleop/share/rs_a3_teleop/launch
[1.177s] copying launch/joycon_imu_teleop.launch.py -> /home/ubuntu/rs_arm/install/rs_a3_teleop/share/rs_a3_teleop/launch
[1.177s] copying launch/sim_teleop.launch.py -> /home/ubuntu/rs_arm/install/rs_a3_teleop/share/rs_a3_teleop/launch
[1.177s] copying launch/xbox_servo_teleop.launch.py -> /home/ubuntu/rs_arm/install/rs_a3_teleop/share/rs_a3_teleop/launch
[1.177s] copying launch/xbox_teleop.launch.py -> /home/ubuntu/rs_arm/install/rs_a3_teleop/share/rs_a3_teleop/launch
[1.177s] copying launch/real_teleop.launch.py -> /home/ubuntu/rs_arm/install/rs_a3_teleop/share/rs_a3_teleop/launch
[1.177s] copying launch/complete_teleop.launch.py -> /home/ubuntu/rs_arm/install/rs_a3_teleop/share/rs_a3_teleop/launch
[1.178s] copying config/joycon_imu_teleop.yaml -> /home/ubuntu/rs_arm/install/rs_a3_teleop/share/rs_a3_teleop/config
[1.178s] copying config/xbox_servo_teleop.yaml -> /home/ubuntu/rs_arm/install/rs_a3_teleop/share/rs_a3_teleop/config
[1.178s] copying config/moveit_servo_config.yaml -> /home/ubuntu/rs_arm/install/rs_a3_teleop/share/rs_a3_teleop/config
[1.178s] copying config/xbox_teleop.yaml -> /home/ubuntu/rs_arm/install/rs_a3_teleop/share/rs_a3_teleop/config
[1.178s] running install_egg_info
[1.187s] removing '/home/ubuntu/rs_arm/install/rs_a3_teleop/lib/python3.10/site-packages/rs_a3_teleop-0.0.1-py3.10.egg-info' (and everything under it)
[1.188s] Copying ../../build/rs_a3_teleop/rs_a3_teleop.egg-info to /home/ubuntu/rs_arm/install/rs_a3_teleop/lib/python3.10/site-packages/rs_a3_teleop-0.0.1-py3.10.egg-info
[1.188s] running install_scripts
[1.278s] Installing joycon_imu_driver script to /home/ubuntu/rs_arm/install/rs_a3_teleop/lib/rs_a3_teleop
[1.278s] Installing joycon_imu_teleop script to /home/ubuntu/rs_arm/install/rs_a3_teleop/lib/rs_a3_teleop
[1.278s] Installing joycon_visualizer script to /home/ubuntu/rs_arm/install/rs_a3_teleop/lib/rs_a3_teleop
[1.278s] Installing xbox_servo_node script to /home/ubuntu/rs_arm/install/rs_a3_teleop/lib/rs_a3_teleop
[1.278s] Installing xbox_teleop_node script to /home/ubuntu/rs_arm/install/rs_a3_teleop/lib/rs_a3_teleop
[1.279s] writing list of installed files to '/home/ubuntu/rs_arm/build/rs_a3_teleop/install.log'
[1.297s] Invoked command in '/home/ubuntu/rs_arm/src/rs_a3_teleop' returned '0': PYTHONPATH=/home/ubuntu/rs_arm/build/rs_a3_teleop/prefix_override:/usr/lib/python3/dist-packages/colcon_core/task/python/colcon_distutils_commands:/home/ubuntu/rs_arm/install/rs_a3_teleop/lib/python3.10/site-packages:${PYTHONPATH} /usr/bin/python3 -W ignore:setup.py install is deprecated -W ignore:easy_install command is deprecated setup.py egg_info --egg-base ../../build/rs_a3_teleop build --build-base /home/ubuntu/rs_arm/build/rs_a3_teleop/build install --record /home/ubuntu/rs_arm/build/rs_a3_teleop/install.log --single-version-externally-managed install_data
