-- The C compiler identification is GNU 11.4.0
-- The CXX compiler identification is GNU 11.4.0
-- Detecting C compiler ABI info
-- Detecting C compiler ABI info - done
-- Check for working C compiler: /usr/bin/cc - skipped
-- Detecting C compile features
-- Detecting C compile features - done
-- Detecting CXX compiler ABI info
-- Detecting CXX compiler ABI info - done
-- Check for working CXX compiler: /usr/bin/c++ - skipped
-- Detecting CXX compile features
-- Detecting CXX compile features - done
-- Found ament_cmake: 1.3.12 (/opt/ros/humble/share/ament_cmake/cmake)
-- Found Python3: /usr/bin/python3 (found version "3.10.12") found components: Interpreter 
-- Override CMake install command with custom implementation using symlinks instead of copying resources
-- Found rclcpp: 16.0.16 (/opt/ros/humble/share/rclcpp/cmake)
-- Found rosidl_generator_c: 3.1.7 (/opt/ros/humble/share/rosidl_generator_c/cmake)
-- Found rosidl_adapter: 3.1.7 (/opt/ros/humble/share/rosidl_adapter/cmake)
-- Found rosidl_generator_cpp: 3.1.7 (/opt/ros/humble/share/rosidl_generator_cpp/cmake)
-- Using all available rosidl_typesupport_c: rosidl_typesupport_fastrtps_c;rosidl_typesupport_introspection_c
-- Using all available rosidl_typesupport_cpp: rosidl_typesupport_fastrtps_cpp;rosidl_typesupport_introspection_cpp
-- Found rmw_implementation_cmake: 6.1.2 (/opt/ros/humble/share/rmw_implementation_cmake/cmake)
-- Found rmw_fastrtps_cpp: 6.2.9 (/opt/ros/humble/share/rmw_fastrtps_cpp/cmake)
-- Found OpenSSL: /usr/lib/x86_64-linux-gnu/libcrypto.so (found version "3.0.2")  
-- Found FastRTPS: /opt/ros/humble/include  
-- Using RMW implementation 'rmw_fastrtps_cpp' as default
-- Looking for pthread.h
-- Looking for pthread.h - found
-- Performing Test CMAKE_HAVE_LIBC_PTHREAD
-- Performing Test CMAKE_HAVE_LIBC_PTHREAD - Success
-- Found Threads: TRUE  
-- Found rclcpp_lifecycle: 16.0.16 (/opt/ros/humble/share/rclcpp_lifecycle/cmake)
-- Found hardware_interface: 2.52.2 (/opt/ros/humble/share/hardware_interface/cmake)
-- Found ament_lint_auto: 0.12.14 (/opt/ros/humble/share/ament_lint_auto/cmake)
-- Added test 'copyright' to check source files copyright and LICENSE
-- Added test 'cppcheck' to perform static code analysis on C / C++ code
-- Configured cppcheck include dirs: /home/wy/RS/A3/ros2_ws/src/rs_a3_hardware/include;$<BUILD_INTERFACE:/home/wy/RS/A3/ros2_ws/src/rs_a3_hardware/include>
-- Configured cppcheck exclude dirs and/or files: 
-- Added test 'cpplint' to check C / C++ code against the Google style
-- Configured cpplint exclude dirs and/or files: 
-- Added test 'lint_cmake' to check CMake code style
-- Added test 'uncrustify' to check C / C++ code style
-- Configured uncrustify additional arguments: 
-- Added test 'xmllint' to check XML markup files
-- Configuring done
-- Generating done
-- Build files have been written to: /home/wy/RS/A3/build/rs_a3_hardware
[ 33%] Building CXX object CMakeFiles/rs_a3_hardware.dir/src/rs_a3_hardware.cpp.o
[ 66%] Building CXX object CMakeFiles/rs_a3_hardware.dir/src/robstride_can_driver.cpp.o
[100%] Linking CXX shared library librs_a3_hardware.so
[100%] Built target rs_a3_hardware
-- Install configuration: ""
-- Execute custom install script
-- Symlinking: /home/wy/RS/A3/install/rs_a3_hardware/share/rs_a3_hardware//rs_a3_hardware_plugin.xml
-- Symlinking: /home/wy/RS/A3/install/rs_a3_hardware/include/rs_a3_hardware/robstride_can_driver.hpp
-- Symlinking: /home/wy/RS/A3/install/rs_a3_hardware/include/rs_a3_hardware/rs_a3_hardware.hpp
-- Up-to-date symlink: /home/wy/RS/A3/install/rs_a3_hardware/share/rs_a3_hardware/rs_a3_hardware_plugin.xml
-- Symlinking: /home/wy/RS/A3/install/rs_a3_hardware/share/rs_a3_hardware/environment/library_path.sh
-- Symlinking: /home/wy/RS/A3/install/rs_a3_hardware/share/rs_a3_hardware/environment/library_path.dsv
-- Symlinking: /home/wy/RS/A3/install/rs_a3_hardware/share/ament_index/resource_index/package_run_dependencies/rs_a3_hardware
-- Symlinking: /home/wy/RS/A3/install/rs_a3_hardware/share/ament_index/resource_index/parent_prefix_path/rs_a3_hardware
-- Symlinking: /home/wy/RS/A3/install/rs_a3_hardware/share/rs_a3_hardware/environment/ament_prefix_path.sh
-- Symlinking: /home/wy/RS/A3/install/rs_a3_hardware/share/rs_a3_hardware/environment/ament_prefix_path.dsv
-- Symlinking: /home/wy/RS/A3/install/rs_a3_hardware/share/rs_a3_hardware/environment/path.sh
-- Symlinking: /home/wy/RS/A3/install/rs_a3_hardware/share/rs_a3_hardware/environment/path.dsv
-- Symlinking: /home/wy/RS/A3/install/rs_a3_hardware/share/rs_a3_hardware/local_setup.bash
-- Symlinking: /home/wy/RS/A3/install/rs_a3_hardware/share/rs_a3_hardware/local_setup.sh
-- Symlinking: /home/wy/RS/A3/install/rs_a3_hardware/share/rs_a3_hardware/local_setup.zsh
-- Symlinking: /home/wy/RS/A3/install/rs_a3_hardware/share/rs_a3_hardware/local_setup.dsv
-- Symlinking: /home/wy/RS/A3/install/rs_a3_hardware/share/rs_a3_hardware/package.dsv
-- Symlinking: /home/wy/RS/A3/install/rs_a3_hardware/share/ament_index/resource_index/packages/rs_a3_hardware
-- Symlinking: /home/wy/RS/A3/install/rs_a3_hardware/share/ament_index/resource_index/hardware_interface__pluginlib__plugin/rs_a3_hardware
-- Symlinking: /home/wy/RS/A3/install/rs_a3_hardware/share/rs_a3_hardware/cmake/ament_cmake_export_include_directories-extras.cmake
-- Symlinking: /home/wy/RS/A3/install/rs_a3_hardware/share/rs_a3_hardware/cmake/ament_cmake_export_libraries-extras.cmake
-- Symlinking: /home/wy/RS/A3/install/rs_a3_hardware/share/rs_a3_hardware/cmake/ament_cmake_export_targets-extras.cmake
-- Symlinking: /home/wy/RS/A3/install/rs_a3_hardware/share/rs_a3_hardware/cmake/rs_a3_hardwareConfig.cmake
-- Symlinking: /home/wy/RS/A3/install/rs_a3_hardware/share/rs_a3_hardware/cmake/rs_a3_hardwareConfig-version.cmake
-- Symlinking: /home/wy/RS/A3/install/rs_a3_hardware/share/rs_a3_hardware/package.xml
-- Installing: /home/wy/RS/A3/install/rs_a3_hardware/lib/librs_a3_hardware.so
-- Set runtime path of "/home/wy/RS/A3/install/rs_a3_hardware/lib/librs_a3_hardware.so" to ""
-- Installing: /home/wy/RS/A3/install/rs_a3_hardware/share/rs_a3_hardware/cmake/export_rs_a3_hardwareExport.cmake
-- Installing: /home/wy/RS/A3/install/rs_a3_hardware/share/rs_a3_hardware/cmake/export_rs_a3_hardwareExport-noconfig.cmake
