[0.935s] Invoking command in '/home/ubuntu/rs_arm/src/rs_a3_web_ui': PYTHONPATH=/home/ubuntu/rs_arm/build/rs_a3_web_ui/prefix_override:/usr/lib/python3/dist-packages/colcon_core/task/python/colcon_distutils_commands:/home/ubuntu/rs_arm/install/rs_a3_web_ui/lib/python3.10/site-packages:${PYTHONPATH} /usr/bin/python3 -W ignore:setup.py install is deprecated -W ignore:easy_install command is deprecated setup.py egg_info --egg-base ../../build/rs_a3_web_ui build --build-base /home/ubuntu/rs_arm/build/rs_a3_web_ui/build install --record /home/ubuntu/rs_arm/build/rs_a3_web_ui/install.log --single-version-externally-managed install_data
[1.090s] /home/ubuntu/.local/lib/python3.10/site-packages/setuptools/_distutils/dist.py:289: UserWarning: Unknown distribution option: 'tests_require'
[1.091s]   warnings.warn(msg)
[1.158s] running egg_info
[1.170s] writing ../../build/rs_a3_web_ui/rs_a3_web_ui.egg-info/PKG-INFO
[1.171s] writing dependency_links to ../../build/rs_a3_web_ui/rs_a3_web_ui.egg-info/dependency_links.txt
[1.171s] writing entry points to ../../build/rs_a3_web_ui/rs_a3_web_ui.egg-info/entry_points.txt
[1.173s] writing requirements to ../../build/rs_a3_web_ui/rs_a3_web_ui.egg-info/requires.txt
[1.173s] writing top-level names to ../../build/rs_a3_web_ui/rs_a3_web_ui.egg-info/top_level.txt
[1.199s] reading manifest file '../../build/rs_a3_web_ui/rs_a3_web_ui.egg-info/SOURCES.txt'
[1.200s] writing manifest file '../../build/rs_a3_web_ui/rs_a3_web_ui.egg-info/SOURCES.txt'
[1.200s] running build
[1.200s] running build_py
[1.201s] running install
[1.203s] running install_lib
[1.214s] running install_data
[1.215s] running install_egg_info
[1.228s] removing '/home/ubuntu/rs_arm/install/rs_a3_web_ui/lib/python3.10/site-packages/rs_a3_web_ui-1.0.0-py3.10.egg-info' (and everything under it)
[1.228s] Copying ../../build/rs_a3_web_ui/rs_a3_web_ui.egg-info to /home/ubuntu/rs_arm/install/rs_a3_web_ui/lib/python3.10/site-packages/rs_a3_web_ui-1.0.0-py3.10.egg-info
[1.228s] running install_scripts
[1.314s] Installing web_server script to /home/ubuntu/rs_arm/install/rs_a3_web_ui/lib/rs_a3_web_ui
[1.315s] writing list of installed files to '/home/ubuntu/rs_arm/build/rs_a3_web_ui/install.log'
[1.343s] Invoked command in '/home/ubuntu/rs_arm/src/rs_a3_web_ui' returned '0': PYTHONPATH=/home/ubuntu/rs_arm/build/rs_a3_web_ui/prefix_override:/usr/lib/python3/dist-packages/colcon_core/task/python/colcon_distutils_commands:/home/ubuntu/rs_arm/install/rs_a3_web_ui/lib/python3.10/site-packages:${PYTHONPATH} /usr/bin/python3 -W ignore:setup.py install is deprecated -W ignore:easy_install command is deprecated setup.py egg_info --egg-base ../../build/rs_a3_web_ui build --build-base /home/ubuntu/rs_arm/build/rs_a3_web_ui/build install --record /home/ubuntu/rs_arm/build/rs_a3_web_ui/install.log --single-version-externally-managed install_data
