[0.255s] Invoking command in '/home/wy/RS/A3/ros2_ws/build/rs_a3_teleop': CONDA_PROMPT_MODIFIER=(base) PYTHONPATH=/home/wy/RS/A3/ros2_ws/build/rs_a3_teleop/prefix_override:/usr/lib/python3/dist-packages/colcon_core/task/python/colcon_distutils_commands:/home/wy/RS/A3/ros2_ws/install/rs_a3_teleop/lib/python3.10/site-packages:${PYTHONPATH} /usr/bin/python3 -W ignore:setup.py install is deprecated -W ignore:easy_install command is deprecated setup.py develop --editable --build-directory /home/wy/RS/A3/ros2_ws/build/rs_a3_teleop/build --no-deps symlink_data --force
[0.367s] running develop
[0.429s] running egg_info
[0.429s] writing rs_a3_teleop.egg-info/PKG-INFO
[0.429s] writing dependency_links to rs_a3_teleop.egg-info/dependency_links.txt
[0.429s] writing entry points to rs_a3_teleop.egg-info/entry_points.txt
[0.429s] writing requirements to rs_a3_teleop.egg-info/requires.txt
[0.429s] writing top-level names to rs_a3_teleop.egg-info/top_level.txt
[0.430s] reading manifest file 'rs_a3_teleop.egg-info/SOURCES.txt'
[0.430s] writing manifest file 'rs_a3_teleop.egg-info/SOURCES.txt'
[0.431s] running build_ext
[0.431s] Creating /home/wy/RS/A3/ros2_ws/install/rs_a3_teleop/lib/python3.10/site-packages/rs-a3-teleop.egg-link (link to .)
[0.431s] Installing xbox_servo_teleop_node script to /home/wy/RS/A3/ros2_ws/install/rs_a3_teleop/lib/rs_a3_teleop
[0.432s] Installing xbox_teleop_node script to /home/wy/RS/A3/ros2_ws/install/rs_a3_teleop/lib/rs_a3_teleop
[0.432s] 
[0.432s] Installed /home/wy/RS/A3/ros2_ws/build/rs_a3_teleop
[0.432s] running symlink_data
[0.432s] symbolically linking /home/wy/RS/A3/ros2_ws/build/rs_a3_teleop/resource/rs_a3_teleop -> /home/wy/RS/A3/ros2_ws/install/rs_a3_teleop/share/ament_index/resource_index/packages
[0.432s] symbolically linking /home/wy/RS/A3/ros2_ws/build/rs_a3_teleop/package.xml -> /home/wy/RS/A3/ros2_ws/install/rs_a3_teleop/share/rs_a3_teleop
[0.432s] symbolically linking /home/wy/RS/A3/ros2_ws/build/rs_a3_teleop/launch/xbox_teleop.launch.py -> /home/wy/RS/A3/ros2_ws/install/rs_a3_teleop/share/rs_a3_teleop/launch
[0.432s] symbolically linking /home/wy/RS/A3/ros2_ws/build/rs_a3_teleop/launch/xbox_servo_teleop.launch.py -> /home/wy/RS/A3/ros2_ws/install/rs_a3_teleop/share/rs_a3_teleop/launch
[0.432s] symbolically linking /home/wy/RS/A3/ros2_ws/build/rs_a3_teleop/launch/real_teleop.launch.py -> /home/wy/RS/A3/ros2_ws/install/rs_a3_teleop/share/rs_a3_teleop/launch
[0.432s] symbolically linking /home/wy/RS/A3/ros2_ws/build/rs_a3_teleop/launch/simple_teleop.launch.py -> /home/wy/RS/A3/ros2_ws/install/rs_a3_teleop/share/rs_a3_teleop/launch
[0.432s] symbolically linking /home/wy/RS/A3/ros2_ws/build/rs_a3_teleop/launch/complete_teleop.launch.py -> /home/wy/RS/A3/ros2_ws/install/rs_a3_teleop/share/rs_a3_teleop/launch
[0.432s] symbolically linking /home/wy/RS/A3/ros2_ws/build/rs_a3_teleop/config/moveit_servo_config.yaml -> /home/wy/RS/A3/ros2_ws/install/rs_a3_teleop/share/rs_a3_teleop/config
[0.432s] symbolically linking /home/wy/RS/A3/ros2_ws/build/rs_a3_teleop/config/xbox_servo_teleop.yaml -> /home/wy/RS/A3/ros2_ws/install/rs_a3_teleop/share/rs_a3_teleop/config
[0.432s] symbolically linking /home/wy/RS/A3/ros2_ws/build/rs_a3_teleop/config/xbox_teleop.yaml -> /home/wy/RS/A3/ros2_ws/install/rs_a3_teleop/share/rs_a3_teleop/config
[0.446s] Invoked command in '/home/wy/RS/A3/ros2_ws/build/rs_a3_teleop' returned '0': CONDA_PROMPT_MODIFIER=(base) PYTHONPATH=/home/wy/RS/A3/ros2_ws/build/rs_a3_teleop/prefix_override:/usr/lib/python3/dist-packages/colcon_core/task/python/colcon_distutils_commands:/home/wy/RS/A3/ros2_ws/install/rs_a3_teleop/lib/python3.10/site-packages:${PYTHONPATH} /usr/bin/python3 -W ignore:setup.py install is deprecated -W ignore:easy_install command is deprecated setup.py develop --editable --build-directory /home/wy/RS/A3/ros2_ws/build/rs_a3_teleop/build --no-deps symlink_data --force
