-- Found ament_cmake: 1.3.12 (/opt/ros/humble/share/ament_cmake/cmake)
[0mCMake Deprecation Warning at CMakeLists.txt:1 (cmake_minimum_required):
  Compatibility with CMake < 3.10 will be removed from a future version of
  CMake.

  Update the VERSION argument <min> value.  Or, use the <min>...<max> syntax
  to tell CMake that the project requires at least <min> but has been updated
  to work with policies introduced by <max> or earlier.

[0m
-- Found rclcpp: 16.0.17 (/opt/ros/humble/share/rclcpp/cmake)
-- Found rosidl_generator_c: 3.1.8 (/opt/ros/humble/share/rosidl_generator_c/cmake)
-- Found rosidl_adapter: 3.1.8 (/opt/ros/humble/share/rosidl_adapter/cmake)
-- Found rosidl_generator_cpp: 3.1.8 (/opt/ros/humble/share/rosidl_generator_cpp/cmake)
-- Using all available rosidl_typesupport_c: rosidl_typesupport_fastrtps_c;rosidl_typesupport_introspection_c
-- Using all available rosidl_typesupport_cpp: rosidl_typesupport_fastrtps_cpp;rosidl_typesupport_introspection_cpp
-- Found rmw_implementation_cmake: 6.1.2 (/opt/ros/humble/share/rmw_implementation_cmake/cmake)
-- Found rmw_fastrtps_cpp: 6.2.9 (/opt/ros/humble/share/rmw_fastrtps_cpp/cmake)
-- Using RMW implementation 'rmw_fastrtps_cpp' as default
-- Found rclcpp_lifecycle: 16.0.17 (/opt/ros/humble/share/rclcpp_lifecycle/cmake)
-- Found hardware_interface: 2.53.0 (/opt/ros/humble/share/hardware_interface/cmake)
-- Found std_srvs: 4.9.0 (/opt/ros/humble/share/std_srvs/cmake)
-- Found ament_lint_auto: 0.12.14 (/opt/ros/humble/share/ament_lint_auto/cmake)
-- Added test 'copyright' to check source files copyright and LICENSE
-- Added test 'cppcheck' to perform static code analysis on C / C++ code
-- Configured cppcheck include dirs: /home/ubuntu/rs_arm/src/rs_a3_hardware/include;$<BUILD_INTERFACE:/home/ubuntu/rs_arm/src/rs_a3_hardware/include>
-- Configured cppcheck exclude dirs and/or files: 
-- Added test 'cpplint' to check C / C++ code against the Google style
-- Configured cpplint exclude dirs and/or files: 
-- Added test 'lint_cmake' to check CMake code style
-- Added test 'uncrustify' to check C / C++ code style
-- Configured uncrustify additional arguments: 
-- Added test 'xmllint' to check XML markup files
-- Configuring done (0.5s)
-- Generating done (0.0s)
-- Build files have been written to: /home/ubuntu/rs_arm/build/rs_a3_hardware
[100%] Built target rs_a3_hardware
-- Install configuration: ""
-- Up-to-date: /home/ubuntu/rs_arm/install/rs_a3_hardware/share/rs_a3_hardware/rs_a3_hardware_plugin.xml
-- Up-to-date: /home/ubuntu/rs_arm/install/rs_a3_hardware/lib/librs_a3_hardware.so
-- Up-to-date: /home/ubuntu/rs_arm/install/rs_a3_hardware/include
-- Up-to-date: /home/ubuntu/rs_arm/install/rs_a3_hardware/include/rs_a3_hardware
-- Up-to-date: /home/ubuntu/rs_arm/install/rs_a3_hardware/include/rs_a3_hardware/rs_a3_hardware.hpp
-- Up-to-date: /home/ubuntu/rs_arm/install/rs_a3_hardware/include/rs_a3_hardware/s_curve_generator.hpp
-- Up-to-date: /home/ubuntu/rs_arm/install/rs_a3_hardware/include/rs_a3_hardware/robstride_can_driver.hpp
-- Up-to-date: /home/ubuntu/rs_arm/install/rs_a3_hardware/share/rs_a3_hardware/rs_a3_hardware_plugin.xml
-- Up-to-date: /home/ubuntu/rs_arm/install/rs_a3_hardware/share/rs_a3_hardware/environment/library_path.sh
-- Installing: /home/ubuntu/rs_arm/install/rs_a3_hardware/share/rs_a3_hardware/environment/library_path.dsv
-- Up-to-date: /home/ubuntu/rs_arm/install/rs_a3_hardware/share/ament_index/resource_index/package_run_dependencies/rs_a3_hardware
-- Up-to-date: /home/ubuntu/rs_arm/install/rs_a3_hardware/share/ament_index/resource_index/parent_prefix_path/rs_a3_hardware
-- Up-to-date: /home/ubuntu/rs_arm/install/rs_a3_hardware/share/rs_a3_hardware/environment/ament_prefix_path.sh
-- Installing: /home/ubuntu/rs_arm/install/rs_a3_hardware/share/rs_a3_hardware/environment/ament_prefix_path.dsv
-- Up-to-date: /home/ubuntu/rs_arm/install/rs_a3_hardware/share/rs_a3_hardware/environment/path.sh
-- Installing: /home/ubuntu/rs_arm/install/rs_a3_hardware/share/rs_a3_hardware/environment/path.dsv
-- Up-to-date: /home/ubuntu/rs_arm/install/rs_a3_hardware/share/rs_a3_hardware/local_setup.bash
-- Up-to-date: /home/ubuntu/rs_arm/install/rs_a3_hardware/share/rs_a3_hardware/local_setup.sh
-- Up-to-date: /home/ubuntu/rs_arm/install/rs_a3_hardware/share/rs_a3_hardware/local_setup.zsh
-- Installing: /home/ubuntu/rs_arm/install/rs_a3_hardware/share/rs_a3_hardware/local_setup.dsv
-- Installing: /home/ubuntu/rs_arm/install/rs_a3_hardware/share/rs_a3_hardware/package.dsv
-- Up-to-date: /home/ubuntu/rs_arm/install/rs_a3_hardware/share/ament_index/resource_index/packages/rs_a3_hardware
-- Up-to-date: /home/ubuntu/rs_arm/install/rs_a3_hardware/share/ament_index/resource_index/hardware_interface__pluginlib__plugin/rs_a3_hardware
-- Up-to-date: /home/ubuntu/rs_arm/install/rs_a3_hardware/share/rs_a3_hardware/cmake/export_rs_a3_hardwareExport.cmake
-- Up-to-date: /home/ubuntu/rs_arm/install/rs_a3_hardware/share/rs_a3_hardware/cmake/export_rs_a3_hardwareExport-noconfig.cmake
-- Up-to-date: /home/ubuntu/rs_arm/install/rs_a3_hardware/share/rs_a3_hardware/cmake/ament_cmake_export_include_directories-extras.cmake
-- Up-to-date: /home/ubuntu/rs_arm/install/rs_a3_hardware/share/rs_a3_hardware/cmake/ament_cmake_export_libraries-extras.cmake
-- Up-to-date: /home/ubuntu/rs_arm/install/rs_a3_hardware/share/rs_a3_hardware/cmake/ament_cmake_export_targets-extras.cmake
-- Up-to-date: /home/ubuntu/rs_arm/install/rs_a3_hardware/share/rs_a3_hardware/cmake/rs_a3_hardwareConfig.cmake
-- Up-to-date: /home/ubuntu/rs_arm/install/rs_a3_hardware/share/rs_a3_hardware/cmake/rs_a3_hardwareConfig-version.cmake
-- Up-to-date: /home/ubuntu/rs_arm/install/rs_a3_hardware/share/rs_a3_hardware/package.xml
