[0.008s] Invoking command in '/home/ubuntu/rs_arm/build/rs_a3_hardware': CMAKE_PREFIX_PATH=/opt/ros/humble /home/ubuntu/.local/bin/cmake --build /home/ubuntu/rs_arm/build/rs_a3_hardware -- -j24 -l24
[0.121s] -- Found ament_cmake: 1.3.12 (/opt/ros/humble/share/ament_cmake/cmake)
[0.121s] [0mCMake Deprecation Warning at CMakeLists.txt:1 (cmake_minimum_required):
[0.122s]   Compatibility with CMake < 3.10 will be removed from a future version of
[0.122s]   CMake.
[0.122s] 
[0.122s]   Update the VERSION argument <min> value.  Or, use the <min>...<max> syntax
[0.122s]   to tell CMake that the project requires at least <min> but has been updated
[0.122s]   to work with policies introduced by <max> or earlier.
[0.122s] 
[0.122s] [0m
[0.194s] -- Found rclcpp: 16.0.17 (/opt/ros/humble/share/rclcpp/cmake)
[0.215s] -- Found rosidl_generator_c: 3.1.8 (/opt/ros/humble/share/rosidl_generator_c/cmake)
[0.217s] -- Found rosidl_adapter: 3.1.8 (/opt/ros/humble/share/rosidl_adapter/cmake)
[0.221s] -- Found rosidl_generator_cpp: 3.1.8 (/opt/ros/humble/share/rosidl_generator_cpp/cmake)
[0.228s] -- Using all available rosidl_typesupport_c: rosidl_typesupport_fastrtps_c;rosidl_typesupport_introspection_c
[0.237s] -- Using all available rosidl_typesupport_cpp: rosidl_typesupport_fastrtps_cpp;rosidl_typesupport_introspection_cpp
[0.262s] -- Found rmw_implementation_cmake: 6.1.2 (/opt/ros/humble/share/rmw_implementation_cmake/cmake)
[0.262s] -- Found rmw_fastrtps_cpp: 6.2.9 (/opt/ros/humble/share/rmw_fastrtps_cpp/cmake)
[0.340s] -- Using RMW implementation 'rmw_fastrtps_cpp' as default
[0.375s] -- Found rclcpp_lifecycle: 16.0.17 (/opt/ros/humble/share/rclcpp_lifecycle/cmake)
[0.386s] -- Found hardware_interface: 2.53.0 (/opt/ros/humble/share/hardware_interface/cmake)
[0.473s] -- Found std_srvs: 4.9.0 (/opt/ros/humble/share/std_srvs/cmake)
[0.481s] -- Found ament_lint_auto: 0.12.14 (/opt/ros/humble/share/ament_lint_auto/cmake)
[0.519s] -- Added test 'copyright' to check source files copyright and LICENSE
[0.520s] -- Added test 'cppcheck' to perform static code analysis on C / C++ code
[0.520s] -- Configured cppcheck include dirs: /home/ubuntu/rs_arm/src/rs_a3_hardware/include;$<BUILD_INTERFACE:/home/ubuntu/rs_arm/src/rs_a3_hardware/include>
[0.520s] -- Configured cppcheck exclude dirs and/or files: 
[0.521s] -- Added test 'cpplint' to check C / C++ code against the Google style
[0.521s] -- Configured cpplint exclude dirs and/or files: 
[0.521s] -- Added test 'lint_cmake' to check CMake code style
[0.521s] -- Added test 'uncrustify' to check C / C++ code style
[0.521s] -- Configured uncrustify additional arguments: 
[0.521s] -- Added test 'xmllint' to check XML markup files
[0.522s] -- Configuring done (0.5s)
[0.533s] -- Generating done (0.0s)
[0.554s] -- Build files have been written to: /home/ubuntu/rs_arm/build/rs_a3_hardware
[0.581s] [100%] Built target rs_a3_hardware
[0.590s] Invoked command in '/home/ubuntu/rs_arm/build/rs_a3_hardware' returned '0': CMAKE_PREFIX_PATH=/opt/ros/humble /home/ubuntu/.local/bin/cmake --build /home/ubuntu/rs_arm/build/rs_a3_hardware -- -j24 -l24
[0.591s] Invoking command in '/home/ubuntu/rs_arm/build/rs_a3_hardware': CMAKE_PREFIX_PATH=/opt/ros/humble /home/ubuntu/.local/bin/cmake --install /home/ubuntu/rs_arm/build/rs_a3_hardware
[0.649s] -- Install configuration: ""
[0.651s] -- Up-to-date: /home/ubuntu/rs_arm/install/rs_a3_hardware/share/rs_a3_hardware/rs_a3_hardware_plugin.xml
[0.651s] -- Up-to-date: /home/ubuntu/rs_arm/install/rs_a3_hardware/lib/librs_a3_hardware.so
[0.651s] -- Up-to-date: /home/ubuntu/rs_arm/install/rs_a3_hardware/include
[0.651s] -- Up-to-date: /home/ubuntu/rs_arm/install/rs_a3_hardware/include/rs_a3_hardware
[0.651s] -- Up-to-date: /home/ubuntu/rs_arm/install/rs_a3_hardware/include/rs_a3_hardware/rs_a3_hardware.hpp
[0.651s] -- Up-to-date: /home/ubuntu/rs_arm/install/rs_a3_hardware/include/rs_a3_hardware/s_curve_generator.hpp
[0.651s] -- Up-to-date: /home/ubuntu/rs_arm/install/rs_a3_hardware/include/rs_a3_hardware/robstride_can_driver.hpp
[0.651s] -- Up-to-date: /home/ubuntu/rs_arm/install/rs_a3_hardware/share/rs_a3_hardware/rs_a3_hardware_plugin.xml
[0.651s] -- Up-to-date: /home/ubuntu/rs_arm/install/rs_a3_hardware/share/rs_a3_hardware/environment/library_path.sh
[0.651s] -- Installing: /home/ubuntu/rs_arm/install/rs_a3_hardware/share/rs_a3_hardware/environment/library_path.dsv
[0.651s] -- Up-to-date: /home/ubuntu/rs_arm/install/rs_a3_hardware/share/ament_index/resource_index/package_run_dependencies/rs_a3_hardware
[0.651s] -- Up-to-date: /home/ubuntu/rs_arm/install/rs_a3_hardware/share/ament_index/resource_index/parent_prefix_path/rs_a3_hardware
[0.651s] -- Up-to-date: /home/ubuntu/rs_arm/install/rs_a3_hardware/share/rs_a3_hardware/environment/ament_prefix_path.sh
[0.651s] -- Installing: /home/ubuntu/rs_arm/install/rs_a3_hardware/share/rs_a3_hardware/environment/ament_prefix_path.dsv
[0.651s] -- Up-to-date: /home/ubuntu/rs_arm/install/rs_a3_hardware/share/rs_a3_hardware/environment/path.sh
[0.651s] -- Installing: /home/ubuntu/rs_arm/install/rs_a3_hardware/share/rs_a3_hardware/environment/path.dsv
[0.651s] -- Up-to-date: /home/ubuntu/rs_arm/install/rs_a3_hardware/share/rs_a3_hardware/local_setup.bash
[0.651s] -- Up-to-date: /home/ubuntu/rs_arm/install/rs_a3_hardware/share/rs_a3_hardware/local_setup.sh
[0.651s] -- Up-to-date: /home/ubuntu/rs_arm/install/rs_a3_hardware/share/rs_a3_hardware/local_setup.zsh
[0.651s] -- Installing: /home/ubuntu/rs_arm/install/rs_a3_hardware/share/rs_a3_hardware/local_setup.dsv
[0.652s] -- Installing: /home/ubuntu/rs_arm/install/rs_a3_hardware/share/rs_a3_hardware/package.dsv
[0.652s] -- Up-to-date: /home/ubuntu/rs_arm/install/rs_a3_hardware/share/ament_index/resource_index/packages/rs_a3_hardware
[0.652s] -- Up-to-date: /home/ubuntu/rs_arm/install/rs_a3_hardware/share/ament_index/resource_index/hardware_interface__pluginlib__plugin/rs_a3_hardware
[0.652s] -- Up-to-date: /home/ubuntu/rs_arm/install/rs_a3_hardware/share/rs_a3_hardware/cmake/export_rs_a3_hardwareExport.cmake
[0.652s] -- Up-to-date: /home/ubuntu/rs_arm/install/rs_a3_hardware/share/rs_a3_hardware/cmake/export_rs_a3_hardwareExport-noconfig.cmake
[0.652s] -- Up-to-date: /home/ubuntu/rs_arm/install/rs_a3_hardware/share/rs_a3_hardware/cmake/ament_cmake_export_include_directories-extras.cmake
[0.652s] -- Up-to-date: /home/ubuntu/rs_arm/install/rs_a3_hardware/share/rs_a3_hardware/cmake/ament_cmake_export_libraries-extras.cmake
[0.652s] -- Up-to-date: /home/ubuntu/rs_arm/install/rs_a3_hardware/share/rs_a3_hardware/cmake/ament_cmake_export_targets-extras.cmake
[0.652s] -- Up-to-date: /home/ubuntu/rs_arm/install/rs_a3_hardware/share/rs_a3_hardware/cmake/rs_a3_hardwareConfig.cmake
[0.652s] -- Up-to-date: /home/ubuntu/rs_arm/install/rs_a3_hardware/share/rs_a3_hardware/cmake/rs_a3_hardwareConfig-version.cmake
[0.652s] -- Up-to-date: /home/ubuntu/rs_arm/install/rs_a3_hardware/share/rs_a3_hardware/package.xml
[0.656s] Invoked command in '/home/ubuntu/rs_arm/build/rs_a3_hardware' returned '0': CMAKE_PREFIX_PATH=/opt/ros/humble /home/ubuntu/.local/bin/cmake --install /home/ubuntu/rs_arm/build/rs_a3_hardware
