running egg_info
writing ../../build/rs_a3_teleop/rs_a3_teleop.egg-info/PKG-INFO
writing dependency_links to ../../build/rs_a3_teleop/rs_a3_teleop.egg-info/dependency_links.txt
writing entry points to ../../build/rs_a3_teleop/rs_a3_teleop.egg-info/entry_points.txt
writing requirements to ../../build/rs_a3_teleop/rs_a3_teleop.egg-info/requires.txt
writing top-level names to ../../build/rs_a3_teleop/rs_a3_teleop.egg-info/top_level.txt
reading manifest file '../../build/rs_a3_teleop/rs_a3_teleop.egg-info/SOURCES.txt'
writing manifest file '../../build/rs_a3_teleop/rs_a3_teleop.egg-info/SOURCES.txt'
running build
running build_py
copying rs_a3_teleop/xbox_servo_node.py -> /home/ubuntu/rs_arm/build/rs_a3_teleop/build/lib/rs_a3_teleop
copying rs_a3_teleop/__init__.py -> /home/ubuntu/rs_arm/build/rs_a3_teleop/build/lib/rs_a3_teleop
copying rs_a3_teleop/xbox_teleop_node.py -> /home/ubuntu/rs_arm/build/rs_a3_teleop/build/lib/rs_a3_teleop
copying rs_a3_teleop/joycon_imu_driver.py -> /home/ubuntu/rs_arm/build/rs_a3_teleop/build/lib/rs_a3_teleop
copying rs_a3_teleop/joycon_imu_teleop_node.py -> /home/ubuntu/rs_arm/build/rs_a3_teleop/build/lib/rs_a3_teleop
copying rs_a3_teleop/imu_processor.py -> /home/ubuntu/rs_arm/build/rs_a3_teleop/build/lib/rs_a3_teleop
copying rs_a3_teleop/joycon_visualizer_node.py -> /home/ubuntu/rs_arm/build/rs_a3_teleop/build/lib/rs_a3_teleop
copying rs_a3_teleop/xbox_servo_teleop.py -> /home/ubuntu/rs_arm/build/rs_a3_teleop/build/lib/rs_a3_teleop
running install
running install_lib
running install_data
copying resource/rs_a3_teleop -> /home/ubuntu/rs_arm/install/rs_a3_teleop/share/ament_index/resource_index/packages
copying package.xml -> /home/ubuntu/rs_arm/install/rs_a3_teleop/share/rs_a3_teleop
copying launch/simple_teleop.launch.py -> /home/ubuntu/rs_arm/install/rs_a3_teleop/share/rs_a3_teleop/launch
copying launch/servo_teleop.launch.py -> /home/ubuntu/rs_arm/install/rs_a3_teleop/share/rs_a3_teleop/launch
copying launch/joycon_imu_teleop.launch.py -> /home/ubuntu/rs_arm/install/rs_a3_teleop/share/rs_a3_teleop/launch
copying launch/sim_teleop.launch.py -> /home/ubuntu/rs_arm/install/rs_a3_teleop/share/rs_a3_teleop/launch
copying launch/xbox_servo_teleop.launch.py -> /home/ubuntu/rs_arm/install/rs_a3_teleop/share/rs_a3_teleop/launch
copying launch/xbox_teleop.launch.py -> /home/ubuntu/rs_arm/install/rs_a3_teleop/share/rs_a3_teleop/launch
copying launch/real_teleop.launch.py -> /home/ubuntu/rs_arm/install/rs_a3_teleop/share/rs_a3_teleop/launch
copying launch/complete_teleop.launch.py -> /home/ubuntu/rs_arm/install/rs_a3_teleop/share/rs_a3_teleop/launch
copying config/joycon_imu_teleop.yaml -> /home/ubuntu/rs_arm/install/rs_a3_teleop/share/rs_a3_teleop/config
copying config/xbox_servo_teleop.yaml -> /home/ubuntu/rs_arm/install/rs_a3_teleop/share/rs_a3_teleop/config
copying config/moveit_servo_config.yaml -> /home/ubuntu/rs_arm/install/rs_a3_teleop/share/rs_a3_teleop/config
copying config/xbox_teleop.yaml -> /home/ubuntu/rs_arm/install/rs_a3_teleop/share/rs_a3_teleop/config
running install_egg_info
removing '/home/ubuntu/rs_arm/install/rs_a3_teleop/lib/python3.10/site-packages/rs_a3_teleop-0.0.1-py3.10.egg-info' (and everything under it)
Copying ../../build/rs_a3_teleop/rs_a3_teleop.egg-info to /home/ubuntu/rs_arm/install/rs_a3_teleop/lib/python3.10/site-packages/rs_a3_teleop-0.0.1-py3.10.egg-info
running install_scripts
Installing joycon_imu_driver script to /home/ubuntu/rs_arm/install/rs_a3_teleop/lib/rs_a3_teleop
Installing joycon_imu_teleop script to /home/ubuntu/rs_arm/install/rs_a3_teleop/lib/rs_a3_teleop
Installing joycon_visualizer script to /home/ubuntu/rs_arm/install/rs_a3_teleop/lib/rs_a3_teleop
Installing xbox_servo_node script to /home/ubuntu/rs_arm/install/rs_a3_teleop/lib/rs_a3_teleop
Installing xbox_teleop_node script to /home/ubuntu/rs_arm/install/rs_a3_teleop/lib/rs_a3_teleop
writing list of installed files to '/home/ubuntu/rs_arm/build/rs_a3_teleop/install.log'
