[0.047s] DEBUG:colcon:Command line arguments: ['/usr/bin/colcon', 'build']
[0.047s] DEBUG:colcon:Parsed command line arguments: Namespace(log_base=None, log_level=None, verb_name='build', build_base='build', install_base='install', merge_install=False, symlink_install=False, test_result_base=None, continue_on_error=False, executor='parallel', parallel_workers=24, event_handlers=None, ignore_user_meta=False, metas=['./colcon.meta'], base_paths=['.'], packages_ignore=None, packages_ignore_regex=None, paths=None, packages_up_to=None, packages_up_to_regex=None, packages_above=None, packages_above_and_dependencies=None, packages_above_depth=None, packages_select_by_dep=None, packages_skip_by_dep=None, packages_skip_up_to=None, packages_select_build_failed=False, packages_skip_build_finished=False, packages_select_test_failures=False, packages_skip_test_passed=False, packages_select=None, packages_skip=None, packages_select_regex=None, packages_skip_regex=None, packages_start=None, packages_end=None, allow_overriding=[], cmake_args=None, cmake_target=None, cmake_target_skip_unavailable=False, cmake_clean_cache=False, cmake_clean_first=False, cmake_force_configure=False, ament_cmake_args=None, catkin_cmake_args=None, catkin_skip_building_tests=False, mixin_files=None, mixin=None, verb_parser=<colcon_mixin.mixin.mixin_argument.MixinArgumentDecorator object at 0x7eaa97144bb0>, verb_extension=<colcon_core.verb.build.BuildVerb object at 0x7eaa9727a140>, main=<bound method BuildVerb.main of <colcon_core.verb.build.BuildVerb object at 0x7eaa9727a140>>, mixin_verb=('build',))
[0.063s] Level 1:colcon.colcon_core.package_discovery:discover_packages(colcon_meta) check parameters
[0.063s] Level 1:colcon.colcon_core.package_discovery:discover_packages(recursive) check parameters
[0.063s] Level 1:colcon.colcon_core.package_discovery:discover_packages(ignore) check parameters
[0.063s] Level 1:colcon.colcon_core.package_discovery:discover_packages(path) check parameters
[0.063s] Level 1:colcon.colcon_core.package_discovery:discover_packages(colcon_meta) discover
[0.063s] Level 1:colcon.colcon_core.package_discovery:discover_packages(recursive) discover
[0.063s] INFO:colcon.colcon_core.package_discovery:Crawling recursively for packages in '/home/ubuntu/rs_arm'
[0.063s] Level 1:colcon.colcon_core.package_identification:_identify(.) by extensions ['ignore', 'ignore_ament_install']
[0.063s] Level 1:colcon.colcon_core.package_identification:_identify(.) by extension 'ignore'
[0.063s] Level 1:colcon.colcon_core.package_identification:_identify(.) by extension 'ignore_ament_install'
[0.063s] Level 1:colcon.colcon_core.package_identification:_identify(.) by extensions ['colcon_pkg']
[0.063s] Level 1:colcon.colcon_core.package_identification:_identify(.) by extension 'colcon_pkg'
[0.063s] Level 1:colcon.colcon_core.package_identification:_identify(.) by extensions ['colcon_meta']
[0.063s] Level 1:colcon.colcon_core.package_identification:_identify(.) by extension 'colcon_meta'
[0.063s] Level 1:colcon.colcon_core.package_identification:_identify(.) by extensions ['ros']
[0.063s] Level 1:colcon.colcon_core.package_identification:_identify(.) by extension 'ros'
[0.070s] Level 1:colcon.colcon_core.package_identification:_identify(.) by extensions ['cmake', 'python']
[0.070s] Level 1:colcon.colcon_core.package_identification:_identify(.) by extension 'cmake'
[0.070s] Level 1:colcon.colcon_core.package_identification:_identify(.) by extension 'python'
[0.070s] Level 1:colcon.colcon_core.package_identification:_identify(.) by extensions ['python_setup_py']
[0.070s] Level 1:colcon.colcon_core.package_identification:_identify(.) by extension 'python_setup_py'
[0.070s] Level 1:colcon.colcon_core.package_identification:_identify(build) by extensions ['ignore', 'ignore_ament_install']
[0.070s] Level 1:colcon.colcon_core.package_identification:_identify(build) by extension 'ignore'
[0.070s] Level 1:colcon.colcon_core.package_identification:_identify(build) ignored
[0.070s] Level 1:colcon.colcon_core.package_identification:_identify(install) by extensions ['ignore', 'ignore_ament_install']
[0.070s] Level 1:colcon.colcon_core.package_identification:_identify(install) by extension 'ignore'
[0.070s] Level 1:colcon.colcon_core.package_identification:_identify(install) ignored
[0.070s] Level 1:colcon.colcon_core.package_identification:_identify(log) by extensions ['ignore', 'ignore_ament_install']
[0.070s] Level 1:colcon.colcon_core.package_identification:_identify(log) by extension 'ignore'
[0.070s] Level 1:colcon.colcon_core.package_identification:_identify(log) ignored
[0.070s] Level 1:colcon.colcon_core.package_identification:_identify(src) by extensions ['ignore', 'ignore_ament_install']
[0.070s] Level 1:colcon.colcon_core.package_identification:_identify(src) by extension 'ignore'
[0.070s] Level 1:colcon.colcon_core.package_identification:_identify(src) by extension 'ignore_ament_install'
[0.070s] Level 1:colcon.colcon_core.package_identification:_identify(src) by extensions ['colcon_pkg']
[0.070s] Level 1:colcon.colcon_core.package_identification:_identify(src) by extension 'colcon_pkg'
[0.070s] Level 1:colcon.colcon_core.package_identification:_identify(src) by extensions ['colcon_meta']
[0.070s] Level 1:colcon.colcon_core.package_identification:_identify(src) by extension 'colcon_meta'
[0.070s] Level 1:colcon.colcon_core.package_identification:_identify(src) by extensions ['ros']
[0.070s] Level 1:colcon.colcon_core.package_identification:_identify(src) by extension 'ros'
[0.070s] Level 1:colcon.colcon_core.package_identification:_identify(src) by extensions ['cmake', 'python']
[0.070s] Level 1:colcon.colcon_core.package_identification:_identify(src) by extension 'cmake'
[0.070s] Level 1:colcon.colcon_core.package_identification:_identify(src) by extension 'python'
[0.070s] Level 1:colcon.colcon_core.package_identification:_identify(src) by extensions ['python_setup_py']
[0.070s] Level 1:colcon.colcon_core.package_identification:_identify(src) by extension 'python_setup_py'
[0.070s] Level 1:colcon.colcon_core.package_identification:_identify(src/RS_A3_urdf) by extensions ['ignore', 'ignore_ament_install']
[0.071s] Level 1:colcon.colcon_core.package_identification:_identify(src/RS_A3_urdf) by extension 'ignore'
[0.071s] Level 1:colcon.colcon_core.package_identification:_identify(src/RS_A3_urdf) by extension 'ignore_ament_install'
[0.071s] Level 1:colcon.colcon_core.package_identification:_identify(src/RS_A3_urdf) by extensions ['colcon_pkg']
[0.071s] Level 1:colcon.colcon_core.package_identification:_identify(src/RS_A3_urdf) by extension 'colcon_pkg'
[0.071s] Level 1:colcon.colcon_core.package_identification:_identify(src/RS_A3_urdf) by extensions ['colcon_meta']
[0.071s] Level 1:colcon.colcon_core.package_identification:_identify(src/RS_A3_urdf) by extension 'colcon_meta'
[0.071s] Level 1:colcon.colcon_core.package_identification:_identify(src/RS_A3_urdf) by extensions ['ros']
[0.071s] Level 1:colcon.colcon_core.package_identification:_identify(src/RS_A3_urdf) by extension 'ros'
[0.071s] Level 1:colcon.colcon_core.package_identification:_identify(src/RS_A3_urdf) by extensions ['cmake', 'python']
[0.071s] Level 1:colcon.colcon_core.package_identification:_identify(src/RS_A3_urdf) by extension 'cmake'
[0.071s] Level 1:colcon.colcon_core.package_identification:_identify(src/RS_A3_urdf) by extension 'python'
[0.071s] Level 1:colcon.colcon_core.package_identification:_identify(src/RS_A3_urdf) by extensions ['python_setup_py']
[0.071s] Level 1:colcon.colcon_core.package_identification:_identify(src/RS_A3_urdf) by extension 'python_setup_py'
[0.071s] Level 1:colcon.colcon_core.package_identification:_identify(src/RS_A3_urdf/RS-A3) by extensions ['ignore', 'ignore_ament_install']
[0.071s] Level 1:colcon.colcon_core.package_identification:_identify(src/RS_A3_urdf/RS-A3) by extension 'ignore'
[0.071s] Level 1:colcon.colcon_core.package_identification:_identify(src/RS_A3_urdf/RS-A3) by extension 'ignore_ament_install'
[0.071s] Level 1:colcon.colcon_core.package_identification:_identify(src/RS_A3_urdf/RS-A3) by extensions ['colcon_pkg']
[0.071s] Level 1:colcon.colcon_core.package_identification:_identify(src/RS_A3_urdf/RS-A3) by extension 'colcon_pkg'
[0.071s] Level 1:colcon.colcon_core.package_identification:_identify(src/RS_A3_urdf/RS-A3) by extensions ['colcon_meta']
[0.071s] Level 1:colcon.colcon_core.package_identification:_identify(src/RS_A3_urdf/RS-A3) by extension 'colcon_meta'
[0.071s] Level 1:colcon.colcon_core.package_identification:_identify(src/RS_A3_urdf/RS-A3) by extensions ['ros']
[0.071s] Level 1:colcon.colcon_core.package_identification:_identify(src/RS_A3_urdf/RS-A3) by extension 'ros'
[0.072s] DEBUG:colcon.colcon_core.package_identification:Package 'src/RS_A3_urdf/RS-A3' with type 'ros.ament_cmake' and name 'rs_a3_urdf_legacy'
[0.072s] Level 1:colcon.colcon_core.package_identification:_identify(src/rs_a3_description) by extensions ['ignore', 'ignore_ament_install']
[0.072s] Level 1:colcon.colcon_core.package_identification:_identify(src/rs_a3_description) by extension 'ignore'
[0.072s] Level 1:colcon.colcon_core.package_identification:_identify(src/rs_a3_description) by extension 'ignore_ament_install'
[0.072s] Level 1:colcon.colcon_core.package_identification:_identify(src/rs_a3_description) by extensions ['colcon_pkg']
[0.072s] Level 1:colcon.colcon_core.package_identification:_identify(src/rs_a3_description) by extension 'colcon_pkg'
[0.072s] Level 1:colcon.colcon_core.package_identification:_identify(src/rs_a3_description) by extensions ['colcon_meta']
[0.072s] Level 1:colcon.colcon_core.package_identification:_identify(src/rs_a3_description) by extension 'colcon_meta'
[0.072s] Level 1:colcon.colcon_core.package_identification:_identify(src/rs_a3_description) by extensions ['ros']
[0.072s] Level 1:colcon.colcon_core.package_identification:_identify(src/rs_a3_description) by extension 'ros'
[0.072s] DEBUG:colcon.colcon_core.package_identification:Package 'src/rs_a3_description' with type 'ros.ament_cmake' and name 'rs_a3_description'
[0.072s] Level 1:colcon.colcon_core.package_identification:_identify(src/rs_a3_hardware) by extensions ['ignore', 'ignore_ament_install']
[0.072s] Level 1:colcon.colcon_core.package_identification:_identify(src/rs_a3_hardware) by extension 'ignore'
[0.072s] Level 1:colcon.colcon_core.package_identification:_identify(src/rs_a3_hardware) by extension 'ignore_ament_install'
[0.072s] Level 1:colcon.colcon_core.package_identification:_identify(src/rs_a3_hardware) by extensions ['colcon_pkg']
[0.072s] Level 1:colcon.colcon_core.package_identification:_identify(src/rs_a3_hardware) by extension 'colcon_pkg'
[0.072s] Level 1:colcon.colcon_core.package_identification:_identify(src/rs_a3_hardware) by extensions ['colcon_meta']
[0.073s] Level 1:colcon.colcon_core.package_identification:_identify(src/rs_a3_hardware) by extension 'colcon_meta'
[0.073s] Level 1:colcon.colcon_core.package_identification:_identify(src/rs_a3_hardware) by extensions ['ros']
[0.073s] Level 1:colcon.colcon_core.package_identification:_identify(src/rs_a3_hardware) by extension 'ros'
[0.073s] DEBUG:colcon.colcon_core.package_identification:Package 'src/rs_a3_hardware' with type 'ros.ament_cmake' and name 'rs_a3_hardware'
[0.073s] Level 1:colcon.colcon_core.package_identification:_identify(src/rs_a3_moveit_config) by extensions ['ignore', 'ignore_ament_install']
[0.073s] Level 1:colcon.colcon_core.package_identification:_identify(src/rs_a3_moveit_config) by extension 'ignore'
[0.073s] Level 1:colcon.colcon_core.package_identification:_identify(src/rs_a3_moveit_config) by extension 'ignore_ament_install'
[0.073s] Level 1:colcon.colcon_core.package_identification:_identify(src/rs_a3_moveit_config) by extensions ['colcon_pkg']
[0.073s] Level 1:colcon.colcon_core.package_identification:_identify(src/rs_a3_moveit_config) by extension 'colcon_pkg'
[0.073s] Level 1:colcon.colcon_core.package_identification:_identify(src/rs_a3_moveit_config) by extensions ['colcon_meta']
[0.073s] Level 1:colcon.colcon_core.package_identification:_identify(src/rs_a3_moveit_config) by extension 'colcon_meta'
[0.073s] Level 1:colcon.colcon_core.package_identification:_identify(src/rs_a3_moveit_config) by extensions ['ros']
[0.073s] Level 1:colcon.colcon_core.package_identification:_identify(src/rs_a3_moveit_config) by extension 'ros'
[0.073s] DEBUG:colcon.colcon_core.package_identification:Package 'src/rs_a3_moveit_config' with type 'ros.ament_cmake' and name 'rs_a3_moveit_config'
[0.073s] Level 1:colcon.colcon_core.package_identification:_identify(src/rs_a3_teleop) by extensions ['ignore', 'ignore_ament_install']
[0.073s] Level 1:colcon.colcon_core.package_identification:_identify(src/rs_a3_teleop) by extension 'ignore'
[0.073s] Level 1:colcon.colcon_core.package_identification:_identify(src/rs_a3_teleop) by extension 'ignore_ament_install'
[0.073s] Level 1:colcon.colcon_core.package_identification:_identify(src/rs_a3_teleop) by extensions ['colcon_pkg']
[0.073s] Level 1:colcon.colcon_core.package_identification:_identify(src/rs_a3_teleop) by extension 'colcon_pkg'
[0.073s] Level 1:colcon.colcon_core.package_identification:_identify(src/rs_a3_teleop) by extensions ['colcon_meta']
[0.073s] Level 1:colcon.colcon_core.package_identification:_identify(src/rs_a3_teleop) by extension 'colcon_meta'
[0.074s] Level 1:colcon.colcon_core.package_identification:_identify(src/rs_a3_teleop) by extensions ['ros']
[0.074s] Level 1:colcon.colcon_core.package_identification:_identify(src/rs_a3_teleop) by extension 'ros'
[0.074s] DEBUG:colcon.colcon_core.package_identification:Package 'src/rs_a3_teleop' with type 'ros.ament_python' and name 'rs_a3_teleop'
[0.074s] Level 1:colcon.colcon_core.package_identification:_identify(src/scripts) by extensions ['ignore', 'ignore_ament_install']
[0.074s] Level 1:colcon.colcon_core.package_identification:_identify(src/scripts) by extension 'ignore'
[0.074s] Level 1:colcon.colcon_core.package_identification:_identify(src/scripts) by extension 'ignore_ament_install'
[0.074s] Level 1:colcon.colcon_core.package_identification:_identify(src/scripts) by extensions ['colcon_pkg']
[0.074s] Level 1:colcon.colcon_core.package_identification:_identify(src/scripts) by extension 'colcon_pkg'
[0.074s] Level 1:colcon.colcon_core.package_identification:_identify(src/scripts) by extensions ['colcon_meta']
[0.074s] Level 1:colcon.colcon_core.package_identification:_identify(src/scripts) by extension 'colcon_meta'
[0.074s] Level 1:colcon.colcon_core.package_identification:_identify(src/scripts) by extensions ['ros']
[0.074s] Level 1:colcon.colcon_core.package_identification:_identify(src/scripts) by extension 'ros'
[0.074s] Level 1:colcon.colcon_core.package_identification:_identify(src/scripts) by extensions ['cmake', 'python']
[0.074s] Level 1:colcon.colcon_core.package_identification:_identify(src/scripts) by extension 'cmake'
[0.074s] Level 1:colcon.colcon_core.package_identification:_identify(src/scripts) by extension 'python'
[0.074s] Level 1:colcon.colcon_core.package_identification:_identify(src/scripts) by extensions ['python_setup_py']
[0.074s] Level 1:colcon.colcon_core.package_identification:_identify(src/scripts) by extension 'python_setup_py'
[0.074s] Level 1:colcon.colcon_core.package_discovery:discover_packages(recursive) using defaults
[0.074s] Level 1:colcon.colcon_core.package_discovery:discover_packages(ignore) discover
[0.074s] Level 1:colcon.colcon_core.package_discovery:discover_packages(ignore) using defaults
[0.074s] Level 1:colcon.colcon_core.package_discovery:discover_packages(path) discover
[0.074s] Level 1:colcon.colcon_core.package_discovery:discover_packages(path) using defaults
[0.084s] Level 1:colcon.colcon_core.package_discovery:discover_packages(prefix_path) check parameters
[0.084s] Level 1:colcon.colcon_core.package_discovery:discover_packages(prefix_path) discover
[0.085s] DEBUG:colcon.colcon_installed_package_information.package_discovery:Found 348 installed packages in /opt/ros/humble
[0.085s] Level 1:colcon.colcon_core.package_discovery:discover_packages(prefix_path) using defaults
[0.101s] Level 5:colcon.colcon_core.verb:set package 'rs_a3_hardware' build argument 'cmake_args' from command line to 'None'
[0.101s] Level 5:colcon.colcon_core.verb:set package 'rs_a3_hardware' build argument 'cmake_target' from command line to 'None'
[0.101s] Level 5:colcon.colcon_core.verb:set package 'rs_a3_hardware' build argument 'cmake_target_skip_unavailable' from command line to 'False'
[0.101s] Level 5:colcon.colcon_core.verb:set package 'rs_a3_hardware' build argument 'cmake_clean_cache' from command line to 'False'
[0.101s] Level 5:colcon.colcon_core.verb:set package 'rs_a3_hardware' build argument 'cmake_clean_first' from command line to 'False'
[0.101s] Level 5:colcon.colcon_core.verb:set package 'rs_a3_hardware' build argument 'cmake_force_configure' from command line to 'False'
[0.101s] Level 5:colcon.colcon_core.verb:set package 'rs_a3_hardware' build argument 'ament_cmake_args' from command line to 'None'
[0.101s] Level 5:colcon.colcon_core.verb:set package 'rs_a3_hardware' build argument 'catkin_cmake_args' from command line to 'None'
[0.101s] Level 5:colcon.colcon_core.verb:set package 'rs_a3_hardware' build argument 'catkin_skip_building_tests' from command line to 'False'
[0.101s] DEBUG:colcon.colcon_core.verb:Building package 'rs_a3_hardware' with the following arguments: {'ament_cmake_args': None, 'build_base': '/home/ubuntu/rs_arm/build/rs_a3_hardware', 'catkin_cmake_args': None, 'catkin_skip_building_tests': False, 'cmake_args': None, 'cmake_clean_cache': False, 'cmake_clean_first': False, 'cmake_force_configure': False, 'cmake_target': None, 'cmake_target_skip_unavailable': False, 'install_base': '/home/ubuntu/rs_arm/install/rs_a3_hardware', 'merge_install': False, 'path': '/home/ubuntu/rs_arm/src/rs_a3_hardware', 'symlink_install': False, 'test_result_base': None}
[0.101s] Level 5:colcon.colcon_core.verb:set package 'rs_a3_teleop' build argument 'cmake_args' from command line to 'None'
[0.101s] Level 5:colcon.colcon_core.verb:set package 'rs_a3_teleop' build argument 'cmake_target' from command line to 'None'
[0.101s] Level 5:colcon.colcon_core.verb:set package 'rs_a3_teleop' build argument 'cmake_target_skip_unavailable' from command line to 'False'
[0.101s] Level 5:colcon.colcon_core.verb:set package 'rs_a3_teleop' build argument 'cmake_clean_cache' from command line to 'False'
[0.101s] Level 5:colcon.colcon_core.verb:set package 'rs_a3_teleop' build argument 'cmake_clean_first' from command line to 'False'
[0.101s] Level 5:colcon.colcon_core.verb:set package 'rs_a3_teleop' build argument 'cmake_force_configure' from command line to 'False'
[0.101s] Level 5:colcon.colcon_core.verb:set package 'rs_a3_teleop' build argument 'ament_cmake_args' from command line to 'None'
[0.101s] Level 5:colcon.colcon_core.verb:set package 'rs_a3_teleop' build argument 'catkin_cmake_args' from command line to 'None'
[0.101s] Level 5:colcon.colcon_core.verb:set package 'rs_a3_teleop' build argument 'catkin_skip_building_tests' from command line to 'False'
[0.101s] DEBUG:colcon.colcon_core.verb:Building package 'rs_a3_teleop' with the following arguments: {'ament_cmake_args': None, 'build_base': '/home/ubuntu/rs_arm/build/rs_a3_teleop', 'catkin_cmake_args': None, 'catkin_skip_building_tests': False, 'cmake_args': None, 'cmake_clean_cache': False, 'cmake_clean_first': False, 'cmake_force_configure': False, 'cmake_target': None, 'cmake_target_skip_unavailable': False, 'install_base': '/home/ubuntu/rs_arm/install/rs_a3_teleop', 'merge_install': False, 'path': '/home/ubuntu/rs_arm/src/rs_a3_teleop', 'symlink_install': False, 'test_result_base': None}
[0.102s] Level 5:colcon.colcon_core.verb:set package 'rs_a3_urdf_legacy' build argument 'cmake_args' from command line to 'None'
[0.102s] Level 5:colcon.colcon_core.verb:set package 'rs_a3_urdf_legacy' build argument 'cmake_target' from command line to 'None'
[0.102s] Level 5:colcon.colcon_core.verb:set package 'rs_a3_urdf_legacy' build argument 'cmake_target_skip_unavailable' from command line to 'False'
[0.102s] Level 5:colcon.colcon_core.verb:set package 'rs_a3_urdf_legacy' build argument 'cmake_clean_cache' from command line to 'False'
[0.102s] Level 5:colcon.colcon_core.verb:set package 'rs_a3_urdf_legacy' build argument 'cmake_clean_first' from command line to 'False'
[0.102s] Level 5:colcon.colcon_core.verb:set package 'rs_a3_urdf_legacy' build argument 'cmake_force_configure' from command line to 'False'
[0.102s] Level 5:colcon.colcon_core.verb:set package 'rs_a3_urdf_legacy' build argument 'ament_cmake_args' from command line to 'None'
[0.102s] Level 5:colcon.colcon_core.verb:set package 'rs_a3_urdf_legacy' build argument 'catkin_cmake_args' from command line to 'None'
[0.102s] Level 5:colcon.colcon_core.verb:set package 'rs_a3_urdf_legacy' build argument 'catkin_skip_building_tests' from command line to 'False'
[0.102s] DEBUG:colcon.colcon_core.verb:Building package 'rs_a3_urdf_legacy' with the following arguments: {'ament_cmake_args': None, 'build_base': '/home/ubuntu/rs_arm/build/rs_a3_urdf_legacy', 'catkin_cmake_args': None, 'catkin_skip_building_tests': False, 'cmake_args': None, 'cmake_clean_cache': False, 'cmake_clean_first': False, 'cmake_force_configure': False, 'cmake_target': None, 'cmake_target_skip_unavailable': False, 'install_base': '/home/ubuntu/rs_arm/install/rs_a3_urdf_legacy', 'merge_install': False, 'path': '/home/ubuntu/rs_arm/src/RS_A3_urdf/RS-A3', 'symlink_install': False, 'test_result_base': None}
[0.102s] Level 5:colcon.colcon_core.verb:set package 'rs_a3_description' build argument 'cmake_args' from command line to 'None'
[0.102s] Level 5:colcon.colcon_core.verb:set package 'rs_a3_description' build argument 'cmake_target' from command line to 'None'
[0.102s] Level 5:colcon.colcon_core.verb:set package 'rs_a3_description' build argument 'cmake_target_skip_unavailable' from command line to 'False'
[0.102s] Level 5:colcon.colcon_core.verb:set package 'rs_a3_description' build argument 'cmake_clean_cache' from command line to 'False'
[0.102s] Level 5:colcon.colcon_core.verb:set package 'rs_a3_description' build argument 'cmake_clean_first' from command line to 'False'
[0.102s] Level 5:colcon.colcon_core.verb:set package 'rs_a3_description' build argument 'cmake_force_configure' from command line to 'False'
[0.102s] Level 5:colcon.colcon_core.verb:set package 'rs_a3_description' build argument 'ament_cmake_args' from command line to 'None'
[0.102s] Level 5:colcon.colcon_core.verb:set package 'rs_a3_description' build argument 'catkin_cmake_args' from command line to 'None'
[0.102s] Level 5:colcon.colcon_core.verb:set package 'rs_a3_description' build argument 'catkin_skip_building_tests' from command line to 'False'
[0.102s] DEBUG:colcon.colcon_core.verb:Building package 'rs_a3_description' with the following arguments: {'ament_cmake_args': None, 'build_base': '/home/ubuntu/rs_arm/build/rs_a3_description', 'catkin_cmake_args': None, 'catkin_skip_building_tests': False, 'cmake_args': None, 'cmake_clean_cache': False, 'cmake_clean_first': False, 'cmake_force_configure': False, 'cmake_target': None, 'cmake_target_skip_unavailable': False, 'install_base': '/home/ubuntu/rs_arm/install/rs_a3_description', 'merge_install': False, 'path': '/home/ubuntu/rs_arm/src/rs_a3_description', 'symlink_install': False, 'test_result_base': None}
[0.102s] Level 5:colcon.colcon_core.verb:set package 'rs_a3_moveit_config' build argument 'cmake_args' from command line to 'None'
[0.102s] Level 5:colcon.colcon_core.verb:set package 'rs_a3_moveit_config' build argument 'cmake_target' from command line to 'None'
[0.102s] Level 5:colcon.colcon_core.verb:set package 'rs_a3_moveit_config' build argument 'cmake_target_skip_unavailable' from command line to 'False'
[0.102s] Level 5:colcon.colcon_core.verb:set package 'rs_a3_moveit_config' build argument 'cmake_clean_cache' from command line to 'False'
[0.102s] Level 5:colcon.colcon_core.verb:set package 'rs_a3_moveit_config' build argument 'cmake_clean_first' from command line to 'False'
[0.102s] Level 5:colcon.colcon_core.verb:set package 'rs_a3_moveit_config' build argument 'cmake_force_configure' from command line to 'False'
[0.102s] Level 5:colcon.colcon_core.verb:set package 'rs_a3_moveit_config' build argument 'ament_cmake_args' from command line to 'None'
[0.102s] Level 5:colcon.colcon_core.verb:set package 'rs_a3_moveit_config' build argument 'catkin_cmake_args' from command line to 'None'
[0.102s] Level 5:colcon.colcon_core.verb:set package 'rs_a3_moveit_config' build argument 'catkin_skip_building_tests' from command line to 'False'
[0.102s] DEBUG:colcon.colcon_core.verb:Building package 'rs_a3_moveit_config' with the following arguments: {'ament_cmake_args': None, 'build_base': '/home/ubuntu/rs_arm/build/rs_a3_moveit_config', 'catkin_cmake_args': None, 'catkin_skip_building_tests': False, 'cmake_args': None, 'cmake_clean_cache': False, 'cmake_clean_first': False, 'cmake_force_configure': False, 'cmake_target': None, 'cmake_target_skip_unavailable': False, 'install_base': '/home/ubuntu/rs_arm/install/rs_a3_moveit_config', 'merge_install': False, 'path': '/home/ubuntu/rs_arm/src/rs_a3_moveit_config', 'symlink_install': False, 'test_result_base': None}
[0.102s] INFO:colcon.colcon_core.executor:Executing jobs using 'parallel' executor
[0.103s] DEBUG:colcon.colcon_parallel_executor.executor.parallel:run_until_complete
[0.103s] INFO:colcon.colcon_ros.task.ament_cmake.build:Building ROS package in '/home/ubuntu/rs_arm/src/rs_a3_hardware' with build type 'ament_cmake'
[0.103s] INFO:colcon.colcon_cmake.task.cmake.build:Building CMake package in '/home/ubuntu/rs_arm/src/rs_a3_hardware'
[0.104s] INFO:colcon.colcon_core.plugin_system:Skipping extension 'colcon_core.shell.bat': Not used on non-Windows systems
[0.104s] INFO:colcon.colcon_core.shell:Skip shell extension 'powershell' for command environment: Not usable outside of PowerShell
[0.104s] DEBUG:colcon.colcon_core.shell:Skip shell extension 'dsv' for command environment
[0.105s] INFO:colcon.colcon_ros.task.ament_python.build:Building ROS package in '/home/ubuntu/rs_arm/src/rs_a3_teleop' with build type 'ament_python'
[0.105s] Level 1:colcon.colcon_core.shell:create_environment_hook('rs_a3_teleop', 'ament_prefix_path')
[0.105s] INFO:colcon.colcon_core.shell:Creating environment hook '/home/ubuntu/rs_arm/install/rs_a3_teleop/share/rs_a3_teleop/hook/ament_prefix_path.ps1'
[0.106s] INFO:colcon.colcon_core.shell:Creating environment descriptor '/home/ubuntu/rs_arm/install/rs_a3_teleop/share/rs_a3_teleop/hook/ament_prefix_path.dsv'
[0.106s] INFO:colcon.colcon_core.shell:Creating environment hook '/home/ubuntu/rs_arm/install/rs_a3_teleop/share/rs_a3_teleop/hook/ament_prefix_path.sh'
[0.106s] INFO:colcon.colcon_core.shell:Skip shell extension 'powershell' for command environment: Not usable outside of PowerShell
[0.106s] DEBUG:colcon.colcon_core.shell:Skip shell extension 'dsv' for command environment
[0.107s] INFO:colcon.colcon_ros.task.ament_cmake.build:Building ROS package in '/home/ubuntu/rs_arm/src/RS_A3_urdf/RS-A3' with build type 'ament_cmake'
[0.107s] INFO:colcon.colcon_cmake.task.cmake.build:Building CMake package in '/home/ubuntu/rs_arm/src/RS_A3_urdf/RS-A3'
[0.107s] INFO:colcon.colcon_core.shell:Skip shell extension 'powershell' for command environment: Not usable outside of PowerShell
[0.107s] DEBUG:colcon.colcon_core.shell:Skip shell extension 'dsv' for command environment
[0.111s] DEBUG:colcon.colcon_core.event_handler.log_command:Invoking command in '/home/ubuntu/rs_arm/build/rs_a3_hardware': CMAKE_PREFIX_PATH=/opt/ros/humble /home/ubuntu/.local/bin/cmake --build /home/ubuntu/rs_arm/build/rs_a3_hardware -- -j24 -l24
[0.220s] INFO:colcon.colcon_core.task.python.build:Building Python package in '/home/ubuntu/rs_arm/src/rs_a3_teleop'
[0.220s] INFO:colcon.colcon_core.shell:Skip shell extension 'powershell' for command environment: Not usable outside of PowerShell
[0.220s] DEBUG:colcon.colcon_core.shell:Skip shell extension 'dsv' for command environment
[0.226s] DEBUG:colcon.colcon_core.event_handler.log_command:Invoking command in '/home/ubuntu/rs_arm/build/rs_a3_urdf_legacy': CMAKE_PREFIX_PATH=/opt/ros/humble /home/ubuntu/.local/bin/cmake --build /home/ubuntu/rs_arm/build/rs_a3_urdf_legacy -- -j24 -l24
[0.463s] DEBUG:colcon.colcon_core.event_handler.log_command:Invoked command in '/home/ubuntu/rs_arm/build/rs_a3_urdf_legacy' returned '0': CMAKE_PREFIX_PATH=/opt/ros/humble /home/ubuntu/.local/bin/cmake --build /home/ubuntu/rs_arm/build/rs_a3_urdf_legacy -- -j24 -l24
[0.502s] DEBUG:colcon.colcon_core.event_handler.log_command:Invoking command in '/home/ubuntu/rs_arm/build/rs_a3_urdf_legacy': CMAKE_PREFIX_PATH=/opt/ros/humble /home/ubuntu/.local/bin/cmake --install /home/ubuntu/rs_arm/build/rs_a3_urdf_legacy
[0.504s] DEBUG:colcon.colcon_core.event_handler.log_command:Invoking command in '/home/ubuntu/rs_arm/src/rs_a3_teleop': PYTHONPATH=/home/ubuntu/rs_arm/build/rs_a3_teleop/prefix_override:/usr/lib/python3/dist-packages/colcon_core/task/python/colcon_distutils_commands:/home/ubuntu/rs_arm/install/rs_a3_teleop/lib/python3.10/site-packages:${PYTHONPATH} /usr/bin/python3 -W ignore:setup.py install is deprecated -W ignore:easy_install command is deprecated setup.py egg_info --egg-base ../../build/rs_a3_teleop build --build-base /home/ubuntu/rs_arm/build/rs_a3_teleop/build install --record /home/ubuntu/rs_arm/build/rs_a3_teleop/install.log --single-version-externally-managed install_data
[0.550s] Level 1:colcon.colcon_core.environment:create_environment_scripts_only(rs_a3_urdf_legacy)
[0.552s] Level 1:colcon.colcon_core.environment:checking '/home/ubuntu/rs_arm/install/rs_a3_urdf_legacy' for CMake module files
[0.552s] Level 1:colcon.colcon_core.environment:checking '/home/ubuntu/rs_arm/install/rs_a3_urdf_legacy' for CMake config files
[0.552s] Level 1:colcon.colcon_core.shell:create_environment_hook('rs_a3_urdf_legacy', 'cmake_prefix_path')
[0.552s] INFO:colcon.colcon_core.shell:Creating environment hook '/home/ubuntu/rs_arm/install/rs_a3_urdf_legacy/share/rs_a3_urdf_legacy/hook/cmake_prefix_path.ps1'
[0.552s] INFO:colcon.colcon_core.shell:Creating environment descriptor '/home/ubuntu/rs_arm/install/rs_a3_urdf_legacy/share/rs_a3_urdf_legacy/hook/cmake_prefix_path.dsv'
[0.552s] INFO:colcon.colcon_core.shell:Creating environment hook '/home/ubuntu/rs_arm/install/rs_a3_urdf_legacy/share/rs_a3_urdf_legacy/hook/cmake_prefix_path.sh'
[0.553s] Level 1:colcon.colcon_core.environment:checking '/home/ubuntu/rs_arm/install/rs_a3_urdf_legacy/bin'
[0.553s] Level 1:colcon.colcon_core.environment:checking '/home/ubuntu/rs_arm/install/rs_a3_urdf_legacy/lib/pkgconfig/rs_a3_urdf_legacy.pc'
[0.553s] Level 1:colcon.colcon_core.environment:checking '/home/ubuntu/rs_arm/install/rs_a3_urdf_legacy/lib/python3.10/site-packages'
[0.553s] Level 1:colcon.colcon_core.environment:checking '/home/ubuntu/rs_arm/install/rs_a3_urdf_legacy/bin'
[0.553s] INFO:colcon.colcon_core.shell:Creating package script '/home/ubuntu/rs_arm/install/rs_a3_urdf_legacy/share/rs_a3_urdf_legacy/package.ps1'
[0.554s] INFO:colcon.colcon_core.shell:Creating package descriptor '/home/ubuntu/rs_arm/install/rs_a3_urdf_legacy/share/rs_a3_urdf_legacy/package.dsv'
[0.555s] DEBUG:colcon.colcon_core.event_handler.log_command:Invoked command in '/home/ubuntu/rs_arm/build/rs_a3_urdf_legacy' returned '0': CMAKE_PREFIX_PATH=/opt/ros/humble /home/ubuntu/.local/bin/cmake --install /home/ubuntu/rs_arm/build/rs_a3_urdf_legacy
[0.555s] INFO:colcon.colcon_core.shell:Creating package script '/home/ubuntu/rs_arm/install/rs_a3_urdf_legacy/share/rs_a3_urdf_legacy/package.sh'
[0.555s] INFO:colcon.colcon_core.shell:Creating package script '/home/ubuntu/rs_arm/install/rs_a3_urdf_legacy/share/rs_a3_urdf_legacy/package.bash'
[0.556s] INFO:colcon.colcon_core.shell:Creating package script '/home/ubuntu/rs_arm/install/rs_a3_urdf_legacy/share/rs_a3_urdf_legacy/package.zsh'
[0.556s] Level 1:colcon.colcon_core.environment:create_file_with_runtime_dependencies(/home/ubuntu/rs_arm/install/rs_a3_urdf_legacy/share/colcon-core/packages/rs_a3_urdf_legacy)
[0.556s] Level 1:colcon.colcon_core.environment:create_environment_scripts_only(rs_a3_urdf_legacy)
[0.556s] Level 1:colcon.colcon_core.environment:checking '/home/ubuntu/rs_arm/install/rs_a3_urdf_legacy' for CMake module files
[0.557s] Level 1:colcon.colcon_core.environment:checking '/home/ubuntu/rs_arm/install/rs_a3_urdf_legacy' for CMake config files
[0.557s] Level 1:colcon.colcon_core.shell:create_environment_hook('rs_a3_urdf_legacy', 'cmake_prefix_path')
[0.557s] INFO:colcon.colcon_core.shell:Creating environment hook '/home/ubuntu/rs_arm/install/rs_a3_urdf_legacy/share/rs_a3_urdf_legacy/hook/cmake_prefix_path.ps1'
[0.557s] INFO:colcon.colcon_core.shell:Creating environment descriptor '/home/ubuntu/rs_arm/install/rs_a3_urdf_legacy/share/rs_a3_urdf_legacy/hook/cmake_prefix_path.dsv'
[0.557s] INFO:colcon.colcon_core.shell:Creating environment hook '/home/ubuntu/rs_arm/install/rs_a3_urdf_legacy/share/rs_a3_urdf_legacy/hook/cmake_prefix_path.sh'
[0.557s] Level 1:colcon.colcon_core.environment:checking '/home/ubuntu/rs_arm/install/rs_a3_urdf_legacy/bin'
[0.557s] Level 1:colcon.colcon_core.environment:checking '/home/ubuntu/rs_arm/install/rs_a3_urdf_legacy/lib/pkgconfig/rs_a3_urdf_legacy.pc'
[0.557s] Level 1:colcon.colcon_core.environment:checking '/home/ubuntu/rs_arm/install/rs_a3_urdf_legacy/lib/python3.10/site-packages'
[0.558s] Level 1:colcon.colcon_core.environment:checking '/home/ubuntu/rs_arm/install/rs_a3_urdf_legacy/bin'
[0.558s] INFO:colcon.colcon_core.shell:Creating package script '/home/ubuntu/rs_arm/install/rs_a3_urdf_legacy/share/rs_a3_urdf_legacy/package.ps1'
[0.558s] INFO:colcon.colcon_core.shell:Creating package descriptor '/home/ubuntu/rs_arm/install/rs_a3_urdf_legacy/share/rs_a3_urdf_legacy/package.dsv'
[0.558s] INFO:colcon.colcon_core.shell:Creating package script '/home/ubuntu/rs_arm/install/rs_a3_urdf_legacy/share/rs_a3_urdf_legacy/package.sh'
[0.558s] INFO:colcon.colcon_core.shell:Creating package script '/home/ubuntu/rs_arm/install/rs_a3_urdf_legacy/share/rs_a3_urdf_legacy/package.bash'
[0.559s] INFO:colcon.colcon_core.shell:Creating package script '/home/ubuntu/rs_arm/install/rs_a3_urdf_legacy/share/rs_a3_urdf_legacy/package.zsh'
[0.559s] Level 1:colcon.colcon_core.environment:create_file_with_runtime_dependencies(/home/ubuntu/rs_arm/install/rs_a3_urdf_legacy/share/colcon-core/packages/rs_a3_urdf_legacy)
[0.693s] DEBUG:colcon.colcon_core.event_handler.log_command:Invoked command in '/home/ubuntu/rs_arm/build/rs_a3_hardware' returned '0': CMAKE_PREFIX_PATH=/opt/ros/humble /home/ubuntu/.local/bin/cmake --build /home/ubuntu/rs_arm/build/rs_a3_hardware -- -j24 -l24
[0.694s] DEBUG:colcon.colcon_core.event_handler.log_command:Invoking command in '/home/ubuntu/rs_arm/build/rs_a3_hardware': CMAKE_PREFIX_PATH=/opt/ros/humble /home/ubuntu/.local/bin/cmake --install /home/ubuntu/rs_arm/build/rs_a3_hardware
[0.752s] Level 1:colcon.colcon_core.environment:checking '/home/ubuntu/rs_arm/install/rs_a3_teleop' for CMake module files
[0.753s] Level 1:colcon.colcon_core.environment:checking '/home/ubuntu/rs_arm/install/rs_a3_teleop' for CMake config files
[0.754s] Level 1:colcon.colcon_core.environment:checking '/home/ubuntu/rs_arm/install/rs_a3_teleop/lib'
[0.754s] DEBUG:colcon.colcon_core.event_handler.log_command:Invoked command in '/home/ubuntu/rs_arm/src/rs_a3_teleop' returned '0': PYTHONPATH=/home/ubuntu/rs_arm/build/rs_a3_teleop/prefix_override:/usr/lib/python3/dist-packages/colcon_core/task/python/colcon_distutils_commands:/home/ubuntu/rs_arm/install/rs_a3_teleop/lib/python3.10/site-packages:${PYTHONPATH} /usr/bin/python3 -W ignore:setup.py install is deprecated -W ignore:easy_install command is deprecated setup.py egg_info --egg-base ../../build/rs_a3_teleop build --build-base /home/ubuntu/rs_arm/build/rs_a3_teleop/build install --record /home/ubuntu/rs_arm/build/rs_a3_teleop/install.log --single-version-externally-managed install_data
[0.755s] Level 1:colcon.colcon_core.environment:checking '/home/ubuntu/rs_arm/install/rs_a3_teleop/bin'
[0.755s] Level 1:colcon.colcon_core.environment:checking '/home/ubuntu/rs_arm/install/rs_a3_teleop/lib/pkgconfig/rs_a3_teleop.pc'
[0.755s] Level 1:colcon.colcon_core.environment:checking '/home/ubuntu/rs_arm/install/rs_a3_teleop/lib/python3.10/site-packages'
[0.755s] Level 1:colcon.colcon_core.shell:create_environment_hook('rs_a3_teleop', 'pythonpath')
[0.755s] INFO:colcon.colcon_core.shell:Creating environment hook '/home/ubuntu/rs_arm/install/rs_a3_teleop/share/rs_a3_teleop/hook/pythonpath.ps1'
[0.756s] INFO:colcon.colcon_core.shell:Creating environment descriptor '/home/ubuntu/rs_arm/install/rs_a3_teleop/share/rs_a3_teleop/hook/pythonpath.dsv'
[0.756s] INFO:colcon.colcon_core.shell:Creating environment hook '/home/ubuntu/rs_arm/install/rs_a3_teleop/share/rs_a3_teleop/hook/pythonpath.sh'
[0.756s] Level 1:colcon.colcon_core.environment:checking '/home/ubuntu/rs_arm/install/rs_a3_teleop/bin'
[0.756s] Level 1:colcon.colcon_core.environment:create_environment_scripts_only(rs_a3_teleop)
[0.756s] INFO:colcon.colcon_core.shell:Creating package script '/home/ubuntu/rs_arm/install/rs_a3_teleop/share/rs_a3_teleop/package.ps1'
[0.757s] INFO:colcon.colcon_core.shell:Creating package descriptor '/home/ubuntu/rs_arm/install/rs_a3_teleop/share/rs_a3_teleop/package.dsv'
[0.757s] INFO:colcon.colcon_core.shell:Creating package script '/home/ubuntu/rs_arm/install/rs_a3_teleop/share/rs_a3_teleop/package.sh'
[0.757s] INFO:colcon.colcon_core.shell:Creating package script '/home/ubuntu/rs_arm/install/rs_a3_teleop/share/rs_a3_teleop/package.bash'
[0.757s] INFO:colcon.colcon_core.shell:Creating package script '/home/ubuntu/rs_arm/install/rs_a3_teleop/share/rs_a3_teleop/package.zsh'
[0.757s] Level 1:colcon.colcon_core.environment:create_file_with_runtime_dependencies(/home/ubuntu/rs_arm/install/rs_a3_teleop/share/colcon-core/packages/rs_a3_teleop)
[0.759s] Level 1:colcon.colcon_core.environment:create_environment_scripts_only(rs_a3_hardware)
[0.759s] Level 1:colcon.colcon_core.environment:checking '/home/ubuntu/rs_arm/install/rs_a3_hardware' for CMake module files
[0.759s] Level 1:colcon.colcon_core.environment:checking '/home/ubuntu/rs_arm/install/rs_a3_hardware' for CMake config files
[0.759s] Level 1:colcon.colcon_core.shell:create_environment_hook('rs_a3_hardware', 'cmake_prefix_path')
[0.759s] INFO:colcon.colcon_core.shell:Creating environment hook '/home/ubuntu/rs_arm/install/rs_a3_hardware/share/rs_a3_hardware/hook/cmake_prefix_path.ps1'
[0.760s] DEBUG:colcon.colcon_core.event_handler.log_command:Invoked command in '/home/ubuntu/rs_arm/build/rs_a3_hardware' returned '0': CMAKE_PREFIX_PATH=/opt/ros/humble /home/ubuntu/.local/bin/cmake --install /home/ubuntu/rs_arm/build/rs_a3_hardware
[0.760s] INFO:colcon.colcon_core.shell:Creating environment descriptor '/home/ubuntu/rs_arm/install/rs_a3_hardware/share/rs_a3_hardware/hook/cmake_prefix_path.dsv'
[0.760s] INFO:colcon.colcon_core.shell:Creating environment hook '/home/ubuntu/rs_arm/install/rs_a3_hardware/share/rs_a3_hardware/hook/cmake_prefix_path.sh'
[0.760s] Level 1:colcon.colcon_core.environment:checking '/home/ubuntu/rs_arm/install/rs_a3_hardware/lib'
[0.760s] Level 1:colcon.colcon_core.shell:create_environment_hook('rs_a3_hardware', 'ld_library_path_lib')
[0.760s] INFO:colcon.colcon_core.shell:Creating environment hook '/home/ubuntu/rs_arm/install/rs_a3_hardware/share/rs_a3_hardware/hook/ld_library_path_lib.ps1'
[0.760s] INFO:colcon.colcon_core.shell:Creating environment descriptor '/home/ubuntu/rs_arm/install/rs_a3_hardware/share/rs_a3_hardware/hook/ld_library_path_lib.dsv'
[0.761s] INFO:colcon.colcon_core.shell:Creating environment hook '/home/ubuntu/rs_arm/install/rs_a3_hardware/share/rs_a3_hardware/hook/ld_library_path_lib.sh'
[0.761s] Level 1:colcon.colcon_core.environment:checking '/home/ubuntu/rs_arm/install/rs_a3_hardware/bin'
[0.761s] Level 1:colcon.colcon_core.environment:checking '/home/ubuntu/rs_arm/install/rs_a3_hardware/lib/pkgconfig/rs_a3_hardware.pc'
[0.761s] Level 1:colcon.colcon_core.environment:checking '/home/ubuntu/rs_arm/install/rs_a3_hardware/lib/python3.10/site-packages'
[0.761s] Level 1:colcon.colcon_core.environment:checking '/home/ubuntu/rs_arm/install/rs_a3_hardware/bin'
[0.761s] INFO:colcon.colcon_core.shell:Creating package script '/home/ubuntu/rs_arm/install/rs_a3_hardware/share/rs_a3_hardware/package.ps1'
[0.761s] INFO:colcon.colcon_core.shell:Creating package descriptor '/home/ubuntu/rs_arm/install/rs_a3_hardware/share/rs_a3_hardware/package.dsv'
[0.762s] INFO:colcon.colcon_core.shell:Creating package script '/home/ubuntu/rs_arm/install/rs_a3_hardware/share/rs_a3_hardware/package.sh'
[0.762s] INFO:colcon.colcon_core.shell:Creating package script '/home/ubuntu/rs_arm/install/rs_a3_hardware/share/rs_a3_hardware/package.bash'
[0.762s] INFO:colcon.colcon_core.shell:Creating package script '/home/ubuntu/rs_arm/install/rs_a3_hardware/share/rs_a3_hardware/package.zsh'
[0.762s] Level 1:colcon.colcon_core.environment:create_file_with_runtime_dependencies(/home/ubuntu/rs_arm/install/rs_a3_hardware/share/colcon-core/packages/rs_a3_hardware)
[0.763s] Level 1:colcon.colcon_core.environment:create_environment_scripts_only(rs_a3_hardware)
[0.763s] Level 1:colcon.colcon_core.environment:checking '/home/ubuntu/rs_arm/install/rs_a3_hardware' for CMake module files
[0.763s] Level 1:colcon.colcon_core.environment:checking '/home/ubuntu/rs_arm/install/rs_a3_hardware' for CMake config files
[0.763s] Level 1:colcon.colcon_core.shell:create_environment_hook('rs_a3_hardware', 'cmake_prefix_path')
[0.763s] INFO:colcon.colcon_core.shell:Creating environment hook '/home/ubuntu/rs_arm/install/rs_a3_hardware/share/rs_a3_hardware/hook/cmake_prefix_path.ps1'
[0.763s] INFO:colcon.colcon_core.shell:Creating environment descriptor '/home/ubuntu/rs_arm/install/rs_a3_hardware/share/rs_a3_hardware/hook/cmake_prefix_path.dsv'
[0.764s] INFO:colcon.colcon_core.shell:Creating environment hook '/home/ubuntu/rs_arm/install/rs_a3_hardware/share/rs_a3_hardware/hook/cmake_prefix_path.sh'
[0.764s] Level 1:colcon.colcon_core.environment:checking '/home/ubuntu/rs_arm/install/rs_a3_hardware/lib'
[0.764s] Level 1:colcon.colcon_core.shell:create_environment_hook('rs_a3_hardware', 'ld_library_path_lib')
[0.764s] INFO:colcon.colcon_core.shell:Creating environment hook '/home/ubuntu/rs_arm/install/rs_a3_hardware/share/rs_a3_hardware/hook/ld_library_path_lib.ps1'
[0.764s] INFO:colcon.colcon_core.shell:Creating environment descriptor '/home/ubuntu/rs_arm/install/rs_a3_hardware/share/rs_a3_hardware/hook/ld_library_path_lib.dsv'
[0.764s] INFO:colcon.colcon_core.shell:Creating environment hook '/home/ubuntu/rs_arm/install/rs_a3_hardware/share/rs_a3_hardware/hook/ld_library_path_lib.sh'
[0.765s] Level 1:colcon.colcon_core.environment:checking '/home/ubuntu/rs_arm/install/rs_a3_hardware/bin'
[0.765s] Level 1:colcon.colcon_core.environment:checking '/home/ubuntu/rs_arm/install/rs_a3_hardware/lib/pkgconfig/rs_a3_hardware.pc'
[0.765s] Level 1:colcon.colcon_core.environment:checking '/home/ubuntu/rs_arm/install/rs_a3_hardware/lib/python3.10/site-packages'
[0.765s] Level 1:colcon.colcon_core.environment:checking '/home/ubuntu/rs_arm/install/rs_a3_hardware/bin'
[0.765s] INFO:colcon.colcon_core.shell:Creating package script '/home/ubuntu/rs_arm/install/rs_a3_hardware/share/rs_a3_hardware/package.ps1'
[0.766s] INFO:colcon.colcon_core.shell:Creating package descriptor '/home/ubuntu/rs_arm/install/rs_a3_hardware/share/rs_a3_hardware/package.dsv'
[0.766s] INFO:colcon.colcon_core.shell:Creating package script '/home/ubuntu/rs_arm/install/rs_a3_hardware/share/rs_a3_hardware/package.sh'
[0.766s] INFO:colcon.colcon_core.shell:Creating package script '/home/ubuntu/rs_arm/install/rs_a3_hardware/share/rs_a3_hardware/package.bash'
[0.766s] INFO:colcon.colcon_core.shell:Creating package script '/home/ubuntu/rs_arm/install/rs_a3_hardware/share/rs_a3_hardware/package.zsh'
[0.767s] Level 1:colcon.colcon_core.environment:create_file_with_runtime_dependencies(/home/ubuntu/rs_arm/install/rs_a3_hardware/share/colcon-core/packages/rs_a3_hardware)
[0.767s] INFO:colcon.colcon_ros.task.ament_cmake.build:Building ROS package in '/home/ubuntu/rs_arm/src/rs_a3_description' with build type 'ament_cmake'
[0.767s] INFO:colcon.colcon_cmake.task.cmake.build:Building CMake package in '/home/ubuntu/rs_arm/src/rs_a3_description'
[0.767s] INFO:colcon.colcon_core.shell:Skip shell extension 'powershell' for command environment: Not usable outside of PowerShell
[0.767s] DEBUG:colcon.colcon_core.shell:Skip shell extension 'dsv' for command environment
[0.785s] DEBUG:colcon.colcon_core.event_handler.log_command:Invoking command in '/home/ubuntu/rs_arm/build/rs_a3_description': AMENT_PREFIX_PATH=/home/ubuntu/rs_arm/install/rs_a3_hardware:${AMENT_PREFIX_PATH} CMAKE_PREFIX_PATH=/home/ubuntu/rs_arm/install/rs_a3_hardware:/opt/ros/humble LD_LIBRARY_PATH=/home/ubuntu/rs_arm/install/rs_a3_hardware/lib:${LD_LIBRARY_PATH} /home/ubuntu/.local/bin/cmake --build /home/ubuntu/rs_arm/build/rs_a3_description -- -j24 -l24
[0.986s] DEBUG:colcon.colcon_core.event_handler.log_command:Invoked command in '/home/ubuntu/rs_arm/build/rs_a3_description' returned '0': AMENT_PREFIX_PATH=/home/ubuntu/rs_arm/install/rs_a3_hardware:${AMENT_PREFIX_PATH} CMAKE_PREFIX_PATH=/home/ubuntu/rs_arm/install/rs_a3_hardware:/opt/ros/humble LD_LIBRARY_PATH=/home/ubuntu/rs_arm/install/rs_a3_hardware/lib:${LD_LIBRARY_PATH} /home/ubuntu/.local/bin/cmake --build /home/ubuntu/rs_arm/build/rs_a3_description -- -j24 -l24
[0.988s] DEBUG:colcon.colcon_core.event_handler.log_command:Invoking command in '/home/ubuntu/rs_arm/build/rs_a3_description': AMENT_PREFIX_PATH=/home/ubuntu/rs_arm/install/rs_a3_hardware:${AMENT_PREFIX_PATH} CMAKE_PREFIX_PATH=/home/ubuntu/rs_arm/install/rs_a3_hardware:/opt/ros/humble LD_LIBRARY_PATH=/home/ubuntu/rs_arm/install/rs_a3_hardware/lib:${LD_LIBRARY_PATH} /home/ubuntu/.local/bin/cmake --install /home/ubuntu/rs_arm/build/rs_a3_description
[1.020s] Level 1:colcon.colcon_core.environment:create_environment_scripts_only(rs_a3_description)
[1.020s] Level 1:colcon.colcon_core.environment:checking '/home/ubuntu/rs_arm/install/rs_a3_description' for CMake module files
[1.020s] Level 1:colcon.colcon_core.environment:checking '/home/ubuntu/rs_arm/install/rs_a3_description' for CMake config files
[1.020s] Level 1:colcon.colcon_core.shell:create_environment_hook('rs_a3_description', 'cmake_prefix_path')
[1.020s] INFO:colcon.colcon_core.shell:Creating environment hook '/home/ubuntu/rs_arm/install/rs_a3_description/share/rs_a3_description/hook/cmake_prefix_path.ps1'
[1.020s] INFO:colcon.colcon_core.shell:Creating environment descriptor '/home/ubuntu/rs_arm/install/rs_a3_description/share/rs_a3_description/hook/cmake_prefix_path.dsv'
[1.021s] DEBUG:colcon.colcon_core.event_handler.log_command:Invoked command in '/home/ubuntu/rs_arm/build/rs_a3_description' returned '0': AMENT_PREFIX_PATH=/home/ubuntu/rs_arm/install/rs_a3_hardware:${AMENT_PREFIX_PATH} CMAKE_PREFIX_PATH=/home/ubuntu/rs_arm/install/rs_a3_hardware:/opt/ros/humble LD_LIBRARY_PATH=/home/ubuntu/rs_arm/install/rs_a3_hardware/lib:${LD_LIBRARY_PATH} /home/ubuntu/.local/bin/cmake --install /home/ubuntu/rs_arm/build/rs_a3_description
[1.021s] INFO:colcon.colcon_core.shell:Creating environment hook '/home/ubuntu/rs_arm/install/rs_a3_description/share/rs_a3_description/hook/cmake_prefix_path.sh'
[1.021s] Level 1:colcon.colcon_core.environment:checking '/home/ubuntu/rs_arm/install/rs_a3_description/bin'
[1.021s] Level 1:colcon.colcon_core.environment:checking '/home/ubuntu/rs_arm/install/rs_a3_description/lib/pkgconfig/rs_a3_description.pc'
[1.021s] Level 1:colcon.colcon_core.environment:checking '/home/ubuntu/rs_arm/install/rs_a3_description/lib/python3.10/site-packages'
[1.021s] Level 1:colcon.colcon_core.environment:checking '/home/ubuntu/rs_arm/install/rs_a3_description/bin'
[1.022s] INFO:colcon.colcon_core.shell:Creating package script '/home/ubuntu/rs_arm/install/rs_a3_description/share/rs_a3_description/package.ps1'
[1.022s] INFO:colcon.colcon_core.shell:Creating package descriptor '/home/ubuntu/rs_arm/install/rs_a3_description/share/rs_a3_description/package.dsv'
[1.022s] INFO:colcon.colcon_core.shell:Creating package script '/home/ubuntu/rs_arm/install/rs_a3_description/share/rs_a3_description/package.sh'
[1.022s] INFO:colcon.colcon_core.shell:Creating package script '/home/ubuntu/rs_arm/install/rs_a3_description/share/rs_a3_description/package.bash'
[1.022s] INFO:colcon.colcon_core.shell:Creating package script '/home/ubuntu/rs_arm/install/rs_a3_description/share/rs_a3_description/package.zsh'
[1.022s] Level 1:colcon.colcon_core.environment:create_file_with_runtime_dependencies(/home/ubuntu/rs_arm/install/rs_a3_description/share/colcon-core/packages/rs_a3_description)
[1.023s] Level 1:colcon.colcon_core.environment:create_environment_scripts_only(rs_a3_description)
[1.023s] Level 1:colcon.colcon_core.environment:checking '/home/ubuntu/rs_arm/install/rs_a3_description' for CMake module files
[1.023s] Level 1:colcon.colcon_core.environment:checking '/home/ubuntu/rs_arm/install/rs_a3_description' for CMake config files
[1.023s] Level 1:colcon.colcon_core.shell:create_environment_hook('rs_a3_description', 'cmake_prefix_path')
[1.023s] INFO:colcon.colcon_core.shell:Creating environment hook '/home/ubuntu/rs_arm/install/rs_a3_description/share/rs_a3_description/hook/cmake_prefix_path.ps1'
[1.023s] INFO:colcon.colcon_core.shell:Creating environment descriptor '/home/ubuntu/rs_arm/install/rs_a3_description/share/rs_a3_description/hook/cmake_prefix_path.dsv'
[1.023s] INFO:colcon.colcon_core.shell:Creating environment hook '/home/ubuntu/rs_arm/install/rs_a3_description/share/rs_a3_description/hook/cmake_prefix_path.sh'
[1.024s] Level 1:colcon.colcon_core.environment:checking '/home/ubuntu/rs_arm/install/rs_a3_description/bin'
[1.024s] Level 1:colcon.colcon_core.environment:checking '/home/ubuntu/rs_arm/install/rs_a3_description/lib/pkgconfig/rs_a3_description.pc'
[1.024s] Level 1:colcon.colcon_core.environment:checking '/home/ubuntu/rs_arm/install/rs_a3_description/lib/python3.10/site-packages'
[1.024s] Level 1:colcon.colcon_core.environment:checking '/home/ubuntu/rs_arm/install/rs_a3_description/bin'
[1.024s] INFO:colcon.colcon_core.shell:Creating package script '/home/ubuntu/rs_arm/install/rs_a3_description/share/rs_a3_description/package.ps1'
[1.024s] INFO:colcon.colcon_core.shell:Creating package descriptor '/home/ubuntu/rs_arm/install/rs_a3_description/share/rs_a3_description/package.dsv'
[1.025s] INFO:colcon.colcon_core.shell:Creating package script '/home/ubuntu/rs_arm/install/rs_a3_description/share/rs_a3_description/package.sh'
[1.025s] INFO:colcon.colcon_core.shell:Creating package script '/home/ubuntu/rs_arm/install/rs_a3_description/share/rs_a3_description/package.bash'
[1.025s] INFO:colcon.colcon_core.shell:Creating package script '/home/ubuntu/rs_arm/install/rs_a3_description/share/rs_a3_description/package.zsh'
[1.025s] Level 1:colcon.colcon_core.environment:create_file_with_runtime_dependencies(/home/ubuntu/rs_arm/install/rs_a3_description/share/colcon-core/packages/rs_a3_description)
[1.025s] INFO:colcon.colcon_ros.task.ament_cmake.build:Building ROS package in '/home/ubuntu/rs_arm/src/rs_a3_moveit_config' with build type 'ament_cmake'
[1.025s] INFO:colcon.colcon_cmake.task.cmake.build:Building CMake package in '/home/ubuntu/rs_arm/src/rs_a3_moveit_config'
[1.025s] INFO:colcon.colcon_core.shell:Skip shell extension 'powershell' for command environment: Not usable outside of PowerShell
[1.025s] DEBUG:colcon.colcon_core.shell:Skip shell extension 'dsv' for command environment
[1.033s] DEBUG:colcon.colcon_core.event_handler.log_command:Invoking command in '/home/ubuntu/rs_arm/build/rs_a3_moveit_config': AMENT_PREFIX_PATH=/home/ubuntu/rs_arm/install/rs_a3_description:/home/ubuntu/rs_arm/install/rs_a3_hardware:${AMENT_PREFIX_PATH} CMAKE_PREFIX_PATH=/home/ubuntu/rs_arm/install/rs_a3_description:/home/ubuntu/rs_arm/install/rs_a3_hardware:/opt/ros/humble LD_LIBRARY_PATH=/home/ubuntu/rs_arm/install/rs_a3_hardware/lib:${LD_LIBRARY_PATH} /home/ubuntu/.local/bin/cmake --build /home/ubuntu/rs_arm/build/rs_a3_moveit_config -- -j24 -l24
[1.231s] DEBUG:colcon.colcon_core.event_handler.log_command:Invoked command in '/home/ubuntu/rs_arm/build/rs_a3_moveit_config' returned '0': AMENT_PREFIX_PATH=/home/ubuntu/rs_arm/install/rs_a3_description:/home/ubuntu/rs_arm/install/rs_a3_hardware:${AMENT_PREFIX_PATH} CMAKE_PREFIX_PATH=/home/ubuntu/rs_arm/install/rs_a3_description:/home/ubuntu/rs_arm/install/rs_a3_hardware:/opt/ros/humble LD_LIBRARY_PATH=/home/ubuntu/rs_arm/install/rs_a3_hardware/lib:${LD_LIBRARY_PATH} /home/ubuntu/.local/bin/cmake --build /home/ubuntu/rs_arm/build/rs_a3_moveit_config -- -j24 -l24
[1.231s] DEBUG:colcon.colcon_core.event_handler.log_command:Invoking command in '/home/ubuntu/rs_arm/build/rs_a3_moveit_config': AMENT_PREFIX_PATH=/home/ubuntu/rs_arm/install/rs_a3_description:/home/ubuntu/rs_arm/install/rs_a3_hardware:${AMENT_PREFIX_PATH} CMAKE_PREFIX_PATH=/home/ubuntu/rs_arm/install/rs_a3_description:/home/ubuntu/rs_arm/install/rs_a3_hardware:/opt/ros/humble LD_LIBRARY_PATH=/home/ubuntu/rs_arm/install/rs_a3_hardware/lib:${LD_LIBRARY_PATH} /home/ubuntu/.local/bin/cmake --install /home/ubuntu/rs_arm/build/rs_a3_moveit_config
[1.271s] Level 1:colcon.colcon_core.environment:create_environment_scripts_only(rs_a3_moveit_config)
[1.271s] Level 1:colcon.colcon_core.environment:checking '/home/ubuntu/rs_arm/install/rs_a3_moveit_config' for CMake module files
[1.271s] DEBUG:colcon.colcon_core.event_handler.log_command:Invoked command in '/home/ubuntu/rs_arm/build/rs_a3_moveit_config' returned '0': AMENT_PREFIX_PATH=/home/ubuntu/rs_arm/install/rs_a3_description:/home/ubuntu/rs_arm/install/rs_a3_hardware:${AMENT_PREFIX_PATH} CMAKE_PREFIX_PATH=/home/ubuntu/rs_arm/install/rs_a3_description:/home/ubuntu/rs_arm/install/rs_a3_hardware:/opt/ros/humble LD_LIBRARY_PATH=/home/ubuntu/rs_arm/install/rs_a3_hardware/lib:${LD_LIBRARY_PATH} /home/ubuntu/.local/bin/cmake --install /home/ubuntu/rs_arm/build/rs_a3_moveit_config
[1.271s] Level 1:colcon.colcon_core.environment:checking '/home/ubuntu/rs_arm/install/rs_a3_moveit_config' for CMake config files
[1.271s] Level 1:colcon.colcon_core.shell:create_environment_hook('rs_a3_moveit_config', 'cmake_prefix_path')
[1.271s] INFO:colcon.colcon_core.shell:Creating environment hook '/home/ubuntu/rs_arm/install/rs_a3_moveit_config/share/rs_a3_moveit_config/hook/cmake_prefix_path.ps1'
[1.272s] INFO:colcon.colcon_core.shell:Creating environment descriptor '/home/ubuntu/rs_arm/install/rs_a3_moveit_config/share/rs_a3_moveit_config/hook/cmake_prefix_path.dsv'
[1.272s] INFO:colcon.colcon_core.shell:Creating environment hook '/home/ubuntu/rs_arm/install/rs_a3_moveit_config/share/rs_a3_moveit_config/hook/cmake_prefix_path.sh'
[1.272s] Level 1:colcon.colcon_core.environment:checking '/home/ubuntu/rs_arm/install/rs_a3_moveit_config/bin'
[1.272s] Level 1:colcon.colcon_core.environment:checking '/home/ubuntu/rs_arm/install/rs_a3_moveit_config/lib/pkgconfig/rs_a3_moveit_config.pc'
[1.272s] Level 1:colcon.colcon_core.environment:checking '/home/ubuntu/rs_arm/install/rs_a3_moveit_config/lib/python3.10/site-packages'
[1.272s] Level 1:colcon.colcon_core.environment:checking '/home/ubuntu/rs_arm/install/rs_a3_moveit_config/bin'
[1.273s] INFO:colcon.colcon_core.shell:Creating package script '/home/ubuntu/rs_arm/install/rs_a3_moveit_config/share/rs_a3_moveit_config/package.ps1'
[1.273s] INFO:colcon.colcon_core.shell:Creating package descriptor '/home/ubuntu/rs_arm/install/rs_a3_moveit_config/share/rs_a3_moveit_config/package.dsv'
[1.273s] INFO:colcon.colcon_core.shell:Creating package script '/home/ubuntu/rs_arm/install/rs_a3_moveit_config/share/rs_a3_moveit_config/package.sh'
[1.274s] INFO:colcon.colcon_core.shell:Creating package script '/home/ubuntu/rs_arm/install/rs_a3_moveit_config/share/rs_a3_moveit_config/package.bash'
[1.274s] INFO:colcon.colcon_core.shell:Creating package script '/home/ubuntu/rs_arm/install/rs_a3_moveit_config/share/rs_a3_moveit_config/package.zsh'
[1.274s] Level 1:colcon.colcon_core.environment:create_file_with_runtime_dependencies(/home/ubuntu/rs_arm/install/rs_a3_moveit_config/share/colcon-core/packages/rs_a3_moveit_config)
[1.274s] Level 1:colcon.colcon_core.environment:create_environment_scripts_only(rs_a3_moveit_config)
[1.274s] Level 1:colcon.colcon_core.environment:checking '/home/ubuntu/rs_arm/install/rs_a3_moveit_config' for CMake module files
[1.274s] Level 1:colcon.colcon_core.environment:checking '/home/ubuntu/rs_arm/install/rs_a3_moveit_config' for CMake config files
[1.274s] Level 1:colcon.colcon_core.shell:create_environment_hook('rs_a3_moveit_config', 'cmake_prefix_path')
[1.275s] INFO:colcon.colcon_core.shell:Creating environment hook '/home/ubuntu/rs_arm/install/rs_a3_moveit_config/share/rs_a3_moveit_config/hook/cmake_prefix_path.ps1'
[1.275s] INFO:colcon.colcon_core.shell:Creating environment descriptor '/home/ubuntu/rs_arm/install/rs_a3_moveit_config/share/rs_a3_moveit_config/hook/cmake_prefix_path.dsv'
[1.275s] INFO:colcon.colcon_core.shell:Creating environment hook '/home/ubuntu/rs_arm/install/rs_a3_moveit_config/share/rs_a3_moveit_config/hook/cmake_prefix_path.sh'
[1.275s] Level 1:colcon.colcon_core.environment:checking '/home/ubuntu/rs_arm/install/rs_a3_moveit_config/bin'
[1.275s] Level 1:colcon.colcon_core.environment:checking '/home/ubuntu/rs_arm/install/rs_a3_moveit_config/lib/pkgconfig/rs_a3_moveit_config.pc'
[1.275s] Level 1:colcon.colcon_core.environment:checking '/home/ubuntu/rs_arm/install/rs_a3_moveit_config/lib/python3.10/site-packages'
[1.275s] Level 1:colcon.colcon_core.environment:checking '/home/ubuntu/rs_arm/install/rs_a3_moveit_config/bin'
[1.275s] INFO:colcon.colcon_core.shell:Creating package script '/home/ubuntu/rs_arm/install/rs_a3_moveit_config/share/rs_a3_moveit_config/package.ps1'
[1.276s] INFO:colcon.colcon_core.shell:Creating package descriptor '/home/ubuntu/rs_arm/install/rs_a3_moveit_config/share/rs_a3_moveit_config/package.dsv'
[1.276s] INFO:colcon.colcon_core.shell:Creating package script '/home/ubuntu/rs_arm/install/rs_a3_moveit_config/share/rs_a3_moveit_config/package.sh'
[1.276s] INFO:colcon.colcon_core.shell:Creating package script '/home/ubuntu/rs_arm/install/rs_a3_moveit_config/share/rs_a3_moveit_config/package.bash'
[1.276s] INFO:colcon.colcon_core.shell:Creating package script '/home/ubuntu/rs_arm/install/rs_a3_moveit_config/share/rs_a3_moveit_config/package.zsh'
[1.276s] Level 1:colcon.colcon_core.environment:create_file_with_runtime_dependencies(/home/ubuntu/rs_arm/install/rs_a3_moveit_config/share/colcon-core/packages/rs_a3_moveit_config)
[1.276s] DEBUG:colcon.colcon_parallel_executor.executor.parallel:closing loop
[1.276s] DEBUG:colcon.colcon_parallel_executor.executor.parallel:loop closed
[1.277s] DEBUG:colcon.colcon_parallel_executor.executor.parallel:run_until_complete finished with '0'
[1.277s] DEBUG:colcon.colcon_core.event_reactor:joining thread
[1.279s] INFO:colcon.colcon_core.plugin_system:Skipping extension 'colcon_notification.desktop_notification.terminal_notifier': Not used on non-Darwin systems
[1.279s] INFO:colcon.colcon_core.plugin_system:Skipping extension 'colcon_notification.desktop_notification.win32': Not used on non-Windows systems
[1.279s] INFO:colcon.colcon_notification.desktop_notification:Sending desktop notification using 'notify2'
[1.285s] DEBUG:colcon.colcon_core.event_reactor:joined thread
[1.285s] INFO:colcon.colcon_core.shell:Creating prefix script '/home/ubuntu/rs_arm/install/local_setup.ps1'
[1.285s] INFO:colcon.colcon_core.shell:Creating prefix util module '/home/ubuntu/rs_arm/install/_local_setup_util_ps1.py'
[1.286s] INFO:colcon.colcon_core.shell:Creating prefix chain script '/home/ubuntu/rs_arm/install/setup.ps1'
[1.290s] INFO:colcon.colcon_core.shell:Creating prefix script '/home/ubuntu/rs_arm/install/local_setup.sh'
[1.291s] INFO:colcon.colcon_core.shell:Creating prefix util module '/home/ubuntu/rs_arm/install/_local_setup_util_sh.py'
[1.291s] INFO:colcon.colcon_core.shell:Creating prefix chain script '/home/ubuntu/rs_arm/install/setup.sh'
[1.292s] INFO:colcon.colcon_core.shell:Creating prefix script '/home/ubuntu/rs_arm/install/local_setup.bash'
[1.292s] INFO:colcon.colcon_core.shell:Creating prefix chain script '/home/ubuntu/rs_arm/install/setup.bash'
[1.293s] INFO:colcon.colcon_core.shell:Creating prefix script '/home/ubuntu/rs_arm/install/local_setup.zsh'
[1.293s] INFO:colcon.colcon_core.shell:Creating prefix chain script '/home/ubuntu/rs_arm/install/setup.zsh'
