[0.000000] (-) TimerEvent: {}
[0.000053] (rs_a3_hardware) JobQueued: {'identifier': 'rs_a3_hardware', 'dependencies': OrderedDict()}
[0.000643] (rs_a3_hardware) JobStarted: {'identifier': 'rs_a3_hardware'}
[0.003960] (rs_a3_hardware) JobProgress: {'identifier': 'rs_a3_hardware', 'progress': 'cmake'}
[0.004152] (rs_a3_hardware) Command: {'cmd': ['/usr/bin/cmake', '/home/wy/RS/A3/rs_a3_hardware', '-DCMAKE_INSTALL_PREFIX=/home/wy/RS/A3/install/rs_a3_hardware'], 'cwd': '/home/wy/RS/A3/build/rs_a3_hardware', 'env': OrderedDict([('LESSOPEN', '| /usr/bin/lesspipe %s'), ('VSCODE_CWD', '/home/wy'), ('VSCODE_ESM_ENTRYPOINT', 'vs/workbench/api/node/extensionHostProcess'), ('CONDA_PROMPT_MODIFIER', '(base)'), ('LANGUAGE', 'zh_CN:en'), ('USER', 'wy'), ('LC_TIME', 'en_US.UTF-8'), ('VSCODE_NLS_CONFIG', '{"userLocale":"zh-cn","osLocale":"zh-cn","resolvedLanguage":"zh-cn","defaultMessagesFile":"/usr/share/cursor/resources/app/out/nls.messages.json","languagePack":{"translationsConfigFile":"/home/wy/.config/Cursor/clp/3bfb7f1471a52e527cfc1587dd57c7c1.zh-cn/tcf.json","messagesFile":"/home/wy/.config/Cursor/clp/3bfb7f1471a52e527cfc1587dd57c7c1.zh-cn/20adc1003928b0f1b99305dbaf845656ff81f5d0/nls.messages.json","corruptMarkerFile":"/home/wy/.config/Cursor/clp/3bfb7f1471a52e527cfc1587dd57c7c1.zh-cn/corrupted.info"},"locale":"zh-cn","availableLanguages":{"*":"zh-cn"},"_languagePackId":"3bfb7f1471a52e527cfc1587dd57c7c1.zh-cn","_languagePackSupport":true,"_translationsConfigFile":"/home/wy/.config/Cursor/clp/3bfb7f1471a52e527cfc1587dd57c7c1.zh-cn/tcf.json","_cacheRoot":"/home/wy/.config/Cursor/clp/3bfb7f1471a52e527cfc1587dd57c7c1.zh-cn","_resolvedLanguagePackCoreLocation":"/home/wy/.config/Cursor/clp/3bfb7f1471a52e527cfc1587dd57c7c1.zh-cn/20adc1003928b0f1b99305dbaf845656ff81f5d0","_corruptedFile":"/home/wy/.config/Cursor/clp/3bfb7f1471a52e527cfc1587dd57c7c1.zh-cn/corrupted.info"}'), ('VSCODE_HANDLES_UNCAUGHT_ERRORS', 'true'), ('XDG_SESSION_TYPE', 'x11'), ('SHLVL', '0'), ('LD_LIBRARY_PATH', '/opt/ros/humble/opt/rviz_ogre_vendor/lib:/opt/ros/humble/lib/x86_64-linux-gnu:/opt/ros/humble/lib::/home/wy/miniconda3/envs/rl_gpu/lib'), ('HOME', '/home/wy'), ('CHROME_DESKTOP', 'cursor.desktop'), ('CONDA_SHLVL', '1'), ('OLDPWD', '/home/wy/RS/A3'), ('DESKTOP_SESSION', 'ubuntu'), ('VSCODE_IPC_HOOK', '/run/user/1000/vscode-ffeb21a4-2.2.-main.sock'), ('GIO_LAUNCHED_DESKTOP_FILE', '/usr/share/applications/cursor.desktop'), ('ROS_PYTHON_VERSION', '3'), ('GNOME_SHELL_SESSION_MODE', 'ubuntu'), ('GTK_MODULES', 'gail:atk-bridge'), ('XDG_SEAT_PATH', '/org/freedesktop/DisplayManager/Seat0'), ('LC_MONETARY', 'en_US.UTF-8'), ('MANAGERPID', '2112'), ('SYSTEMD_EXEC_PID', '2304'), ('NO_COLOR', '1'), ('DBUS_SESSION_BUS_ADDRESS', 'unix:path=/run/user/1000/bus'), ('_CONDA_ROOT', '/home/wy/miniconda3'), ('GIO_LAUNCHED_DESKTOP_FILE_PID', '4319'), ('VSCODE_CRASH_REPORTER_PROCESS_TYPE', 'extensionHost'), ('VSCODE_L10N_BUNDLE_LOCATION', 'file:///home/wy/.cursor/extensions/ms-ceintl.vscode-language-pack-zh-hans-1.105.0-universal/translations/extensions/vscode.json-language-features.i18n.json'), ('ROS_DISTRO', 'humble'), ('GTK_IM_MODULE', 'fcitx'), ('LOGNAME', 'wy'), ('FORCE_COLOR', '0'), ('JOURNAL_STREAM', '8:20670'), ('PULSE_SERVER', 'unix:/run/user/1000/pulse/native'), ('_', '/usr/bin/colcon'), ('ROS_VERSION', '2'), ('XDG_SESSION_CLASS', 'user'), ('TERM', 'dumb'), ('EVERYSPHERE_RIPGREP_PATH', '/usr/share/cursor/resources/app/node_modules/@vscode/ripgrep/bin/rg'), ('GNOME_DESKTOP_SESSION_ID', 'this-is-deprecated'), ('ROS_LOCALHOST_ONLY', '0'), ('COMPOSER_NO_INTERACTION', '1'), ('PATH', '/opt/ros/humble/bin:/usr/bin:/home/wy/miniconda3/bin:/home/wy/miniconda3/condabin:/usr/local/sbin:/usr/local/bin:/usr/sbin:/usr/bin:/sbin:/bin:/usr/games:/usr/local/games:/snap/bin'), ('SESSION_MANAGER', 'local/RS-wy:@/tmp/.ICE-unix/2304,unix/RS-wy:/tmp/.ICE-unix/2304'), ('GDM_LANG', 'zh_CN'), ('INVOCATION_ID', 'e33984b694004e6390f46fe29ec8d089'), ('PAPERSIZE', 'letter'), ('XDG_SESSION_PATH', '/org/freedesktop/DisplayManager/Session0'), ('XDG_MENU_PREFIX', 'gnome-'), ('LC_ADDRESS', 'en_US.UTF-8'), ('VSCODE_PROCESS_TITLE', 'extension-host  [1-1]'), ('XDG_RUNTIME_DIR', '/run/user/1000'), ('GDK_BACKEND', 'x11'), ('CURSOR_AGENT', '1'), ('DISPLAY', ':0'), ('LANG', 'zh_CN.UTF-8'), ('XDG_CURRENT_DESKTOP', 'Unity'), ('LC_TELEPHONE', 'en_US.UTF-8'), ('XMODIFIERS', '@im=fcitx'), ('XDG_SESSION_DESKTOP', 'ubuntu'), ('XAUTHORITY', '/home/wy/.Xauthority'), ('CURSOR_TRACE_ID', 'b435035fe07c420b8fea1225b6b7b6b6'), ('SSH_AGENT_LAUNCHER', 'gnome-keyring'), ('SSH_AUTH_SOCK', '/run/user/1000/keyring/ssh'), ('GSETTINGS_SCHEMA_DIR', '/home/wy/data'), ('XDG_GREETER_DATA_DIR', '/var/lib/lightdm-data/wy'), ('AMENT_PREFIX_PATH', '/opt/ros/humble'), ('CONDA_PYTHON_EXE', '/home/wy/miniconda3/bin/python'), ('ORIGINAL_XDG_CURRENT_DESKTOP', 'ubuntu:GNOME'), ('SHELL', '/bin/bash'), ('LC_NAME', 'en_US.UTF-8'), ('QT_ACCESSIBILITY', '1'), ('GDMSESSION', 'ubuntu'), ('LESSCLOSE', '/usr/bin/lesspipe %s %s'), ('CONDA_DEFAULT_ENV', 'base'), ('LC_MEASUREMENT', 'en_US.UTF-8'), ('GPG_AGENT_INFO', '/run/user/1000/gnupg/S.gpg-agent:0:1'), ('_CONDA_EXE', '/home/wy/miniconda3/bin/conda'), ('LC_IDENTIFICATION', 'en_US.UTF-8'), ('QT_IM_MODULE', 'fcitx'), ('PWD', '/home/wy/RS/A3/build/rs_a3_hardware'), ('LC_ALL', 'en_US.UTF-8'), ('XDG_CONFIG_DIRS', '/etc/xdg/xdg-ubuntu:/etc/xdg'), ('CONDA_EXE', '/home/wy/miniconda3/bin/conda'), ('VSCODE_CODE_CACHE_PATH', '/home/wy/.config/Cursor/CachedData/20adc1003928b0f1b99305dbaf845656ff81f5d0'), ('XDG_DATA_DIRS', '/usr/share/ubuntu:/usr/share/gnome:/usr/local/share:/usr/share:/var/lib/snapd/desktop'), ('PYTHONPATH', '/opt/ros/humble/lib/python3.10/site-packages:/opt/ros/humble/local/lib/python3.10/dist-packages'), ('LC_NUMERIC', 'en_US.UTF-8'), ('CONDA_PREFIX', '/home/wy/miniconda3'), ('LC_PAPER', 'en_US.UTF-8'), ('COLCON', '1'), ('_ZO_DOCTOR', '0'), ('VSCODE_PID', '4319'), ('CMAKE_PREFIX_PATH', '/opt/ros/humble')]), 'shell': False}
[0.033133] (rs_a3_hardware) StdoutLine: {'line': b'-- The C compiler identification is GNU 11.4.0\n'}
[0.062036] (rs_a3_hardware) StdoutLine: {'line': b'-- The CXX compiler identification is GNU 11.4.0\n'}
[0.065348] (rs_a3_hardware) StdoutLine: {'line': b'-- Detecting C compiler ABI info\n'}
[0.100013] (-) TimerEvent: {}
[0.103933] (rs_a3_hardware) StdoutLine: {'line': b'-- Detecting C compiler ABI info - done\n'}
[0.107935] (rs_a3_hardware) StdoutLine: {'line': b'-- Check for working C compiler: /usr/bin/cc - skipped\n'}
[0.108004] (rs_a3_hardware) StdoutLine: {'line': b'-- Detecting C compile features\n'}
[0.108038] (rs_a3_hardware) StdoutLine: {'line': b'-- Detecting C compile features - done\n'}
[0.109299] (rs_a3_hardware) StdoutLine: {'line': b'-- Detecting CXX compiler ABI info\n'}
[0.150892] (rs_a3_hardware) StdoutLine: {'line': b'-- Detecting CXX compiler ABI info - done\n'}
[0.154089] (rs_a3_hardware) StdoutLine: {'line': b'-- Check for working CXX compiler: /usr/bin/c++ - skipped\n'}
[0.154250] (rs_a3_hardware) StdoutLine: {'line': b'-- Detecting CXX compile features\n'}
[0.154487] (rs_a3_hardware) StdoutLine: {'line': b'-- Detecting CXX compile features - done\n'}
[0.155482] (rs_a3_hardware) StdoutLine: {'line': b'-- Found ament_cmake: 1.3.12 (/opt/ros/humble/share/ament_cmake/cmake)\n'}
[0.200071] (-) TimerEvent: {}
[0.228730] (rs_a3_hardware) StdoutLine: {'line': b'-- Found Python3: /usr/bin/python3 (found version "3.10.12") found components: Interpreter \n'}
[0.267552] (rs_a3_hardware) StdoutLine: {'line': b'-- Found rclcpp: 16.0.16 (/opt/ros/humble/share/rclcpp/cmake)\n'}
[0.284830] (rs_a3_hardware) StdoutLine: {'line': b'-- Found rosidl_generator_c: 3.1.7 (/opt/ros/humble/share/rosidl_generator_c/cmake)\n'}
[0.286674] (rs_a3_hardware) StdoutLine: {'line': b'-- Found rosidl_adapter: 3.1.7 (/opt/ros/humble/share/rosidl_adapter/cmake)\n'}
[0.289891] (rs_a3_hardware) StdoutLine: {'line': b'-- Found rosidl_generator_cpp: 3.1.7 (/opt/ros/humble/share/rosidl_generator_cpp/cmake)\n'}
[0.295092] (rs_a3_hardware) StdoutLine: {'line': b'-- Using all available rosidl_typesupport_c: rosidl_typesupport_fastrtps_c;rosidl_typesupport_introspection_c\n'}
[0.300120] (-) TimerEvent: {}
[0.301520] (rs_a3_hardware) StdoutLine: {'line': b'-- Using all available rosidl_typesupport_cpp: rosidl_typesupport_fastrtps_cpp;rosidl_typesupport_introspection_cpp\n'}
[0.319373] (rs_a3_hardware) StdoutLine: {'line': b'-- Found rmw_implementation_cmake: 6.1.2 (/opt/ros/humble/share/rmw_implementation_cmake/cmake)\n'}
[0.320369] (rs_a3_hardware) StdoutLine: {'line': b'-- Found rmw_fastrtps_cpp: 6.2.9 (/opt/ros/humble/share/rmw_fastrtps_cpp/cmake)\n'}
[0.367730] (rs_a3_hardware) StdoutLine: {'line': b'-- Found OpenSSL: /usr/lib/x86_64-linux-gnu/libcrypto.so (found version "3.0.2")  \n'}
[0.380376] (rs_a3_hardware) StdoutLine: {'line': b'-- Found FastRTPS: /opt/ros/humble/include  \n'}
[0.400219] (-) TimerEvent: {}
[0.401334] (rs_a3_hardware) StdoutLine: {'line': b"-- Using RMW implementation 'rmw_fastrtps_cpp' as default\n"}
[0.404940] (rs_a3_hardware) StdoutLine: {'line': b'-- Looking for pthread.h\n'}
[0.444435] (rs_a3_hardware) StdoutLine: {'line': b'-- Looking for pthread.h - found\n'}
[0.444558] (rs_a3_hardware) StdoutLine: {'line': b'-- Performing Test CMAKE_HAVE_LIBC_PTHREAD\n'}
[0.488151] (rs_a3_hardware) StdoutLine: {'line': b'-- Performing Test CMAKE_HAVE_LIBC_PTHREAD - Success\n'}
[0.489135] (rs_a3_hardware) StdoutLine: {'line': b'-- Found Threads: TRUE  \n'}
[0.500278] (-) TimerEvent: {}
[0.510659] (rs_a3_hardware) StdoutLine: {'line': b'-- Found rclcpp_lifecycle: 16.0.16 (/opt/ros/humble/share/rclcpp_lifecycle/cmake)\n'}
[0.519117] (rs_a3_hardware) StdoutLine: {'line': b'-- Found hardware_interface: 2.52.2 (/opt/ros/humble/share/hardware_interface/cmake)\n'}
[0.575625] (rs_a3_hardware) StdoutLine: {'line': b'-- Found ament_lint_auto: 0.12.14 (/opt/ros/humble/share/ament_lint_auto/cmake)\n'}
[0.600367] (-) TimerEvent: {}
[0.613497] (rs_a3_hardware) StdoutLine: {'line': b"-- Added test 'copyright' to check source files copyright and LICENSE\n"}
[0.613851] (rs_a3_hardware) StdoutLine: {'line': b"-- Added test 'cppcheck' to perform static code analysis on C / C++ code\n"}
[0.613904] (rs_a3_hardware) StdoutLine: {'line': b'-- Configured cppcheck include dirs: /home/wy/RS/A3/rs_a3_hardware/include;$<BUILD_INTERFACE:/home/wy/RS/A3/rs_a3_hardware/include>\n'}
[0.613929] (rs_a3_hardware) StdoutLine: {'line': b'-- Configured cppcheck exclude dirs and/or files: \n'}
[0.614257] (rs_a3_hardware) StdoutLine: {'line': b"-- Added test 'cpplint' to check C / C++ code against the Google style\n"}
[0.614315] (rs_a3_hardware) StdoutLine: {'line': b'-- Configured cpplint exclude dirs and/or files: \n'}
[0.614542] (rs_a3_hardware) StdoutLine: {'line': b"-- Added test 'lint_cmake' to check CMake code style\n"}
[0.614696] (rs_a3_hardware) StdoutLine: {'line': b"-- Added test 'uncrustify' to check C / C++ code style\n"}
[0.614722] (rs_a3_hardware) StdoutLine: {'line': b'-- Configured uncrustify additional arguments: \n'}
[0.614974] (rs_a3_hardware) StdoutLine: {'line': b"-- Added test 'xmllint' to check XML markup files\n"}
[0.616099] (rs_a3_hardware) StdoutLine: {'line': b'-- Configuring done\n'}
[0.621623] (rs_a3_hardware) StdoutLine: {'line': b'-- Generating done\n'}
[0.623818] (rs_a3_hardware) StdoutLine: {'line': b'-- Build files have been written to: /home/wy/RS/A3/build/rs_a3_hardware\n'}
[0.629527] (rs_a3_hardware) CommandEnded: {'returncode': 0}
[0.629930] (rs_a3_hardware) JobProgress: {'identifier': 'rs_a3_hardware', 'progress': 'build'}
[0.630315] (rs_a3_hardware) Command: {'cmd': ['/usr/bin/cmake', '--build', '/home/wy/RS/A3/build/rs_a3_hardware', '--', '-j24', '-l24'], 'cwd': '/home/wy/RS/A3/build/rs_a3_hardware', 'env': OrderedDict([('LESSOPEN', '| /usr/bin/lesspipe %s'), ('VSCODE_CWD', '/home/wy'), ('VSCODE_ESM_ENTRYPOINT', 'vs/workbench/api/node/extensionHostProcess'), ('CONDA_PROMPT_MODIFIER', '(base)'), ('LANGUAGE', 'zh_CN:en'), ('USER', 'wy'), ('LC_TIME', 'en_US.UTF-8'), ('VSCODE_NLS_CONFIG', '{"userLocale":"zh-cn","osLocale":"zh-cn","resolvedLanguage":"zh-cn","defaultMessagesFile":"/usr/share/cursor/resources/app/out/nls.messages.json","languagePack":{"translationsConfigFile":"/home/wy/.config/Cursor/clp/3bfb7f1471a52e527cfc1587dd57c7c1.zh-cn/tcf.json","messagesFile":"/home/wy/.config/Cursor/clp/3bfb7f1471a52e527cfc1587dd57c7c1.zh-cn/20adc1003928b0f1b99305dbaf845656ff81f5d0/nls.messages.json","corruptMarkerFile":"/home/wy/.config/Cursor/clp/3bfb7f1471a52e527cfc1587dd57c7c1.zh-cn/corrupted.info"},"locale":"zh-cn","availableLanguages":{"*":"zh-cn"},"_languagePackId":"3bfb7f1471a52e527cfc1587dd57c7c1.zh-cn","_languagePackSupport":true,"_translationsConfigFile":"/home/wy/.config/Cursor/clp/3bfb7f1471a52e527cfc1587dd57c7c1.zh-cn/tcf.json","_cacheRoot":"/home/wy/.config/Cursor/clp/3bfb7f1471a52e527cfc1587dd57c7c1.zh-cn","_resolvedLanguagePackCoreLocation":"/home/wy/.config/Cursor/clp/3bfb7f1471a52e527cfc1587dd57c7c1.zh-cn/20adc1003928b0f1b99305dbaf845656ff81f5d0","_corruptedFile":"/home/wy/.config/Cursor/clp/3bfb7f1471a52e527cfc1587dd57c7c1.zh-cn/corrupted.info"}'), ('VSCODE_HANDLES_UNCAUGHT_ERRORS', 'true'), ('XDG_SESSION_TYPE', 'x11'), ('SHLVL', '0'), ('LD_LIBRARY_PATH', '/opt/ros/humble/opt/rviz_ogre_vendor/lib:/opt/ros/humble/lib/x86_64-linux-gnu:/opt/ros/humble/lib::/home/wy/miniconda3/envs/rl_gpu/lib'), ('HOME', '/home/wy'), ('CHROME_DESKTOP', 'cursor.desktop'), ('CONDA_SHLVL', '1'), ('OLDPWD', '/home/wy/RS/A3'), ('DESKTOP_SESSION', 'ubuntu'), ('VSCODE_IPC_HOOK', '/run/user/1000/vscode-ffeb21a4-2.2.-main.sock'), ('GIO_LAUNCHED_DESKTOP_FILE', '/usr/share/applications/cursor.desktop'), ('ROS_PYTHON_VERSION', '3'), ('GNOME_SHELL_SESSION_MODE', 'ubuntu'), ('GTK_MODULES', 'gail:atk-bridge'), ('XDG_SEAT_PATH', '/org/freedesktop/DisplayManager/Seat0'), ('LC_MONETARY', 'en_US.UTF-8'), ('MANAGERPID', '2112'), ('SYSTEMD_EXEC_PID', '2304'), ('NO_COLOR', '1'), ('DBUS_SESSION_BUS_ADDRESS', 'unix:path=/run/user/1000/bus'), ('_CONDA_ROOT', '/home/wy/miniconda3'), ('GIO_LAUNCHED_DESKTOP_FILE_PID', '4319'), ('VSCODE_CRASH_REPORTER_PROCESS_TYPE', 'extensionHost'), ('VSCODE_L10N_BUNDLE_LOCATION', 'file:///home/wy/.cursor/extensions/ms-ceintl.vscode-language-pack-zh-hans-1.105.0-universal/translations/extensions/vscode.json-language-features.i18n.json'), ('ROS_DISTRO', 'humble'), ('GTK_IM_MODULE', 'fcitx'), ('LOGNAME', 'wy'), ('FORCE_COLOR', '0'), ('JOURNAL_STREAM', '8:20670'), ('PULSE_SERVER', 'unix:/run/user/1000/pulse/native'), ('_', '/usr/bin/colcon'), ('ROS_VERSION', '2'), ('XDG_SESSION_CLASS', 'user'), ('TERM', 'dumb'), ('EVERYSPHERE_RIPGREP_PATH', '/usr/share/cursor/resources/app/node_modules/@vscode/ripgrep/bin/rg'), ('GNOME_DESKTOP_SESSION_ID', 'this-is-deprecated'), ('ROS_LOCALHOST_ONLY', '0'), ('COMPOSER_NO_INTERACTION', '1'), ('PATH', '/opt/ros/humble/bin:/usr/bin:/home/wy/miniconda3/bin:/home/wy/miniconda3/condabin:/usr/local/sbin:/usr/local/bin:/usr/sbin:/usr/bin:/sbin:/bin:/usr/games:/usr/local/games:/snap/bin'), ('SESSION_MANAGER', 'local/RS-wy:@/tmp/.ICE-unix/2304,unix/RS-wy:/tmp/.ICE-unix/2304'), ('GDM_LANG', 'zh_CN'), ('INVOCATION_ID', 'e33984b694004e6390f46fe29ec8d089'), ('PAPERSIZE', 'letter'), ('XDG_SESSION_PATH', '/org/freedesktop/DisplayManager/Session0'), ('XDG_MENU_PREFIX', 'gnome-'), ('LC_ADDRESS', 'en_US.UTF-8'), ('VSCODE_PROCESS_TITLE', 'extension-host  [1-1]'), ('XDG_RUNTIME_DIR', '/run/user/1000'), ('GDK_BACKEND', 'x11'), ('CURSOR_AGENT', '1'), ('DISPLAY', ':0'), ('LANG', 'zh_CN.UTF-8'), ('XDG_CURRENT_DESKTOP', 'Unity'), ('LC_TELEPHONE', 'en_US.UTF-8'), ('XMODIFIERS', '@im=fcitx'), ('XDG_SESSION_DESKTOP', 'ubuntu'), ('XAUTHORITY', '/home/wy/.Xauthority'), ('CURSOR_TRACE_ID', 'b435035fe07c420b8fea1225b6b7b6b6'), ('SSH_AGENT_LAUNCHER', 'gnome-keyring'), ('SSH_AUTH_SOCK', '/run/user/1000/keyring/ssh'), ('GSETTINGS_SCHEMA_DIR', '/home/wy/data'), ('XDG_GREETER_DATA_DIR', '/var/lib/lightdm-data/wy'), ('AMENT_PREFIX_PATH', '/opt/ros/humble'), ('CONDA_PYTHON_EXE', '/home/wy/miniconda3/bin/python'), ('ORIGINAL_XDG_CURRENT_DESKTOP', 'ubuntu:GNOME'), ('SHELL', '/bin/bash'), ('LC_NAME', 'en_US.UTF-8'), ('QT_ACCESSIBILITY', '1'), ('GDMSESSION', 'ubuntu'), ('LESSCLOSE', '/usr/bin/lesspipe %s %s'), ('CONDA_DEFAULT_ENV', 'base'), ('LC_MEASUREMENT', 'en_US.UTF-8'), ('GPG_AGENT_INFO', '/run/user/1000/gnupg/S.gpg-agent:0:1'), ('_CONDA_EXE', '/home/wy/miniconda3/bin/conda'), ('LC_IDENTIFICATION', 'en_US.UTF-8'), ('QT_IM_MODULE', 'fcitx'), ('PWD', '/home/wy/RS/A3/build/rs_a3_hardware'), ('LC_ALL', 'en_US.UTF-8'), ('XDG_CONFIG_DIRS', '/etc/xdg/xdg-ubuntu:/etc/xdg'), ('CONDA_EXE', '/home/wy/miniconda3/bin/conda'), ('VSCODE_CODE_CACHE_PATH', '/home/wy/.config/Cursor/CachedData/20adc1003928b0f1b99305dbaf845656ff81f5d0'), ('XDG_DATA_DIRS', '/usr/share/ubuntu:/usr/share/gnome:/usr/local/share:/usr/share:/var/lib/snapd/desktop'), ('PYTHONPATH', '/opt/ros/humble/lib/python3.10/site-packages:/opt/ros/humble/local/lib/python3.10/dist-packages'), ('LC_NUMERIC', 'en_US.UTF-8'), ('CONDA_PREFIX', '/home/wy/miniconda3'), ('LC_PAPER', 'en_US.UTF-8'), ('COLCON', '1'), ('_ZO_DOCTOR', '0'), ('VSCODE_PID', '4319'), ('CMAKE_PREFIX_PATH', '/opt/ros/humble')]), 'shell': False}
[0.660175] (rs_a3_hardware) StdoutLine: {'line': b'[ 33%] Building CXX object CMakeFiles/rs_a3_hardware.dir/src/rs_a3_hardware.cpp.o\n'}
[0.660332] (rs_a3_hardware) StdoutLine: {'line': b'[ 66%] Building CXX object CMakeFiles/rs_a3_hardware.dir/src/robstride_can_driver.cpp.o\n'}
[0.700466] (-) TimerEvent: {}
[0.800728] (-) TimerEvent: {}
[0.900903] (-) TimerEvent: {}
[1.001084] (-) TimerEvent: {}
[1.101275] (-) TimerEvent: {}
[1.201472] (-) TimerEvent: {}
[1.301981] (-) TimerEvent: {}
[1.402154] (-) TimerEvent: {}
[1.502510] (-) TimerEvent: {}
[1.603527] (-) TimerEvent: {}
[1.703934] (-) TimerEvent: {}
[1.804352] (-) TimerEvent: {}
[1.904519] (-) TimerEvent: {}
[2.004686] (-) TimerEvent: {}
[2.104836] (-) TimerEvent: {}
[2.204995] (-) TimerEvent: {}
[2.247098] (rs_a3_hardware) StdoutLine: {'line': b'[100%] Linking CXX shared library librs_a3_hardware.so\n'}
[2.305243] (-) TimerEvent: {}
[2.329850] (rs_a3_hardware) StdoutLine: {'line': b'[100%] Built target rs_a3_hardware\n'}
[2.336102] (rs_a3_hardware) CommandEnded: {'returncode': 0}
[2.336824] (rs_a3_hardware) JobProgress: {'identifier': 'rs_a3_hardware', 'progress': 'install'}
[2.341315] (rs_a3_hardware) Command: {'cmd': ['/usr/bin/cmake', '--install', '/home/wy/RS/A3/build/rs_a3_hardware'], 'cwd': '/home/wy/RS/A3/build/rs_a3_hardware', 'env': OrderedDict([('LESSOPEN', '| /usr/bin/lesspipe %s'), ('VSCODE_CWD', '/home/wy'), ('VSCODE_ESM_ENTRYPOINT', 'vs/workbench/api/node/extensionHostProcess'), ('CONDA_PROMPT_MODIFIER', '(base)'), ('LANGUAGE', 'zh_CN:en'), ('USER', 'wy'), ('LC_TIME', 'en_US.UTF-8'), ('VSCODE_NLS_CONFIG', '{"userLocale":"zh-cn","osLocale":"zh-cn","resolvedLanguage":"zh-cn","defaultMessagesFile":"/usr/share/cursor/resources/app/out/nls.messages.json","languagePack":{"translationsConfigFile":"/home/wy/.config/Cursor/clp/3bfb7f1471a52e527cfc1587dd57c7c1.zh-cn/tcf.json","messagesFile":"/home/wy/.config/Cursor/clp/3bfb7f1471a52e527cfc1587dd57c7c1.zh-cn/20adc1003928b0f1b99305dbaf845656ff81f5d0/nls.messages.json","corruptMarkerFile":"/home/wy/.config/Cursor/clp/3bfb7f1471a52e527cfc1587dd57c7c1.zh-cn/corrupted.info"},"locale":"zh-cn","availableLanguages":{"*":"zh-cn"},"_languagePackId":"3bfb7f1471a52e527cfc1587dd57c7c1.zh-cn","_languagePackSupport":true,"_translationsConfigFile":"/home/wy/.config/Cursor/clp/3bfb7f1471a52e527cfc1587dd57c7c1.zh-cn/tcf.json","_cacheRoot":"/home/wy/.config/Cursor/clp/3bfb7f1471a52e527cfc1587dd57c7c1.zh-cn","_resolvedLanguagePackCoreLocation":"/home/wy/.config/Cursor/clp/3bfb7f1471a52e527cfc1587dd57c7c1.zh-cn/20adc1003928b0f1b99305dbaf845656ff81f5d0","_corruptedFile":"/home/wy/.config/Cursor/clp/3bfb7f1471a52e527cfc1587dd57c7c1.zh-cn/corrupted.info"}'), ('VSCODE_HANDLES_UNCAUGHT_ERRORS', 'true'), ('XDG_SESSION_TYPE', 'x11'), ('SHLVL', '0'), ('LD_LIBRARY_PATH', '/opt/ros/humble/opt/rviz_ogre_vendor/lib:/opt/ros/humble/lib/x86_64-linux-gnu:/opt/ros/humble/lib::/home/wy/miniconda3/envs/rl_gpu/lib'), ('HOME', '/home/wy'), ('CHROME_DESKTOP', 'cursor.desktop'), ('CONDA_SHLVL', '1'), ('OLDPWD', '/home/wy/RS/A3'), ('DESKTOP_SESSION', 'ubuntu'), ('VSCODE_IPC_HOOK', '/run/user/1000/vscode-ffeb21a4-2.2.-main.sock'), ('GIO_LAUNCHED_DESKTOP_FILE', '/usr/share/applications/cursor.desktop'), ('ROS_PYTHON_VERSION', '3'), ('GNOME_SHELL_SESSION_MODE', 'ubuntu'), ('GTK_MODULES', 'gail:atk-bridge'), ('XDG_SEAT_PATH', '/org/freedesktop/DisplayManager/Seat0'), ('LC_MONETARY', 'en_US.UTF-8'), ('MANAGERPID', '2112'), ('SYSTEMD_EXEC_PID', '2304'), ('NO_COLOR', '1'), ('DBUS_SESSION_BUS_ADDRESS', 'unix:path=/run/user/1000/bus'), ('_CONDA_ROOT', '/home/wy/miniconda3'), ('GIO_LAUNCHED_DESKTOP_FILE_PID', '4319'), ('VSCODE_CRASH_REPORTER_PROCESS_TYPE', 'extensionHost'), ('VSCODE_L10N_BUNDLE_LOCATION', 'file:///home/wy/.cursor/extensions/ms-ceintl.vscode-language-pack-zh-hans-1.105.0-universal/translations/extensions/vscode.json-language-features.i18n.json'), ('ROS_DISTRO', 'humble'), ('GTK_IM_MODULE', 'fcitx'), ('LOGNAME', 'wy'), ('FORCE_COLOR', '0'), ('JOURNAL_STREAM', '8:20670'), ('PULSE_SERVER', 'unix:/run/user/1000/pulse/native'), ('_', '/usr/bin/colcon'), ('ROS_VERSION', '2'), ('XDG_SESSION_CLASS', 'user'), ('TERM', 'dumb'), ('EVERYSPHERE_RIPGREP_PATH', '/usr/share/cursor/resources/app/node_modules/@vscode/ripgrep/bin/rg'), ('GNOME_DESKTOP_SESSION_ID', 'this-is-deprecated'), ('ROS_LOCALHOST_ONLY', '0'), ('COMPOSER_NO_INTERACTION', '1'), ('PATH', '/opt/ros/humble/bin:/usr/bin:/home/wy/miniconda3/bin:/home/wy/miniconda3/condabin:/usr/local/sbin:/usr/local/bin:/usr/sbin:/usr/bin:/sbin:/bin:/usr/games:/usr/local/games:/snap/bin'), ('SESSION_MANAGER', 'local/RS-wy:@/tmp/.ICE-unix/2304,unix/RS-wy:/tmp/.ICE-unix/2304'), ('GDM_LANG', 'zh_CN'), ('INVOCATION_ID', 'e33984b694004e6390f46fe29ec8d089'), ('PAPERSIZE', 'letter'), ('XDG_SESSION_PATH', '/org/freedesktop/DisplayManager/Session0'), ('XDG_MENU_PREFIX', 'gnome-'), ('LC_ADDRESS', 'en_US.UTF-8'), ('VSCODE_PROCESS_TITLE', 'extension-host  [1-1]'), ('XDG_RUNTIME_DIR', '/run/user/1000'), ('GDK_BACKEND', 'x11'), ('CURSOR_AGENT', '1'), ('DISPLAY', ':0'), ('LANG', 'zh_CN.UTF-8'), ('XDG_CURRENT_DESKTOP', 'Unity'), ('LC_TELEPHONE', 'en_US.UTF-8'), ('XMODIFIERS', '@im=fcitx'), ('XDG_SESSION_DESKTOP', 'ubuntu'), ('XAUTHORITY', '/home/wy/.Xauthority'), ('CURSOR_TRACE_ID', 'b435035fe07c420b8fea1225b6b7b6b6'), ('SSH_AGENT_LAUNCHER', 'gnome-keyring'), ('SSH_AUTH_SOCK', '/run/user/1000/keyring/ssh'), ('GSETTINGS_SCHEMA_DIR', '/home/wy/data'), ('XDG_GREETER_DATA_DIR', '/var/lib/lightdm-data/wy'), ('AMENT_PREFIX_PATH', '/opt/ros/humble'), ('CONDA_PYTHON_EXE', '/home/wy/miniconda3/bin/python'), ('ORIGINAL_XDG_CURRENT_DESKTOP', 'ubuntu:GNOME'), ('SHELL', '/bin/bash'), ('LC_NAME', 'en_US.UTF-8'), ('QT_ACCESSIBILITY', '1'), ('GDMSESSION', 'ubuntu'), ('LESSCLOSE', '/usr/bin/lesspipe %s %s'), ('CONDA_DEFAULT_ENV', 'base'), ('LC_MEASUREMENT', 'en_US.UTF-8'), ('GPG_AGENT_INFO', '/run/user/1000/gnupg/S.gpg-agent:0:1'), ('_CONDA_EXE', '/home/wy/miniconda3/bin/conda'), ('LC_IDENTIFICATION', 'en_US.UTF-8'), ('QT_IM_MODULE', 'fcitx'), ('PWD', '/home/wy/RS/A3/build/rs_a3_hardware'), ('LC_ALL', 'en_US.UTF-8'), ('XDG_CONFIG_DIRS', '/etc/xdg/xdg-ubuntu:/etc/xdg'), ('CONDA_EXE', '/home/wy/miniconda3/bin/conda'), ('VSCODE_CODE_CACHE_PATH', '/home/wy/.config/Cursor/CachedData/20adc1003928b0f1b99305dbaf845656ff81f5d0'), ('XDG_DATA_DIRS', '/usr/share/ubuntu:/usr/share/gnome:/usr/local/share:/usr/share:/var/lib/snapd/desktop'), ('PYTHONPATH', '/opt/ros/humble/lib/python3.10/site-packages:/opt/ros/humble/local/lib/python3.10/dist-packages'), ('LC_NUMERIC', 'en_US.UTF-8'), ('CONDA_PREFIX', '/home/wy/miniconda3'), ('LC_PAPER', 'en_US.UTF-8'), ('COLCON', '1'), ('_ZO_DOCTOR', '0'), ('VSCODE_PID', '4319'), ('CMAKE_PREFIX_PATH', '/opt/ros/humble')]), 'shell': False}
[2.345073] (rs_a3_hardware) StdoutLine: {'line': b'-- Install configuration: ""\n'}
[2.345328] (rs_a3_hardware) StdoutLine: {'line': b'-- Installing: /home/wy/RS/A3/install/rs_a3_hardware/share/rs_a3_hardware/rs_a3_hardware_plugin.xml\n'}
[2.345403] (rs_a3_hardware) StdoutLine: {'line': b'-- Installing: /home/wy/RS/A3/install/rs_a3_hardware/lib/librs_a3_hardware.so\n'}
[2.347033] (rs_a3_hardware) StdoutLine: {'line': b'-- Set runtime path of "/home/wy/RS/A3/install/rs_a3_hardware/lib/librs_a3_hardware.so" to ""\n'}
[2.347064] (rs_a3_hardware) StdoutLine: {'line': b'-- Installing: /home/wy/RS/A3/install/rs_a3_hardware/include\n'}
[2.347087] (rs_a3_hardware) StdoutLine: {'line': b'-- Installing: /home/wy/RS/A3/install/rs_a3_hardware/include/rs_a3_hardware\n'}
[2.347105] (rs_a3_hardware) StdoutLine: {'line': b'-- Installing: /home/wy/RS/A3/install/rs_a3_hardware/include/rs_a3_hardware/rs_a3_hardware.hpp\n'}
[2.347122] (rs_a3_hardware) StdoutLine: {'line': b'-- Installing: /home/wy/RS/A3/install/rs_a3_hardware/include/rs_a3_hardware/robstride_can_driver.hpp\n'}
[2.347139] (rs_a3_hardware) StdoutLine: {'line': b'-- Up-to-date: /home/wy/RS/A3/install/rs_a3_hardware/share/rs_a3_hardware/rs_a3_hardware_plugin.xml\n'}
[2.347156] (rs_a3_hardware) StdoutLine: {'line': b'-- Installing: /home/wy/RS/A3/install/rs_a3_hardware/share/rs_a3_hardware/environment/library_path.sh\n'}
[2.347172] (rs_a3_hardware) StdoutLine: {'line': b'-- Installing: /home/wy/RS/A3/install/rs_a3_hardware/share/rs_a3_hardware/environment/library_path.dsv\n'}
[2.347188] (rs_a3_hardware) StdoutLine: {'line': b'-- Installing: /home/wy/RS/A3/install/rs_a3_hardware/share/ament_index/resource_index/package_run_dependencies/rs_a3_hardware\n'}
[2.347204] (rs_a3_hardware) StdoutLine: {'line': b'-- Installing: /home/wy/RS/A3/install/rs_a3_hardware/share/ament_index/resource_index/parent_prefix_path/rs_a3_hardware\n'}
[2.347223] (rs_a3_hardware) StdoutLine: {'line': b'-- Installing: /home/wy/RS/A3/install/rs_a3_hardware/share/rs_a3_hardware/environment/ament_prefix_path.sh\n'}
[2.347239] (rs_a3_hardware) StdoutLine: {'line': b'-- Installing: /home/wy/RS/A3/install/rs_a3_hardware/share/rs_a3_hardware/environment/ament_prefix_path.dsv\n'}
[2.347254] (rs_a3_hardware) StdoutLine: {'line': b'-- Installing: /home/wy/RS/A3/install/rs_a3_hardware/share/rs_a3_hardware/environment/path.sh\n'}
[2.347271] (rs_a3_hardware) StdoutLine: {'line': b'-- Installing: /home/wy/RS/A3/install/rs_a3_hardware/share/rs_a3_hardware/environment/path.dsv\n'}
[2.347289] (rs_a3_hardware) StdoutLine: {'line': b'-- Installing: /home/wy/RS/A3/install/rs_a3_hardware/share/rs_a3_hardware/local_setup.bash\n'}
[2.347307] (rs_a3_hardware) StdoutLine: {'line': b'-- Installing: /home/wy/RS/A3/install/rs_a3_hardware/share/rs_a3_hardware/local_setup.sh\n'}
[2.347324] (rs_a3_hardware) StdoutLine: {'line': b'-- Installing: /home/wy/RS/A3/install/rs_a3_hardware/share/rs_a3_hardware/local_setup.zsh\n'}
[2.349092] (rs_a3_hardware) StdoutLine: {'line': b'-- Installing: /home/wy/RS/A3/install/rs_a3_hardware/share/rs_a3_hardware/local_setup.dsv\n'}
[2.349161] (rs_a3_hardware) StdoutLine: {'line': b'-- Installing: /home/wy/RS/A3/install/rs_a3_hardware/share/rs_a3_hardware/package.dsv\n'}
[2.349198] (rs_a3_hardware) StdoutLine: {'line': b'-- Installing: /home/wy/RS/A3/install/rs_a3_hardware/share/ament_index/resource_index/packages/rs_a3_hardware\n'}
[2.349222] (rs_a3_hardware) StdoutLine: {'line': b'-- Installing: /home/wy/RS/A3/install/rs_a3_hardware/share/ament_index/resource_index/hardware_interface__pluginlib__plugin/rs_a3_hardware\n'}
[2.349243] (rs_a3_hardware) StdoutLine: {'line': b'-- Installing: /home/wy/RS/A3/install/rs_a3_hardware/share/rs_a3_hardware/cmake/export_rs_a3_hardwareExport.cmake\n'}
[2.349263] (rs_a3_hardware) StdoutLine: {'line': b'-- Installing: /home/wy/RS/A3/install/rs_a3_hardware/share/rs_a3_hardware/cmake/export_rs_a3_hardwareExport-noconfig.cmake\n'}
[2.349283] (rs_a3_hardware) StdoutLine: {'line': b'-- Installing: /home/wy/RS/A3/install/rs_a3_hardware/share/rs_a3_hardware/cmake/ament_cmake_export_include_directories-extras.cmake\n'}
[2.349302] (rs_a3_hardware) StdoutLine: {'line': b'-- Installing: /home/wy/RS/A3/install/rs_a3_hardware/share/rs_a3_hardware/cmake/ament_cmake_export_libraries-extras.cmake\n'}
[2.349321] (rs_a3_hardware) StdoutLine: {'line': b'-- Installing: /home/wy/RS/A3/install/rs_a3_hardware/share/rs_a3_hardware/cmake/ament_cmake_export_targets-extras.cmake\n'}
[2.349341] (rs_a3_hardware) StdoutLine: {'line': b'-- Installing: /home/wy/RS/A3/install/rs_a3_hardware/share/rs_a3_hardware/cmake/rs_a3_hardwareConfig.cmake\n'}
[2.349360] (rs_a3_hardware) StdoutLine: {'line': b'-- Installing: /home/wy/RS/A3/install/rs_a3_hardware/share/rs_a3_hardware/cmake/rs_a3_hardwareConfig-version.cmake\n'}
[2.349380] (rs_a3_hardware) StdoutLine: {'line': b'-- Installing: /home/wy/RS/A3/install/rs_a3_hardware/share/rs_a3_hardware/package.xml\n'}
[2.349399] (rs_a3_hardware) CommandEnded: {'returncode': 0}
[2.356175] (rs_a3_hardware) JobEnded: {'identifier': 'rs_a3_hardware', 'rc': 0}
[2.356410] (-) EventReactorShutdown: {}
