[0.018s] Invoking command in '/home/ubuntu/rs_arm/build/rs_a3_hardware': CMAKE_PREFIX_PATH=${CMAKE_PREFIX_PATH}:/home/ubuntu/rs_arm/install/rs_a3_web_ui:/home/ubuntu/rs_arm/install/rs_a3_teleop:/opt/ros/humble /home/ubuntu/.local/bin/cmake --build /home/ubuntu/rs_arm/build/rs_a3_hardware -- -j24 -l24
[0.123s] [0mCMake Deprecation Warning at CMakeLists.txt:1 (cmake_minimum_required):
[0.124s]   Compatibility with CMake < 3.10 will be removed from a future version of
[0.124s]   CMake.
[0.124s] 
[0.124s]   Update the VERSION argument <min> value.  Or, use the <min>...<max> syntax
[0.124s]   to tell CMake that the project requires at least <min> but has been updated
[0.124s]   to work with policies introduced by <max> or earlier.
[0.124s] 
[0.124s] [0m
[0.141s] -- Found ament_cmake: 1.3.12 (/opt/ros/humble/share/ament_cmake/cmake)
[0.446s] -- Found rclcpp: 16.0.17 (/opt/ros/humble/share/rclcpp/cmake)
[0.516s] -- Found rosidl_generator_c: 3.1.8 (/opt/ros/humble/share/rosidl_generator_c/cmake)
[0.519s] -- Found rosidl_adapter: 3.1.8 (/opt/ros/humble/share/rosidl_adapter/cmake)
[0.526s] -- Found rosidl_generator_cpp: 3.1.8 (/opt/ros/humble/share/rosidl_generator_cpp/cmake)
[0.546s] -- Using all available rosidl_typesupport_c: rosidl_typesupport_fastrtps_c;rosidl_typesupport_introspection_c
[0.577s] -- Using all available rosidl_typesupport_cpp: rosidl_typesupport_fastrtps_cpp;rosidl_typesupport_introspection_cpp
[0.642s] -- Found rmw_implementation_cmake: 6.1.2 (/opt/ros/humble/share/rmw_implementation_cmake/cmake)
[0.646s] -- Found rmw_fastrtps_cpp: 6.2.9 (/opt/ros/humble/share/rmw_fastrtps_cpp/cmake)
[0.834s] -- Using RMW implementation 'rmw_fastrtps_cpp' as default
[0.903s] -- Found rclcpp_lifecycle: 16.0.17 (/opt/ros/humble/share/rclcpp_lifecycle/cmake)
[0.927s] -- Found hardware_interface: 2.53.0 (/opt/ros/humble/share/hardware_interface/cmake)
[1.131s] -- Found std_srvs: 4.9.0 (/opt/ros/humble/share/std_srvs/cmake)
[1.164s] [31mCMake Error at CMakeLists.txt:18 (find_package):
[1.164s]   By not providing "Findpinocchio.cmake" in CMAKE_MODULE_PATH this project
[1.164s]   has asked CMake to find a package configuration file provided by
[1.164s]   "pinocchio", but CMake did not find one.
[1.164s] 
[1.164s]   Could not find a package configuration file provided by "pinocchio" with
[1.164s]   any of the following names:
[1.164s] 
[1.164s]     pinocchioConfig.cmake
[1.164s]     pinocchio-config.cmake
[1.164s] 
[1.164s]   Add the installation prefix of "pinocchio" to CMAKE_PREFIX_PATH or set
[1.164s]   "pinocchio_DIR" to a directory containing one of the above files.  If
[1.164s]   "pinocchio" provides a separate development package or SDK, be sure it has
[1.164s]   been installed.
[1.164s] 
[1.164s] [0m
[1.165s] -- Configuring incomplete, errors occurred!
[1.175s] gmake: *** [Makefile:321：cmake_check_build_system] 错误 1
[1.178s] Invoked command in '/home/ubuntu/rs_arm/build/rs_a3_hardware' returned '2': CMAKE_PREFIX_PATH=${CMAKE_PREFIX_PATH}:/home/ubuntu/rs_arm/install/rs_a3_web_ui:/home/ubuntu/rs_arm/install/rs_a3_teleop:/opt/ros/humble /home/ubuntu/.local/bin/cmake --build /home/ubuntu/rs_arm/build/rs_a3_hardware -- -j24 -l24
