[0.006s] Invoking command in '/home/ubuntu/rs_arm/build/rs_a3_moveit_config': AMENT_PREFIX_PATH=/home/ubuntu/rs_arm/install/rs_a3_description:/home/ubuntu/rs_arm/install/rs_a3_hardware:${AMENT_PREFIX_PATH} CMAKE_PREFIX_PATH=/home/ubuntu/rs_arm/install/rs_a3_description:/home/ubuntu/rs_arm/install/rs_a3_hardware:/opt/ros/humble LD_LIBRARY_PATH=/home/ubuntu/rs_arm/install/rs_a3_hardware/lib:${LD_LIBRARY_PATH} /home/ubuntu/.local/bin/cmake /home/ubuntu/rs_arm/src/rs_a3_moveit_config -DCMAKE_INSTALL_PREFIX=/home/ubuntu/rs_arm/install/rs_a3_moveit_config
[0.045s] [0mCMake Deprecation Warning at CMakeLists.txt:1 (cmake_minimum_required):
[0.045s]   Compatibility with CMake < 3.10 will be removed from a future version of
[0.045s]   CMake.
[0.045s] 
[0.045s]   Update the VERSION argument <min> value.  Or, use the <min>...<max> syntax
[0.045s]   to tell CMake that the project requires at least <min> but has been updated
[0.045s]   to work with policies introduced by <max> or earlier.
[0.045s] 
[0.045s] [0m
[0.069s] -- The C compiler identification is GNU 11.4.0
[0.105s] -- The CXX compiler identification is GNU 11.4.0
[0.110s] -- Detecting C compiler ABI info
[0.143s] -- Detecting C compiler ABI info - done
[0.150s] -- Check for working C compiler: /usr/bin/cc - skipped
[0.150s] -- Detecting C compile features
[0.151s] -- Detecting C compile features - done
[0.157s] -- Detecting CXX compiler ABI info
[0.196s] -- Detecting CXX compiler ABI info - done
[0.203s] -- Check for working CXX compiler: /usr/bin/c++ - skipped
[0.204s] -- Detecting CXX compile features
[0.204s] -- Detecting CXX compile features - done
[0.208s] -- Found ament_cmake: 1.3.12 (/opt/ros/humble/share/ament_cmake/cmake)
[0.296s] -- Found Python3: /usr/bin/python3 (found version "3.10.12") found components: Interpreter
[0.371s] -- Configuring done (0.3s)
[0.372s] -- Generating done (0.0s)
[0.373s] -- Build files have been written to: /home/ubuntu/rs_arm/build/rs_a3_moveit_config
[0.376s] Invoked command in '/home/ubuntu/rs_arm/build/rs_a3_moveit_config' returned '0': AMENT_PREFIX_PATH=/home/ubuntu/rs_arm/install/rs_a3_description:/home/ubuntu/rs_arm/install/rs_a3_hardware:${AMENT_PREFIX_PATH} CMAKE_PREFIX_PATH=/home/ubuntu/rs_arm/install/rs_a3_description:/home/ubuntu/rs_arm/install/rs_a3_hardware:/opt/ros/humble LD_LIBRARY_PATH=/home/ubuntu/rs_arm/install/rs_a3_hardware/lib:${LD_LIBRARY_PATH} /home/ubuntu/.local/bin/cmake /home/ubuntu/rs_arm/src/rs_a3_moveit_config -DCMAKE_INSTALL_PREFIX=/home/ubuntu/rs_arm/install/rs_a3_moveit_config
[0.377s] Invoking command in '/home/ubuntu/rs_arm/build/rs_a3_moveit_config': AMENT_PREFIX_PATH=/home/ubuntu/rs_arm/install/rs_a3_description:/home/ubuntu/rs_arm/install/rs_a3_hardware:${AMENT_PREFIX_PATH} CMAKE_PREFIX_PATH=/home/ubuntu/rs_arm/install/rs_a3_description:/home/ubuntu/rs_arm/install/rs_a3_hardware:/opt/ros/humble LD_LIBRARY_PATH=/home/ubuntu/rs_arm/install/rs_a3_hardware/lib:${LD_LIBRARY_PATH} /home/ubuntu/.local/bin/cmake --build /home/ubuntu/rs_arm/build/rs_a3_moveit_config -- -j24 -l24
[0.431s] Invoked command in '/home/ubuntu/rs_arm/build/rs_a3_moveit_config' returned '0': AMENT_PREFIX_PATH=/home/ubuntu/rs_arm/install/rs_a3_description:/home/ubuntu/rs_arm/install/rs_a3_hardware:${AMENT_PREFIX_PATH} CMAKE_PREFIX_PATH=/home/ubuntu/rs_arm/install/rs_a3_description:/home/ubuntu/rs_arm/install/rs_a3_hardware:/opt/ros/humble LD_LIBRARY_PATH=/home/ubuntu/rs_arm/install/rs_a3_hardware/lib:${LD_LIBRARY_PATH} /home/ubuntu/.local/bin/cmake --build /home/ubuntu/rs_arm/build/rs_a3_moveit_config -- -j24 -l24
[0.432s] Invoking command in '/home/ubuntu/rs_arm/build/rs_a3_moveit_config': AMENT_PREFIX_PATH=/home/ubuntu/rs_arm/install/rs_a3_description:/home/ubuntu/rs_arm/install/rs_a3_hardware:${AMENT_PREFIX_PATH} CMAKE_PREFIX_PATH=/home/ubuntu/rs_arm/install/rs_a3_description:/home/ubuntu/rs_arm/install/rs_a3_hardware:/opt/ros/humble LD_LIBRARY_PATH=/home/ubuntu/rs_arm/install/rs_a3_hardware/lib:${LD_LIBRARY_PATH} /home/ubuntu/.local/bin/cmake --install /home/ubuntu/rs_arm/build/rs_a3_moveit_config
[0.476s] -- Install configuration: ""
[0.476s] -- Installing: /home/ubuntu/rs_arm/install/rs_a3_moveit_config/share/rs_a3_moveit_config/config
[0.476s] -- Installing: /home/ubuntu/rs_arm/install/rs_a3_moveit_config/share/rs_a3_moveit_config/config/moveit_controllers.yaml
[0.476s] -- Installing: /home/ubuntu/rs_arm/install/rs_a3_moveit_config/share/rs_a3_moveit_config/config/moveit.rviz
[0.476s] -- Installing: /home/ubuntu/rs_arm/install/rs_a3_moveit_config/share/rs_a3_moveit_config/config/joint_limits.yaml
[0.476s] -- Installing: /home/ubuntu/rs_arm/install/rs_a3_moveit_config/share/rs_a3_moveit_config/config/kinematics.yaml
[0.476s] -- Installing: /home/ubuntu/rs_arm/install/rs_a3_moveit_config/share/rs_a3_moveit_config/config/servo_config.yaml
[0.476s] -- Installing: /home/ubuntu/rs_arm/install/rs_a3_moveit_config/share/rs_a3_moveit_config/config/ompl_planning.yaml
[0.477s] -- Installing: /home/ubuntu/rs_arm/install/rs_a3_moveit_config/share/rs_a3_moveit_config/config/rs_a3.srdf
[0.477s] -- Installing: /home/ubuntu/rs_arm/install/rs_a3_moveit_config/share/rs_a3_moveit_config/launch
[0.477s] -- Installing: /home/ubuntu/rs_arm/install/rs_a3_moveit_config/share/rs_a3_moveit_config/launch/robot.launch.py
[0.477s] -- Installing: /home/ubuntu/rs_arm/install/rs_a3_moveit_config/share/rs_a3_moveit_config/launch/demo.launch.py
[0.477s] -- Installing: /home/ubuntu/rs_arm/install/rs_a3_moveit_config/share/ament_index/resource_index/package_run_dependencies/rs_a3_moveit_config
[0.477s] -- Installing: /home/ubuntu/rs_arm/install/rs_a3_moveit_config/share/ament_index/resource_index/parent_prefix_path/rs_a3_moveit_config
[0.477s] -- Installing: /home/ubuntu/rs_arm/install/rs_a3_moveit_config/share/rs_a3_moveit_config/environment/ament_prefix_path.sh
[0.477s] -- Installing: /home/ubuntu/rs_arm/install/rs_a3_moveit_config/share/rs_a3_moveit_config/environment/ament_prefix_path.dsv
[0.477s] -- Installing: /home/ubuntu/rs_arm/install/rs_a3_moveit_config/share/rs_a3_moveit_config/environment/path.sh
[0.477s] -- Installing: /home/ubuntu/rs_arm/install/rs_a3_moveit_config/share/rs_a3_moveit_config/environment/path.dsv
[0.477s] -- Installing: /home/ubuntu/rs_arm/install/rs_a3_moveit_config/share/rs_a3_moveit_config/local_setup.bash
[0.478s] -- Installing: /home/ubuntu/rs_arm/install/rs_a3_moveit_config/share/rs_a3_moveit_config/local_setup.sh
[0.478s] -- Installing: /home/ubuntu/rs_arm/install/rs_a3_moveit_config/share/rs_a3_moveit_config/local_setup.zsh
[0.478s] -- Installing: /home/ubuntu/rs_arm/install/rs_a3_moveit_config/share/rs_a3_moveit_config/local_setup.dsv
[0.478s] -- Installing: /home/ubuntu/rs_arm/install/rs_a3_moveit_config/share/rs_a3_moveit_config/package.dsv
[0.478s] -- Installing: /home/ubuntu/rs_arm/install/rs_a3_moveit_config/share/ament_index/resource_index/packages/rs_a3_moveit_config
[0.478s] -- Installing: /home/ubuntu/rs_arm/install/rs_a3_moveit_config/share/rs_a3_moveit_config/cmake/rs_a3_moveit_configConfig.cmake
[0.478s] -- Installing: /home/ubuntu/rs_arm/install/rs_a3_moveit_config/share/rs_a3_moveit_config/cmake/rs_a3_moveit_configConfig-version.cmake
[0.478s] -- Installing: /home/ubuntu/rs_arm/install/rs_a3_moveit_config/share/rs_a3_moveit_config/package.xml
[0.480s] Invoked command in '/home/ubuntu/rs_arm/build/rs_a3_moveit_config' returned '0': AMENT_PREFIX_PATH=/home/ubuntu/rs_arm/install/rs_a3_description:/home/ubuntu/rs_arm/install/rs_a3_hardware:${AMENT_PREFIX_PATH} CMAKE_PREFIX_PATH=/home/ubuntu/rs_arm/install/rs_a3_description:/home/ubuntu/rs_arm/install/rs_a3_hardware:/opt/ros/humble LD_LIBRARY_PATH=/home/ubuntu/rs_arm/install/rs_a3_hardware/lib:${LD_LIBRARY_PATH} /home/ubuntu/.local/bin/cmake --install /home/ubuntu/rs_arm/build/rs_a3_moveit_config
