[0.006s] Invoking command in '/home/wy/RS/A3/build/rs_a3_hardware': CMAKE_PREFIX_PATH=/opt/ros/humble CONDA_PROMPT_MODIFIER=(base) /usr/bin/cmake --build /home/wy/RS/A3/build/rs_a3_hardware -- -j24 -l24
[0.028s] Consolidate compiler generated dependencies of target rs_a3_hardware
[0.038s] [ 33%] Building CXX object CMakeFiles/rs_a3_hardware.dir/src/rs_a3_hardware.cpp.o
[1.636s] [ 66%] Linking CXX shared library librs_a3_hardware.so
[1.724s] [100%] Built target rs_a3_hardware
[1.730s] Invoked command in '/home/wy/RS/A3/build/rs_a3_hardware' returned '0': CMAKE_PREFIX_PATH=/opt/ros/humble CONDA_PROMPT_MODIFIER=(base) /usr/bin/cmake --build /home/wy/RS/A3/build/rs_a3_hardware -- -j24 -l24
[1.736s] Invoking command in '/home/wy/RS/A3/build/rs_a3_hardware': CMAKE_PREFIX_PATH=/opt/ros/humble CONDA_PROMPT_MODIFIER=(base) /usr/bin/cmake --install /home/wy/RS/A3/build/rs_a3_hardware
[1.740s] -- Install configuration: ""
[1.740s] -- Up-to-date: /home/wy/RS/A3/install/rs_a3_hardware/share/rs_a3_hardware/rs_a3_hardware_plugin.xml
[1.740s] -- Installing: /home/wy/RS/A3/install/rs_a3_hardware/lib/librs_a3_hardware.so
[1.741s] -- Set runtime path of "/home/wy/RS/A3/install/rs_a3_hardware/lib/librs_a3_hardware.so" to ""
[1.741s] -- Up-to-date: /home/wy/RS/A3/install/rs_a3_hardware/include
[1.741s] -- Up-to-date: /home/wy/RS/A3/install/rs_a3_hardware/include/rs_a3_hardware
[1.741s] -- Up-to-date: /home/wy/RS/A3/install/rs_a3_hardware/include/rs_a3_hardware/rs_a3_hardware.hpp
[1.741s] -- Up-to-date: /home/wy/RS/A3/install/rs_a3_hardware/include/rs_a3_hardware/robstride_can_driver.hpp
[1.741s] -- Up-to-date: /home/wy/RS/A3/install/rs_a3_hardware/share/rs_a3_hardware/rs_a3_hardware_plugin.xml
[1.741s] -- Up-to-date: /home/wy/RS/A3/install/rs_a3_hardware/share/rs_a3_hardware/environment/library_path.sh
[1.741s] -- Up-to-date: /home/wy/RS/A3/install/rs_a3_hardware/share/rs_a3_hardware/environment/library_path.dsv
[1.741s] -- Up-to-date: /home/wy/RS/A3/install/rs_a3_hardware/share/ament_index/resource_index/package_run_dependencies/rs_a3_hardware
[1.741s] -- Up-to-date: /home/wy/RS/A3/install/rs_a3_hardware/share/ament_index/resource_index/parent_prefix_path/rs_a3_hardware
[1.741s] -- Up-to-date: /home/wy/RS/A3/install/rs_a3_hardware/share/rs_a3_hardware/environment/ament_prefix_path.sh
[1.741s] -- Up-to-date: /home/wy/RS/A3/install/rs_a3_hardware/share/rs_a3_hardware/environment/ament_prefix_path.dsv
[1.741s] -- Up-to-date: /home/wy/RS/A3/install/rs_a3_hardware/share/rs_a3_hardware/environment/path.sh
[1.741s] -- Up-to-date: /home/wy/RS/A3/install/rs_a3_hardware/share/rs_a3_hardware/environment/path.dsv
[1.741s] -- Up-to-date: /home/wy/RS/A3/install/rs_a3_hardware/share/rs_a3_hardware/local_setup.bash
[1.741s] -- Up-to-date: /home/wy/RS/A3/install/rs_a3_hardware/share/rs_a3_hardware/local_setup.sh
[1.741s] -- Up-to-date: /home/wy/RS/A3/install/rs_a3_hardware/share/rs_a3_hardware/local_setup.zsh
[1.741s] -- Up-to-date: /home/wy/RS/A3/install/rs_a3_hardware/share/rs_a3_hardware/local_setup.dsv
[1.741s] -- Installing: /home/wy/RS/A3/install/rs_a3_hardware/share/rs_a3_hardware/package.dsv
[1.741s] -- Up-to-date: /home/wy/RS/A3/install/rs_a3_hardware/share/ament_index/resource_index/packages/rs_a3_hardware
[1.741s] -- Up-to-date: /home/wy/RS/A3/install/rs_a3_hardware/share/ament_index/resource_index/hardware_interface__pluginlib__plugin/rs_a3_hardware
[1.741s] -- Up-to-date: /home/wy/RS/A3/install/rs_a3_hardware/share/rs_a3_hardware/cmake/export_rs_a3_hardwareExport.cmake
[1.741s] -- Up-to-date: /home/wy/RS/A3/install/rs_a3_hardware/share/rs_a3_hardware/cmake/export_rs_a3_hardwareExport-noconfig.cmake
[1.741s] -- Up-to-date: /home/wy/RS/A3/install/rs_a3_hardware/share/rs_a3_hardware/cmake/ament_cmake_export_include_directories-extras.cmake
[1.741s] -- Up-to-date: /home/wy/RS/A3/install/rs_a3_hardware/share/rs_a3_hardware/cmake/ament_cmake_export_libraries-extras.cmake
[1.741s] -- Up-to-date: /home/wy/RS/A3/install/rs_a3_hardware/share/rs_a3_hardware/cmake/ament_cmake_export_targets-extras.cmake
[1.741s] -- Up-to-date: /home/wy/RS/A3/install/rs_a3_hardware/share/rs_a3_hardware/cmake/rs_a3_hardwareConfig.cmake
[1.741s] -- Up-to-date: /home/wy/RS/A3/install/rs_a3_hardware/share/rs_a3_hardware/cmake/rs_a3_hardwareConfig-version.cmake
[1.741s] -- Up-to-date: /home/wy/RS/A3/install/rs_a3_hardware/share/rs_a3_hardware/package.xml
[1.742s] Invoked command in '/home/wy/RS/A3/build/rs_a3_hardware' returned '0': CMAKE_PREFIX_PATH=/opt/ros/humble CONDA_PROMPT_MODIFIER=(base) /usr/bin/cmake --install /home/wy/RS/A3/build/rs_a3_hardware
