[0.024s] Invoking command in '/home/ubuntu/rs_arm/build/rs_a3_hardware': CMAKE_PREFIX_PATH=${CMAKE_PREFIX_PATH}:/home/ubuntu/rs_arm/install/rs_a3_web_ui:/home/ubuntu/rs_arm/install/rs_a3_teleop:/opt/ros/humble /home/ubuntu/.local/bin/cmake --build /home/ubuntu/rs_arm/build/rs_a3_hardware -- -j24 -l24
[0.130s] [0mCMake Deprecation Warning at CMakeLists.txt:1 (cmake_minimum_required):
[0.130s]   Compatibility with CMake < 3.10 will be removed from a future version of
[0.130s]   CMake.
[0.131s] 
[0.131s]   Update the VERSION argument <min> value.  Or, use the <min>...<max> syntax
[0.131s]   to tell CMake that the project requires at least <min> but has been updated
[0.131s]   to work with policies introduced by <max> or earlier.
[0.131s] 
[0.131s] [0m
[0.138s] -- Found ament_cmake: 1.3.12 (/opt/ros/humble/share/ament_cmake/cmake)
[0.430s] -- Found rclcpp: 16.0.17 (/opt/ros/humble/share/rclcpp/cmake)
[0.477s] -- Found rosidl_generator_c: 3.1.8 (/opt/ros/humble/share/rosidl_generator_c/cmake)
[0.480s] -- Found rosidl_adapter: 3.1.8 (/opt/ros/humble/share/rosidl_adapter/cmake)
[0.489s] -- Found rosidl_generator_cpp: 3.1.8 (/opt/ros/humble/share/rosidl_generator_cpp/cmake)
[0.499s] -- Using all available rosidl_typesupport_c: rosidl_typesupport_fastrtps_c;rosidl_typesupport_introspection_c
[0.518s] -- Using all available rosidl_typesupport_cpp: rosidl_typesupport_fastrtps_cpp;rosidl_typesupport_introspection_cpp
[0.558s] -- Found rmw_implementation_cmake: 6.1.2 (/opt/ros/humble/share/rmw_implementation_cmake/cmake)
[0.558s] -- Found rmw_fastrtps_cpp: 6.2.9 (/opt/ros/humble/share/rmw_fastrtps_cpp/cmake)
[0.702s] -- Using RMW implementation 'rmw_fastrtps_cpp' as default
[0.760s] -- Found rclcpp_lifecycle: 16.0.17 (/opt/ros/humble/share/rclcpp_lifecycle/cmake)
[0.784s] -- Found hardware_interface: 2.53.0 (/opt/ros/humble/share/hardware_interface/cmake)
[0.907s] -- Found std_srvs: 4.9.0 (/opt/ros/humble/share/std_srvs/cmake)
[0.921s] -- Found ament_lint_auto: 0.12.14 (/opt/ros/humble/share/ament_lint_auto/cmake)
[1.019s] -- Added test 'copyright' to check source files copyright and LICENSE
[1.019s] -- Added test 'cppcheck' to perform static code analysis on C / C++ code
[1.019s] -- Configured cppcheck include dirs: /home/ubuntu/rs_arm/src/rs_a3_hardware/include;$<BUILD_INTERFACE:/home/ubuntu/rs_arm/src/rs_a3_hardware/include>
[1.019s] -- Configured cppcheck exclude dirs and/or files: 
[1.019s] -- Added test 'cpplint' to check C / C++ code against the Google style
[1.019s] -- Configured cpplint exclude dirs and/or files: 
[1.021s] -- Added test 'lint_cmake' to check CMake code style
[1.022s] -- Added test 'uncrustify' to check C / C++ code style
[1.022s] -- Configured uncrustify additional arguments: 
[1.022s] -- Added test 'xmllint' to check XML markup files
[1.027s] -- Configuring done (0.9s)
[1.055s] -- Generating done (0.0s)
[1.094s] -- Build files have been written to: /home/ubuntu/rs_arm/build/rs_a3_hardware
[1.152s] [ 25%] [32mBuilding CXX object CMakeFiles/rs_a3_hardware.dir/src/rs_a3_hardware.cpp.o[0m
[5.833s] [ 50%] [1m[32mLinking CXX shared library librs_a3_hardware.so[0m
[6.152s] [100%] Built target rs_a3_hardware
[6.159s] Invoked command in '/home/ubuntu/rs_arm/build/rs_a3_hardware' returned '0': CMAKE_PREFIX_PATH=${CMAKE_PREFIX_PATH}:/home/ubuntu/rs_arm/install/rs_a3_web_ui:/home/ubuntu/rs_arm/install/rs_a3_teleop:/opt/ros/humble /home/ubuntu/.local/bin/cmake --build /home/ubuntu/rs_arm/build/rs_a3_hardware -- -j24 -l24
[6.161s] Invoking command in '/home/ubuntu/rs_arm/build/rs_a3_hardware': CMAKE_PREFIX_PATH=${CMAKE_PREFIX_PATH}:/home/ubuntu/rs_arm/install/rs_a3_web_ui:/home/ubuntu/rs_arm/install/rs_a3_teleop:/opt/ros/humble /home/ubuntu/.local/bin/cmake --install /home/ubuntu/rs_arm/build/rs_a3_hardware
[6.248s] -- Install configuration: ""
[6.248s] -- Up-to-date: /home/ubuntu/rs_arm/install/rs_a3_hardware/share/rs_a3_hardware/rs_a3_hardware_plugin.xml
[6.248s] -- Installing: /home/ubuntu/rs_arm/install/rs_a3_hardware/lib/librs_a3_hardware.so
[6.248s] -- Set non-toolchain portion of runtime path of "/home/ubuntu/rs_arm/install/rs_a3_hardware/lib/librs_a3_hardware.so" to ""
[6.248s] -- Up-to-date: /home/ubuntu/rs_arm/install/rs_a3_hardware/include
[6.248s] -- Up-to-date: /home/ubuntu/rs_arm/install/rs_a3_hardware/include/rs_a3_hardware
[6.248s] -- Installing: /home/ubuntu/rs_arm/install/rs_a3_hardware/include/rs_a3_hardware/rs_a3_hardware.hpp
[6.248s] -- Up-to-date: /home/ubuntu/rs_arm/install/rs_a3_hardware/include/rs_a3_hardware/s_curve_generator.hpp
[6.248s] -- Up-to-date: /home/ubuntu/rs_arm/install/rs_a3_hardware/include/rs_a3_hardware/robstride_can_driver.hpp
[6.248s] -- Up-to-date: /home/ubuntu/rs_arm/install/rs_a3_hardware/share/rs_a3_hardware/rs_a3_hardware_plugin.xml
[6.249s] -- Up-to-date: /home/ubuntu/rs_arm/install/rs_a3_hardware/share/rs_a3_hardware/environment/library_path.sh
[6.249s] -- Installing: /home/ubuntu/rs_arm/install/rs_a3_hardware/share/rs_a3_hardware/environment/library_path.dsv
[6.249s] -- Up-to-date: /home/ubuntu/rs_arm/install/rs_a3_hardware/share/ament_index/resource_index/package_run_dependencies/rs_a3_hardware
[6.249s] -- Installing: /home/ubuntu/rs_arm/install/rs_a3_hardware/share/ament_index/resource_index/parent_prefix_path/rs_a3_hardware
[6.249s] -- Up-to-date: /home/ubuntu/rs_arm/install/rs_a3_hardware/share/rs_a3_hardware/environment/ament_prefix_path.sh
[6.249s] -- Installing: /home/ubuntu/rs_arm/install/rs_a3_hardware/share/rs_a3_hardware/environment/ament_prefix_path.dsv
[6.249s] -- Up-to-date: /home/ubuntu/rs_arm/install/rs_a3_hardware/share/rs_a3_hardware/environment/path.sh
[6.249s] -- Installing: /home/ubuntu/rs_arm/install/rs_a3_hardware/share/rs_a3_hardware/environment/path.dsv
[6.249s] -- Up-to-date: /home/ubuntu/rs_arm/install/rs_a3_hardware/share/rs_a3_hardware/local_setup.bash
[6.249s] -- Up-to-date: /home/ubuntu/rs_arm/install/rs_a3_hardware/share/rs_a3_hardware/local_setup.sh
[6.249s] -- Up-to-date: /home/ubuntu/rs_arm/install/rs_a3_hardware/share/rs_a3_hardware/local_setup.zsh
[6.249s] -- Installing: /home/ubuntu/rs_arm/install/rs_a3_hardware/share/rs_a3_hardware/local_setup.dsv
[6.249s] -- Installing: /home/ubuntu/rs_arm/install/rs_a3_hardware/share/rs_a3_hardware/package.dsv
[6.249s] -- Up-to-date: /home/ubuntu/rs_arm/install/rs_a3_hardware/share/ament_index/resource_index/packages/rs_a3_hardware
[6.249s] -- Up-to-date: /home/ubuntu/rs_arm/install/rs_a3_hardware/share/ament_index/resource_index/hardware_interface__pluginlib__plugin/rs_a3_hardware
[6.249s] -- Up-to-date: /home/ubuntu/rs_arm/install/rs_a3_hardware/share/rs_a3_hardware/cmake/export_rs_a3_hardwareExport.cmake
[6.249s] -- Up-to-date: /home/ubuntu/rs_arm/install/rs_a3_hardware/share/rs_a3_hardware/cmake/export_rs_a3_hardwareExport-noconfig.cmake
[6.249s] -- Up-to-date: /home/ubuntu/rs_arm/install/rs_a3_hardware/share/rs_a3_hardware/cmake/ament_cmake_export_include_directories-extras.cmake
[6.249s] -- Up-to-date: /home/ubuntu/rs_arm/install/rs_a3_hardware/share/rs_a3_hardware/cmake/ament_cmake_export_libraries-extras.cmake
[6.249s] -- Up-to-date: /home/ubuntu/rs_arm/install/rs_a3_hardware/share/rs_a3_hardware/cmake/ament_cmake_export_targets-extras.cmake
[6.249s] -- Up-to-date: /home/ubuntu/rs_arm/install/rs_a3_hardware/share/rs_a3_hardware/cmake/rs_a3_hardwareConfig.cmake
[6.249s] -- Up-to-date: /home/ubuntu/rs_arm/install/rs_a3_hardware/share/rs_a3_hardware/cmake/rs_a3_hardwareConfig-version.cmake
[6.249s] -- Installing: /home/ubuntu/rs_arm/install/rs_a3_hardware/share/rs_a3_hardware/package.xml
[6.250s] Invoked command in '/home/ubuntu/rs_arm/build/rs_a3_hardware' returned '0': CMAKE_PREFIX_PATH=${CMAKE_PREFIX_PATH}:/home/ubuntu/rs_arm/install/rs_a3_web_ui:/home/ubuntu/rs_arm/install/rs_a3_teleop:/opt/ros/humble /home/ubuntu/.local/bin/cmake --install /home/ubuntu/rs_arm/build/rs_a3_hardware
