[0.006s] Invoking command in '/home/ubuntu/rs_arm/build/rs_a3_moveit_config': AMENT_PREFIX_PATH=/home/ubuntu/rs_arm/install/rs_a3_description:/home/ubuntu/rs_arm/install/rs_a3_hardware:${AMENT_PREFIX_PATH} CMAKE_PREFIX_PATH=/home/ubuntu/rs_arm/install/rs_a3_description:/home/ubuntu/rs_arm/install/rs_a3_hardware:/opt/ros/humble LD_LIBRARY_PATH=/home/ubuntu/rs_arm/install/rs_a3_hardware/lib:${LD_LIBRARY_PATH} /home/ubuntu/.local/bin/cmake --build /home/ubuntu/rs_arm/build/rs_a3_moveit_config -- -j24 -l24
[0.046s] [0mCMake Deprecation Warning at CMakeLists.txt:1 (cmake_minimum_required):
[0.046s]   Compatibility with CMake < 3.10 will be removed from a future version of
[0.046s]   CMake.
[0.046s] 
[0.046s]   Update the VERSION argument <min> value.  Or, use the <min>...<max> syntax
[0.046s]   to tell CMake that the project requires at least <min> but has been updated
[0.046s]   to work with policies introduced by <max> or earlier.
[0.046s] 
[0.046s] [0m
[0.049s] -- Found ament_cmake: 1.3.12 (/opt/ros/humble/share/ament_cmake/cmake)
[0.194s] -- Configuring done (0.2s)
[0.195s] -- Generating done (0.0s)
[0.195s] -- Build files have been written to: /home/ubuntu/rs_arm/build/rs_a3_moveit_config
[0.204s] Invoked command in '/home/ubuntu/rs_arm/build/rs_a3_moveit_config' returned '0': AMENT_PREFIX_PATH=/home/ubuntu/rs_arm/install/rs_a3_description:/home/ubuntu/rs_arm/install/rs_a3_hardware:${AMENT_PREFIX_PATH} CMAKE_PREFIX_PATH=/home/ubuntu/rs_arm/install/rs_a3_description:/home/ubuntu/rs_arm/install/rs_a3_hardware:/opt/ros/humble LD_LIBRARY_PATH=/home/ubuntu/rs_arm/install/rs_a3_hardware/lib:${LD_LIBRARY_PATH} /home/ubuntu/.local/bin/cmake --build /home/ubuntu/rs_arm/build/rs_a3_moveit_config -- -j24 -l24
[0.204s] Invoking command in '/home/ubuntu/rs_arm/build/rs_a3_moveit_config': AMENT_PREFIX_PATH=/home/ubuntu/rs_arm/install/rs_a3_description:/home/ubuntu/rs_arm/install/rs_a3_hardware:${AMENT_PREFIX_PATH} CMAKE_PREFIX_PATH=/home/ubuntu/rs_arm/install/rs_a3_description:/home/ubuntu/rs_arm/install/rs_a3_hardware:/opt/ros/humble LD_LIBRARY_PATH=/home/ubuntu/rs_arm/install/rs_a3_hardware/lib:${LD_LIBRARY_PATH} /home/ubuntu/.local/bin/cmake --install /home/ubuntu/rs_arm/build/rs_a3_moveit_config
[0.243s] -- Install configuration: ""
[0.243s] -- Up-to-date: /home/ubuntu/rs_arm/install/rs_a3_moveit_config/share/rs_a3_moveit_config/config
[0.243s] -- Up-to-date: /home/ubuntu/rs_arm/install/rs_a3_moveit_config/share/rs_a3_moveit_config/config/moveit_controllers.yaml
[0.243s] -- Up-to-date: /home/ubuntu/rs_arm/install/rs_a3_moveit_config/share/rs_a3_moveit_config/config/moveit.rviz
[0.243s] -- Up-to-date: /home/ubuntu/rs_arm/install/rs_a3_moveit_config/share/rs_a3_moveit_config/config/joint_limits.yaml
[0.243s] -- Up-to-date: /home/ubuntu/rs_arm/install/rs_a3_moveit_config/share/rs_a3_moveit_config/config/kinematics.yaml
[0.243s] -- Up-to-date: /home/ubuntu/rs_arm/install/rs_a3_moveit_config/share/rs_a3_moveit_config/config/servo_config.yaml
[0.243s] -- Up-to-date: /home/ubuntu/rs_arm/install/rs_a3_moveit_config/share/rs_a3_moveit_config/config/ompl_planning.yaml
[0.243s] -- Up-to-date: /home/ubuntu/rs_arm/install/rs_a3_moveit_config/share/rs_a3_moveit_config/config/rs_a3.srdf
[0.243s] -- Up-to-date: /home/ubuntu/rs_arm/install/rs_a3_moveit_config/share/rs_a3_moveit_config/launch
[0.243s] -- Up-to-date: /home/ubuntu/rs_arm/install/rs_a3_moveit_config/share/rs_a3_moveit_config/launch/robot.launch.py
[0.243s] -- Up-to-date: /home/ubuntu/rs_arm/install/rs_a3_moveit_config/share/rs_a3_moveit_config/launch/demo.launch.py
[0.243s] -- Up-to-date: /home/ubuntu/rs_arm/install/rs_a3_moveit_config/share/ament_index/resource_index/package_run_dependencies/rs_a3_moveit_config
[0.243s] -- Up-to-date: /home/ubuntu/rs_arm/install/rs_a3_moveit_config/share/ament_index/resource_index/parent_prefix_path/rs_a3_moveit_config
[0.243s] -- Up-to-date: /home/ubuntu/rs_arm/install/rs_a3_moveit_config/share/rs_a3_moveit_config/environment/ament_prefix_path.sh
[0.243s] -- Installing: /home/ubuntu/rs_arm/install/rs_a3_moveit_config/share/rs_a3_moveit_config/environment/ament_prefix_path.dsv
[0.243s] -- Up-to-date: /home/ubuntu/rs_arm/install/rs_a3_moveit_config/share/rs_a3_moveit_config/environment/path.sh
[0.243s] -- Installing: /home/ubuntu/rs_arm/install/rs_a3_moveit_config/share/rs_a3_moveit_config/environment/path.dsv
[0.243s] -- Up-to-date: /home/ubuntu/rs_arm/install/rs_a3_moveit_config/share/rs_a3_moveit_config/local_setup.bash
[0.243s] -- Up-to-date: /home/ubuntu/rs_arm/install/rs_a3_moveit_config/share/rs_a3_moveit_config/local_setup.sh
[0.243s] -- Up-to-date: /home/ubuntu/rs_arm/install/rs_a3_moveit_config/share/rs_a3_moveit_config/local_setup.zsh
[0.243s] -- Installing: /home/ubuntu/rs_arm/install/rs_a3_moveit_config/share/rs_a3_moveit_config/local_setup.dsv
[0.243s] -- Installing: /home/ubuntu/rs_arm/install/rs_a3_moveit_config/share/rs_a3_moveit_config/package.dsv
[0.244s] -- Up-to-date: /home/ubuntu/rs_arm/install/rs_a3_moveit_config/share/ament_index/resource_index/packages/rs_a3_moveit_config
[0.244s] -- Up-to-date: /home/ubuntu/rs_arm/install/rs_a3_moveit_config/share/rs_a3_moveit_config/cmake/rs_a3_moveit_configConfig.cmake
[0.244s] -- Up-to-date: /home/ubuntu/rs_arm/install/rs_a3_moveit_config/share/rs_a3_moveit_config/cmake/rs_a3_moveit_configConfig-version.cmake
[0.244s] -- Up-to-date: /home/ubuntu/rs_arm/install/rs_a3_moveit_config/share/rs_a3_moveit_config/package.xml
[0.244s] Invoked command in '/home/ubuntu/rs_arm/build/rs_a3_moveit_config' returned '0': AMENT_PREFIX_PATH=/home/ubuntu/rs_arm/install/rs_a3_description:/home/ubuntu/rs_arm/install/rs_a3_hardware:${AMENT_PREFIX_PATH} CMAKE_PREFIX_PATH=/home/ubuntu/rs_arm/install/rs_a3_description:/home/ubuntu/rs_arm/install/rs_a3_hardware:/opt/ros/humble LD_LIBRARY_PATH=/home/ubuntu/rs_arm/install/rs_a3_hardware/lib:${LD_LIBRARY_PATH} /home/ubuntu/.local/bin/cmake --install /home/ubuntu/rs_arm/build/rs_a3_moveit_config
