/home/ubuntu/.local/lib/python3.10/site-packages/setuptools/_distutils/dist.py:289: UserWarning: Unknown distribution option: 'tests_require'
  warnings.warn(msg)
running egg_info
creating ../../build/rs_a3_web_ui/rs_a3_web_ui.egg-info
writing ../../build/rs_a3_web_ui/rs_a3_web_ui.egg-info/PKG-INFO
writing dependency_links to ../../build/rs_a3_web_ui/rs_a3_web_ui.egg-info/dependency_links.txt
writing entry points to ../../build/rs_a3_web_ui/rs_a3_web_ui.egg-info/entry_points.txt
writing requirements to ../../build/rs_a3_web_ui/rs_a3_web_ui.egg-info/requires.txt
writing top-level names to ../../build/rs_a3_web_ui/rs_a3_web_ui.egg-info/top_level.txt
writing manifest file '../../build/rs_a3_web_ui/rs_a3_web_ui.egg-info/SOURCES.txt'
reading manifest file '../../build/rs_a3_web_ui/rs_a3_web_ui.egg-info/SOURCES.txt'
writing manifest file '../../build/rs_a3_web_ui/rs_a3_web_ui.egg-info/SOURCES.txt'
running build
running build_py
creating /home/ubuntu/rs_arm/build/rs_a3_web_ui/build/lib/rs_a3_web_ui
copying rs_a3_web_ui/__init__.py -> /home/ubuntu/rs_arm/build/rs_a3_web_ui/build/lib/rs_a3_web_ui
copying rs_a3_web_ui/ros2_bridge.py -> /home/ubuntu/rs_arm/build/rs_a3_web_ui/build/lib/rs_a3_web_ui
copying rs_a3_web_ui/web_server.py -> /home/ubuntu/rs_arm/build/rs_a3_web_ui/build/lib/rs_a3_web_ui
running install
running install_lib
creating /home/ubuntu/rs_arm/install/rs_a3_web_ui/lib/python3.10/site-packages/rs_a3_web_ui
copying /home/ubuntu/rs_arm/build/rs_a3_web_ui/build/lib/rs_a3_web_ui/__init__.py -> /home/ubuntu/rs_arm/install/rs_a3_web_ui/lib/python3.10/site-packages/rs_a3_web_ui
copying /home/ubuntu/rs_arm/build/rs_a3_web_ui/build/lib/rs_a3_web_ui/ros2_bridge.py -> /home/ubuntu/rs_arm/install/rs_a3_web_ui/lib/python3.10/site-packages/rs_a3_web_ui
copying /home/ubuntu/rs_arm/build/rs_a3_web_ui/build/lib/rs_a3_web_ui/web_server.py -> /home/ubuntu/rs_arm/install/rs_a3_web_ui/lib/python3.10/site-packages/rs_a3_web_ui
byte-compiling /home/ubuntu/rs_arm/install/rs_a3_web_ui/lib/python3.10/site-packages/rs_a3_web_ui/__init__.py to __init__.cpython-310.pyc
byte-compiling /home/ubuntu/rs_arm/install/rs_a3_web_ui/lib/python3.10/site-packages/rs_a3_web_ui/ros2_bridge.py to ros2_bridge.cpython-310.pyc
byte-compiling /home/ubuntu/rs_arm/install/rs_a3_web_ui/lib/python3.10/site-packages/rs_a3_web_ui/web_server.py to web_server.cpython-310.pyc
running install_data
creating /home/ubuntu/rs_arm/install/rs_a3_web_ui/share/ament_index/resource_index/packages
copying resource/rs_a3_web_ui -> /home/ubuntu/rs_arm/install/rs_a3_web_ui/share/ament_index/resource_index/packages
copying package.xml -> /home/ubuntu/rs_arm/install/rs_a3_web_ui/share/rs_a3_web_ui
creating /home/ubuntu/rs_arm/install/rs_a3_web_ui/share/rs_a3_web_ui/launch
copying launch/web_ui.launch.py -> /home/ubuntu/rs_arm/install/rs_a3_web_ui/share/rs_a3_web_ui/launch
creating /home/ubuntu/rs_arm/install/rs_a3_web_ui/share/rs_a3_web_ui/templates
copying templates/index.html -> /home/ubuntu/rs_arm/install/rs_a3_web_ui/share/rs_a3_web_ui/templates
creating /home/ubuntu/rs_arm/install/rs_a3_web_ui/share/rs_a3_web_ui/static/css
copying static/css/style.css -> /home/ubuntu/rs_arm/install/rs_a3_web_ui/share/rs_a3_web_ui/static/css
creating /home/ubuntu/rs_arm/install/rs_a3_web_ui/share/rs_a3_web_ui/static/js
copying static/js/control_panel.js -> /home/ubuntu/rs_arm/install/rs_a3_web_ui/share/rs_a3_web_ui/static/js
copying static/js/app.js -> /home/ubuntu/rs_arm/install/rs_a3_web_ui/share/rs_a3_web_ui/static/js
copying static/js/dashboard.js -> /home/ubuntu/rs_arm/install/rs_a3_web_ui/share/rs_a3_web_ui/static/js
copying static/js/robot_viewer.js -> /home/ubuntu/rs_arm/install/rs_a3_web_ui/share/rs_a3_web_ui/static/js
creating /home/ubuntu/rs_arm/install/rs_a3_web_ui/share/rs_a3_web_ui/static/urdf
copying static/urdf/rs_a3.urdf -> /home/ubuntu/rs_arm/install/rs_a3_web_ui/share/rs_a3_web_ui/static/urdf
creating /home/ubuntu/rs_arm/install/rs_a3_web_ui/share/rs_a3_web_ui/static/urdf/meshes
copying static/urdf/meshes/l5_shake.stl -> /home/ubuntu/rs_arm/install/rs_a3_web_ui/share/rs_a3_web_ui/static/urdf/meshes
copying static/urdf/meshes/6705__2.stl -> /home/ubuntu/rs_arm/install/rs_a3_web_ui/share/rs_a3_web_ui/static/urdf/meshes
copying static/urdf/meshes/l1_link_stop.stl -> /home/ubuntu/rs_arm/install/rs_a3_web_ui/share/rs_a3_web_ui/static/urdf/meshes
copying static/urdf/meshes/rs05_l4.stl -> /home/ubuntu/rs_arm/install/rs_a3_web_ui/share/rs_a3_web_ui/static/urdf/meshes
copying static/urdf/meshes/part_9.stl -> /home/ubuntu/rs_arm/install/rs_a3_web_ui/share/rs_a3_web_ui/static/urdf/meshes
copying static/urdf/meshes/6705.stl -> /home/ubuntu/rs_arm/install/rs_a3_web_ui/share/rs_a3_web_ui/static/urdf/meshes
copying static/urdf/meshes/rack__30_teeth.stl -> /home/ubuntu/rs_arm/install/rs_a3_web_ui/share/rs_a3_web_ui/static/urdf/meshes
copying static/urdf/meshes/manifold_solid_brep_40_1.stl -> /home/ubuntu/rs_arm/install/rs_a3_web_ui/share/rs_a3_web_ui/static/urdf/meshes
copying static/urdf/meshes/l4_l5_link_back__2.stl -> /home/ubuntu/rs_arm/install/rs_a3_web_ui/share/rs_a3_web_ui/static/urdf/meshes
copying static/urdf/meshes/l1_base.stl -> /home/ubuntu/rs_arm/install/rs_a3_web_ui/share/rs_a3_web_ui/static/urdf/meshes
copying static/urdf/meshes/rack__30_teeth__2.stl -> /home/ubuntu/rs_arm/install/rs_a3_web_ui/share/rs_a3_web_ui/static/urdf/meshes
copying static/urdf/meshes/l4_l5_link_back.stl -> /home/ubuntu/rs_arm/install/rs_a3_web_ui/share/rs_a3_web_ui/static/urdf/meshes
copying static/urdf/meshes/l1_link_drv.stl -> /home/ubuntu/rs_arm/install/rs_a3_web_ui/share/rs_a3_web_ui/static/urdf/meshes
copying static/urdf/meshes/hand_r.stl -> /home/ubuntu/rs_arm/install/rs_a3_web_ui/share/rs_a3_web_ui/static/urdf/meshes
copying static/urdf/meshes/rack_str.stl -> /home/ubuntu/rs_arm/install/rs_a3_web_ui/share/rs_a3_web_ui/static/urdf/meshes
copying static/urdf/meshes/part_1.stl -> /home/ubuntu/rs_arm/install/rs_a3_web_ui/share/rs_a3_web_ui/static/urdf/meshes
copying static/urdf/meshes/mainlink_back.stl -> /home/ubuntu/rs_arm/install/rs_a3_web_ui/share/rs_a3_web_ui/static/urdf/meshes
copying static/urdf/meshes/l4_link_back.stl -> /home/ubuntu/rs_arm/install/rs_a3_web_ui/share/rs_a3_web_ui/static/urdf/meshes
copying static/urdf/meshes/rack_base.stl -> /home/ubuntu/rs_arm/install/rs_a3_web_ui/share/rs_a3_web_ui/static/urdf/meshes
copying static/urdf/meshes/rs05.stl -> /home/ubuntu/rs_arm/install/rs_a3_web_ui/share/rs_a3_web_ui/static/urdf/meshes
copying static/urdf/meshes/spur_gear__14_teeth.stl -> /home/ubuntu/rs_arm/install/rs_a3_web_ui/share/rs_a3_web_ui/static/urdf/meshes
copying static/urdf/meshes/l2_stop.stl -> /home/ubuntu/rs_arm/install/rs_a3_web_ui/share/rs_a3_web_ui/static/urdf/meshes
copying static/urdf/meshes/rs05_l5.stl -> /home/ubuntu/rs_arm/install/rs_a3_web_ui/share/rs_a3_web_ui/static/urdf/meshes
copying static/urdf/meshes/rs00_l2.stl -> /home/ubuntu/rs_arm/install/rs_a3_web_ui/share/rs_a3_web_ui/static/urdf/meshes
copying static/urdf/meshes/part_2.stl -> /home/ubuntu/rs_arm/install/rs_a3_web_ui/share/rs_a3_web_ui/static/urdf/meshes
copying static/urdf/meshes/mainlink_motor.stl -> /home/ubuntu/rs_arm/install/rs_a3_web_ui/share/rs_a3_web_ui/static/urdf/meshes
copying static/urdf/meshes/part_15.stl -> /home/ubuntu/rs_arm/install/rs_a3_web_ui/share/rs_a3_web_ui/static/urdf/meshes
copying static/urdf/meshes/manifold_solid_brep_39_1.stl -> /home/ubuntu/rs_arm/install/rs_a3_web_ui/share/rs_a3_web_ui/static/urdf/meshes
copying static/urdf/meshes/l4_link_drv.stl -> /home/ubuntu/rs_arm/install/rs_a3_web_ui/share/rs_a3_web_ui/static/urdf/meshes
copying static/urdf/meshes/rs00_l1.stl -> /home/ubuntu/rs_arm/install/rs_a3_web_ui/share/rs_a3_web_ui/static/urdf/meshes
copying static/urdf/meshes/manifold_solid_brep_39_1__2.stl -> /home/ubuntu/rs_arm/install/rs_a3_web_ui/share/rs_a3_web_ui/static/urdf/meshes
copying static/urdf/meshes/rs00_l3.stl -> /home/ubuntu/rs_arm/install/rs_a3_web_ui/share/rs_a3_web_ui/static/urdf/meshes
running install_egg_info
Copying ../../build/rs_a3_web_ui/rs_a3_web_ui.egg-info to /home/ubuntu/rs_arm/install/rs_a3_web_ui/lib/python3.10/site-packages/rs_a3_web_ui-1.0.0-py3.10.egg-info
running install_scripts
Installing web_server script to /home/ubuntu/rs_arm/install/rs_a3_web_ui/lib/rs_a3_web_ui
writing list of installed files to '/home/ubuntu/rs_arm/build/rs_a3_web_ui/install.log'
