[0.000000] (-) TimerEvent: {}
[0.000698] (-) JobUnselected: {'identifier': 'rs_a3_description'}
[0.000760] (-) JobUnselected: {'identifier': 'rs_a3_description'}
[0.000786] (-) JobUnselected: {'identifier': 'rs_a3_moveit_config'}
[0.000807] (-) JobUnselected: {'identifier': 'rs_a3_teleop'}
[0.000853] (rs_a3_hardware) JobQueued: {'identifier': 'rs_a3_hardware', 'dependencies': OrderedDict()}
[0.000887] (rs_a3_hardware) JobStarted: {'identifier': 'rs_a3_hardware'}
[0.004580] (rs_a3_hardware) JobProgress: {'identifier': 'rs_a3_hardware', 'progress': 'cmake'}
[0.005297] (rs_a3_hardware) Command: {'cmd': ['/usr/bin/cmake', '/home/wy/RS/A3/ros2_ws/src/rs_a3_hardware', '-DAMENT_CMAKE_SYMLINK_INSTALL=1', '-DCMAKE_INSTALL_PREFIX=/home/wy/RS/A3/install/rs_a3_hardware'], 'cwd': '/home/wy/RS/A3/build/rs_a3_hardware', 'env': OrderedDict([('LESSOPEN', '| /usr/bin/lesspipe %s'), ('VSCODE_CWD', '/home/wy'), ('VSCODE_ESM_ENTRYPOINT', 'vs/workbench/api/node/extensionHostProcess'), ('CONDA_PROMPT_MODIFIER', '(base)'), ('LANGUAGE', 'zh_CN:en'), ('USER', 'wy'), ('LC_TIME', 'en_US.UTF-8'), ('VSCODE_NLS_CONFIG', '{"userLocale":"zh-cn","osLocale":"zh-cn","resolvedLanguage":"zh-cn","defaultMessagesFile":"/usr/share/cursor/resources/app/out/nls.messages.json","languagePack":{"translationsConfigFile":"/home/wy/.config/Cursor/clp/3bfb7f1471a52e527cfc1587dd57c7c1.zh-cn/tcf.json","messagesFile":"/home/wy/.config/Cursor/clp/3bfb7f1471a52e527cfc1587dd57c7c1.zh-cn/20adc1003928b0f1b99305dbaf845656ff81f5d0/nls.messages.json","corruptMarkerFile":"/home/wy/.config/Cursor/clp/3bfb7f1471a52e527cfc1587dd57c7c1.zh-cn/corrupted.info"},"locale":"zh-cn","availableLanguages":{"*":"zh-cn"},"_languagePackId":"3bfb7f1471a52e527cfc1587dd57c7c1.zh-cn","_languagePackSupport":true,"_translationsConfigFile":"/home/wy/.config/Cursor/clp/3bfb7f1471a52e527cfc1587dd57c7c1.zh-cn/tcf.json","_cacheRoot":"/home/wy/.config/Cursor/clp/3bfb7f1471a52e527cfc1587dd57c7c1.zh-cn","_resolvedLanguagePackCoreLocation":"/home/wy/.config/Cursor/clp/3bfb7f1471a52e527cfc1587dd57c7c1.zh-cn/20adc1003928b0f1b99305dbaf845656ff81f5d0","_corruptedFile":"/home/wy/.config/Cursor/clp/3bfb7f1471a52e527cfc1587dd57c7c1.zh-cn/corrupted.info"}'), ('VSCODE_HANDLES_UNCAUGHT_ERRORS', 'true'), ('XDG_SESSION_TYPE', 'x11'), ('SHLVL', '0'), ('LD_LIBRARY_PATH', '/opt/ros/humble/opt/rviz_ogre_vendor/lib:/opt/ros/humble/lib/x86_64-linux-gnu:/opt/ros/humble/lib::/home/wy/miniconda3/envs/rl_gpu/lib'), ('HOME', '/home/wy'), ('CHROME_DESKTOP', 'cursor.desktop'), ('CONDA_SHLVL', '1'), ('OLDPWD', '/home/wy/RS/A3'), ('DESKTOP_SESSION', 'ubuntu'), ('VSCODE_IPC_HOOK', '/run/user/1000/vscode-ffeb21a4-2.2.-main.sock'), ('GIO_LAUNCHED_DESKTOP_FILE', '/usr/share/applications/cursor.desktop'), ('ROS_PYTHON_VERSION', '3'), ('GNOME_SHELL_SESSION_MODE', 'ubuntu'), ('GTK_MODULES', 'gail:atk-bridge'), ('XDG_SEAT_PATH', '/org/freedesktop/DisplayManager/Seat0'), ('LC_MONETARY', 'en_US.UTF-8'), ('MANAGERPID', '1821'), ('SYSTEMD_EXEC_PID', '2014'), ('NO_COLOR', '1'), ('DBUS_SESSION_BUS_ADDRESS', 'unix:path=/run/user/1000/bus'), ('_CONDA_ROOT', '/home/wy/miniconda3'), ('GIO_LAUNCHED_DESKTOP_FILE_PID', '4319'), ('VSCODE_CRASH_REPORTER_PROCESS_TYPE', 'extensionHost'), ('VSCODE_L10N_BUNDLE_LOCATION', 'file:///home/wy/.cursor/extensions/ms-ceintl.vscode-language-pack-zh-hans-1.105.0-universal/translations/extensions/vscode.markdown-language-features.i18n.json'), ('ROS_DISTRO', 'humble'), ('GTK_IM_MODULE', 'fcitx'), ('LOGNAME', 'wy'), ('FORCE_COLOR', '0'), ('JOURNAL_STREAM', '8:4582'), ('PULSE_SERVER', 'unix:/run/user/1000/pulse/native'), ('_', '/usr/bin/colcon'), ('ROS_VERSION', '2'), ('XDG_SESSION_CLASS', 'user'), ('TERM', 'dumb'), ('EVERYSPHERE_RIPGREP_PATH', '/usr/share/cursor/resources/app/node_modules/@vscode/ripgrep/bin/rg'), ('GNOME_DESKTOP_SESSION_ID', 'this-is-deprecated'), ('ROS_LOCALHOST_ONLY', '0'), ('COMPOSER_NO_INTERACTION', '1'), ('PATH', '/opt/ros/humble/bin:/usr/bin:/home/wy/miniconda3/bin:/home/wy/miniconda3/condabin:/usr/local/sbin:/usr/local/bin:/usr/sbin:/usr/bin:/sbin:/bin:/usr/games:/usr/local/games:/snap/bin'), ('SESSION_MANAGER', 'local/RS-wy:@/tmp/.ICE-unix/2014,unix/RS-wy:/tmp/.ICE-unix/2014'), ('GDM_LANG', 'zh_CN'), ('INVOCATION_ID', 'c6a3f89f6b454dbf918acce74c81da87'), ('PAPERSIZE', 'letter'), ('XDG_SESSION_PATH', '/org/freedesktop/DisplayManager/Session0'), ('XDG_MENU_PREFIX', 'gnome-'), ('LC_ADDRESS', 'en_US.UTF-8'), ('VSCODE_PROCESS_TITLE', 'extension-host  [1-1]'), ('XDG_RUNTIME_DIR', '/run/user/1000'), ('GDK_BACKEND', 'x11'), ('CURSOR_AGENT', '1'), ('DISPLAY', ':0'), ('LANG', 'zh_CN.UTF-8'), ('XDG_CURRENT_DESKTOP', 'Unity'), ('LC_TELEPHONE', 'en_US.UTF-8'), ('XMODIFIERS', '@im=fcitx'), ('XDG_SESSION_DESKTOP', 'ubuntu'), ('XAUTHORITY', '/home/wy/.Xauthority'), ('CURSOR_TRACE_ID', 'da48cbd846724de5baed2538453d3fa1'), ('SSH_AGENT_LAUNCHER', 'gnome-keyring'), ('SSH_AUTH_SOCK', '/run/user/1000/keyring/ssh'), ('GSETTINGS_SCHEMA_DIR', '/home/wy/data'), ('XDG_GREETER_DATA_DIR', '/var/lib/lightdm-data/wy'), ('AMENT_PREFIX_PATH', '/opt/ros/humble'), ('CONDA_PYTHON_EXE', '/home/wy/miniconda3/bin/python'), ('ORIGINAL_XDG_CURRENT_DESKTOP', 'ubuntu:GNOME'), ('SHELL', '/bin/bash'), ('LC_NAME', 'en_US.UTF-8'), ('QT_ACCESSIBILITY', '1'), ('GDMSESSION', 'ubuntu'), ('LESSCLOSE', '/usr/bin/lesspipe %s %s'), ('CONDA_DEFAULT_ENV', 'base'), ('LC_MEASUREMENT', 'en_US.UTF-8'), ('GPG_AGENT_INFO', '/run/user/1000/gnupg/S.gpg-agent:0:1'), ('_CONDA_EXE', '/home/wy/miniconda3/bin/conda'), ('LC_IDENTIFICATION', 'en_US.UTF-8'), ('QT_IM_MODULE', 'fcitx'), ('PWD', '/home/wy/RS/A3/build/rs_a3_hardware'), ('LC_ALL', 'en_US.UTF-8'), ('XDG_CONFIG_DIRS', '/etc/xdg/xdg-ubuntu:/etc/xdg'), ('CONDA_EXE', '/home/wy/miniconda3/bin/conda'), ('VSCODE_CODE_CACHE_PATH', '/home/wy/.config/Cursor/CachedData/20adc1003928b0f1b99305dbaf845656ff81f5d0'), ('XDG_DATA_DIRS', '/usr/share/ubuntu:/usr/share/gnome:/usr/local/share:/usr/share:/var/lib/snapd/desktop'), ('PYTHONPATH', '/opt/ros/humble/lib/python3.10/site-packages:/opt/ros/humble/local/lib/python3.10/dist-packages'), ('LC_NUMERIC', 'en_US.UTF-8'), ('CONDA_PREFIX', '/home/wy/miniconda3'), ('LC_PAPER', 'en_US.UTF-8'), ('COLCON', '1'), ('_ZO_DOCTOR', '0'), ('VSCODE_PID', '4319'), ('CMAKE_PREFIX_PATH', '/opt/ros/humble')]), 'shell': False}
[0.013946] (rs_a3_hardware) StdoutLine: {'line': b'-- Found ament_cmake: 1.3.12 (/opt/ros/humble/share/ament_cmake/cmake)\n'}
[0.086588] (rs_a3_hardware) StdoutLine: {'line': b'-- Override CMake install command with custom implementation using symlinks instead of copying resources\n'}
[0.090464] (rs_a3_hardware) StdoutLine: {'line': b'-- Found rclcpp: 16.0.16 (/opt/ros/humble/share/rclcpp/cmake)\n'}
[0.099748] (-) TimerEvent: {}
[0.104077] (rs_a3_hardware) StdoutLine: {'line': b'-- Found rosidl_generator_c: 3.1.7 (/opt/ros/humble/share/rosidl_generator_c/cmake)\n'}
[0.105051] (rs_a3_hardware) StdoutLine: {'line': b'-- Found rosidl_adapter: 3.1.7 (/opt/ros/humble/share/rosidl_adapter/cmake)\n'}
[0.107768] (rs_a3_hardware) StdoutLine: {'line': b'-- Found rosidl_generator_cpp: 3.1.7 (/opt/ros/humble/share/rosidl_generator_cpp/cmake)\n'}
[0.111777] (rs_a3_hardware) StdoutLine: {'line': b'-- Using all available rosidl_typesupport_c: rosidl_typesupport_fastrtps_c;rosidl_typesupport_introspection_c\n'}
[0.117135] (rs_a3_hardware) StdoutLine: {'line': b'-- Using all available rosidl_typesupport_cpp: rosidl_typesupport_fastrtps_cpp;rosidl_typesupport_introspection_cpp\n'}
[0.132308] (rs_a3_hardware) StdoutLine: {'line': b'-- Found rmw_implementation_cmake: 6.1.2 (/opt/ros/humble/share/rmw_implementation_cmake/cmake)\n'}
[0.132749] (rs_a3_hardware) StdoutLine: {'line': b'-- Found rmw_fastrtps_cpp: 6.2.9 (/opt/ros/humble/share/rmw_fastrtps_cpp/cmake)\n'}
[0.184940] (rs_a3_hardware) StdoutLine: {'line': b"-- Using RMW implementation 'rmw_fastrtps_cpp' as default\n"}
[0.199837] (-) TimerEvent: {}
[0.207527] (rs_a3_hardware) StdoutLine: {'line': b'-- Found rclcpp_lifecycle: 16.0.16 (/opt/ros/humble/share/rclcpp_lifecycle/cmake)\n'}
[0.214498] (rs_a3_hardware) StdoutLine: {'line': b'-- Found hardware_interface: 2.52.2 (/opt/ros/humble/share/hardware_interface/cmake)\n'}
[0.265713] (rs_a3_hardware) StdoutLine: {'line': b'-- Found ament_lint_auto: 0.12.14 (/opt/ros/humble/share/ament_lint_auto/cmake)\n'}
[0.281639] (rs_a3_hardware) StderrLine: {'line': b'Traceback (most recent call last):\n'}
[0.282967] (rs_a3_hardware) StderrLine: {'line': b'  File "/opt/ros/humble/share/ament_cmake_core/cmake/core/package_xml_2_cmake.py", line 22, in <module>\n'}
[0.283006] (rs_a3_hardware) StderrLine: {'line': b'    from catkin_pkg.package import parse_package_string\n'}
[0.283033] (rs_a3_hardware) StderrLine: {'line': b"ModuleNotFoundError: No module named 'catkin_pkg'\n"}
[0.285994] (rs_a3_hardware) StderrLine: {'line': b'CMake Error at /opt/ros/humble/share/ament_cmake_core/cmake/core/ament_package_xml.cmake:95 (message):\n'}
[0.286092] (rs_a3_hardware) StderrLine: {'line': b'  execute_process(/home/wy/miniconda3/bin/python3\n'}
[0.286137] (rs_a3_hardware) StderrLine: {'line': b'  /opt/ros/humble/share/ament_cmake_core/cmake/core/package_xml_2_cmake.py\n'}
[0.286160] (rs_a3_hardware) StderrLine: {'line': b'  /home/wy/RS/A3/ros2_ws/src/rs_a3_hardware/package.xml\n'}
[0.286179] (rs_a3_hardware) StderrLine: {'line': b'  /home/wy/RS/A3/build/rs_a3_hardware/ament_cmake_core/package.cmake)\n'}
[0.286198] (rs_a3_hardware) StderrLine: {'line': b'  returned error code 1\n'}
[0.286216] (rs_a3_hardware) StderrLine: {'line': b'Call Stack (most recent call first):\n'}
[0.286233] (rs_a3_hardware) StderrLine: {'line': b'  /opt/ros/humble/share/ament_cmake_core/cmake/core/ament_package_xml.cmake:49 (_ament_package_xml)\n'}
[0.286250] (rs_a3_hardware) StderrLine: {'line': b'  /opt/ros/humble/share/ament_lint_auto/cmake/ament_lint_auto_find_test_dependencies.cmake:31 (ament_package_xml)\n'}
[0.286267] (rs_a3_hardware) StderrLine: {'line': b'  CMakeLists.txt:60 (ament_lint_auto_find_test_dependencies)\n'}
[0.286283] (rs_a3_hardware) StderrLine: {'line': b'\n'}
[0.286299] (rs_a3_hardware) StderrLine: {'line': b'\n'}
[0.286714] (rs_a3_hardware) StdoutLine: {'line': b'-- Configuring incomplete, errors occurred!\n'}
[0.286758] (rs_a3_hardware) StdoutLine: {'line': b'See also "/home/wy/RS/A3/build/rs_a3_hardware/CMakeFiles/CMakeOutput.log".\n'}
[0.294102] (rs_a3_hardware) CommandEnded: {'returncode': 1}
[0.299905] (-) TimerEvent: {}
[0.306404] (rs_a3_hardware) JobEnded: {'identifier': 'rs_a3_hardware', 'rc': 1}
[0.307004] (-) EventReactorShutdown: {}
