[0.005s] Invoking command in '/home/wy/RS/A3/build/rs_a3_hardware': CMAKE_PREFIX_PATH=/opt/ros/humble CONDA_PROMPT_MODIFIER=(base) /usr/bin/cmake /home/wy/RS/A3/ros2_ws/src/rs_a3_hardware -DAMENT_CMAKE_SYMLINK_INSTALL=1 -DCMAKE_INSTALL_PREFIX=/home/wy/RS/A3/install/rs_a3_hardware
[0.013s] -- Found ament_cmake: 1.3.12 (/opt/ros/humble/share/ament_cmake/cmake)
[0.086s] -- Override CMake install command with custom implementation using symlinks instead of copying resources
[0.090s] -- Found rclcpp: 16.0.16 (/opt/ros/humble/share/rclcpp/cmake)
[0.103s] -- Found rosidl_generator_c: 3.1.7 (/opt/ros/humble/share/rosidl_generator_c/cmake)
[0.104s] -- Found rosidl_adapter: 3.1.7 (/opt/ros/humble/share/rosidl_adapter/cmake)
[0.107s] -- Found rosidl_generator_cpp: 3.1.7 (/opt/ros/humble/share/rosidl_generator_cpp/cmake)
[0.111s] -- Using all available rosidl_typesupport_c: rosidl_typesupport_fastrtps_c;rosidl_typesupport_introspection_c
[0.116s] -- Using all available rosidl_typesupport_cpp: rosidl_typesupport_fastrtps_cpp;rosidl_typesupport_introspection_cpp
[0.131s] -- Found rmw_implementation_cmake: 6.1.2 (/opt/ros/humble/share/rmw_implementation_cmake/cmake)
[0.132s] -- Found rmw_fastrtps_cpp: 6.2.9 (/opt/ros/humble/share/rmw_fastrtps_cpp/cmake)
[0.184s] -- Using RMW implementation 'rmw_fastrtps_cpp' as default
[0.207s] -- Found rclcpp_lifecycle: 16.0.16 (/opt/ros/humble/share/rclcpp_lifecycle/cmake)
[0.214s] -- Found hardware_interface: 2.52.2 (/opt/ros/humble/share/hardware_interface/cmake)
[0.265s] -- Found ament_lint_auto: 0.12.14 (/opt/ros/humble/share/ament_lint_auto/cmake)
[0.281s] Traceback (most recent call last):
[0.282s]   File "/opt/ros/humble/share/ament_cmake_core/cmake/core/package_xml_2_cmake.py", line 22, in <module>
[0.282s]     from catkin_pkg.package import parse_package_string
[0.282s] ModuleNotFoundError: No module named 'catkin_pkg'
[0.285s] CMake Error at /opt/ros/humble/share/ament_cmake_core/cmake/core/ament_package_xml.cmake:95 (message):
[0.285s]   execute_process(/home/wy/miniconda3/bin/python3
[0.285s]   /opt/ros/humble/share/ament_cmake_core/cmake/core/package_xml_2_cmake.py
[0.285s]   /home/wy/RS/A3/ros2_ws/src/rs_a3_hardware/package.xml
[0.285s]   /home/wy/RS/A3/build/rs_a3_hardware/ament_cmake_core/package.cmake)
[0.285s]   returned error code 1
[0.285s] Call Stack (most recent call first):
[0.285s]   /opt/ros/humble/share/ament_cmake_core/cmake/core/ament_package_xml.cmake:49 (_ament_package_xml)
[0.285s]   /opt/ros/humble/share/ament_lint_auto/cmake/ament_lint_auto_find_test_dependencies.cmake:31 (ament_package_xml)
[0.285s]   CMakeLists.txt:60 (ament_lint_auto_find_test_dependencies)
[0.285s] 
[0.285s] 
[0.286s] -- Configuring incomplete, errors occurred!
[0.286s] See also "/home/wy/RS/A3/build/rs_a3_hardware/CMakeFiles/CMakeOutput.log".
[0.293s] Invoked command in '/home/wy/RS/A3/build/rs_a3_hardware' returned '1': CMAKE_PREFIX_PATH=/opt/ros/humble CONDA_PROMPT_MODIFIER=(base) /usr/bin/cmake /home/wy/RS/A3/ros2_ws/src/rs_a3_hardware -DAMENT_CMAKE_SYMLINK_INSTALL=1 -DCMAKE_INSTALL_PREFIX=/home/wy/RS/A3/install/rs_a3_hardware
