[0.004s] Invoking command in '/home/ubuntu/rs_arm/build/rs_a3_description': AMENT_PREFIX_PATH=/home/ubuntu/rs_arm/install/rs_a3_hardware:${AMENT_PREFIX_PATH} CMAKE_PREFIX_PATH=/home/ubuntu/rs_arm/install/rs_a3_hardware:/opt/ros/humble LD_LIBRARY_PATH=/home/ubuntu/rs_arm/install/rs_a3_hardware/lib:${LD_LIBRARY_PATH} /home/ubuntu/.local/bin/cmake /home/ubuntu/rs_arm/src/rs_a3_description -DCMAKE_INSTALL_PREFIX=/home/ubuntu/rs_arm/install/rs_a3_description
[0.046s] [0mCMake Deprecation Warning at CMakeLists.txt:1 (cmake_minimum_required):
[0.046s]   Compatibility with CMake < 3.10 will be removed from a future version of
[0.046s]   CMake.
[0.046s] 
[0.046s]   Update the VERSION argument <min> value.  Or, use the <min>...<max> syntax
[0.046s]   to tell CMake that the project requires at least <min> but has been updated
[0.046s]   to work with policies introduced by <max> or earlier.
[0.046s] 
[0.046s] [0m
[0.071s] -- The C compiler identification is GNU 11.4.0
[0.103s] -- The CXX compiler identification is GNU 11.4.0
[0.106s] -- Detecting C compiler ABI info
[0.137s] -- Detecting C compiler ABI info - done
[0.145s] -- Check for working C compiler: /usr/bin/cc - skipped
[0.145s] -- Detecting C compile features
[0.146s] -- Detecting C compile features - done
[0.152s] -- Detecting CXX compiler ABI info
[0.194s] -- Detecting CXX compiler ABI info - done
[0.203s] -- Check for working CXX compiler: /usr/bin/c++ - skipped
[0.203s] -- Detecting CXX compile features
[0.203s] -- Detecting CXX compile features - done
[0.209s] -- Found ament_cmake: 1.3.12 (/opt/ros/humble/share/ament_cmake/cmake)
[0.294s] -- Found Python3: /usr/bin/python3 (found version "3.10.12") found components: Interpreter
[0.381s] -- Configuring done (0.3s)
[0.382s] -- Generating done (0.0s)
[0.383s] -- Build files have been written to: /home/ubuntu/rs_arm/build/rs_a3_description
[0.386s] Invoked command in '/home/ubuntu/rs_arm/build/rs_a3_description' returned '0': AMENT_PREFIX_PATH=/home/ubuntu/rs_arm/install/rs_a3_hardware:${AMENT_PREFIX_PATH} CMAKE_PREFIX_PATH=/home/ubuntu/rs_arm/install/rs_a3_hardware:/opt/ros/humble LD_LIBRARY_PATH=/home/ubuntu/rs_arm/install/rs_a3_hardware/lib:${LD_LIBRARY_PATH} /home/ubuntu/.local/bin/cmake /home/ubuntu/rs_arm/src/rs_a3_description -DCMAKE_INSTALL_PREFIX=/home/ubuntu/rs_arm/install/rs_a3_description
[0.388s] Invoking command in '/home/ubuntu/rs_arm/build/rs_a3_description': AMENT_PREFIX_PATH=/home/ubuntu/rs_arm/install/rs_a3_hardware:${AMENT_PREFIX_PATH} CMAKE_PREFIX_PATH=/home/ubuntu/rs_arm/install/rs_a3_hardware:/opt/ros/humble LD_LIBRARY_PATH=/home/ubuntu/rs_arm/install/rs_a3_hardware/lib:${LD_LIBRARY_PATH} /home/ubuntu/.local/bin/cmake --build /home/ubuntu/rs_arm/build/rs_a3_description -- -j24 -l24
[0.432s] Invoked command in '/home/ubuntu/rs_arm/build/rs_a3_description' returned '0': AMENT_PREFIX_PATH=/home/ubuntu/rs_arm/install/rs_a3_hardware:${AMENT_PREFIX_PATH} CMAKE_PREFIX_PATH=/home/ubuntu/rs_arm/install/rs_a3_hardware:/opt/ros/humble LD_LIBRARY_PATH=/home/ubuntu/rs_arm/install/rs_a3_hardware/lib:${LD_LIBRARY_PATH} /home/ubuntu/.local/bin/cmake --build /home/ubuntu/rs_arm/build/rs_a3_description -- -j24 -l24
[0.433s] Invoking command in '/home/ubuntu/rs_arm/build/rs_a3_description': AMENT_PREFIX_PATH=/home/ubuntu/rs_arm/install/rs_a3_hardware:${AMENT_PREFIX_PATH} CMAKE_PREFIX_PATH=/home/ubuntu/rs_arm/install/rs_a3_hardware:/opt/ros/humble LD_LIBRARY_PATH=/home/ubuntu/rs_arm/install/rs_a3_hardware/lib:${LD_LIBRARY_PATH} /home/ubuntu/.local/bin/cmake --install /home/ubuntu/rs_arm/build/rs_a3_description
[0.465s] -- Install configuration: ""
[0.465s] -- Installing: /home/ubuntu/rs_arm/install/rs_a3_description/share/rs_a3_description/urdf
[0.465s] -- Installing: /home/ubuntu/rs_arm/install/rs_a3_description/share/rs_a3_description/urdf/rs_a3_ros2_control.xacro
[0.465s] -- Installing: /home/ubuntu/rs_arm/install/rs_a3_description/share/rs_a3_description/urdf/rs_a3.urdf.xacro
[0.465s] -- Installing: /home/ubuntu/rs_arm/install/rs_a3_description/share/rs_a3_description/meshes
[0.466s] -- Installing: /home/ubuntu/rs_arm/install/rs_a3_description/share/rs_a3_description/meshes/l5_shake.stl
[0.466s] -- Installing: /home/ubuntu/rs_arm/install/rs_a3_description/share/rs_a3_description/meshes/6705__2.stl
[0.466s] -- Installing: /home/ubuntu/rs_arm/install/rs_a3_description/share/rs_a3_description/meshes/l1_link_stop.stl
[0.466s] -- Installing: /home/ubuntu/rs_arm/install/rs_a3_description/share/rs_a3_description/meshes/rs05_l4.stl
[0.466s] -- Installing: /home/ubuntu/rs_arm/install/rs_a3_description/share/rs_a3_description/meshes/part_9.stl
[0.467s] -- Installing: /home/ubuntu/rs_arm/install/rs_a3_description/share/rs_a3_description/meshes/6705.stl
[0.467s] -- Installing: /home/ubuntu/rs_arm/install/rs_a3_description/share/rs_a3_description/meshes/rack__30_teeth.stl
[0.467s] -- Installing: /home/ubuntu/rs_arm/install/rs_a3_description/share/rs_a3_description/meshes/manifold_solid_brep_40_1.stl
[0.467s] -- Installing: /home/ubuntu/rs_arm/install/rs_a3_description/share/rs_a3_description/meshes/l4_l5_link_back__2.stl
[0.467s] -- Installing: /home/ubuntu/rs_arm/install/rs_a3_description/share/rs_a3_description/meshes/l1_base.stl
[0.468s] -- Installing: /home/ubuntu/rs_arm/install/rs_a3_description/share/rs_a3_description/meshes/rack__30_teeth__2.stl
[0.468s] -- Installing: /home/ubuntu/rs_arm/install/rs_a3_description/share/rs_a3_description/meshes/l4_l5_link_back.stl
[0.468s] -- Installing: /home/ubuntu/rs_arm/install/rs_a3_description/share/rs_a3_description/meshes/l1_link_drv.stl
[0.469s] -- Installing: /home/ubuntu/rs_arm/install/rs_a3_description/share/rs_a3_description/meshes/hand_r.stl
[0.469s] -- Installing: /home/ubuntu/rs_arm/install/rs_a3_description/share/rs_a3_description/meshes/rack_str.stl
[0.469s] -- Installing: /home/ubuntu/rs_arm/install/rs_a3_description/share/rs_a3_description/meshes/part_1.stl
[0.469s] -- Installing: /home/ubuntu/rs_arm/install/rs_a3_description/share/rs_a3_description/meshes/mainlink_back.stl
[0.470s] -- Installing: /home/ubuntu/rs_arm/install/rs_a3_description/share/rs_a3_description/meshes/l4_link_back.stl
[0.470s] -- Installing: /home/ubuntu/rs_arm/install/rs_a3_description/share/rs_a3_description/meshes/rack_base.stl
[0.470s] -- Installing: /home/ubuntu/rs_arm/install/rs_a3_description/share/rs_a3_description/meshes/rs05.stl
[0.473s] -- Installing: /home/ubuntu/rs_arm/install/rs_a3_description/share/rs_a3_description/meshes/spur_gear__14_teeth.stl
[0.473s] -- Installing: /home/ubuntu/rs_arm/install/rs_a3_description/share/rs_a3_description/meshes/l2_stop.stl
[0.473s] -- Installing: /home/ubuntu/rs_arm/install/rs_a3_description/share/rs_a3_description/meshes/rs05_l5.stl
[0.473s] -- Installing: /home/ubuntu/rs_arm/install/rs_a3_description/share/rs_a3_description/meshes/rs00_l2.stl
[0.474s] -- Installing: /home/ubuntu/rs_arm/install/rs_a3_description/share/rs_a3_description/meshes/part_2.stl
[0.475s] -- Installing: /home/ubuntu/rs_arm/install/rs_a3_description/share/rs_a3_description/meshes/mainlink_motor.stl
[0.475s] -- Installing: /home/ubuntu/rs_arm/install/rs_a3_description/share/rs_a3_description/meshes/part_15.stl
[0.475s] -- Installing: /home/ubuntu/rs_arm/install/rs_a3_description/share/rs_a3_description/meshes/manifold_solid_brep_39_1.stl
[0.475s] -- Installing: /home/ubuntu/rs_arm/install/rs_a3_description/share/rs_a3_description/meshes/l4_link_drv.stl
[0.475s] -- Installing: /home/ubuntu/rs_arm/install/rs_a3_description/share/rs_a3_description/meshes/rs00_l1.stl
[0.477s] -- Installing: /home/ubuntu/rs_arm/install/rs_a3_description/share/rs_a3_description/meshes/manifold_solid_brep_39_1__2.stl
[0.477s] -- Installing: /home/ubuntu/rs_arm/install/rs_a3_description/share/rs_a3_description/meshes/rs00_l3.stl
[0.479s] -- Installing: /home/ubuntu/rs_arm/install/rs_a3_description/share/rs_a3_description/launch
[0.479s] -- Installing: /home/ubuntu/rs_arm/install/rs_a3_description/share/rs_a3_description/launch/rs_a3_control.launch.py
[0.479s] -- Installing: /home/ubuntu/rs_arm/install/rs_a3_description/share/rs_a3_description/config
[0.479s] -- Installing: /home/ubuntu/rs_arm/install/rs_a3_description/share/rs_a3_description/config/rs_a3_view.rviz
[0.479s] -- Installing: /home/ubuntu/rs_arm/install/rs_a3_description/share/rs_a3_description/config/rs_a3_controllers.yaml
[0.479s] -- Installing: /home/ubuntu/rs_arm/install/rs_a3_description/share/ament_index/resource_index/package_run_dependencies/rs_a3_description
[0.480s] -- Installing: /home/ubuntu/rs_arm/install/rs_a3_description/share/ament_index/resource_index/parent_prefix_path/rs_a3_description
[0.480s] -- Installing: /home/ubuntu/rs_arm/install/rs_a3_description/share/rs_a3_description/environment/ament_prefix_path.sh
[0.480s] -- Installing: /home/ubuntu/rs_arm/install/rs_a3_description/share/rs_a3_description/environment/ament_prefix_path.dsv
[0.480s] -- Installing: /home/ubuntu/rs_arm/install/rs_a3_description/share/rs_a3_description/environment/path.sh
[0.480s] -- Installing: /home/ubuntu/rs_arm/install/rs_a3_description/share/rs_a3_description/environment/path.dsv
[0.480s] -- Installing: /home/ubuntu/rs_arm/install/rs_a3_description/share/rs_a3_description/local_setup.bash
[0.480s] -- Installing: /home/ubuntu/rs_arm/install/rs_a3_description/share/rs_a3_description/local_setup.sh
[0.480s] -- Installing: /home/ubuntu/rs_arm/install/rs_a3_description/share/rs_a3_description/local_setup.zsh
[0.480s] -- Installing: /home/ubuntu/rs_arm/install/rs_a3_description/share/rs_a3_description/local_setup.dsv
[0.480s] -- Installing: /home/ubuntu/rs_arm/install/rs_a3_description/share/rs_a3_description/package.dsv
[0.480s] -- Installing: /home/ubuntu/rs_arm/install/rs_a3_description/share/ament_index/resource_index/packages/rs_a3_description
[0.480s] -- Installing: /home/ubuntu/rs_arm/install/rs_a3_description/share/rs_a3_description/cmake/rs_a3_descriptionConfig.cmake
[0.480s] -- Installing: /home/ubuntu/rs_arm/install/rs_a3_description/share/rs_a3_description/cmake/rs_a3_descriptionConfig-version.cmake
[0.480s] -- Installing: /home/ubuntu/rs_arm/install/rs_a3_description/share/rs_a3_description/package.xml
[0.481s] Invoked command in '/home/ubuntu/rs_arm/build/rs_a3_description' returned '0': AMENT_PREFIX_PATH=/home/ubuntu/rs_arm/install/rs_a3_hardware:${AMENT_PREFIX_PATH} CMAKE_PREFIX_PATH=/home/ubuntu/rs_arm/install/rs_a3_hardware:/opt/ros/humble LD_LIBRARY_PATH=/home/ubuntu/rs_arm/install/rs_a3_hardware/lib:${LD_LIBRARY_PATH} /home/ubuntu/.local/bin/cmake --install /home/ubuntu/rs_arm/build/rs_a3_description
