[0.973s] Invoking command in '/home/ubuntu/rs_arm/src/rs_a3_web_ui': PYTHONPATH=/home/ubuntu/rs_arm/build/rs_a3_web_ui/prefix_override:/usr/lib/python3/dist-packages/colcon_core/task/python/colcon_distutils_commands:/home/ubuntu/rs_arm/install/rs_a3_web_ui/lib/python3.10/site-packages:${PYTHONPATH} /usr/bin/python3 -W ignore:setup.py install is deprecated -W ignore:easy_install command is deprecated setup.py egg_info --egg-base ../../build/rs_a3_web_ui build --build-base /home/ubuntu/rs_arm/build/rs_a3_web_ui/build install --record /home/ubuntu/rs_arm/build/rs_a3_web_ui/install.log --single-version-externally-managed install_data
[1.135s] /home/ubuntu/.local/lib/python3.10/site-packages/setuptools/_distutils/dist.py:289: UserWarning: Unknown distribution option: 'tests_require'
[1.135s]   warnings.warn(msg)
[1.226s] running egg_info
[1.240s] writing ../../build/rs_a3_web_ui/rs_a3_web_ui.egg-info/PKG-INFO
[1.240s] writing dependency_links to ../../build/rs_a3_web_ui/rs_a3_web_ui.egg-info/dependency_links.txt
[1.240s] writing entry points to ../../build/rs_a3_web_ui/rs_a3_web_ui.egg-info/entry_points.txt
[1.240s] writing requirements to ../../build/rs_a3_web_ui/rs_a3_web_ui.egg-info/requires.txt
[1.240s] writing top-level names to ../../build/rs_a3_web_ui/rs_a3_web_ui.egg-info/top_level.txt
[1.268s] reading manifest file '../../build/rs_a3_web_ui/rs_a3_web_ui.egg-info/SOURCES.txt'
[1.271s] writing manifest file '../../build/rs_a3_web_ui/rs_a3_web_ui.egg-info/SOURCES.txt'
[1.273s] running build
[1.273s] running build_py
[1.273s] running install
[1.276s] running install_lib
[1.297s] running install_data
[1.297s] running install_egg_info
[1.313s] removing '/home/ubuntu/rs_arm/install/rs_a3_web_ui/lib/python3.10/site-packages/rs_a3_web_ui-1.0.0-py3.10.egg-info' (and everything under it)
[1.313s] Copying ../../build/rs_a3_web_ui/rs_a3_web_ui.egg-info to /home/ubuntu/rs_arm/install/rs_a3_web_ui/lib/python3.10/site-packages/rs_a3_web_ui-1.0.0-py3.10.egg-info
[1.315s] running install_scripts
[1.433s] Installing web_server script to /home/ubuntu/rs_arm/install/rs_a3_web_ui/lib/rs_a3_web_ui
[1.433s] writing list of installed files to '/home/ubuntu/rs_arm/build/rs_a3_web_ui/install.log'
