[0.000000] (-) TimerEvent: {}
[0.000091] (-) JobUnselected: {'identifier': 'rs_a3_description'}
[0.000107] (-) JobUnselected: {'identifier': 'rs_a3_hardware'}
[0.000116] (-) JobUnselected: {'identifier': 'rs_a3_moveit_config'}
[0.000125] (rs_a3_teleop) JobQueued: {'identifier': 'rs_a3_teleop', 'dependencies': OrderedDict()}
[0.000138] (rs_a3_teleop) JobStarted: {'identifier': 'rs_a3_teleop'}
[0.099614] (-) TimerEvent: {}
[0.199831] (-) TimerEvent: {}
[0.267561] (rs_a3_teleop) Command: {'cmd': ['/usr/bin/python3', '-W', 'ignore:setup.py install is deprecated', '-W', 'ignore:easy_install command is deprecated', 'setup.py', 'develop', '--editable', '--build-directory', '/home/wy/RS/A3/ros2_ws/build/rs_a3_teleop/build', '--no-deps', 'symlink_data'], 'cwd': '/home/wy/RS/A3/ros2_ws/build/rs_a3_teleop', 'env': {'LESSOPEN': '| /usr/bin/lesspipe %s', 'VSCODE_CWD': '/home/wy', 'VSCODE_ESM_ENTRYPOINT': 'vs/workbench/api/node/extensionHostProcess', 'CONDA_PROMPT_MODIFIER': '(base)', 'LANGUAGE': 'zh_CN:en', 'USER': 'wy', 'LC_TIME': 'en_US.UTF-8', 'VSCODE_NLS_CONFIG': '{"userLocale":"zh-cn","osLocale":"zh-cn","resolvedLanguage":"zh-cn","defaultMessagesFile":"/usr/share/cursor/resources/app/out/nls.messages.json","languagePack":{"translationsConfigFile":"/home/wy/.config/Cursor/clp/3bfb7f1471a52e527cfc1587dd57c7c1.zh-cn/tcf.json","messagesFile":"/home/wy/.config/Cursor/clp/3bfb7f1471a52e527cfc1587dd57c7c1.zh-cn/20adc1003928b0f1b99305dbaf845656ff81f5d0/nls.messages.json","corruptMarkerFile":"/home/wy/.config/Cursor/clp/3bfb7f1471a52e527cfc1587dd57c7c1.zh-cn/corrupted.info"},"locale":"zh-cn","availableLanguages":{"*":"zh-cn"},"_languagePackId":"3bfb7f1471a52e527cfc1587dd57c7c1.zh-cn","_languagePackSupport":true,"_translationsConfigFile":"/home/wy/.config/Cursor/clp/3bfb7f1471a52e527cfc1587dd57c7c1.zh-cn/tcf.json","_cacheRoot":"/home/wy/.config/Cursor/clp/3bfb7f1471a52e527cfc1587dd57c7c1.zh-cn","_resolvedLanguagePackCoreLocation":"/home/wy/.config/Cursor/clp/3bfb7f1471a52e527cfc1587dd57c7c1.zh-cn/20adc1003928b0f1b99305dbaf845656ff81f5d0","_corruptedFile":"/home/wy/.config/Cursor/clp/3bfb7f1471a52e527cfc1587dd57c7c1.zh-cn/corrupted.info"}', 'VSCODE_HANDLES_UNCAUGHT_ERRORS': 'true', 'XDG_SESSION_TYPE': 'x11', 'SHLVL': '1', 'LD_LIBRARY_PATH': '/opt/ros/humble/opt/rviz_ogre_vendor/lib:/opt/ros/humble/lib/x86_64-linux-gnu:/opt/ros/humble/lib::/home/wy/miniconda3/envs/rl_gpu/lib', 'HOME': '/home/wy', 'CHROME_DESKTOP': 'cursor.desktop', 'CONDA_SHLVL': '1', 'OLDPWD': '/home/wy/RS/A3', 'DESKTOP_SESSION': 'ubuntu', 'VSCODE_IPC_HOOK': '/run/user/1000/vscode-ffeb21a4-2.2.-main.sock', 'GIO_LAUNCHED_DESKTOP_FILE': '/usr/share/applications/cursor.desktop', 'ROS_PYTHON_VERSION': '3', 'GNOME_SHELL_SESSION_MODE': 'ubuntu', 'GTK_MODULES': 'gail:atk-bridge', 'XDG_SEAT_PATH': '/org/freedesktop/DisplayManager/Seat0', 'LC_MONETARY': 'en_US.UTF-8', 'MANAGERPID': '1821', 'SYSTEMD_EXEC_PID': '2014', 'NO_COLOR': '1', 'DBUS_SESSION_BUS_ADDRESS': 'unix:path=/run/user/1000/bus', '_CONDA_ROOT': '/home/wy/miniconda3', 'GIO_LAUNCHED_DESKTOP_FILE_PID': '4319', 'VSCODE_CRASH_REPORTER_PROCESS_TYPE': 'extensionHost', 'VSCODE_L10N_BUNDLE_LOCATION': 'file:///home/wy/.cursor/extensions/ms-ceintl.vscode-language-pack-zh-hans-1.105.0-universal/translations/extensions/vscode.markdown-language-features.i18n.json', 'ROS_DISTRO': 'humble', 'GTK_IM_MODULE': 'fcitx', 'LOGNAME': 'wy', 'FORCE_COLOR': '0', 'JOURNAL_STREAM': '8:4582', 'PULSE_SERVER': 'unix:/run/user/1000/pulse/native', '_': '/usr/bin/colcon', 'ROS_VERSION': '2', 'XDG_SESSION_CLASS': 'user', 'TERM': 'dumb', 'EVERYSPHERE_RIPGREP_PATH': '/usr/share/cursor/resources/app/node_modules/@vscode/ripgrep/bin/rg', 'GNOME_DESKTOP_SESSION_ID': 'this-is-deprecated', 'ROS_LOCALHOST_ONLY': '0', 'COMPOSER_NO_INTERACTION': '1', 'PATH': '/opt/ros/humble/bin:/home/wy/miniconda3/bin:/home/wy/miniconda3/condabin:/usr/local/sbin:/usr/local/bin:/usr/sbin:/usr/bin:/sbin:/bin:/usr/games:/usr/local/games:/snap/bin', 'SESSION_MANAGER': 'local/RS-wy:@/tmp/.ICE-unix/2014,unix/RS-wy:/tmp/.ICE-unix/2014', 'GDM_LANG': 'zh_CN', 'INVOCATION_ID': 'c6a3f89f6b454dbf918acce74c81da87', 'PAPERSIZE': 'letter', 'XDG_SESSION_PATH': '/org/freedesktop/DisplayManager/Session0', 'XDG_MENU_PREFIX': 'gnome-', 'LC_ADDRESS': 'en_US.UTF-8', 'VSCODE_PROCESS_TITLE': 'extension-host  [1-1]', 'XDG_RUNTIME_DIR': '/run/user/1000', 'GDK_BACKEND': 'x11', 'CURSOR_AGENT': '1', 'DISPLAY': ':0', 'LANG': 'zh_CN.UTF-8', 'XDG_CURRENT_DESKTOP': 'Unity', 'LC_TELEPHONE': 'en_US.UTF-8', 'XMODIFIERS': '@im=fcitx', 'XDG_SESSION_DESKTOP': 'ubuntu', 'XAUTHORITY': '/home/wy/.Xauthority', 'CURSOR_TRACE_ID': 'da48cbd846724de5baed2538453d3fa1', 'SSH_AGENT_LAUNCHER': 'gnome-keyring', 'SSH_AUTH_SOCK': '/run/user/1000/keyring/ssh', 'GSETTINGS_SCHEMA_DIR': '/home/wy/data', 'XDG_GREETER_DATA_DIR': '/var/lib/lightdm-data/wy', 'AMENT_PREFIX_PATH': '/opt/ros/humble', 'CONDA_PYTHON_EXE': '/home/wy/miniconda3/bin/python', 'ORIGINAL_XDG_CURRENT_DESKTOP': 'ubuntu:GNOME', 'SHELL': '/bin/bash', 'LC_NAME': 'en_US.UTF-8', 'QT_ACCESSIBILITY': '1', 'GDMSESSION': 'ubuntu', 'LESSCLOSE': '/usr/bin/lesspipe %s %s', 'CONDA_DEFAULT_ENV': 'base', 'LC_MEASUREMENT': 'en_US.UTF-8', 'GPG_AGENT_INFO': '/run/user/1000/gnupg/S.gpg-agent:0:1', '_CONDA_EXE': '/home/wy/miniconda3/bin/conda', 'LC_IDENTIFICATION': 'en_US.UTF-8', 'QT_IM_MODULE': 'fcitx', 'PWD': '/home/wy/RS/A3/ros2_ws/build/rs_a3_teleop', 'LC_ALL': 'en_US.UTF-8', 'XDG_CONFIG_DIRS': '/etc/xdg/xdg-ubuntu:/etc/xdg', 'CONDA_EXE': '/home/wy/miniconda3/bin/conda', 'VSCODE_CODE_CACHE_PATH': '/home/wy/.config/Cursor/CachedData/20adc1003928b0f1b99305dbaf845656ff81f5d0', 'XDG_DATA_DIRS': '/usr/share/ubuntu:/usr/share/gnome:/usr/local/share:/usr/share:/var/lib/snapd/desktop', 'PYTHONPATH': '/home/wy/RS/A3/ros2_ws/build/rs_a3_teleop/prefix_override:/usr/lib/python3/dist-packages/colcon_core/task/python/colcon_distutils_commands:/home/wy/RS/A3/ros2_ws/install/rs_a3_teleop/lib/python3.10/site-packages:/opt/ros/humble/lib/python3.10/site-packages:/opt/ros/humble/local/lib/python3.10/dist-packages', 'LC_NUMERIC': 'en_US.UTF-8', 'CONDA_PREFIX': '/home/wy/miniconda3', 'LC_PAPER': 'en_US.UTF-8', 'COLCON': '1', '_ZO_DOCTOR': '0', 'VSCODE_PID': '4319'}, 'shell': False}
[0.299924] (-) TimerEvent: {}
[0.371797] (rs_a3_teleop) StdoutLine: {'line': b'running develop\n'}
[0.399996] (-) TimerEvent: {}
[0.428781] (rs_a3_teleop) StdoutLine: {'line': b'running egg_info\n'}
[0.429265] (rs_a3_teleop) StdoutLine: {'line': b'writing rs_a3_teleop.egg-info/PKG-INFO\n'}
[0.429320] (rs_a3_teleop) StdoutLine: {'line': b'writing dependency_links to rs_a3_teleop.egg-info/dependency_links.txt\n'}
[0.429347] (rs_a3_teleop) StdoutLine: {'line': b'writing entry points to rs_a3_teleop.egg-info/entry_points.txt\n'}
[0.429369] (rs_a3_teleop) StdoutLine: {'line': b'writing requirements to rs_a3_teleop.egg-info/requires.txt\n'}
[0.429391] (rs_a3_teleop) StdoutLine: {'line': b'writing top-level names to rs_a3_teleop.egg-info/top_level.txt\n'}
[0.430022] (rs_a3_teleop) StdoutLine: {'line': b"reading manifest file 'rs_a3_teleop.egg-info/SOURCES.txt'\n"}
[0.430062] (rs_a3_teleop) StdoutLine: {'line': b"writing manifest file 'rs_a3_teleop.egg-info/SOURCES.txt'\n"}
[0.430686] (rs_a3_teleop) StdoutLine: {'line': b'running build_ext\n'}
[0.430898] (rs_a3_teleop) StdoutLine: {'line': b'Creating /home/wy/RS/A3/ros2_ws/install/rs_a3_teleop/lib/python3.10/site-packages/rs-a3-teleop.egg-link (link to .)\n'}
[0.431078] (rs_a3_teleop) StdoutLine: {'line': b'Installing xbox_servo_teleop_node script to /home/wy/RS/A3/ros2_ws/install/rs_a3_teleop/lib/rs_a3_teleop\n'}
[0.431548] (rs_a3_teleop) StdoutLine: {'line': b'Installing xbox_teleop_node script to /home/wy/RS/A3/ros2_ws/install/rs_a3_teleop/lib/rs_a3_teleop\n'}
[0.431578] (rs_a3_teleop) StdoutLine: {'line': b'\n'}
[0.431599] (rs_a3_teleop) StdoutLine: {'line': b'Installed /home/wy/RS/A3/ros2_ws/build/rs_a3_teleop\n'}
[0.431620] (rs_a3_teleop) StdoutLine: {'line': b'running symlink_data\n'}
[0.444451] (rs_a3_teleop) CommandEnded: {'returncode': 0}
[0.450103] (rs_a3_teleop) JobEnded: {'identifier': 'rs_a3_teleop', 'rc': 0}
[0.450713] (-) EventReactorShutdown: {}
