[100%] Built target rs_a3_hardware
-- Install configuration: ""
-- Up-to-date: /home/ubuntu/rs_arm/install/rs_a3_hardware/share/rs_a3_hardware/rs_a3_hardware_plugin.xml
-- Up-to-date: /home/ubuntu/rs_arm/install/rs_a3_hardware/lib/librs_a3_hardware.so
-- Up-to-date: /home/ubuntu/rs_arm/install/rs_a3_hardware/include
-- Up-to-date: /home/ubuntu/rs_arm/install/rs_a3_hardware/include/rs_a3_hardware
-- Up-to-date: /home/ubuntu/rs_arm/install/rs_a3_hardware/include/rs_a3_hardware/rs_a3_hardware.hpp
-- Up-to-date: /home/ubuntu/rs_arm/install/rs_a3_hardware/include/rs_a3_hardware/s_curve_generator.hpp
-- Up-to-date: /home/ubuntu/rs_arm/install/rs_a3_hardware/include/rs_a3_hardware/robstride_can_driver.hpp
-- Up-to-date: /home/ubuntu/rs_arm/install/rs_a3_hardware/share/rs_a3_hardware/rs_a3_hardware_plugin.xml
-- Up-to-date: /home/ubuntu/rs_arm/install/rs_a3_hardware/share/rs_a3_hardware/environment/library_path.sh
-- Up-to-date: /home/ubuntu/rs_arm/install/rs_a3_hardware/share/rs_a3_hardware/environment/library_path.dsv
-- Up-to-date: /home/ubuntu/rs_arm/install/rs_a3_hardware/share/ament_index/resource_index/package_run_dependencies/rs_a3_hardware
-- Up-to-date: /home/ubuntu/rs_arm/install/rs_a3_hardware/share/ament_index/resource_index/parent_prefix_path/rs_a3_hardware
-- Up-to-date: /home/ubuntu/rs_arm/install/rs_a3_hardware/share/rs_a3_hardware/environment/ament_prefix_path.sh
-- Up-to-date: /home/ubuntu/rs_arm/install/rs_a3_hardware/share/rs_a3_hardware/environment/ament_prefix_path.dsv
-- Up-to-date: /home/ubuntu/rs_arm/install/rs_a3_hardware/share/rs_a3_hardware/environment/path.sh
-- Up-to-date: /home/ubuntu/rs_arm/install/rs_a3_hardware/share/rs_a3_hardware/environment/path.dsv
-- Up-to-date: /home/ubuntu/rs_arm/install/rs_a3_hardware/share/rs_a3_hardware/local_setup.bash
-- Up-to-date: /home/ubuntu/rs_arm/install/rs_a3_hardware/share/rs_a3_hardware/local_setup.sh
-- Up-to-date: /home/ubuntu/rs_arm/install/rs_a3_hardware/share/rs_a3_hardware/local_setup.zsh
-- Up-to-date: /home/ubuntu/rs_arm/install/rs_a3_hardware/share/rs_a3_hardware/local_setup.dsv
-- Up-to-date: /home/ubuntu/rs_arm/install/rs_a3_hardware/share/rs_a3_hardware/package.dsv
-- Up-to-date: /home/ubuntu/rs_arm/install/rs_a3_hardware/share/ament_index/resource_index/packages/rs_a3_hardware
-- Up-to-date: /home/ubuntu/rs_arm/install/rs_a3_hardware/share/ament_index/resource_index/hardware_interface__pluginlib__plugin/rs_a3_hardware
-- Up-to-date: /home/ubuntu/rs_arm/install/rs_a3_hardware/share/rs_a3_hardware/cmake/export_rs_a3_hardwareExport.cmake
-- Up-to-date: /home/ubuntu/rs_arm/install/rs_a3_hardware/share/rs_a3_hardware/cmake/export_rs_a3_hardwareExport-noconfig.cmake
-- Up-to-date: /home/ubuntu/rs_arm/install/rs_a3_hardware/share/rs_a3_hardware/cmake/ament_cmake_export_include_directories-extras.cmake
-- Up-to-date: /home/ubuntu/rs_arm/install/rs_a3_hardware/share/rs_a3_hardware/cmake/ament_cmake_export_libraries-extras.cmake
-- Up-to-date: /home/ubuntu/rs_arm/install/rs_a3_hardware/share/rs_a3_hardware/cmake/ament_cmake_export_targets-extras.cmake
-- Up-to-date: /home/ubuntu/rs_arm/install/rs_a3_hardware/share/rs_a3_hardware/cmake/rs_a3_hardwareConfig.cmake
-- Up-to-date: /home/ubuntu/rs_arm/install/rs_a3_hardware/share/rs_a3_hardware/cmake/rs_a3_hardwareConfig-version.cmake
-- Up-to-date: /home/ubuntu/rs_arm/install/rs_a3_hardware/share/rs_a3_hardware/package.xml
