running egg_info
creating ../../build/rs_a3_teleop/rs_a3_teleop.egg-info
writing ../../build/rs_a3_teleop/rs_a3_teleop.egg-info/PKG-INFO
writing dependency_links to ../../build/rs_a3_teleop/rs_a3_teleop.egg-info/dependency_links.txt
writing entry points to ../../build/rs_a3_teleop/rs_a3_teleop.egg-info/entry_points.txt
writing requirements to ../../build/rs_a3_teleop/rs_a3_teleop.egg-info/requires.txt
writing top-level names to ../../build/rs_a3_teleop/rs_a3_teleop.egg-info/top_level.txt
writing manifest file '../../build/rs_a3_teleop/rs_a3_teleop.egg-info/SOURCES.txt'
reading manifest file '../../build/rs_a3_teleop/rs_a3_teleop.egg-info/SOURCES.txt'
writing manifest file '../../build/rs_a3_teleop/rs_a3_teleop.egg-info/SOURCES.txt'
running build
running build_py
creating /home/wy/RS/A3/ros2_ws/build/rs_a3_teleop/build
creating /home/wy/RS/A3/ros2_ws/build/rs_a3_teleop/build/lib
creating /home/wy/RS/A3/ros2_ws/build/rs_a3_teleop/build/lib/rs_a3_teleop
copying rs_a3_teleop/xbox_servo_teleop.py -> /home/wy/RS/A3/ros2_ws/build/rs_a3_teleop/build/lib/rs_a3_teleop
copying rs_a3_teleop/__init__.py -> /home/wy/RS/A3/ros2_ws/build/rs_a3_teleop/build/lib/rs_a3_teleop
copying rs_a3_teleop/xbox_teleop_node.py -> /home/wy/RS/A3/ros2_ws/build/rs_a3_teleop/build/lib/rs_a3_teleop
running install
running install_lib
creating /home/wy/RS/A3/ros2_ws/install/rs_a3_teleop/lib/python3.10/site-packages/rs_a3_teleop
copying /home/wy/RS/A3/ros2_ws/build/rs_a3_teleop/build/lib/rs_a3_teleop/xbox_servo_teleop.py -> /home/wy/RS/A3/ros2_ws/install/rs_a3_teleop/lib/python3.10/site-packages/rs_a3_teleop
copying /home/wy/RS/A3/ros2_ws/build/rs_a3_teleop/build/lib/rs_a3_teleop/__init__.py -> /home/wy/RS/A3/ros2_ws/install/rs_a3_teleop/lib/python3.10/site-packages/rs_a3_teleop
copying /home/wy/RS/A3/ros2_ws/build/rs_a3_teleop/build/lib/rs_a3_teleop/xbox_teleop_node.py -> /home/wy/RS/A3/ros2_ws/install/rs_a3_teleop/lib/python3.10/site-packages/rs_a3_teleop
byte-compiling /home/wy/RS/A3/ros2_ws/install/rs_a3_teleop/lib/python3.10/site-packages/rs_a3_teleop/xbox_servo_teleop.py to xbox_servo_teleop.cpython-310.pyc
byte-compiling /home/wy/RS/A3/ros2_ws/install/rs_a3_teleop/lib/python3.10/site-packages/rs_a3_teleop/__init__.py to __init__.cpython-310.pyc
byte-compiling /home/wy/RS/A3/ros2_ws/install/rs_a3_teleop/lib/python3.10/site-packages/rs_a3_teleop/xbox_teleop_node.py to xbox_teleop_node.cpython-310.pyc
running install_data
creating /home/wy/RS/A3/ros2_ws/install/rs_a3_teleop/share/ament_index
creating /home/wy/RS/A3/ros2_ws/install/rs_a3_teleop/share/ament_index/resource_index
creating /home/wy/RS/A3/ros2_ws/install/rs_a3_teleop/share/ament_index/resource_index/packages
copying resource/rs_a3_teleop -> /home/wy/RS/A3/ros2_ws/install/rs_a3_teleop/share/ament_index/resource_index/packages
copying package.xml -> /home/wy/RS/A3/ros2_ws/install/rs_a3_teleop/share/rs_a3_teleop
creating /home/wy/RS/A3/ros2_ws/install/rs_a3_teleop/share/rs_a3_teleop/launch
copying launch/xbox_teleop.launch.py -> /home/wy/RS/A3/ros2_ws/install/rs_a3_teleop/share/rs_a3_teleop/launch
copying launch/xbox_servo_teleop.launch.py -> /home/wy/RS/A3/ros2_ws/install/rs_a3_teleop/share/rs_a3_teleop/launch
copying launch/simple_teleop.launch.py -> /home/wy/RS/A3/ros2_ws/install/rs_a3_teleop/share/rs_a3_teleop/launch
copying launch/complete_teleop.launch.py -> /home/wy/RS/A3/ros2_ws/install/rs_a3_teleop/share/rs_a3_teleop/launch
creating /home/wy/RS/A3/ros2_ws/install/rs_a3_teleop/share/rs_a3_teleop/config
copying config/moveit_servo_config.yaml -> /home/wy/RS/A3/ros2_ws/install/rs_a3_teleop/share/rs_a3_teleop/config
copying config/xbox_servo_teleop.yaml -> /home/wy/RS/A3/ros2_ws/install/rs_a3_teleop/share/rs_a3_teleop/config
copying config/xbox_teleop.yaml -> /home/wy/RS/A3/ros2_ws/install/rs_a3_teleop/share/rs_a3_teleop/config
running install_egg_info
Copying ../../build/rs_a3_teleop/rs_a3_teleop.egg-info to /home/wy/RS/A3/ros2_ws/install/rs_a3_teleop/lib/python3.10/site-packages/rs_a3_teleop-0.0.1-py3.10.egg-info
running install_scripts
Installing xbox_servo_teleop_node script to /home/wy/RS/A3/ros2_ws/install/rs_a3_teleop/lib/rs_a3_teleop
Installing xbox_teleop_node script to /home/wy/RS/A3/ros2_ws/install/rs_a3_teleop/lib/rs_a3_teleop
writing list of installed files to '/home/wy/RS/A3/ros2_ws/build/rs_a3_teleop/install.log'
