[0.257s] Invoking command in '/home/wy/RS/A3/ros2_ws/src/rs_a3_teleop': CONDA_PROMPT_MODIFIER=(base) PYTHONPATH=/home/wy/RS/A3/ros2_ws/build/rs_a3_teleop/prefix_override:/usr/lib/python3/dist-packages/colcon_core/task/python/colcon_distutils_commands:/home/wy/RS/A3/ros2_ws/install/rs_a3_teleop/lib/python3.10/site-packages:${PYTHONPATH} /usr/bin/python3 -W ignore:setup.py install is deprecated -W ignore:easy_install command is deprecated setup.py egg_info --egg-base ../../build/rs_a3_teleop build --build-base /home/wy/RS/A3/ros2_ws/build/rs_a3_teleop/build install --record /home/wy/RS/A3/ros2_ws/build/rs_a3_teleop/install.log --single-version-externally-managed install_data
[0.349s] running egg_info
[0.349s] creating ../../build/rs_a3_teleop/rs_a3_teleop.egg-info
[0.349s] writing ../../build/rs_a3_teleop/rs_a3_teleop.egg-info/PKG-INFO
[0.349s] writing dependency_links to ../../build/rs_a3_teleop/rs_a3_teleop.egg-info/dependency_links.txt
[0.350s] writing entry points to ../../build/rs_a3_teleop/rs_a3_teleop.egg-info/entry_points.txt
[0.350s] writing requirements to ../../build/rs_a3_teleop/rs_a3_teleop.egg-info/requires.txt
[0.350s] writing top-level names to ../../build/rs_a3_teleop/rs_a3_teleop.egg-info/top_level.txt
[0.350s] writing manifest file '../../build/rs_a3_teleop/rs_a3_teleop.egg-info/SOURCES.txt'
[0.350s] reading manifest file '../../build/rs_a3_teleop/rs_a3_teleop.egg-info/SOURCES.txt'
[0.350s] writing manifest file '../../build/rs_a3_teleop/rs_a3_teleop.egg-info/SOURCES.txt'
[0.351s] running build
[0.351s] running build_py
[0.351s] creating /home/wy/RS/A3/ros2_ws/build/rs_a3_teleop/build
[0.351s] creating /home/wy/RS/A3/ros2_ws/build/rs_a3_teleop/build/lib
[0.351s] creating /home/wy/RS/A3/ros2_ws/build/rs_a3_teleop/build/lib/rs_a3_teleop
[0.351s] copying rs_a3_teleop/xbox_servo_teleop.py -> /home/wy/RS/A3/ros2_ws/build/rs_a3_teleop/build/lib/rs_a3_teleop
[0.351s] copying rs_a3_teleop/__init__.py -> /home/wy/RS/A3/ros2_ws/build/rs_a3_teleop/build/lib/rs_a3_teleop
[0.351s] copying rs_a3_teleop/xbox_teleop_node.py -> /home/wy/RS/A3/ros2_ws/build/rs_a3_teleop/build/lib/rs_a3_teleop
[0.351s] running install
[0.351s] running install_lib
[0.351s] creating /home/wy/RS/A3/ros2_ws/install/rs_a3_teleop/lib/python3.10/site-packages/rs_a3_teleop
[0.351s] copying /home/wy/RS/A3/ros2_ws/build/rs_a3_teleop/build/lib/rs_a3_teleop/xbox_servo_teleop.py -> /home/wy/RS/A3/ros2_ws/install/rs_a3_teleop/lib/python3.10/site-packages/rs_a3_teleop
[0.351s] copying /home/wy/RS/A3/ros2_ws/build/rs_a3_teleop/build/lib/rs_a3_teleop/__init__.py -> /home/wy/RS/A3/ros2_ws/install/rs_a3_teleop/lib/python3.10/site-packages/rs_a3_teleop
[0.351s] copying /home/wy/RS/A3/ros2_ws/build/rs_a3_teleop/build/lib/rs_a3_teleop/xbox_teleop_node.py -> /home/wy/RS/A3/ros2_ws/install/rs_a3_teleop/lib/python3.10/site-packages/rs_a3_teleop
[0.352s] byte-compiling /home/wy/RS/A3/ros2_ws/install/rs_a3_teleop/lib/python3.10/site-packages/rs_a3_teleop/xbox_servo_teleop.py to xbox_servo_teleop.cpython-310.pyc
[0.352s] byte-compiling /home/wy/RS/A3/ros2_ws/install/rs_a3_teleop/lib/python3.10/site-packages/rs_a3_teleop/__init__.py to __init__.cpython-310.pyc
[0.352s] byte-compiling /home/wy/RS/A3/ros2_ws/install/rs_a3_teleop/lib/python3.10/site-packages/rs_a3_teleop/xbox_teleop_node.py to xbox_teleop_node.cpython-310.pyc
[0.353s] running install_data
[0.353s] creating /home/wy/RS/A3/ros2_ws/install/rs_a3_teleop/share/ament_index
[0.353s] creating /home/wy/RS/A3/ros2_ws/install/rs_a3_teleop/share/ament_index/resource_index
[0.354s] creating /home/wy/RS/A3/ros2_ws/install/rs_a3_teleop/share/ament_index/resource_index/packages
[0.354s] copying resource/rs_a3_teleop -> /home/wy/RS/A3/ros2_ws/install/rs_a3_teleop/share/ament_index/resource_index/packages
[0.354s] copying package.xml -> /home/wy/RS/A3/ros2_ws/install/rs_a3_teleop/share/rs_a3_teleop
[0.354s] creating /home/wy/RS/A3/ros2_ws/install/rs_a3_teleop/share/rs_a3_teleop/launch
[0.354s] copying launch/xbox_teleop.launch.py -> /home/wy/RS/A3/ros2_ws/install/rs_a3_teleop/share/rs_a3_teleop/launch
[0.354s] copying launch/xbox_servo_teleop.launch.py -> /home/wy/RS/A3/ros2_ws/install/rs_a3_teleop/share/rs_a3_teleop/launch
[0.354s] copying launch/simple_teleop.launch.py -> /home/wy/RS/A3/ros2_ws/install/rs_a3_teleop/share/rs_a3_teleop/launch
[0.354s] copying launch/complete_teleop.launch.py -> /home/wy/RS/A3/ros2_ws/install/rs_a3_teleop/share/rs_a3_teleop/launch
[0.355s] creating /home/wy/RS/A3/ros2_ws/install/rs_a3_teleop/share/rs_a3_teleop/config
[0.355s] copying config/moveit_servo_config.yaml -> /home/wy/RS/A3/ros2_ws/install/rs_a3_teleop/share/rs_a3_teleop/config
[0.355s] copying config/xbox_servo_teleop.yaml -> /home/wy/RS/A3/ros2_ws/install/rs_a3_teleop/share/rs_a3_teleop/config
[0.355s] copying config/xbox_teleop.yaml -> /home/wy/RS/A3/ros2_ws/install/rs_a3_teleop/share/rs_a3_teleop/config
[0.355s] running install_egg_info
[0.355s] Copying ../../build/rs_a3_teleop/rs_a3_teleop.egg-info to /home/wy/RS/A3/ros2_ws/install/rs_a3_teleop/lib/python3.10/site-packages/rs_a3_teleop-0.0.1-py3.10.egg-info
[0.355s] running install_scripts
[0.364s] Installing xbox_servo_teleop_node script to /home/wy/RS/A3/ros2_ws/install/rs_a3_teleop/lib/rs_a3_teleop
[0.364s] Installing xbox_teleop_node script to /home/wy/RS/A3/ros2_ws/install/rs_a3_teleop/lib/rs_a3_teleop
[0.364s] writing list of installed files to '/home/wy/RS/A3/ros2_ws/build/rs_a3_teleop/install.log'
[0.376s] Invoked command in '/home/wy/RS/A3/ros2_ws/src/rs_a3_teleop' returned '0': CONDA_PROMPT_MODIFIER=(base) PYTHONPATH=/home/wy/RS/A3/ros2_ws/build/rs_a3_teleop/prefix_override:/usr/lib/python3/dist-packages/colcon_core/task/python/colcon_distutils_commands:/home/wy/RS/A3/ros2_ws/install/rs_a3_teleop/lib/python3.10/site-packages:${PYTHONPATH} /usr/bin/python3 -W ignore:setup.py install is deprecated -W ignore:easy_install command is deprecated setup.py egg_info --egg-base ../../build/rs_a3_teleop build --build-base /home/wy/RS/A3/ros2_ws/build/rs_a3_teleop/build install --record /home/wy/RS/A3/ros2_ws/build/rs_a3_teleop/install.log --single-version-externally-managed install_data
