[0.000000] (-) TimerEvent: {}
[0.000039] (-) JobUnselected: {'identifier': 'rs_a3_description'}
[0.000052] (-) JobUnselected: {'identifier': 'rs_a3_description'}
[0.000059] (-) JobUnselected: {'identifier': 'rs_a3_moveit_config'}
[0.000065] (-) JobUnselected: {'identifier': 'rs_a3_teleop'}
[0.000072] (rs_a3_hardware) JobQueued: {'identifier': 'rs_a3_hardware', 'dependencies': OrderedDict()}
[0.000603] (rs_a3_hardware) JobStarted: {'identifier': 'rs_a3_hardware'}
[0.003783] (rs_a3_hardware) JobProgress: {'identifier': 'rs_a3_hardware', 'progress': 'cmake'}
[0.003951] (rs_a3_hardware) Command: {'cmd': ['/usr/bin/cmake', '/home/wy/RS/A3/ros2_ws/src/rs_a3_hardware', '-DCMAKE_INSTALL_PREFIX=/home/wy/RS/A3/install/rs_a3_hardware'], 'cwd': '/home/wy/RS/A3/build/rs_a3_hardware', 'env': OrderedDict([('LESSOPEN', '| /usr/bin/lesspipe %s'), ('VSCODE_CWD', '/home/wy'), ('VSCODE_ESM_ENTRYPOINT', 'vs/workbench/api/node/extensionHostProcess'), ('CONDA_PROMPT_MODIFIER', '(base)'), ('LANGUAGE', 'zh_CN:en'), ('USER', 'wy'), ('LC_TIME', 'en_US.UTF-8'), ('VSCODE_NLS_CONFIG', '{"userLocale":"zh-cn","osLocale":"zh-cn","resolvedLanguage":"zh-cn","defaultMessagesFile":"/usr/share/cursor/resources/app/out/nls.messages.json","languagePack":{"translationsConfigFile":"/home/wy/.config/Cursor/clp/3bfb7f1471a52e527cfc1587dd57c7c1.zh-cn/tcf.json","messagesFile":"/home/wy/.config/Cursor/clp/3bfb7f1471a52e527cfc1587dd57c7c1.zh-cn/20adc1003928b0f1b99305dbaf845656ff81f5d0/nls.messages.json","corruptMarkerFile":"/home/wy/.config/Cursor/clp/3bfb7f1471a52e527cfc1587dd57c7c1.zh-cn/corrupted.info"},"locale":"zh-cn","availableLanguages":{"*":"zh-cn"},"_languagePackId":"3bfb7f1471a52e527cfc1587dd57c7c1.zh-cn","_languagePackSupport":true,"_translationsConfigFile":"/home/wy/.config/Cursor/clp/3bfb7f1471a52e527cfc1587dd57c7c1.zh-cn/tcf.json","_cacheRoot":"/home/wy/.config/Cursor/clp/3bfb7f1471a52e527cfc1587dd57c7c1.zh-cn","_resolvedLanguagePackCoreLocation":"/home/wy/.config/Cursor/clp/3bfb7f1471a52e527cfc1587dd57c7c1.zh-cn/20adc1003928b0f1b99305dbaf845656ff81f5d0","_corruptedFile":"/home/wy/.config/Cursor/clp/3bfb7f1471a52e527cfc1587dd57c7c1.zh-cn/corrupted.info"}'), ('VSCODE_HANDLES_UNCAUGHT_ERRORS', 'true'), ('XDG_SESSION_TYPE', 'x11'), ('SHLVL', '0'), ('LD_LIBRARY_PATH', '/opt/ros/humble/opt/rviz_ogre_vendor/lib:/opt/ros/humble/lib/x86_64-linux-gnu:/opt/ros/humble/lib::/home/wy/miniconda3/envs/rl_gpu/lib'), ('HOME', '/home/wy'), ('CHROME_DESKTOP', 'cursor.desktop'), ('CONDA_SHLVL', '1'), ('OLDPWD', '/home/wy/RS/A3'), ('DESKTOP_SESSION', 'ubuntu'), ('VSCODE_IPC_HOOK', '/run/user/1000/vscode-ffeb21a4-2.2.-main.sock'), ('GIO_LAUNCHED_DESKTOP_FILE', '/usr/share/applications/cursor.desktop'), ('ROS_PYTHON_VERSION', '3'), ('GNOME_SHELL_SESSION_MODE', 'ubuntu'), ('GTK_MODULES', 'gail:atk-bridge'), ('XDG_SEAT_PATH', '/org/freedesktop/DisplayManager/Seat0'), ('LC_MONETARY', 'en_US.UTF-8'), ('MANAGERPID', '1821'), ('SYSTEMD_EXEC_PID', '2014'), ('NO_COLOR', '1'), ('DBUS_SESSION_BUS_ADDRESS', 'unix:path=/run/user/1000/bus'), ('_CONDA_ROOT', '/home/wy/miniconda3'), ('GIO_LAUNCHED_DESKTOP_FILE_PID', '4319'), ('VSCODE_CRASH_REPORTER_PROCESS_TYPE', 'extensionHost'), ('VSCODE_L10N_BUNDLE_LOCATION', 'file:///home/wy/.cursor/extensions/ms-ceintl.vscode-language-pack-zh-hans-1.105.0-universal/translations/extensions/vscode.markdown-language-features.i18n.json'), ('ROS_DISTRO', 'humble'), ('GTK_IM_MODULE', 'fcitx'), ('LOGNAME', 'wy'), ('FORCE_COLOR', '0'), ('JOURNAL_STREAM', '8:4582'), ('PULSE_SERVER', 'unix:/run/user/1000/pulse/native'), ('_', '/usr/bin/colcon'), ('ROS_VERSION', '2'), ('XDG_SESSION_CLASS', 'user'), ('TERM', 'dumb'), ('EVERYSPHERE_RIPGREP_PATH', '/usr/share/cursor/resources/app/node_modules/@vscode/ripgrep/bin/rg'), ('GNOME_DESKTOP_SESSION_ID', 'this-is-deprecated'), ('ROS_LOCALHOST_ONLY', '0'), ('COMPOSER_NO_INTERACTION', '1'), ('PATH', '/opt/ros/humble/bin:/usr/bin:/home/wy/miniconda3/bin:/home/wy/miniconda3/condabin:/usr/local/sbin:/usr/local/bin:/usr/sbin:/usr/bin:/sbin:/bin:/usr/games:/usr/local/games:/snap/bin'), ('SESSION_MANAGER', 'local/RS-wy:@/tmp/.ICE-unix/2014,unix/RS-wy:/tmp/.ICE-unix/2014'), ('GDM_LANG', 'zh_CN'), ('INVOCATION_ID', 'c6a3f89f6b454dbf918acce74c81da87'), ('PAPERSIZE', 'letter'), ('XDG_SESSION_PATH', '/org/freedesktop/DisplayManager/Session0'), ('XDG_MENU_PREFIX', 'gnome-'), ('LC_ADDRESS', 'en_US.UTF-8'), ('VSCODE_PROCESS_TITLE', 'extension-host  [1-1]'), ('XDG_RUNTIME_DIR', '/run/user/1000'), ('GDK_BACKEND', 'x11'), ('CURSOR_AGENT', '1'), ('DISPLAY', ':0'), ('LANG', 'zh_CN.UTF-8'), ('XDG_CURRENT_DESKTOP', 'Unity'), ('LC_TELEPHONE', 'en_US.UTF-8'), ('XMODIFIERS', '@im=fcitx'), ('XDG_SESSION_DESKTOP', 'ubuntu'), ('XAUTHORITY', '/home/wy/.Xauthority'), ('CURSOR_TRACE_ID', 'da48cbd846724de5baed2538453d3fa1'), ('SSH_AGENT_LAUNCHER', 'gnome-keyring'), ('SSH_AUTH_SOCK', '/run/user/1000/keyring/ssh'), ('GSETTINGS_SCHEMA_DIR', '/home/wy/data'), ('XDG_GREETER_DATA_DIR', '/var/lib/lightdm-data/wy'), ('AMENT_PREFIX_PATH', '/opt/ros/humble'), ('CONDA_PYTHON_EXE', '/home/wy/miniconda3/bin/python'), ('ORIGINAL_XDG_CURRENT_DESKTOP', 'ubuntu:GNOME'), ('SHELL', '/bin/bash'), ('LC_NAME', 'en_US.UTF-8'), ('QT_ACCESSIBILITY', '1'), ('GDMSESSION', 'ubuntu'), ('LESSCLOSE', '/usr/bin/lesspipe %s %s'), ('CONDA_DEFAULT_ENV', 'base'), ('LC_MEASUREMENT', 'en_US.UTF-8'), ('GPG_AGENT_INFO', '/run/user/1000/gnupg/S.gpg-agent:0:1'), ('_CONDA_EXE', '/home/wy/miniconda3/bin/conda'), ('LC_IDENTIFICATION', 'en_US.UTF-8'), ('QT_IM_MODULE', 'fcitx'), ('PWD', '/home/wy/RS/A3/build/rs_a3_hardware'), ('LC_ALL', 'en_US.UTF-8'), ('XDG_CONFIG_DIRS', '/etc/xdg/xdg-ubuntu:/etc/xdg'), ('CONDA_EXE', '/home/wy/miniconda3/bin/conda'), ('VSCODE_CODE_CACHE_PATH', '/home/wy/.config/Cursor/CachedData/20adc1003928b0f1b99305dbaf845656ff81f5d0'), ('XDG_DATA_DIRS', '/usr/share/ubuntu:/usr/share/gnome:/usr/local/share:/usr/share:/var/lib/snapd/desktop'), ('PYTHONPATH', '/opt/ros/humble/lib/python3.10/site-packages:/opt/ros/humble/local/lib/python3.10/dist-packages'), ('LC_NUMERIC', 'en_US.UTF-8'), ('CONDA_PREFIX', '/home/wy/miniconda3'), ('LC_PAPER', 'en_US.UTF-8'), ('COLCON', '1'), ('_ZO_DOCTOR', '0'), ('VSCODE_PID', '4319'), ('CMAKE_PREFIX_PATH', '/opt/ros/humble')]), 'shell': False}
[0.037711] (rs_a3_hardware) StdoutLine: {'line': b'-- The C compiler identification is GNU 11.4.0\n'}
[0.064805] (rs_a3_hardware) StdoutLine: {'line': b'-- The CXX compiler identification is GNU 11.4.0\n'}
[0.068413] (rs_a3_hardware) StdoutLine: {'line': b'-- Detecting C compiler ABI info\n'}
[0.100185] (-) TimerEvent: {}
[0.103374] (rs_a3_hardware) StdoutLine: {'line': b'-- Detecting C compiler ABI info - done\n'}
[0.106566] (rs_a3_hardware) StdoutLine: {'line': b'-- Check for working C compiler: /usr/bin/cc - skipped\n'}
[0.106748] (rs_a3_hardware) StdoutLine: {'line': b'-- Detecting C compile features\n'}
[0.107139] (rs_a3_hardware) StdoutLine: {'line': b'-- Detecting C compile features - done\n'}
[0.108414] (rs_a3_hardware) StdoutLine: {'line': b'-- Detecting CXX compiler ABI info\n'}
[0.149640] (rs_a3_hardware) StdoutLine: {'line': b'-- Detecting CXX compiler ABI info - done\n'}
[0.152973] (rs_a3_hardware) StdoutLine: {'line': b'-- Check for working CXX compiler: /usr/bin/c++ - skipped\n'}
[0.153198] (rs_a3_hardware) StdoutLine: {'line': b'-- Detecting CXX compile features\n'}
[0.153652] (rs_a3_hardware) StdoutLine: {'line': b'-- Detecting CXX compile features - done\n'}
[0.154437] (rs_a3_hardware) StdoutLine: {'line': b'-- Found ament_cmake: 1.3.12 (/opt/ros/humble/share/ament_cmake/cmake)\n'}
[0.200266] (-) TimerEvent: {}
[0.223980] (rs_a3_hardware) StdoutLine: {'line': b'-- Found Python3: /usr/bin/python3 (found version "3.10.12") found components: Interpreter \n'}
[0.265948] (rs_a3_hardware) StdoutLine: {'line': b'-- Found rclcpp: 16.0.16 (/opt/ros/humble/share/rclcpp/cmake)\n'}
[0.284462] (rs_a3_hardware) StdoutLine: {'line': b'-- Found rosidl_generator_c: 3.1.7 (/opt/ros/humble/share/rosidl_generator_c/cmake)\n'}
[0.286539] (rs_a3_hardware) StdoutLine: {'line': b'-- Found rosidl_adapter: 3.1.7 (/opt/ros/humble/share/rosidl_adapter/cmake)\n'}
[0.290250] (rs_a3_hardware) StdoutLine: {'line': b'-- Found rosidl_generator_cpp: 3.1.7 (/opt/ros/humble/share/rosidl_generator_cpp/cmake)\n'}
[0.296216] (rs_a3_hardware) StdoutLine: {'line': b'-- Using all available rosidl_typesupport_c: rosidl_typesupport_fastrtps_c;rosidl_typesupport_introspection_c\n'}
[0.300354] (-) TimerEvent: {}
[0.303286] (rs_a3_hardware) StdoutLine: {'line': b'-- Using all available rosidl_typesupport_cpp: rosidl_typesupport_fastrtps_cpp;rosidl_typesupport_introspection_cpp\n'}
[0.321175] (rs_a3_hardware) StdoutLine: {'line': b'-- Found rmw_implementation_cmake: 6.1.2 (/opt/ros/humble/share/rmw_implementation_cmake/cmake)\n'}
[0.322118] (rs_a3_hardware) StdoutLine: {'line': b'-- Found rmw_fastrtps_cpp: 6.2.9 (/opt/ros/humble/share/rmw_fastrtps_cpp/cmake)\n'}
[0.369134] (rs_a3_hardware) StdoutLine: {'line': b'-- Found OpenSSL: /usr/lib/x86_64-linux-gnu/libcrypto.so (found version "3.0.2")  \n'}
[0.381518] (rs_a3_hardware) StdoutLine: {'line': b'-- Found FastRTPS: /opt/ros/humble/include  \n'}
[0.400444] (-) TimerEvent: {}
[0.401492] (rs_a3_hardware) StdoutLine: {'line': b"-- Using RMW implementation 'rmw_fastrtps_cpp' as default\n"}
[0.405293] (rs_a3_hardware) StdoutLine: {'line': b'-- Looking for pthread.h\n'}
[0.446008] (rs_a3_hardware) StdoutLine: {'line': b'-- Looking for pthread.h - found\n'}
[0.446147] (rs_a3_hardware) StdoutLine: {'line': b'-- Performing Test CMAKE_HAVE_LIBC_PTHREAD\n'}
[0.487205] (rs_a3_hardware) StdoutLine: {'line': b'-- Performing Test CMAKE_HAVE_LIBC_PTHREAD - Success\n'}
[0.487795] (rs_a3_hardware) StdoutLine: {'line': b'-- Found Threads: TRUE  \n'}
[0.500522] (-) TimerEvent: {}
[0.511269] (rs_a3_hardware) StdoutLine: {'line': b'-- Found rclcpp_lifecycle: 16.0.16 (/opt/ros/humble/share/rclcpp_lifecycle/cmake)\n'}
[0.521869] (rs_a3_hardware) StdoutLine: {'line': b'-- Found hardware_interface: 2.52.2 (/opt/ros/humble/share/hardware_interface/cmake)\n'}
[0.579671] (rs_a3_hardware) StdoutLine: {'line': b'-- Found ament_lint_auto: 0.12.14 (/opt/ros/humble/share/ament_lint_auto/cmake)\n'}
[0.601041] (-) TimerEvent: {}
[0.619004] (rs_a3_hardware) StdoutLine: {'line': b"-- Added test 'copyright' to check source files copyright and LICENSE\n"}
[0.619554] (rs_a3_hardware) StdoutLine: {'line': b"-- Added test 'cppcheck' to perform static code analysis on C / C++ code\n"}
[0.619666] (rs_a3_hardware) StdoutLine: {'line': b'-- Configured cppcheck include dirs: /home/wy/RS/A3/ros2_ws/src/rs_a3_hardware/include;$<BUILD_INTERFACE:/home/wy/RS/A3/ros2_ws/src/rs_a3_hardware/include>\n'}
[0.619694] (rs_a3_hardware) StdoutLine: {'line': b'-- Configured cppcheck exclude dirs and/or files: \n'}
[0.620082] (rs_a3_hardware) StdoutLine: {'line': b"-- Added test 'cpplint' to check C / C++ code against the Google style\n"}
[0.620115] (rs_a3_hardware) StdoutLine: {'line': b'-- Configured cpplint exclude dirs and/or files: \n'}
[0.620340] (rs_a3_hardware) StdoutLine: {'line': b"-- Added test 'lint_cmake' to check CMake code style\n"}
[0.620599] (rs_a3_hardware) StdoutLine: {'line': b"-- Added test 'uncrustify' to check C / C++ code style\n"}
[0.620628] (rs_a3_hardware) StdoutLine: {'line': b'-- Configured uncrustify additional arguments: \n'}
[0.620921] (rs_a3_hardware) StdoutLine: {'line': b"-- Added test 'xmllint' to check XML markup files\n"}
[0.621909] (rs_a3_hardware) StdoutLine: {'line': b'-- Configuring done\n'}
[0.627630] (rs_a3_hardware) StdoutLine: {'line': b'-- Generating done\n'}
[0.629588] (rs_a3_hardware) StdoutLine: {'line': b'-- Build files have been written to: /home/wy/RS/A3/build/rs_a3_hardware\n'}
[0.636042] (rs_a3_hardware) CommandEnded: {'returncode': 0}
[0.636410] (rs_a3_hardware) JobProgress: {'identifier': 'rs_a3_hardware', 'progress': 'build'}
[0.636744] (rs_a3_hardware) Command: {'cmd': ['/usr/bin/cmake', '--build', '/home/wy/RS/A3/build/rs_a3_hardware', '--', '-j24', '-l24'], 'cwd': '/home/wy/RS/A3/build/rs_a3_hardware', 'env': OrderedDict([('LESSOPEN', '| /usr/bin/lesspipe %s'), ('VSCODE_CWD', '/home/wy'), ('VSCODE_ESM_ENTRYPOINT', 'vs/workbench/api/node/extensionHostProcess'), ('CONDA_PROMPT_MODIFIER', '(base)'), ('LANGUAGE', 'zh_CN:en'), ('USER', 'wy'), ('LC_TIME', 'en_US.UTF-8'), ('VSCODE_NLS_CONFIG', '{"userLocale":"zh-cn","osLocale":"zh-cn","resolvedLanguage":"zh-cn","defaultMessagesFile":"/usr/share/cursor/resources/app/out/nls.messages.json","languagePack":{"translationsConfigFile":"/home/wy/.config/Cursor/clp/3bfb7f1471a52e527cfc1587dd57c7c1.zh-cn/tcf.json","messagesFile":"/home/wy/.config/Cursor/clp/3bfb7f1471a52e527cfc1587dd57c7c1.zh-cn/20adc1003928b0f1b99305dbaf845656ff81f5d0/nls.messages.json","corruptMarkerFile":"/home/wy/.config/Cursor/clp/3bfb7f1471a52e527cfc1587dd57c7c1.zh-cn/corrupted.info"},"locale":"zh-cn","availableLanguages":{"*":"zh-cn"},"_languagePackId":"3bfb7f1471a52e527cfc1587dd57c7c1.zh-cn","_languagePackSupport":true,"_translationsConfigFile":"/home/wy/.config/Cursor/clp/3bfb7f1471a52e527cfc1587dd57c7c1.zh-cn/tcf.json","_cacheRoot":"/home/wy/.config/Cursor/clp/3bfb7f1471a52e527cfc1587dd57c7c1.zh-cn","_resolvedLanguagePackCoreLocation":"/home/wy/.config/Cursor/clp/3bfb7f1471a52e527cfc1587dd57c7c1.zh-cn/20adc1003928b0f1b99305dbaf845656ff81f5d0","_corruptedFile":"/home/wy/.config/Cursor/clp/3bfb7f1471a52e527cfc1587dd57c7c1.zh-cn/corrupted.info"}'), ('VSCODE_HANDLES_UNCAUGHT_ERRORS', 'true'), ('XDG_SESSION_TYPE', 'x11'), ('SHLVL', '0'), ('LD_LIBRARY_PATH', '/opt/ros/humble/opt/rviz_ogre_vendor/lib:/opt/ros/humble/lib/x86_64-linux-gnu:/opt/ros/humble/lib::/home/wy/miniconda3/envs/rl_gpu/lib'), ('HOME', '/home/wy'), ('CHROME_DESKTOP', 'cursor.desktop'), ('CONDA_SHLVL', '1'), ('OLDPWD', '/home/wy/RS/A3'), ('DESKTOP_SESSION', 'ubuntu'), ('VSCODE_IPC_HOOK', '/run/user/1000/vscode-ffeb21a4-2.2.-main.sock'), ('GIO_LAUNCHED_DESKTOP_FILE', '/usr/share/applications/cursor.desktop'), ('ROS_PYTHON_VERSION', '3'), ('GNOME_SHELL_SESSION_MODE', 'ubuntu'), ('GTK_MODULES', 'gail:atk-bridge'), ('XDG_SEAT_PATH', '/org/freedesktop/DisplayManager/Seat0'), ('LC_MONETARY', 'en_US.UTF-8'), ('MANAGERPID', '1821'), ('SYSTEMD_EXEC_PID', '2014'), ('NO_COLOR', '1'), ('DBUS_SESSION_BUS_ADDRESS', 'unix:path=/run/user/1000/bus'), ('_CONDA_ROOT', '/home/wy/miniconda3'), ('GIO_LAUNCHED_DESKTOP_FILE_PID', '4319'), ('VSCODE_CRASH_REPORTER_PROCESS_TYPE', 'extensionHost'), ('VSCODE_L10N_BUNDLE_LOCATION', 'file:///home/wy/.cursor/extensions/ms-ceintl.vscode-language-pack-zh-hans-1.105.0-universal/translations/extensions/vscode.markdown-language-features.i18n.json'), ('ROS_DISTRO', 'humble'), ('GTK_IM_MODULE', 'fcitx'), ('LOGNAME', 'wy'), ('FORCE_COLOR', '0'), ('JOURNAL_STREAM', '8:4582'), ('PULSE_SERVER', 'unix:/run/user/1000/pulse/native'), ('_', '/usr/bin/colcon'), ('ROS_VERSION', '2'), ('XDG_SESSION_CLASS', 'user'), ('TERM', 'dumb'), ('EVERYSPHERE_RIPGREP_PATH', '/usr/share/cursor/resources/app/node_modules/@vscode/ripgrep/bin/rg'), ('GNOME_DESKTOP_SESSION_ID', 'this-is-deprecated'), ('ROS_LOCALHOST_ONLY', '0'), ('COMPOSER_NO_INTERACTION', '1'), ('PATH', '/opt/ros/humble/bin:/usr/bin:/home/wy/miniconda3/bin:/home/wy/miniconda3/condabin:/usr/local/sbin:/usr/local/bin:/usr/sbin:/usr/bin:/sbin:/bin:/usr/games:/usr/local/games:/snap/bin'), ('SESSION_MANAGER', 'local/RS-wy:@/tmp/.ICE-unix/2014,unix/RS-wy:/tmp/.ICE-unix/2014'), ('GDM_LANG', 'zh_CN'), ('INVOCATION_ID', 'c6a3f89f6b454dbf918acce74c81da87'), ('PAPERSIZE', 'letter'), ('XDG_SESSION_PATH', '/org/freedesktop/DisplayManager/Session0'), ('XDG_MENU_PREFIX', 'gnome-'), ('LC_ADDRESS', 'en_US.UTF-8'), ('VSCODE_PROCESS_TITLE', 'extension-host  [1-1]'), ('XDG_RUNTIME_DIR', '/run/user/1000'), ('GDK_BACKEND', 'x11'), ('CURSOR_AGENT', '1'), ('DISPLAY', ':0'), ('LANG', 'zh_CN.UTF-8'), ('XDG_CURRENT_DESKTOP', 'Unity'), ('LC_TELEPHONE', 'en_US.UTF-8'), ('XMODIFIERS', '@im=fcitx'), ('XDG_SESSION_DESKTOP', 'ubuntu'), ('XAUTHORITY', '/home/wy/.Xauthority'), ('CURSOR_TRACE_ID', 'da48cbd846724de5baed2538453d3fa1'), ('SSH_AGENT_LAUNCHER', 'gnome-keyring'), ('SSH_AUTH_SOCK', '/run/user/1000/keyring/ssh'), ('GSETTINGS_SCHEMA_DIR', '/home/wy/data'), ('XDG_GREETER_DATA_DIR', '/var/lib/lightdm-data/wy'), ('AMENT_PREFIX_PATH', '/opt/ros/humble'), ('CONDA_PYTHON_EXE', '/home/wy/miniconda3/bin/python'), ('ORIGINAL_XDG_CURRENT_DESKTOP', 'ubuntu:GNOME'), ('SHELL', '/bin/bash'), ('LC_NAME', 'en_US.UTF-8'), ('QT_ACCESSIBILITY', '1'), ('GDMSESSION', 'ubuntu'), ('LESSCLOSE', '/usr/bin/lesspipe %s %s'), ('CONDA_DEFAULT_ENV', 'base'), ('LC_MEASUREMENT', 'en_US.UTF-8'), ('GPG_AGENT_INFO', '/run/user/1000/gnupg/S.gpg-agent:0:1'), ('_CONDA_EXE', '/home/wy/miniconda3/bin/conda'), ('LC_IDENTIFICATION', 'en_US.UTF-8'), ('QT_IM_MODULE', 'fcitx'), ('PWD', '/home/wy/RS/A3/build/rs_a3_hardware'), ('LC_ALL', 'en_US.UTF-8'), ('XDG_CONFIG_DIRS', '/etc/xdg/xdg-ubuntu:/etc/xdg'), ('CONDA_EXE', '/home/wy/miniconda3/bin/conda'), ('VSCODE_CODE_CACHE_PATH', '/home/wy/.config/Cursor/CachedData/20adc1003928b0f1b99305dbaf845656ff81f5d0'), ('XDG_DATA_DIRS', '/usr/share/ubuntu:/usr/share/gnome:/usr/local/share:/usr/share:/var/lib/snapd/desktop'), ('PYTHONPATH', '/opt/ros/humble/lib/python3.10/site-packages:/opt/ros/humble/local/lib/python3.10/dist-packages'), ('LC_NUMERIC', 'en_US.UTF-8'), ('CONDA_PREFIX', '/home/wy/miniconda3'), ('LC_PAPER', 'en_US.UTF-8'), ('COLCON', '1'), ('_ZO_DOCTOR', '0'), ('VSCODE_PID', '4319'), ('CMAKE_PREFIX_PATH', '/opt/ros/humble')]), 'shell': False}
[0.666771] (rs_a3_hardware) StdoutLine: {'line': b'[ 33%] Building CXX object CMakeFiles/rs_a3_hardware.dir/src/robstride_can_driver.cpp.o\n'}
[0.666971] (rs_a3_hardware) StdoutLine: {'line': b'[ 66%] Building CXX object CMakeFiles/rs_a3_hardware.dir/src/rs_a3_hardware.cpp.o\n'}
[0.701157] (-) TimerEvent: {}
[0.801411] (-) TimerEvent: {}
[0.901664] (-) TimerEvent: {}
[1.001841] (-) TimerEvent: {}
[1.102026] (-) TimerEvent: {}
[1.202201] (-) TimerEvent: {}
[1.302411] (-) TimerEvent: {}
[1.402590] (-) TimerEvent: {}
[1.502797] (-) TimerEvent: {}
[1.603147] (-) TimerEvent: {}
[1.703345] (-) TimerEvent: {}
[1.803477] (-) TimerEvent: {}
[1.903862] (-) TimerEvent: {}
[2.004060] (-) TimerEvent: {}
[2.104282] (-) TimerEvent: {}
[2.204661] (-) TimerEvent: {}
[2.304871] (-) TimerEvent: {}
[2.368816] (rs_a3_hardware) StdoutLine: {'line': b'[100%] Linking CXX shared library librs_a3_hardware.so\n'}
[2.404976] (-) TimerEvent: {}
[2.456213] (rs_a3_hardware) StdoutLine: {'line': b'[100%] Built target rs_a3_hardware\n'}
[2.462863] (rs_a3_hardware) CommandEnded: {'returncode': 0}
[2.463657] (rs_a3_hardware) JobProgress: {'identifier': 'rs_a3_hardware', 'progress': 'install'}
[2.467995] (rs_a3_hardware) Command: {'cmd': ['/usr/bin/cmake', '--install', '/home/wy/RS/A3/build/rs_a3_hardware'], 'cwd': '/home/wy/RS/A3/build/rs_a3_hardware', 'env': OrderedDict([('LESSOPEN', '| /usr/bin/lesspipe %s'), ('VSCODE_CWD', '/home/wy'), ('VSCODE_ESM_ENTRYPOINT', 'vs/workbench/api/node/extensionHostProcess'), ('CONDA_PROMPT_MODIFIER', '(base)'), ('LANGUAGE', 'zh_CN:en'), ('USER', 'wy'), ('LC_TIME', 'en_US.UTF-8'), ('VSCODE_NLS_CONFIG', '{"userLocale":"zh-cn","osLocale":"zh-cn","resolvedLanguage":"zh-cn","defaultMessagesFile":"/usr/share/cursor/resources/app/out/nls.messages.json","languagePack":{"translationsConfigFile":"/home/wy/.config/Cursor/clp/3bfb7f1471a52e527cfc1587dd57c7c1.zh-cn/tcf.json","messagesFile":"/home/wy/.config/Cursor/clp/3bfb7f1471a52e527cfc1587dd57c7c1.zh-cn/20adc1003928b0f1b99305dbaf845656ff81f5d0/nls.messages.json","corruptMarkerFile":"/home/wy/.config/Cursor/clp/3bfb7f1471a52e527cfc1587dd57c7c1.zh-cn/corrupted.info"},"locale":"zh-cn","availableLanguages":{"*":"zh-cn"},"_languagePackId":"3bfb7f1471a52e527cfc1587dd57c7c1.zh-cn","_languagePackSupport":true,"_translationsConfigFile":"/home/wy/.config/Cursor/clp/3bfb7f1471a52e527cfc1587dd57c7c1.zh-cn/tcf.json","_cacheRoot":"/home/wy/.config/Cursor/clp/3bfb7f1471a52e527cfc1587dd57c7c1.zh-cn","_resolvedLanguagePackCoreLocation":"/home/wy/.config/Cursor/clp/3bfb7f1471a52e527cfc1587dd57c7c1.zh-cn/20adc1003928b0f1b99305dbaf845656ff81f5d0","_corruptedFile":"/home/wy/.config/Cursor/clp/3bfb7f1471a52e527cfc1587dd57c7c1.zh-cn/corrupted.info"}'), ('VSCODE_HANDLES_UNCAUGHT_ERRORS', 'true'), ('XDG_SESSION_TYPE', 'x11'), ('SHLVL', '0'), ('LD_LIBRARY_PATH', '/opt/ros/humble/opt/rviz_ogre_vendor/lib:/opt/ros/humble/lib/x86_64-linux-gnu:/opt/ros/humble/lib::/home/wy/miniconda3/envs/rl_gpu/lib'), ('HOME', '/home/wy'), ('CHROME_DESKTOP', 'cursor.desktop'), ('CONDA_SHLVL', '1'), ('OLDPWD', '/home/wy/RS/A3'), ('DESKTOP_SESSION', 'ubuntu'), ('VSCODE_IPC_HOOK', '/run/user/1000/vscode-ffeb21a4-2.2.-main.sock'), ('GIO_LAUNCHED_DESKTOP_FILE', '/usr/share/applications/cursor.desktop'), ('ROS_PYTHON_VERSION', '3'), ('GNOME_SHELL_SESSION_MODE', 'ubuntu'), ('GTK_MODULES', 'gail:atk-bridge'), ('XDG_SEAT_PATH', '/org/freedesktop/DisplayManager/Seat0'), ('LC_MONETARY', 'en_US.UTF-8'), ('MANAGERPID', '1821'), ('SYSTEMD_EXEC_PID', '2014'), ('NO_COLOR', '1'), ('DBUS_SESSION_BUS_ADDRESS', 'unix:path=/run/user/1000/bus'), ('_CONDA_ROOT', '/home/wy/miniconda3'), ('GIO_LAUNCHED_DESKTOP_FILE_PID', '4319'), ('VSCODE_CRASH_REPORTER_PROCESS_TYPE', 'extensionHost'), ('VSCODE_L10N_BUNDLE_LOCATION', 'file:///home/wy/.cursor/extensions/ms-ceintl.vscode-language-pack-zh-hans-1.105.0-universal/translations/extensions/vscode.markdown-language-features.i18n.json'), ('ROS_DISTRO', 'humble'), ('GTK_IM_MODULE', 'fcitx'), ('LOGNAME', 'wy'), ('FORCE_COLOR', '0'), ('JOURNAL_STREAM', '8:4582'), ('PULSE_SERVER', 'unix:/run/user/1000/pulse/native'), ('_', '/usr/bin/colcon'), ('ROS_VERSION', '2'), ('XDG_SESSION_CLASS', 'user'), ('TERM', 'dumb'), ('EVERYSPHERE_RIPGREP_PATH', '/usr/share/cursor/resources/app/node_modules/@vscode/ripgrep/bin/rg'), ('GNOME_DESKTOP_SESSION_ID', 'this-is-deprecated'), ('ROS_LOCALHOST_ONLY', '0'), ('COMPOSER_NO_INTERACTION', '1'), ('PATH', '/opt/ros/humble/bin:/usr/bin:/home/wy/miniconda3/bin:/home/wy/miniconda3/condabin:/usr/local/sbin:/usr/local/bin:/usr/sbin:/usr/bin:/sbin:/bin:/usr/games:/usr/local/games:/snap/bin'), ('SESSION_MANAGER', 'local/RS-wy:@/tmp/.ICE-unix/2014,unix/RS-wy:/tmp/.ICE-unix/2014'), ('GDM_LANG', 'zh_CN'), ('INVOCATION_ID', 'c6a3f89f6b454dbf918acce74c81da87'), ('PAPERSIZE', 'letter'), ('XDG_SESSION_PATH', '/org/freedesktop/DisplayManager/Session0'), ('XDG_MENU_PREFIX', 'gnome-'), ('LC_ADDRESS', 'en_US.UTF-8'), ('VSCODE_PROCESS_TITLE', 'extension-host  [1-1]'), ('XDG_RUNTIME_DIR', '/run/user/1000'), ('GDK_BACKEND', 'x11'), ('CURSOR_AGENT', '1'), ('DISPLAY', ':0'), ('LANG', 'zh_CN.UTF-8'), ('XDG_CURRENT_DESKTOP', 'Unity'), ('LC_TELEPHONE', 'en_US.UTF-8'), ('XMODIFIERS', '@im=fcitx'), ('XDG_SESSION_DESKTOP', 'ubuntu'), ('XAUTHORITY', '/home/wy/.Xauthority'), ('CURSOR_TRACE_ID', 'da48cbd846724de5baed2538453d3fa1'), ('SSH_AGENT_LAUNCHER', 'gnome-keyring'), ('SSH_AUTH_SOCK', '/run/user/1000/keyring/ssh'), ('GSETTINGS_SCHEMA_DIR', '/home/wy/data'), ('XDG_GREETER_DATA_DIR', '/var/lib/lightdm-data/wy'), ('AMENT_PREFIX_PATH', '/opt/ros/humble'), ('CONDA_PYTHON_EXE', '/home/wy/miniconda3/bin/python'), ('ORIGINAL_XDG_CURRENT_DESKTOP', 'ubuntu:GNOME'), ('SHELL', '/bin/bash'), ('LC_NAME', 'en_US.UTF-8'), ('QT_ACCESSIBILITY', '1'), ('GDMSESSION', 'ubuntu'), ('LESSCLOSE', '/usr/bin/lesspipe %s %s'), ('CONDA_DEFAULT_ENV', 'base'), ('LC_MEASUREMENT', 'en_US.UTF-8'), ('GPG_AGENT_INFO', '/run/user/1000/gnupg/S.gpg-agent:0:1'), ('_CONDA_EXE', '/home/wy/miniconda3/bin/conda'), ('LC_IDENTIFICATION', 'en_US.UTF-8'), ('QT_IM_MODULE', 'fcitx'), ('PWD', '/home/wy/RS/A3/build/rs_a3_hardware'), ('LC_ALL', 'en_US.UTF-8'), ('XDG_CONFIG_DIRS', '/etc/xdg/xdg-ubuntu:/etc/xdg'), ('CONDA_EXE', '/home/wy/miniconda3/bin/conda'), ('VSCODE_CODE_CACHE_PATH', '/home/wy/.config/Cursor/CachedData/20adc1003928b0f1b99305dbaf845656ff81f5d0'), ('XDG_DATA_DIRS', '/usr/share/ubuntu:/usr/share/gnome:/usr/local/share:/usr/share:/var/lib/snapd/desktop'), ('PYTHONPATH', '/opt/ros/humble/lib/python3.10/site-packages:/opt/ros/humble/local/lib/python3.10/dist-packages'), ('LC_NUMERIC', 'en_US.UTF-8'), ('CONDA_PREFIX', '/home/wy/miniconda3'), ('LC_PAPER', 'en_US.UTF-8'), ('COLCON', '1'), ('_ZO_DOCTOR', '0'), ('VSCODE_PID', '4319'), ('CMAKE_PREFIX_PATH', '/opt/ros/humble')]), 'shell': False}
[2.471438] (rs_a3_hardware) StdoutLine: {'line': b'-- Install configuration: ""\n'}
[2.471677] (rs_a3_hardware) StdoutLine: {'line': b'-- Installing: /home/wy/RS/A3/install/rs_a3_hardware/share/rs_a3_hardware/rs_a3_hardware_plugin.xml\n'}
[2.472138] (rs_a3_hardware) StdoutLine: {'line': b'-- Installing: /home/wy/RS/A3/install/rs_a3_hardware/lib/librs_a3_hardware.so\n'}
[2.473085] (rs_a3_hardware) StdoutLine: {'line': b'-- Set runtime path of "/home/wy/RS/A3/install/rs_a3_hardware/lib/librs_a3_hardware.so" to ""\n'}
[2.473143] (rs_a3_hardware) StdoutLine: {'line': b'-- Installing: /home/wy/RS/A3/install/rs_a3_hardware/include\n'}
[2.473171] (rs_a3_hardware) StdoutLine: {'line': b'-- Installing: /home/wy/RS/A3/install/rs_a3_hardware/include/rs_a3_hardware\n'}
[2.473194] (rs_a3_hardware) StdoutLine: {'line': b'-- Installing: /home/wy/RS/A3/install/rs_a3_hardware/include/rs_a3_hardware/rs_a3_hardware.hpp\n'}
[2.473589] (rs_a3_hardware) StdoutLine: {'line': b'-- Installing: /home/wy/RS/A3/install/rs_a3_hardware/include/rs_a3_hardware/robstride_can_driver.hpp\n'}
[2.473686] (rs_a3_hardware) StdoutLine: {'line': b'-- Up-to-date: /home/wy/RS/A3/install/rs_a3_hardware/share/rs_a3_hardware/rs_a3_hardware_plugin.xml\n'}
[2.473908] (rs_a3_hardware) StdoutLine: {'line': b'-- Installing: /home/wy/RS/A3/install/rs_a3_hardware/share/rs_a3_hardware/environment/library_path.sh\n'}
[2.474282] (rs_a3_hardware) StdoutLine: {'line': b'-- Installing: /home/wy/RS/A3/install/rs_a3_hardware/share/rs_a3_hardware/environment/library_path.dsv\n'}
[2.474806] (rs_a3_hardware) StdoutLine: {'line': b'-- Installing: /home/wy/RS/A3/install/rs_a3_hardware/share/ament_index/resource_index/package_run_dependencies/rs_a3_hardware\n'}
[2.474859] (rs_a3_hardware) StdoutLine: {'line': b'-- Installing: /home/wy/RS/A3/install/rs_a3_hardware/share/ament_index/resource_index/parent_prefix_path/rs_a3_hardware\n'}
[2.474916] (rs_a3_hardware) StdoutLine: {'line': b'-- Installing: /home/wy/RS/A3/install/rs_a3_hardware/share/rs_a3_hardware/environment/ament_prefix_path.sh\n'}
[2.474941] (rs_a3_hardware) StdoutLine: {'line': b'-- Installing: /home/wy/RS/A3/install/rs_a3_hardware/share/rs_a3_hardware/environment/ament_prefix_path.dsv\n'}
[2.475004] (rs_a3_hardware) StdoutLine: {'line': b'-- Installing: /home/wy/RS/A3/install/rs_a3_hardware/share/rs_a3_hardware/environment/path.sh\n'}
[2.475047] (rs_a3_hardware) StdoutLine: {'line': b'-- Installing: /home/wy/RS/A3/install/rs_a3_hardware/share/rs_a3_hardware/environment/path.dsv\n'}
[2.475104] (rs_a3_hardware) StdoutLine: {'line': b'-- Installing: /home/wy/RS/A3/install/rs_a3_hardware/share/rs_a3_hardware/local_setup.bash\n'}
[2.475124] (rs_a3_hardware) StdoutLine: {'line': b'-- Installing: /home/wy/RS/A3/install/rs_a3_hardware/share/rs_a3_hardware/local_setup.sh\n'}
[2.475142] (rs_a3_hardware) StdoutLine: {'line': b'-- Installing: /home/wy/RS/A3/install/rs_a3_hardware/share/rs_a3_hardware/local_setup.zsh\n'}
[2.475192] (rs_a3_hardware) StdoutLine: {'line': b'-- Installing: /home/wy/RS/A3/install/rs_a3_hardware/share/rs_a3_hardware/local_setup.dsv\n'}
[2.475216] (rs_a3_hardware) StdoutLine: {'line': b'-- Installing: /home/wy/RS/A3/install/rs_a3_hardware/share/rs_a3_hardware/package.dsv\n'}
[2.475342] (rs_a3_hardware) StdoutLine: {'line': b'-- Installing: /home/wy/RS/A3/install/rs_a3_hardware/share/ament_index/resource_index/packages/rs_a3_hardware\n'}
[2.475363] (rs_a3_hardware) StdoutLine: {'line': b'-- Installing: /home/wy/RS/A3/install/rs_a3_hardware/share/ament_index/resource_index/hardware_interface__pluginlib__plugin/rs_a3_hardware\n'}
[2.475383] (rs_a3_hardware) StdoutLine: {'line': b'-- Installing: /home/wy/RS/A3/install/rs_a3_hardware/share/rs_a3_hardware/cmake/export_rs_a3_hardwareExport.cmake\n'}
[2.475401] (rs_a3_hardware) StdoutLine: {'line': b'-- Installing: /home/wy/RS/A3/install/rs_a3_hardware/share/rs_a3_hardware/cmake/export_rs_a3_hardwareExport-noconfig.cmake\n'}
[2.475461] (rs_a3_hardware) StdoutLine: {'line': b'-- Installing: /home/wy/RS/A3/install/rs_a3_hardware/share/rs_a3_hardware/cmake/ament_cmake_export_include_directories-extras.cmake\n'}
[2.475530] (rs_a3_hardware) StdoutLine: {'line': b'-- Installing: /home/wy/RS/A3/install/rs_a3_hardware/share/rs_a3_hardware/cmake/ament_cmake_export_libraries-extras.cmake\n'}
[2.475555] (rs_a3_hardware) StdoutLine: {'line': b'-- Installing: /home/wy/RS/A3/install/rs_a3_hardware/share/rs_a3_hardware/cmake/ament_cmake_export_targets-extras.cmake\n'}
[2.475639] (rs_a3_hardware) StdoutLine: {'line': b'-- Installing: /home/wy/RS/A3/install/rs_a3_hardware/share/rs_a3_hardware/cmake/rs_a3_hardwareConfig.cmake\n'}
[2.475806] (rs_a3_hardware) StdoutLine: {'line': b'-- Installing: /home/wy/RS/A3/install/rs_a3_hardware/share/rs_a3_hardware/cmake/rs_a3_hardwareConfig-version.cmake\n'}
[2.475832] (rs_a3_hardware) StdoutLine: {'line': b'-- Installing: /home/wy/RS/A3/install/rs_a3_hardware/share/rs_a3_hardware/package.xml\n'}
[2.477148] (rs_a3_hardware) CommandEnded: {'returncode': 0}
[2.486076] (rs_a3_hardware) JobEnded: {'identifier': 'rs_a3_hardware', 'rc': 0}
[2.486300] (-) EventReactorShutdown: {}
