/home/ubuntu/rs_arm/install/rs_a3_teleop/lib/python3.10/site-packages/rs_a3_teleop/xbox_servo_node.py
/home/ubuntu/rs_arm/install/rs_a3_teleop/lib/python3.10/site-packages/rs_a3_teleop/__init__.py
/home/ubuntu/rs_arm/install/rs_a3_teleop/lib/python3.10/site-packages/rs_a3_teleop/xbox_teleop_node.py
/home/ubuntu/rs_arm/install/rs_a3_teleop/lib/python3.10/site-packages/rs_a3_teleop/joycon_imu_driver.py
/home/ubuntu/rs_arm/install/rs_a3_teleop/lib/python3.10/site-packages/rs_a3_teleop/joycon_imu_teleop_node.py
/home/ubuntu/rs_arm/install/rs_a3_teleop/lib/python3.10/site-packages/rs_a3_teleop/imu_processor.py
/home/ubuntu/rs_arm/install/rs_a3_teleop/lib/python3.10/site-packages/rs_a3_teleop/joycon_visualizer_node.py
/home/ubuntu/rs_arm/install/rs_a3_teleop/lib/python3.10/site-packages/rs_a3_teleop/xbox_servo_teleop.py
/home/ubuntu/rs_arm/install/rs_a3_teleop/lib/python3.10/site-packages/rs_a3_teleop/__pycache__/xbox_servo_node.cpython-310.pyc
/home/ubuntu/rs_arm/install/rs_a3_teleop/lib/python3.10/site-packages/rs_a3_teleop/__pycache__/__init__.cpython-310.pyc
/home/ubuntu/rs_arm/install/rs_a3_teleop/lib/python3.10/site-packages/rs_a3_teleop/__pycache__/xbox_teleop_node.cpython-310.pyc
/home/ubuntu/rs_arm/install/rs_a3_teleop/lib/python3.10/site-packages/rs_a3_teleop/__pycache__/joycon_imu_driver.cpython-310.pyc
/home/ubuntu/rs_arm/install/rs_a3_teleop/lib/python3.10/site-packages/rs_a3_teleop/__pycache__/joycon_imu_teleop_node.cpython-310.pyc
/home/ubuntu/rs_arm/install/rs_a3_teleop/lib/python3.10/site-packages/rs_a3_teleop/__pycache__/imu_processor.cpython-310.pyc
/home/ubuntu/rs_arm/install/rs_a3_teleop/lib/python3.10/site-packages/rs_a3_teleop/__pycache__/joycon_visualizer_node.cpython-310.pyc
/home/ubuntu/rs_arm/install/rs_a3_teleop/lib/python3.10/site-packages/rs_a3_teleop/__pycache__/xbox_servo_teleop.cpython-310.pyc
/home/ubuntu/rs_arm/install/rs_a3_teleop/share/ament_index/resource_index/packages/rs_a3_teleop
/home/ubuntu/rs_arm/install/rs_a3_teleop/share/rs_a3_teleop/package.xml
/home/ubuntu/rs_arm/install/rs_a3_teleop/share/rs_a3_teleop/launch/simple_teleop.launch.py
/home/ubuntu/rs_arm/install/rs_a3_teleop/share/rs_a3_teleop/launch/servo_teleop.launch.py
/home/ubuntu/rs_arm/install/rs_a3_teleop/share/rs_a3_teleop/launch/joycon_imu_teleop.launch.py
/home/ubuntu/rs_arm/install/rs_a3_teleop/share/rs_a3_teleop/launch/sim_teleop.launch.py
/home/ubuntu/rs_arm/install/rs_a3_teleop/share/rs_a3_teleop/launch/xbox_servo_teleop.launch.py
/home/ubuntu/rs_arm/install/rs_a3_teleop/share/rs_a3_teleop/launch/xbox_teleop.launch.py
/home/ubuntu/rs_arm/install/rs_a3_teleop/share/rs_a3_teleop/launch/real_teleop.launch.py
/home/ubuntu/rs_arm/install/rs_a3_teleop/share/rs_a3_teleop/launch/complete_teleop.launch.py
/home/ubuntu/rs_arm/install/rs_a3_teleop/share/rs_a3_teleop/config/joycon_imu_teleop.yaml
/home/ubuntu/rs_arm/install/rs_a3_teleop/share/rs_a3_teleop/config/xbox_servo_teleop.yaml
/home/ubuntu/rs_arm/install/rs_a3_teleop/share/rs_a3_teleop/config/moveit_servo_config.yaml
/home/ubuntu/rs_arm/install/rs_a3_teleop/share/rs_a3_teleop/config/xbox_teleop.yaml
/home/ubuntu/rs_arm/install/rs_a3_teleop/lib/python3.10/site-packages/rs_a3_teleop-0.0.1-py3.10.egg-info/requires.txt
/home/ubuntu/rs_arm/install/rs_a3_teleop/lib/python3.10/site-packages/rs_a3_teleop-0.0.1-py3.10.egg-info/PKG-INFO
/home/ubuntu/rs_arm/install/rs_a3_teleop/lib/python3.10/site-packages/rs_a3_teleop-0.0.1-py3.10.egg-info/entry_points.txt
/home/ubuntu/rs_arm/install/rs_a3_teleop/lib/python3.10/site-packages/rs_a3_teleop-0.0.1-py3.10.egg-info/dependency_links.txt
/home/ubuntu/rs_arm/install/rs_a3_teleop/lib/python3.10/site-packages/rs_a3_teleop-0.0.1-py3.10.egg-info/SOURCES.txt
/home/ubuntu/rs_arm/install/rs_a3_teleop/lib/python3.10/site-packages/rs_a3_teleop-0.0.1-py3.10.egg-info/top_level.txt
/home/ubuntu/rs_arm/install/rs_a3_teleop/lib/python3.10/site-packages/rs_a3_teleop-0.0.1-py3.10.egg-info/zip-safe
/home/ubuntu/rs_arm/install/rs_a3_teleop/lib/rs_a3_teleop/joycon_imu_driver
/home/ubuntu/rs_arm/install/rs_a3_teleop/lib/rs_a3_teleop/joycon_imu_teleop
/home/ubuntu/rs_arm/install/rs_a3_teleop/lib/rs_a3_teleop/joycon_visualizer
/home/ubuntu/rs_arm/install/rs_a3_teleop/lib/rs_a3_teleop/xbox_servo_node
/home/ubuntu/rs_arm/install/rs_a3_teleop/lib/rs_a3_teleop/xbox_teleop_node
