[0.151s] Invoking command in '/home/ubuntu/rs_arm/build/rs_a3_urdf_legacy': CMAKE_PREFIX_PATH=/opt/ros/humble /home/ubuntu/.local/bin/cmake --build /home/ubuntu/rs_arm/build/rs_a3_urdf_legacy -- -j24 -l24
[0.329s] Invoked command in '/home/ubuntu/rs_arm/build/rs_a3_urdf_legacy' returned '0': CMAKE_PREFIX_PATH=/opt/ros/humble /home/ubuntu/.local/bin/cmake --build /home/ubuntu/rs_arm/build/rs_a3_urdf_legacy -- -j24 -l24
[0.329s] Invoking command in '/home/ubuntu/rs_arm/build/rs_a3_urdf_legacy': CMAKE_PREFIX_PATH=/opt/ros/humble /home/ubuntu/.local/bin/cmake --install /home/ubuntu/rs_arm/build/rs_a3_urdf_legacy
[0.389s] -- Install configuration: ""
[0.389s] -- Up-to-date: /home/ubuntu/rs_arm/install/rs_a3_urdf_legacy/share/rs_a3_urdf_legacy/meshes
[0.389s] -- Up-to-date: /home/ubuntu/rs_arm/install/rs_a3_urdf_legacy/share/rs_a3_urdf_legacy/meshes/l5_shake.stl
[0.389s] -- Up-to-date: /home/ubuntu/rs_arm/install/rs_a3_urdf_legacy/share/rs_a3_urdf_legacy/meshes/6705__2.stl
[0.389s] -- Up-to-date: /home/ubuntu/rs_arm/install/rs_a3_urdf_legacy/share/rs_a3_urdf_legacy/meshes/l1_link_stop.stl
[0.389s] -- Up-to-date: /home/ubuntu/rs_arm/install/rs_a3_urdf_legacy/share/rs_a3_urdf_legacy/meshes/rs05_l4.stl
[0.389s] -- Up-to-date: /home/ubuntu/rs_arm/install/rs_a3_urdf_legacy/share/rs_a3_urdf_legacy/meshes/part_9.stl
[0.389s] -- Up-to-date: /home/ubuntu/rs_arm/install/rs_a3_urdf_legacy/share/rs_a3_urdf_legacy/meshes/6705.stl
[0.389s] -- Up-to-date: /home/ubuntu/rs_arm/install/rs_a3_urdf_legacy/share/rs_a3_urdf_legacy/meshes/rack__30_teeth.stl
[0.389s] -- Up-to-date: /home/ubuntu/rs_arm/install/rs_a3_urdf_legacy/share/rs_a3_urdf_legacy/meshes/manifold_solid_brep_40_1.stl
[0.389s] -- Up-to-date: /home/ubuntu/rs_arm/install/rs_a3_urdf_legacy/share/rs_a3_urdf_legacy/meshes/l4_l5_link_back__2.stl
[0.389s] -- Up-to-date: /home/ubuntu/rs_arm/install/rs_a3_urdf_legacy/share/rs_a3_urdf_legacy/meshes/l1_base.stl
[0.389s] -- Up-to-date: /home/ubuntu/rs_arm/install/rs_a3_urdf_legacy/share/rs_a3_urdf_legacy/meshes/rack__30_teeth__2.stl
[0.389s] -- Up-to-date: /home/ubuntu/rs_arm/install/rs_a3_urdf_legacy/share/rs_a3_urdf_legacy/meshes/l4_l5_link_back.stl
[0.389s] -- Up-to-date: /home/ubuntu/rs_arm/install/rs_a3_urdf_legacy/share/rs_a3_urdf_legacy/meshes/l1_link_drv.stl
[0.389s] -- Up-to-date: /home/ubuntu/rs_arm/install/rs_a3_urdf_legacy/share/rs_a3_urdf_legacy/meshes/hand_r.stl
[0.389s] -- Up-to-date: /home/ubuntu/rs_arm/install/rs_a3_urdf_legacy/share/rs_a3_urdf_legacy/meshes/rack_str.stl
[0.389s] -- Up-to-date: /home/ubuntu/rs_arm/install/rs_a3_urdf_legacy/share/rs_a3_urdf_legacy/meshes/part_1.stl
[0.389s] -- Up-to-date: /home/ubuntu/rs_arm/install/rs_a3_urdf_legacy/share/rs_a3_urdf_legacy/meshes/mainlink_back.stl
[0.389s] -- Up-to-date: /home/ubuntu/rs_arm/install/rs_a3_urdf_legacy/share/rs_a3_urdf_legacy/meshes/l4_link_back.stl
[0.389s] -- Up-to-date: /home/ubuntu/rs_arm/install/rs_a3_urdf_legacy/share/rs_a3_urdf_legacy/meshes/rack_base.stl
[0.389s] -- Up-to-date: /home/ubuntu/rs_arm/install/rs_a3_urdf_legacy/share/rs_a3_urdf_legacy/meshes/rs05.stl
[0.389s] -- Up-to-date: /home/ubuntu/rs_arm/install/rs_a3_urdf_legacy/share/rs_a3_urdf_legacy/meshes/spur_gear__14_teeth.stl
[0.389s] -- Up-to-date: /home/ubuntu/rs_arm/install/rs_a3_urdf_legacy/share/rs_a3_urdf_legacy/meshes/l2_stop.stl
[0.389s] -- Up-to-date: /home/ubuntu/rs_arm/install/rs_a3_urdf_legacy/share/rs_a3_urdf_legacy/meshes/rs05_l5.stl
[0.389s] -- Up-to-date: /home/ubuntu/rs_arm/install/rs_a3_urdf_legacy/share/rs_a3_urdf_legacy/meshes/rs00_l2.stl
[0.389s] -- Up-to-date: /home/ubuntu/rs_arm/install/rs_a3_urdf_legacy/share/rs_a3_urdf_legacy/meshes/part_2.stl
[0.391s] -- Up-to-date: /home/ubuntu/rs_arm/install/rs_a3_urdf_legacy/share/rs_a3_urdf_legacy/meshes/mainlink_motor.stl
[0.391s] -- Up-to-date: /home/ubuntu/rs_arm/install/rs_a3_urdf_legacy/share/rs_a3_urdf_legacy/meshes/part_15.stl
[0.391s] -- Up-to-date: /home/ubuntu/rs_arm/install/rs_a3_urdf_legacy/share/rs_a3_urdf_legacy/meshes/manifold_solid_brep_39_1.stl
[0.391s] -- Up-to-date: /home/ubuntu/rs_arm/install/rs_a3_urdf_legacy/share/rs_a3_urdf_legacy/meshes/l4_link_drv.stl
[0.391s] -- Up-to-date: /home/ubuntu/rs_arm/install/rs_a3_urdf_legacy/share/rs_a3_urdf_legacy/meshes/rs00_l1.stl
[0.391s] -- Up-to-date: /home/ubuntu/rs_arm/install/rs_a3_urdf_legacy/share/rs_a3_urdf_legacy/meshes/manifold_solid_brep_39_1__2.stl
[0.391s] -- Up-to-date: /home/ubuntu/rs_arm/install/rs_a3_urdf_legacy/share/rs_a3_urdf_legacy/meshes/rs00_l3.stl
[0.391s] -- Up-to-date: /home/ubuntu/rs_arm/install/rs_a3_urdf_legacy/share/rs_a3_urdf_legacy/launch
[0.391s] -- Up-to-date: /home/ubuntu/rs_arm/install/rs_a3_urdf_legacy/share/rs_a3_urdf_legacy/launch/display.launch.py
[0.391s] -- Up-to-date: /home/ubuntu/rs_arm/install/rs_a3_urdf_legacy/share/rs_a3_urdf_legacy/RS-A3.urdf
[0.391s] -- Up-to-date: /home/ubuntu/rs_arm/install/rs_a3_urdf_legacy/share/ament_index/resource_index/package_run_dependencies/rs_a3_urdf_legacy
[0.391s] -- Up-to-date: /home/ubuntu/rs_arm/install/rs_a3_urdf_legacy/share/ament_index/resource_index/parent_prefix_path/rs_a3_urdf_legacy
[0.392s] -- Up-to-date: /home/ubuntu/rs_arm/install/rs_a3_urdf_legacy/share/rs_a3_urdf_legacy/environment/ament_prefix_path.sh
[0.392s] -- Up-to-date: /home/ubuntu/rs_arm/install/rs_a3_urdf_legacy/share/rs_a3_urdf_legacy/environment/ament_prefix_path.dsv
[0.392s] -- Up-to-date: /home/ubuntu/rs_arm/install/rs_a3_urdf_legacy/share/rs_a3_urdf_legacy/environment/path.sh
[0.392s] -- Up-to-date: /home/ubuntu/rs_arm/install/rs_a3_urdf_legacy/share/rs_a3_urdf_legacy/environment/path.dsv
[0.392s] -- Up-to-date: /home/ubuntu/rs_arm/install/rs_a3_urdf_legacy/share/rs_a3_urdf_legacy/local_setup.bash
[0.392s] -- Up-to-date: /home/ubuntu/rs_arm/install/rs_a3_urdf_legacy/share/rs_a3_urdf_legacy/local_setup.sh
[0.392s] -- Up-to-date: /home/ubuntu/rs_arm/install/rs_a3_urdf_legacy/share/rs_a3_urdf_legacy/local_setup.zsh
[0.392s] -- Up-to-date: /home/ubuntu/rs_arm/install/rs_a3_urdf_legacy/share/rs_a3_urdf_legacy/local_setup.dsv
[0.392s] -- Installing: /home/ubuntu/rs_arm/install/rs_a3_urdf_legacy/share/rs_a3_urdf_legacy/package.dsv
[0.392s] -- Up-to-date: /home/ubuntu/rs_arm/install/rs_a3_urdf_legacy/share/ament_index/resource_index/packages/rs_a3_urdf_legacy
[0.392s] -- Up-to-date: /home/ubuntu/rs_arm/install/rs_a3_urdf_legacy/share/rs_a3_urdf_legacy/cmake/rs_a3_urdf_legacyConfig.cmake
[0.392s] -- Up-to-date: /home/ubuntu/rs_arm/install/rs_a3_urdf_legacy/share/rs_a3_urdf_legacy/cmake/rs_a3_urdf_legacyConfig-version.cmake
[0.392s] -- Up-to-date: /home/ubuntu/rs_arm/install/rs_a3_urdf_legacy/share/rs_a3_urdf_legacy/package.xml
[0.396s] Invoked command in '/home/ubuntu/rs_arm/build/rs_a3_urdf_legacy' returned '0': CMAKE_PREFIX_PATH=/opt/ros/humble /home/ubuntu/.local/bin/cmake --install /home/ubuntu/rs_arm/build/rs_a3_urdf_legacy
