[0.015s] Invoking command in '/home/ubuntu/rs_arm/build/rs_a3_description': AMENT_PREFIX_PATH=/home/ubuntu/rs_arm/install/rs_a3_hardware:${AMENT_PREFIX_PATH} CMAKE_PREFIX_PATH=/home/ubuntu/rs_arm/install/rs_a3_hardware:/opt/ros/humble LD_LIBRARY_PATH=/home/ubuntu/rs_arm/install/rs_a3_hardware/lib:/opt/ros/humble/opt/rviz_ogre_vendor/lib:/opt/ros/humble/lib/x86_64-linux-gnu:/opt/ros/humble/lib:/tmp/.mount_CursorrzMMsX/usr/lib/:/tmp/.mount_CursorrzMMsX/usr/lib32/:/tmp/.mount_CursorrzMMsX/usr/lib64/:/tmp/.mount_CursorrzMMsX/lib/:/tmp/.mount_CursorrzMMsX/lib/i386-linux-gnu/:/tmp/.mount_CursorrzMMsX/lib/x86_64-linux-gnu/:/tmp/.mount_CursorrzMMsX/lib/aarch64-linux-gnu/:/tmp/.mount_CursorrzMMsX/lib32/:/tmp/.mount_CursorrzMMsX/lib64/:/usr/local/cuda-12.8/lib64:/usr/local/TensorRT-10.10.0.31/lib:/usr/local/cuda-12.8/lib64:/usr/local/TensorRT-10.10.0.31/lib /home/ubuntu/.local/bin/cmake --build /home/ubuntu/rs_arm/build/rs_a3_description -- -j24 -l24
[0.110s] Invoked command in '/home/ubuntu/rs_arm/build/rs_a3_description' returned '0': AMENT_PREFIX_PATH=/home/ubuntu/rs_arm/install/rs_a3_hardware:${AMENT_PREFIX_PATH} CMAKE_PREFIX_PATH=/home/ubuntu/rs_arm/install/rs_a3_hardware:/opt/ros/humble LD_LIBRARY_PATH=/home/ubuntu/rs_arm/install/rs_a3_hardware/lib:/opt/ros/humble/opt/rviz_ogre_vendor/lib:/opt/ros/humble/lib/x86_64-linux-gnu:/opt/ros/humble/lib:/tmp/.mount_CursorrzMMsX/usr/lib/:/tmp/.mount_CursorrzMMsX/usr/lib32/:/tmp/.mount_CursorrzMMsX/usr/lib64/:/tmp/.mount_CursorrzMMsX/lib/:/tmp/.mount_CursorrzMMsX/lib/i386-linux-gnu/:/tmp/.mount_CursorrzMMsX/lib/x86_64-linux-gnu/:/tmp/.mount_CursorrzMMsX/lib/aarch64-linux-gnu/:/tmp/.mount_CursorrzMMsX/lib32/:/tmp/.mount_CursorrzMMsX/lib64/:/usr/local/cuda-12.8/lib64:/usr/local/TensorRT-10.10.0.31/lib:/usr/local/cuda-12.8/lib64:/usr/local/TensorRT-10.10.0.31/lib /home/ubuntu/.local/bin/cmake --build /home/ubuntu/rs_arm/build/rs_a3_description -- -j24 -l24
[0.111s] Invoking command in '/home/ubuntu/rs_arm/build/rs_a3_description': AMENT_PREFIX_PATH=/home/ubuntu/rs_arm/install/rs_a3_hardware:${AMENT_PREFIX_PATH} CMAKE_PREFIX_PATH=/home/ubuntu/rs_arm/install/rs_a3_hardware:/opt/ros/humble LD_LIBRARY_PATH=/home/ubuntu/rs_arm/install/rs_a3_hardware/lib:/opt/ros/humble/opt/rviz_ogre_vendor/lib:/opt/ros/humble/lib/x86_64-linux-gnu:/opt/ros/humble/lib:/tmp/.mount_CursorrzMMsX/usr/lib/:/tmp/.mount_CursorrzMMsX/usr/lib32/:/tmp/.mount_CursorrzMMsX/usr/lib64/:/tmp/.mount_CursorrzMMsX/lib/:/tmp/.mount_CursorrzMMsX/lib/i386-linux-gnu/:/tmp/.mount_CursorrzMMsX/lib/x86_64-linux-gnu/:/tmp/.mount_CursorrzMMsX/lib/aarch64-linux-gnu/:/tmp/.mount_CursorrzMMsX/lib32/:/tmp/.mount_CursorrzMMsX/lib64/:/usr/local/cuda-12.8/lib64:/usr/local/TensorRT-10.10.0.31/lib:/usr/local/cuda-12.8/lib64:/usr/local/TensorRT-10.10.0.31/lib /home/ubuntu/.local/bin/cmake --install /home/ubuntu/rs_arm/build/rs_a3_description
[0.171s] -- Install configuration: ""
[0.171s] -- Up-to-date: /home/ubuntu/rs_arm/install/rs_a3_description/share/rs_a3_description/urdf
[0.171s] -- Up-to-date: /home/ubuntu/rs_arm/install/rs_a3_description/share/rs_a3_description/urdf/rs_a3_ros2_control.xacro
[0.171s] -- Up-to-date: /home/ubuntu/rs_arm/install/rs_a3_description/share/rs_a3_description/urdf/rs_a3.urdf.xacro
[0.172s] -- Up-to-date: /home/ubuntu/rs_arm/install/rs_a3_description/share/rs_a3_description/meshes
[0.172s] -- Up-to-date: /home/ubuntu/rs_arm/install/rs_a3_description/share/rs_a3_description/meshes/l5_shake.stl
[0.172s] -- Up-to-date: /home/ubuntu/rs_arm/install/rs_a3_description/share/rs_a3_description/meshes/6705__2.stl
[0.172s] -- Up-to-date: /home/ubuntu/rs_arm/install/rs_a3_description/share/rs_a3_description/meshes/l1_link_stop.stl
[0.172s] -- Up-to-date: /home/ubuntu/rs_arm/install/rs_a3_description/share/rs_a3_description/meshes/rs05_l4.stl
[0.172s] -- Up-to-date: /home/ubuntu/rs_arm/install/rs_a3_description/share/rs_a3_description/meshes/part_9.stl
[0.172s] -- Up-to-date: /home/ubuntu/rs_arm/install/rs_a3_description/share/rs_a3_description/meshes/6705.stl
[0.172s] -- Up-to-date: /home/ubuntu/rs_arm/install/rs_a3_description/share/rs_a3_description/meshes/rack__30_teeth.stl
[0.173s] -- Up-to-date: /home/ubuntu/rs_arm/install/rs_a3_description/share/rs_a3_description/meshes/manifold_solid_brep_40_1.stl
[0.173s] -- Up-to-date: /home/ubuntu/rs_arm/install/rs_a3_description/share/rs_a3_description/meshes/l4_l5_link_back__2.stl
[0.173s] -- Up-to-date: /home/ubuntu/rs_arm/install/rs_a3_description/share/rs_a3_description/meshes/l1_base.stl
[0.173s] -- Up-to-date: /home/ubuntu/rs_arm/install/rs_a3_description/share/rs_a3_description/meshes/rack__30_teeth__2.stl
[0.174s] -- Up-to-date: /home/ubuntu/rs_arm/install/rs_a3_description/share/rs_a3_description/meshes/l4_l5_link_back.stl
[0.174s] -- Up-to-date: /home/ubuntu/rs_arm/install/rs_a3_description/share/rs_a3_description/meshes/l1_link_drv.stl
[0.174s] -- Up-to-date: /home/ubuntu/rs_arm/install/rs_a3_description/share/rs_a3_description/meshes/hand_r.stl
[0.174s] -- Up-to-date: /home/ubuntu/rs_arm/install/rs_a3_description/share/rs_a3_description/meshes/rack_str.stl
[0.174s] -- Up-to-date: /home/ubuntu/rs_arm/install/rs_a3_description/share/rs_a3_description/meshes/part_1.stl
[0.174s] -- Up-to-date: /home/ubuntu/rs_arm/install/rs_a3_description/share/rs_a3_description/meshes/mainlink_back.stl
[0.174s] -- Up-to-date: /home/ubuntu/rs_arm/install/rs_a3_description/share/rs_a3_description/meshes/l4_link_back.stl
[0.174s] -- Up-to-date: /home/ubuntu/rs_arm/install/rs_a3_description/share/rs_a3_description/meshes/rack_base.stl
[0.174s] -- Up-to-date: /home/ubuntu/rs_arm/install/rs_a3_description/share/rs_a3_description/meshes/rs05.stl
[0.174s] -- Up-to-date: /home/ubuntu/rs_arm/install/rs_a3_description/share/rs_a3_description/meshes/spur_gear__14_teeth.stl
[0.174s] -- Up-to-date: /home/ubuntu/rs_arm/install/rs_a3_description/share/rs_a3_description/meshes/l2_stop.stl
[0.174s] -- Up-to-date: /home/ubuntu/rs_arm/install/rs_a3_description/share/rs_a3_description/meshes/rs05_l5.stl
[0.174s] -- Up-to-date: /home/ubuntu/rs_arm/install/rs_a3_description/share/rs_a3_description/meshes/rs00_l2.stl
[0.174s] -- Up-to-date: /home/ubuntu/rs_arm/install/rs_a3_description/share/rs_a3_description/meshes/part_2.stl
[0.174s] -- Up-to-date: /home/ubuntu/rs_arm/install/rs_a3_description/share/rs_a3_description/meshes/mainlink_motor.stl
[0.174s] -- Up-to-date: /home/ubuntu/rs_arm/install/rs_a3_description/share/rs_a3_description/meshes/part_15.stl
[0.174s] -- Up-to-date: /home/ubuntu/rs_arm/install/rs_a3_description/share/rs_a3_description/meshes/manifold_solid_brep_39_1.stl
[0.174s] -- Up-to-date: /home/ubuntu/rs_arm/install/rs_a3_description/share/rs_a3_description/meshes/l4_link_drv.stl
[0.174s] -- Up-to-date: /home/ubuntu/rs_arm/install/rs_a3_description/share/rs_a3_description/meshes/rs00_l1.stl
[0.174s] -- Up-to-date: /home/ubuntu/rs_arm/install/rs_a3_description/share/rs_a3_description/meshes/manifold_solid_brep_39_1__2.stl
[0.174s] -- Up-to-date: /home/ubuntu/rs_arm/install/rs_a3_description/share/rs_a3_description/meshes/rs00_l3.stl
[0.174s] -- Up-to-date: /home/ubuntu/rs_arm/install/rs_a3_description/share/rs_a3_description/launch
[0.174s] -- Up-to-date: /home/ubuntu/rs_arm/install/rs_a3_description/share/rs_a3_description/launch/rs_a3_control.launch.py
[0.176s] -- Up-to-date: /home/ubuntu/rs_arm/install/rs_a3_description/share/rs_a3_description/config
[0.176s] -- Up-to-date: /home/ubuntu/rs_arm/install/rs_a3_description/share/rs_a3_description/config/rs_a3_view.rviz
[0.176s] -- Up-to-date: /home/ubuntu/rs_arm/install/rs_a3_description/share/rs_a3_description/config/rs_a3_controllers.yaml
[0.176s] -- Up-to-date: /home/ubuntu/rs_arm/install/rs_a3_description/share/ament_index/resource_index/package_run_dependencies/rs_a3_description
[0.176s] -- Up-to-date: /home/ubuntu/rs_arm/install/rs_a3_description/share/ament_index/resource_index/parent_prefix_path/rs_a3_description
[0.176s] -- Up-to-date: /home/ubuntu/rs_arm/install/rs_a3_description/share/rs_a3_description/environment/ament_prefix_path.sh
[0.176s] -- Up-to-date: /home/ubuntu/rs_arm/install/rs_a3_description/share/rs_a3_description/environment/ament_prefix_path.dsv
[0.176s] -- Up-to-date: /home/ubuntu/rs_arm/install/rs_a3_description/share/rs_a3_description/environment/path.sh
[0.176s] -- Up-to-date: /home/ubuntu/rs_arm/install/rs_a3_description/share/rs_a3_description/environment/path.dsv
[0.176s] -- Up-to-date: /home/ubuntu/rs_arm/install/rs_a3_description/share/rs_a3_description/local_setup.bash
[0.176s] -- Up-to-date: /home/ubuntu/rs_arm/install/rs_a3_description/share/rs_a3_description/local_setup.sh
[0.176s] -- Up-to-date: /home/ubuntu/rs_arm/install/rs_a3_description/share/rs_a3_description/local_setup.zsh
[0.176s] -- Up-to-date: /home/ubuntu/rs_arm/install/rs_a3_description/share/rs_a3_description/local_setup.dsv
[0.176s] -- Installing: /home/ubuntu/rs_arm/install/rs_a3_description/share/rs_a3_description/package.dsv
[0.176s] -- Up-to-date: /home/ubuntu/rs_arm/install/rs_a3_description/share/ament_index/resource_index/packages/rs_a3_description
[0.176s] -- Up-to-date: /home/ubuntu/rs_arm/install/rs_a3_description/share/rs_a3_description/cmake/rs_a3_descriptionConfig.cmake
[0.176s] -- Up-to-date: /home/ubuntu/rs_arm/install/rs_a3_description/share/rs_a3_description/cmake/rs_a3_descriptionConfig-version.cmake
[0.176s] -- Up-to-date: /home/ubuntu/rs_arm/install/rs_a3_description/share/rs_a3_description/package.xml
[0.177s] Invoked command in '/home/ubuntu/rs_arm/build/rs_a3_description' returned '0': AMENT_PREFIX_PATH=/home/ubuntu/rs_arm/install/rs_a3_hardware:${AMENT_PREFIX_PATH} CMAKE_PREFIX_PATH=/home/ubuntu/rs_arm/install/rs_a3_hardware:/opt/ros/humble LD_LIBRARY_PATH=/home/ubuntu/rs_arm/install/rs_a3_hardware/lib:/opt/ros/humble/opt/rviz_ogre_vendor/lib:/opt/ros/humble/lib/x86_64-linux-gnu:/opt/ros/humble/lib:/tmp/.mount_CursorrzMMsX/usr/lib/:/tmp/.mount_CursorrzMMsX/usr/lib32/:/tmp/.mount_CursorrzMMsX/usr/lib64/:/tmp/.mount_CursorrzMMsX/lib/:/tmp/.mount_CursorrzMMsX/lib/i386-linux-gnu/:/tmp/.mount_CursorrzMMsX/lib/x86_64-linux-gnu/:/tmp/.mount_CursorrzMMsX/lib/aarch64-linux-gnu/:/tmp/.mount_CursorrzMMsX/lib32/:/tmp/.mount_CursorrzMMsX/lib64/:/usr/local/cuda-12.8/lib64:/usr/local/TensorRT-10.10.0.31/lib:/usr/local/cuda-12.8/lib64:/usr/local/TensorRT-10.10.0.31/lib /home/ubuntu/.local/bin/cmake --install /home/ubuntu/rs_arm/build/rs_a3_description
