[0.120s] DEBUG:colcon:Command line arguments: ['/usr/bin/colcon', 'build']
[0.120s] DEBUG:colcon:Parsed command line arguments: Namespace(log_base=None, log_level=None, verb_name='build', build_base='build', install_base='install', merge_install=False, symlink_install=False, test_result_base=None, continue_on_error=False, executor='parallel', parallel_workers=24, event_handlers=None, ignore_user_meta=False, metas=['./colcon.meta'], base_paths=['.'], packages_ignore=None, packages_ignore_regex=None, paths=None, packages_up_to=None, packages_up_to_regex=None, packages_above=None, packages_above_and_dependencies=None, packages_above_depth=None, packages_select_by_dep=None, packages_skip_by_dep=None, packages_skip_up_to=None, packages_select_build_failed=False, packages_skip_build_finished=False, packages_select_test_failures=False, packages_skip_test_passed=False, packages_select=None, packages_skip=None, packages_select_regex=None, packages_skip_regex=None, packages_start=None, packages_end=None, allow_overriding=[], cmake_args=None, cmake_target=None, cmake_target_skip_unavailable=False, cmake_clean_cache=False, cmake_clean_first=False, cmake_force_configure=False, ament_cmake_args=None, catkin_cmake_args=None, catkin_skip_building_tests=False, mixin_files=None, mixin=None, verb_parser=<colcon_mixin.mixin.mixin_argument.MixinArgumentDecorator object at 0x7bb80539d630>, verb_extension=<colcon_core.verb.build.BuildVerb object at 0x7bb8054b6c50>, main=<bound method BuildVerb.main of <colcon_core.verb.build.BuildVerb object at 0x7bb8054b6c50>>, mixin_verb=('build',))
[0.165s] Level 1:colcon.colcon_core.package_discovery:discover_packages(colcon_meta) check parameters
[0.165s] Level 1:colcon.colcon_core.package_discovery:discover_packages(recursive) check parameters
[0.165s] Level 1:colcon.colcon_core.package_discovery:discover_packages(ignore) check parameters
[0.165s] Level 1:colcon.colcon_core.package_discovery:discover_packages(path) check parameters
[0.165s] Level 1:colcon.colcon_core.package_discovery:discover_packages(colcon_meta) discover
[0.165s] Level 1:colcon.colcon_core.package_discovery:discover_packages(recursive) discover
[0.165s] INFO:colcon.colcon_core.package_discovery:Crawling recursively for packages in '/home/ubuntu/rs_arm'
[0.165s] Level 1:colcon.colcon_core.package_identification:_identify(.) by extensions ['ignore', 'ignore_ament_install']
[0.165s] Level 1:colcon.colcon_core.package_identification:_identify(.) by extension 'ignore'
[0.165s] Level 1:colcon.colcon_core.package_identification:_identify(.) by extension 'ignore_ament_install'
[0.165s] Level 1:colcon.colcon_core.package_identification:_identify(.) by extensions ['colcon_pkg']
[0.165s] Level 1:colcon.colcon_core.package_identification:_identify(.) by extension 'colcon_pkg'
[0.165s] Level 1:colcon.colcon_core.package_identification:_identify(.) by extensions ['colcon_meta']
[0.165s] Level 1:colcon.colcon_core.package_identification:_identify(.) by extension 'colcon_meta'
[0.165s] Level 1:colcon.colcon_core.package_identification:_identify(.) by extensions ['ros']
[0.165s] Level 1:colcon.colcon_core.package_identification:_identify(.) by extension 'ros'
[0.183s] Level 1:colcon.colcon_core.package_identification:_identify(.) by extensions ['cmake', 'python']
[0.183s] Level 1:colcon.colcon_core.package_identification:_identify(.) by extension 'cmake'
[0.183s] Level 1:colcon.colcon_core.package_identification:_identify(.) by extension 'python'
[0.183s] Level 1:colcon.colcon_core.package_identification:_identify(.) by extensions ['python_setup_py']
[0.183s] Level 1:colcon.colcon_core.package_identification:_identify(.) by extension 'python_setup_py'
[0.184s] Level 1:colcon.colcon_core.package_identification:_identify(build) by extensions ['ignore', 'ignore_ament_install']
[0.184s] Level 1:colcon.colcon_core.package_identification:_identify(build) by extension 'ignore'
[0.184s] Level 1:colcon.colcon_core.package_identification:_identify(build) ignored
[0.184s] Level 1:colcon.colcon_core.package_identification:_identify(install) by extensions ['ignore', 'ignore_ament_install']
[0.184s] Level 1:colcon.colcon_core.package_identification:_identify(install) by extension 'ignore'
[0.184s] Level 1:colcon.colcon_core.package_identification:_identify(install) ignored
[0.184s] Level 1:colcon.colcon_core.package_identification:_identify(log) by extensions ['ignore', 'ignore_ament_install']
[0.184s] Level 1:colcon.colcon_core.package_identification:_identify(log) by extension 'ignore'
[0.184s] Level 1:colcon.colcon_core.package_identification:_identify(log) ignored
[0.184s] Level 1:colcon.colcon_core.package_identification:_identify(src) by extensions ['ignore', 'ignore_ament_install']
[0.184s] Level 1:colcon.colcon_core.package_identification:_identify(src) by extension 'ignore'
[0.184s] Level 1:colcon.colcon_core.package_identification:_identify(src) by extension 'ignore_ament_install'
[0.184s] Level 1:colcon.colcon_core.package_identification:_identify(src) by extensions ['colcon_pkg']
[0.184s] Level 1:colcon.colcon_core.package_identification:_identify(src) by extension 'colcon_pkg'
[0.184s] Level 1:colcon.colcon_core.package_identification:_identify(src) by extensions ['colcon_meta']
[0.184s] Level 1:colcon.colcon_core.package_identification:_identify(src) by extension 'colcon_meta'
[0.184s] Level 1:colcon.colcon_core.package_identification:_identify(src) by extensions ['ros']
[0.184s] Level 1:colcon.colcon_core.package_identification:_identify(src) by extension 'ros'
[0.184s] Level 1:colcon.colcon_core.package_identification:_identify(src) by extensions ['cmake', 'python']
[0.184s] Level 1:colcon.colcon_core.package_identification:_identify(src) by extension 'cmake'
[0.185s] Level 1:colcon.colcon_core.package_identification:_identify(src) by extension 'python'
[0.185s] Level 1:colcon.colcon_core.package_identification:_identify(src) by extensions ['python_setup_py']
[0.185s] Level 1:colcon.colcon_core.package_identification:_identify(src) by extension 'python_setup_py'
[0.185s] Level 1:colcon.colcon_core.package_identification:_identify(src/RS_A3_urdf) by extensions ['ignore', 'ignore_ament_install']
[0.185s] Level 1:colcon.colcon_core.package_identification:_identify(src/RS_A3_urdf) by extension 'ignore'
[0.185s] Level 1:colcon.colcon_core.package_identification:_identify(src/RS_A3_urdf) by extension 'ignore_ament_install'
[0.185s] Level 1:colcon.colcon_core.package_identification:_identify(src/RS_A3_urdf) by extensions ['colcon_pkg']
[0.185s] Level 1:colcon.colcon_core.package_identification:_identify(src/RS_A3_urdf) by extension 'colcon_pkg'
[0.185s] Level 1:colcon.colcon_core.package_identification:_identify(src/RS_A3_urdf) by extensions ['colcon_meta']
[0.185s] Level 1:colcon.colcon_core.package_identification:_identify(src/RS_A3_urdf) by extension 'colcon_meta'
[0.185s] Level 1:colcon.colcon_core.package_identification:_identify(src/RS_A3_urdf) by extensions ['ros']
[0.185s] Level 1:colcon.colcon_core.package_identification:_identify(src/RS_A3_urdf) by extension 'ros'
[0.185s] Level 1:colcon.colcon_core.package_identification:_identify(src/RS_A3_urdf) by extensions ['cmake', 'python']
[0.185s] Level 1:colcon.colcon_core.package_identification:_identify(src/RS_A3_urdf) by extension 'cmake'
[0.185s] Level 1:colcon.colcon_core.package_identification:_identify(src/RS_A3_urdf) by extension 'python'
[0.185s] Level 1:colcon.colcon_core.package_identification:_identify(src/RS_A3_urdf) by extensions ['python_setup_py']
[0.185s] Level 1:colcon.colcon_core.package_identification:_identify(src/RS_A3_urdf) by extension 'python_setup_py'
[0.185s] Level 1:colcon.colcon_core.package_identification:_identify(src/RS_A3_urdf/RS-A3) by extensions ['ignore', 'ignore_ament_install']
[0.185s] Level 1:colcon.colcon_core.package_identification:_identify(src/RS_A3_urdf/RS-A3) by extension 'ignore'
[0.185s] Level 1:colcon.colcon_core.package_identification:_identify(src/RS_A3_urdf/RS-A3) by extension 'ignore_ament_install'
[0.185s] Level 1:colcon.colcon_core.package_identification:_identify(src/RS_A3_urdf/RS-A3) by extensions ['colcon_pkg']
[0.185s] Level 1:colcon.colcon_core.package_identification:_identify(src/RS_A3_urdf/RS-A3) by extension 'colcon_pkg'
[0.185s] Level 1:colcon.colcon_core.package_identification:_identify(src/RS_A3_urdf/RS-A3) by extensions ['colcon_meta']
[0.185s] Level 1:colcon.colcon_core.package_identification:_identify(src/RS_A3_urdf/RS-A3) by extension 'colcon_meta'
[0.185s] Level 1:colcon.colcon_core.package_identification:_identify(src/RS_A3_urdf/RS-A3) by extensions ['ros']
[0.185s] Level 1:colcon.colcon_core.package_identification:_identify(src/RS_A3_urdf/RS-A3) by extension 'ros'
[0.188s] DEBUG:colcon.colcon_core.package_identification:Package 'src/RS_A3_urdf/RS-A3' with type 'ros.ament_cmake' and name 'rs_a3_urdf_legacy'
[0.188s] Level 1:colcon.colcon_core.package_identification:_identify(src/rs_a3_description) by extensions ['ignore', 'ignore_ament_install']
[0.188s] Level 1:colcon.colcon_core.package_identification:_identify(src/rs_a3_description) by extension 'ignore'
[0.188s] Level 1:colcon.colcon_core.package_identification:_identify(src/rs_a3_description) by extension 'ignore_ament_install'
[0.188s] Level 1:colcon.colcon_core.package_identification:_identify(src/rs_a3_description) by extensions ['colcon_pkg']
[0.188s] Level 1:colcon.colcon_core.package_identification:_identify(src/rs_a3_description) by extension 'colcon_pkg'
[0.188s] Level 1:colcon.colcon_core.package_identification:_identify(src/rs_a3_description) by extensions ['colcon_meta']
[0.188s] Level 1:colcon.colcon_core.package_identification:_identify(src/rs_a3_description) by extension 'colcon_meta'
[0.188s] Level 1:colcon.colcon_core.package_identification:_identify(src/rs_a3_description) by extensions ['ros']
[0.188s] Level 1:colcon.colcon_core.package_identification:_identify(src/rs_a3_description) by extension 'ros'
[0.188s] DEBUG:colcon.colcon_core.package_identification:Package 'src/rs_a3_description' with type 'ros.ament_cmake' and name 'rs_a3_description'
[0.188s] Level 1:colcon.colcon_core.package_identification:_identify(src/rs_a3_hardware) by extensions ['ignore', 'ignore_ament_install']
[0.188s] Level 1:colcon.colcon_core.package_identification:_identify(src/rs_a3_hardware) by extension 'ignore'
[0.188s] Level 1:colcon.colcon_core.package_identification:_identify(src/rs_a3_hardware) by extension 'ignore_ament_install'
[0.188s] Level 1:colcon.colcon_core.package_identification:_identify(src/rs_a3_hardware) by extensions ['colcon_pkg']
[0.188s] Level 1:colcon.colcon_core.package_identification:_identify(src/rs_a3_hardware) by extension 'colcon_pkg'
[0.188s] Level 1:colcon.colcon_core.package_identification:_identify(src/rs_a3_hardware) by extensions ['colcon_meta']
[0.188s] Level 1:colcon.colcon_core.package_identification:_identify(src/rs_a3_hardware) by extension 'colcon_meta'
[0.189s] Level 1:colcon.colcon_core.package_identification:_identify(src/rs_a3_hardware) by extensions ['ros']
[0.189s] Level 1:colcon.colcon_core.package_identification:_identify(src/rs_a3_hardware) by extension 'ros'
[0.189s] DEBUG:colcon.colcon_core.package_identification:Package 'src/rs_a3_hardware' with type 'ros.ament_cmake' and name 'rs_a3_hardware'
[0.189s] Level 1:colcon.colcon_core.package_identification:_identify(src/rs_a3_moveit_config) by extensions ['ignore', 'ignore_ament_install']
[0.189s] Level 1:colcon.colcon_core.package_identification:_identify(src/rs_a3_moveit_config) by extension 'ignore'
[0.189s] Level 1:colcon.colcon_core.package_identification:_identify(src/rs_a3_moveit_config) by extension 'ignore_ament_install'
[0.189s] Level 1:colcon.colcon_core.package_identification:_identify(src/rs_a3_moveit_config) by extensions ['colcon_pkg']
[0.189s] Level 1:colcon.colcon_core.package_identification:_identify(src/rs_a3_moveit_config) by extension 'colcon_pkg'
[0.189s] Level 1:colcon.colcon_core.package_identification:_identify(src/rs_a3_moveit_config) by extensions ['colcon_meta']
[0.189s] Level 1:colcon.colcon_core.package_identification:_identify(src/rs_a3_moveit_config) by extension 'colcon_meta'
[0.189s] Level 1:colcon.colcon_core.package_identification:_identify(src/rs_a3_moveit_config) by extensions ['ros']
[0.189s] Level 1:colcon.colcon_core.package_identification:_identify(src/rs_a3_moveit_config) by extension 'ros'
[0.190s] DEBUG:colcon.colcon_core.package_identification:Package 'src/rs_a3_moveit_config' with type 'ros.ament_cmake' and name 'rs_a3_moveit_config'
[0.190s] Level 1:colcon.colcon_core.package_identification:_identify(src/rs_a3_teleop) by extensions ['ignore', 'ignore_ament_install']
[0.190s] Level 1:colcon.colcon_core.package_identification:_identify(src/rs_a3_teleop) by extension 'ignore'
[0.190s] Level 1:colcon.colcon_core.package_identification:_identify(src/rs_a3_teleop) by extension 'ignore_ament_install'
[0.190s] Level 1:colcon.colcon_core.package_identification:_identify(src/rs_a3_teleop) by extensions ['colcon_pkg']
[0.190s] Level 1:colcon.colcon_core.package_identification:_identify(src/rs_a3_teleop) by extension 'colcon_pkg'
[0.190s] Level 1:colcon.colcon_core.package_identification:_identify(src/rs_a3_teleop) by extensions ['colcon_meta']
[0.190s] Level 1:colcon.colcon_core.package_identification:_identify(src/rs_a3_teleop) by extension 'colcon_meta'
[0.190s] Level 1:colcon.colcon_core.package_identification:_identify(src/rs_a3_teleop) by extensions ['ros']
[0.190s] Level 1:colcon.colcon_core.package_identification:_identify(src/rs_a3_teleop) by extension 'ros'
[0.190s] DEBUG:colcon.colcon_core.package_identification:Package 'src/rs_a3_teleop' with type 'ros.ament_python' and name 'rs_a3_teleop'
[0.190s] Level 1:colcon.colcon_core.package_identification:_identify(src/rs_a3_web_ui) by extensions ['ignore', 'ignore_ament_install']
[0.191s] Level 1:colcon.colcon_core.package_identification:_identify(src/rs_a3_web_ui) by extension 'ignore'
[0.191s] Level 1:colcon.colcon_core.package_identification:_identify(src/rs_a3_web_ui) by extension 'ignore_ament_install'
[0.191s] Level 1:colcon.colcon_core.package_identification:_identify(src/rs_a3_web_ui) by extensions ['colcon_pkg']
[0.191s] Level 1:colcon.colcon_core.package_identification:_identify(src/rs_a3_web_ui) by extension 'colcon_pkg'
[0.191s] Level 1:colcon.colcon_core.package_identification:_identify(src/rs_a3_web_ui) by extensions ['colcon_meta']
[0.191s] Level 1:colcon.colcon_core.package_identification:_identify(src/rs_a3_web_ui) by extension 'colcon_meta'
[0.191s] Level 1:colcon.colcon_core.package_identification:_identify(src/rs_a3_web_ui) by extensions ['ros']
[0.191s] Level 1:colcon.colcon_core.package_identification:_identify(src/rs_a3_web_ui) by extension 'ros'
[0.191s] DEBUG:colcon.colcon_core.package_identification:Package 'src/rs_a3_web_ui' with type 'ros.ament_python' and name 'rs_a3_web_ui'
[0.191s] Level 1:colcon.colcon_core.package_identification:_identify(src/scripts) by extensions ['ignore', 'ignore_ament_install']
[0.191s] Level 1:colcon.colcon_core.package_identification:_identify(src/scripts) by extension 'ignore'
[0.191s] Level 1:colcon.colcon_core.package_identification:_identify(src/scripts) by extension 'ignore_ament_install'
[0.191s] Level 1:colcon.colcon_core.package_identification:_identify(src/scripts) by extensions ['colcon_pkg']
[0.191s] Level 1:colcon.colcon_core.package_identification:_identify(src/scripts) by extension 'colcon_pkg'
[0.191s] Level 1:colcon.colcon_core.package_identification:_identify(src/scripts) by extensions ['colcon_meta']
[0.191s] Level 1:colcon.colcon_core.package_identification:_identify(src/scripts) by extension 'colcon_meta'
[0.191s] Level 1:colcon.colcon_core.package_identification:_identify(src/scripts) by extensions ['ros']
[0.191s] Level 1:colcon.colcon_core.package_identification:_identify(src/scripts) by extension 'ros'
[0.191s] Level 1:colcon.colcon_core.package_identification:_identify(src/scripts) by extensions ['cmake', 'python']
[0.191s] Level 1:colcon.colcon_core.package_identification:_identify(src/scripts) by extension 'cmake'
[0.191s] Level 1:colcon.colcon_core.package_identification:_identify(src/scripts) by extension 'python'
[0.191s] Level 1:colcon.colcon_core.package_identification:_identify(src/scripts) by extensions ['python_setup_py']
[0.191s] Level 1:colcon.colcon_core.package_identification:_identify(src/scripts) by extension 'python_setup_py'
[0.192s] Level 1:colcon.colcon_core.package_discovery:discover_packages(recursive) using defaults
[0.192s] Level 1:colcon.colcon_core.package_discovery:discover_packages(ignore) discover
[0.192s] Level 1:colcon.colcon_core.package_discovery:discover_packages(ignore) using defaults
[0.192s] Level 1:colcon.colcon_core.package_discovery:discover_packages(path) discover
[0.192s] Level 1:colcon.colcon_core.package_discovery:discover_packages(path) using defaults
[0.220s] Level 1:colcon.colcon_core.package_discovery:discover_packages(prefix_path) check parameters
[0.220s] Level 1:colcon.colcon_core.package_discovery:discover_packages(prefix_path) discover
[0.224s] DEBUG:colcon.colcon_installed_package_information.package_discovery:Found 6 installed packages in /home/ubuntu/rs_arm/install
[0.225s] DEBUG:colcon.colcon_installed_package_information.package_discovery:Found 371 installed packages in /opt/ros/humble
[0.226s] Level 1:colcon.colcon_core.package_discovery:discover_packages(prefix_path) using defaults
[0.255s] Level 5:colcon.colcon_core.verb:set package 'rs_a3_hardware' build argument 'cmake_args' from command line to 'None'
[0.256s] Level 5:colcon.colcon_core.verb:set package 'rs_a3_hardware' build argument 'cmake_target' from command line to 'None'
[0.256s] Level 5:colcon.colcon_core.verb:set package 'rs_a3_hardware' build argument 'cmake_target_skip_unavailable' from command line to 'False'
[0.256s] Level 5:colcon.colcon_core.verb:set package 'rs_a3_hardware' build argument 'cmake_clean_cache' from command line to 'False'
[0.256s] Level 5:colcon.colcon_core.verb:set package 'rs_a3_hardware' build argument 'cmake_clean_first' from command line to 'False'
[0.256s] Level 5:colcon.colcon_core.verb:set package 'rs_a3_hardware' build argument 'cmake_force_configure' from command line to 'False'
[0.256s] Level 5:colcon.colcon_core.verb:set package 'rs_a3_hardware' build argument 'ament_cmake_args' from command line to 'None'
[0.256s] Level 5:colcon.colcon_core.verb:set package 'rs_a3_hardware' build argument 'catkin_cmake_args' from command line to 'None'
[0.256s] Level 5:colcon.colcon_core.verb:set package 'rs_a3_hardware' build argument 'catkin_skip_building_tests' from command line to 'False'
[0.256s] DEBUG:colcon.colcon_core.verb:Building package 'rs_a3_hardware' with the following arguments: {'ament_cmake_args': None, 'build_base': '/home/ubuntu/rs_arm/build/rs_a3_hardware', 'catkin_cmake_args': None, 'catkin_skip_building_tests': False, 'cmake_args': None, 'cmake_clean_cache': False, 'cmake_clean_first': False, 'cmake_force_configure': False, 'cmake_target': None, 'cmake_target_skip_unavailable': False, 'install_base': '/home/ubuntu/rs_arm/install/rs_a3_hardware', 'merge_install': False, 'path': '/home/ubuntu/rs_arm/src/rs_a3_hardware', 'symlink_install': False, 'test_result_base': None}
[0.256s] Level 5:colcon.colcon_core.verb:set package 'rs_a3_teleop' build argument 'cmake_args' from command line to 'None'
[0.256s] Level 5:colcon.colcon_core.verb:set package 'rs_a3_teleop' build argument 'cmake_target' from command line to 'None'
[0.256s] Level 5:colcon.colcon_core.verb:set package 'rs_a3_teleop' build argument 'cmake_target_skip_unavailable' from command line to 'False'
[0.256s] Level 5:colcon.colcon_core.verb:set package 'rs_a3_teleop' build argument 'cmake_clean_cache' from command line to 'False'
[0.256s] Level 5:colcon.colcon_core.verb:set package 'rs_a3_teleop' build argument 'cmake_clean_first' from command line to 'False'
[0.256s] Level 5:colcon.colcon_core.verb:set package 'rs_a3_teleop' build argument 'cmake_force_configure' from command line to 'False'
[0.256s] Level 5:colcon.colcon_core.verb:set package 'rs_a3_teleop' build argument 'ament_cmake_args' from command line to 'None'
[0.256s] Level 5:colcon.colcon_core.verb:set package 'rs_a3_teleop' build argument 'catkin_cmake_args' from command line to 'None'
[0.256s] Level 5:colcon.colcon_core.verb:set package 'rs_a3_teleop' build argument 'catkin_skip_building_tests' from command line to 'False'
[0.256s] DEBUG:colcon.colcon_core.verb:Building package 'rs_a3_teleop' with the following arguments: {'ament_cmake_args': None, 'build_base': '/home/ubuntu/rs_arm/build/rs_a3_teleop', 'catkin_cmake_args': None, 'catkin_skip_building_tests': False, 'cmake_args': None, 'cmake_clean_cache': False, 'cmake_clean_first': False, 'cmake_force_configure': False, 'cmake_target': None, 'cmake_target_skip_unavailable': False, 'install_base': '/home/ubuntu/rs_arm/install/rs_a3_teleop', 'merge_install': False, 'path': '/home/ubuntu/rs_arm/src/rs_a3_teleop', 'symlink_install': False, 'test_result_base': None}
[0.256s] Level 5:colcon.colcon_core.verb:set package 'rs_a3_urdf_legacy' build argument 'cmake_args' from command line to 'None'
[0.256s] Level 5:colcon.colcon_core.verb:set package 'rs_a3_urdf_legacy' build argument 'cmake_target' from command line to 'None'
[0.256s] Level 5:colcon.colcon_core.verb:set package 'rs_a3_urdf_legacy' build argument 'cmake_target_skip_unavailable' from command line to 'False'
[0.256s] Level 5:colcon.colcon_core.verb:set package 'rs_a3_urdf_legacy' build argument 'cmake_clean_cache' from command line to 'False'
[0.256s] Level 5:colcon.colcon_core.verb:set package 'rs_a3_urdf_legacy' build argument 'cmake_clean_first' from command line to 'False'
[0.256s] Level 5:colcon.colcon_core.verb:set package 'rs_a3_urdf_legacy' build argument 'cmake_force_configure' from command line to 'False'
[0.256s] Level 5:colcon.colcon_core.verb:set package 'rs_a3_urdf_legacy' build argument 'ament_cmake_args' from command line to 'None'
[0.256s] Level 5:colcon.colcon_core.verb:set package 'rs_a3_urdf_legacy' build argument 'catkin_cmake_args' from command line to 'None'
[0.256s] Level 5:colcon.colcon_core.verb:set package 'rs_a3_urdf_legacy' build argument 'catkin_skip_building_tests' from command line to 'False'
[0.256s] DEBUG:colcon.colcon_core.verb:Building package 'rs_a3_urdf_legacy' with the following arguments: {'ament_cmake_args': None, 'build_base': '/home/ubuntu/rs_arm/build/rs_a3_urdf_legacy', 'catkin_cmake_args': None, 'catkin_skip_building_tests': False, 'cmake_args': None, 'cmake_clean_cache': False, 'cmake_clean_first': False, 'cmake_force_configure': False, 'cmake_target': None, 'cmake_target_skip_unavailable': False, 'install_base': '/home/ubuntu/rs_arm/install/rs_a3_urdf_legacy', 'merge_install': False, 'path': '/home/ubuntu/rs_arm/src/RS_A3_urdf/RS-A3', 'symlink_install': False, 'test_result_base': None}
[0.257s] Level 5:colcon.colcon_core.verb:set package 'rs_a3_web_ui' build argument 'cmake_args' from command line to 'None'
[0.257s] Level 5:colcon.colcon_core.verb:set package 'rs_a3_web_ui' build argument 'cmake_target' from command line to 'None'
[0.257s] Level 5:colcon.colcon_core.verb:set package 'rs_a3_web_ui' build argument 'cmake_target_skip_unavailable' from command line to 'False'
[0.257s] Level 5:colcon.colcon_core.verb:set package 'rs_a3_web_ui' build argument 'cmake_clean_cache' from command line to 'False'
[0.257s] Level 5:colcon.colcon_core.verb:set package 'rs_a3_web_ui' build argument 'cmake_clean_first' from command line to 'False'
[0.257s] Level 5:colcon.colcon_core.verb:set package 'rs_a3_web_ui' build argument 'cmake_force_configure' from command line to 'False'
[0.257s] Level 5:colcon.colcon_core.verb:set package 'rs_a3_web_ui' build argument 'ament_cmake_args' from command line to 'None'
[0.257s] Level 5:colcon.colcon_core.verb:set package 'rs_a3_web_ui' build argument 'catkin_cmake_args' from command line to 'None'
[0.257s] Level 5:colcon.colcon_core.verb:set package 'rs_a3_web_ui' build argument 'catkin_skip_building_tests' from command line to 'False'
[0.257s] DEBUG:colcon.colcon_core.verb:Building package 'rs_a3_web_ui' with the following arguments: {'ament_cmake_args': None, 'build_base': '/home/ubuntu/rs_arm/build/rs_a3_web_ui', 'catkin_cmake_args': None, 'catkin_skip_building_tests': False, 'cmake_args': None, 'cmake_clean_cache': False, 'cmake_clean_first': False, 'cmake_force_configure': False, 'cmake_target': None, 'cmake_target_skip_unavailable': False, 'install_base': '/home/ubuntu/rs_arm/install/rs_a3_web_ui', 'merge_install': False, 'path': '/home/ubuntu/rs_arm/src/rs_a3_web_ui', 'symlink_install': False, 'test_result_base': None}
[0.257s] Level 5:colcon.colcon_core.verb:set package 'rs_a3_description' build argument 'cmake_args' from command line to 'None'
[0.257s] Level 5:colcon.colcon_core.verb:set package 'rs_a3_description' build argument 'cmake_target' from command line to 'None'
[0.257s] Level 5:colcon.colcon_core.verb:set package 'rs_a3_description' build argument 'cmake_target_skip_unavailable' from command line to 'False'
[0.257s] Level 5:colcon.colcon_core.verb:set package 'rs_a3_description' build argument 'cmake_clean_cache' from command line to 'False'
[0.257s] Level 5:colcon.colcon_core.verb:set package 'rs_a3_description' build argument 'cmake_clean_first' from command line to 'False'
[0.257s] Level 5:colcon.colcon_core.verb:set package 'rs_a3_description' build argument 'cmake_force_configure' from command line to 'False'
[0.257s] Level 5:colcon.colcon_core.verb:set package 'rs_a3_description' build argument 'ament_cmake_args' from command line to 'None'
[0.257s] Level 5:colcon.colcon_core.verb:set package 'rs_a3_description' build argument 'catkin_cmake_args' from command line to 'None'
[0.257s] Level 5:colcon.colcon_core.verb:set package 'rs_a3_description' build argument 'catkin_skip_building_tests' from command line to 'False'
[0.257s] DEBUG:colcon.colcon_core.verb:Building package 'rs_a3_description' with the following arguments: {'ament_cmake_args': None, 'build_base': '/home/ubuntu/rs_arm/build/rs_a3_description', 'catkin_cmake_args': None, 'catkin_skip_building_tests': False, 'cmake_args': None, 'cmake_clean_cache': False, 'cmake_clean_first': False, 'cmake_force_configure': False, 'cmake_target': None, 'cmake_target_skip_unavailable': False, 'install_base': '/home/ubuntu/rs_arm/install/rs_a3_description', 'merge_install': False, 'path': '/home/ubuntu/rs_arm/src/rs_a3_description', 'symlink_install': False, 'test_result_base': None}
[0.257s] Level 5:colcon.colcon_core.verb:set package 'rs_a3_moveit_config' build argument 'cmake_args' from command line to 'None'
[0.257s] Level 5:colcon.colcon_core.verb:set package 'rs_a3_moveit_config' build argument 'cmake_target' from command line to 'None'
[0.257s] Level 5:colcon.colcon_core.verb:set package 'rs_a3_moveit_config' build argument 'cmake_target_skip_unavailable' from command line to 'False'
[0.257s] Level 5:colcon.colcon_core.verb:set package 'rs_a3_moveit_config' build argument 'cmake_clean_cache' from command line to 'False'
[0.257s] Level 5:colcon.colcon_core.verb:set package 'rs_a3_moveit_config' build argument 'cmake_clean_first' from command line to 'False'
[0.257s] Level 5:colcon.colcon_core.verb:set package 'rs_a3_moveit_config' build argument 'cmake_force_configure' from command line to 'False'
[0.257s] Level 5:colcon.colcon_core.verb:set package 'rs_a3_moveit_config' build argument 'ament_cmake_args' from command line to 'None'
[0.257s] Level 5:colcon.colcon_core.verb:set package 'rs_a3_moveit_config' build argument 'catkin_cmake_args' from command line to 'None'
[0.257s] Level 5:colcon.colcon_core.verb:set package 'rs_a3_moveit_config' build argument 'catkin_skip_building_tests' from command line to 'False'
[0.257s] DEBUG:colcon.colcon_core.verb:Building package 'rs_a3_moveit_config' with the following arguments: {'ament_cmake_args': None, 'build_base': '/home/ubuntu/rs_arm/build/rs_a3_moveit_config', 'catkin_cmake_args': None, 'catkin_skip_building_tests': False, 'cmake_args': None, 'cmake_clean_cache': False, 'cmake_clean_first': False, 'cmake_force_configure': False, 'cmake_target': None, 'cmake_target_skip_unavailable': False, 'install_base': '/home/ubuntu/rs_arm/install/rs_a3_moveit_config', 'merge_install': False, 'path': '/home/ubuntu/rs_arm/src/rs_a3_moveit_config', 'symlink_install': False, 'test_result_base': None}
[0.258s] INFO:colcon.colcon_core.executor:Executing jobs using 'parallel' executor
[0.258s] DEBUG:colcon.colcon_parallel_executor.executor.parallel:run_until_complete
[0.259s] INFO:colcon.colcon_ros.task.ament_cmake.build:Building ROS package in '/home/ubuntu/rs_arm/src/rs_a3_hardware' with build type 'ament_cmake'
[0.259s] INFO:colcon.colcon_cmake.task.cmake.build:Building CMake package in '/home/ubuntu/rs_arm/src/rs_a3_hardware'
[0.260s] INFO:colcon.colcon_core.plugin_system:Skipping extension 'colcon_core.shell.bat': Not used on non-Windows systems
[0.261s] INFO:colcon.colcon_core.shell:Skip shell extension 'powershell' for command environment: Not usable outside of PowerShell
[0.261s] DEBUG:colcon.colcon_core.shell:Skip shell extension 'dsv' for command environment
[0.263s] INFO:colcon.colcon_ros.task.ament_python.build:Building ROS package in '/home/ubuntu/rs_arm/src/rs_a3_teleop' with build type 'ament_python'
[0.263s] Level 1:colcon.colcon_core.shell:create_environment_hook('rs_a3_teleop', 'ament_prefix_path')
[0.263s] INFO:colcon.colcon_core.shell:Creating environment hook '/home/ubuntu/rs_arm/install/rs_a3_teleop/share/rs_a3_teleop/hook/ament_prefix_path.ps1'
[0.264s] INFO:colcon.colcon_core.shell:Creating environment descriptor '/home/ubuntu/rs_arm/install/rs_a3_teleop/share/rs_a3_teleop/hook/ament_prefix_path.dsv'
[0.264s] INFO:colcon.colcon_core.shell:Creating environment hook '/home/ubuntu/rs_arm/install/rs_a3_teleop/share/rs_a3_teleop/hook/ament_prefix_path.sh'
[0.264s] INFO:colcon.colcon_core.shell:Skip shell extension 'powershell' for command environment: Not usable outside of PowerShell
[0.264s] DEBUG:colcon.colcon_core.shell:Skip shell extension 'dsv' for command environment
[0.266s] INFO:colcon.colcon_ros.task.ament_cmake.build:Building ROS package in '/home/ubuntu/rs_arm/src/RS_A3_urdf/RS-A3' with build type 'ament_cmake'
[0.266s] INFO:colcon.colcon_cmake.task.cmake.build:Building CMake package in '/home/ubuntu/rs_arm/src/RS_A3_urdf/RS-A3'
[0.266s] INFO:colcon.colcon_core.shell:Skip shell extension 'powershell' for command environment: Not usable outside of PowerShell
[0.266s] DEBUG:colcon.colcon_core.shell:Skip shell extension 'dsv' for command environment
[0.270s] INFO:colcon.colcon_ros.task.ament_python.build:Building ROS package in '/home/ubuntu/rs_arm/src/rs_a3_web_ui' with build type 'ament_python'
[0.270s] Level 1:colcon.colcon_core.shell:create_environment_hook('rs_a3_web_ui', 'ament_prefix_path')
[0.270s] INFO:colcon.colcon_core.shell:Creating environment hook '/home/ubuntu/rs_arm/install/rs_a3_web_ui/share/rs_a3_web_ui/hook/ament_prefix_path.ps1'
[0.270s] INFO:colcon.colcon_core.shell:Creating environment descriptor '/home/ubuntu/rs_arm/install/rs_a3_web_ui/share/rs_a3_web_ui/hook/ament_prefix_path.dsv'
[0.270s] INFO:colcon.colcon_core.shell:Creating environment hook '/home/ubuntu/rs_arm/install/rs_a3_web_ui/share/rs_a3_web_ui/hook/ament_prefix_path.sh'
[0.271s] INFO:colcon.colcon_core.shell:Skip shell extension 'powershell' for command environment: Not usable outside of PowerShell
[0.271s] DEBUG:colcon.colcon_core.shell:Skip shell extension 'dsv' for command environment
[0.277s] DEBUG:colcon.colcon_core.event_handler.log_command:Invoking command in '/home/ubuntu/rs_arm/build/rs_a3_hardware': CMAKE_PREFIX_PATH=${CMAKE_PREFIX_PATH}:/home/ubuntu/rs_arm/install/rs_a3_web_ui:/home/ubuntu/rs_arm/install/rs_a3_teleop:/opt/ros/humble /home/ubuntu/.local/bin/cmake --build /home/ubuntu/rs_arm/build/rs_a3_hardware -- -j24 -l24
[0.466s] INFO:colcon.colcon_core.task.python.build:Building Python package in '/home/ubuntu/rs_arm/src/rs_a3_teleop'
[0.466s] INFO:colcon.colcon_core.shell:Skip shell extension 'powershell' for command environment: Not usable outside of PowerShell
[0.466s] DEBUG:colcon.colcon_core.shell:Skip shell extension 'dsv' for command environment
[0.475s] DEBUG:colcon.colcon_core.event_handler.log_command:Invoking command in '/home/ubuntu/rs_arm/build/rs_a3_urdf_legacy': CMAKE_PREFIX_PATH=${CMAKE_PREFIX_PATH}:/home/ubuntu/rs_arm/install/rs_a3_web_ui:/home/ubuntu/rs_arm/install/rs_a3_teleop:/opt/ros/humble /home/ubuntu/.local/bin/cmake --build /home/ubuntu/rs_arm/build/rs_a3_urdf_legacy -- -j24 -l24
[0.644s] INFO:colcon.colcon_core.task.python.build:Building Python package in '/home/ubuntu/rs_arm/src/rs_a3_web_ui'
[0.644s] INFO:colcon.colcon_core.shell:Skip shell extension 'powershell' for command environment: Not usable outside of PowerShell
[0.644s] DEBUG:colcon.colcon_core.shell:Skip shell extension 'dsv' for command environment
[0.652s] DEBUG:colcon.colcon_core.event_handler.log_command:Invoked command in '/home/ubuntu/rs_arm/build/rs_a3_urdf_legacy' returned '0': CMAKE_PREFIX_PATH=${CMAKE_PREFIX_PATH}:/home/ubuntu/rs_arm/install/rs_a3_web_ui:/home/ubuntu/rs_arm/install/rs_a3_teleop:/opt/ros/humble /home/ubuntu/.local/bin/cmake --build /home/ubuntu/rs_arm/build/rs_a3_urdf_legacy -- -j24 -l24
[0.760s] DEBUG:colcon.colcon_core.event_handler.log_command:Invoking command in '/home/ubuntu/rs_arm/build/rs_a3_urdf_legacy': CMAKE_PREFIX_PATH=${CMAKE_PREFIX_PATH}:/home/ubuntu/rs_arm/install/rs_a3_web_ui:/home/ubuntu/rs_arm/install/rs_a3_teleop:/opt/ros/humble /home/ubuntu/.local/bin/cmake --install /home/ubuntu/rs_arm/build/rs_a3_urdf_legacy
[0.834s] Level 1:colcon.colcon_core.environment:create_environment_scripts_only(rs_a3_urdf_legacy)
[0.836s] DEBUG:colcon.colcon_core.event_handler.log_command:Invoked command in '/home/ubuntu/rs_arm/build/rs_a3_urdf_legacy' returned '0': CMAKE_PREFIX_PATH=${CMAKE_PREFIX_PATH}:/home/ubuntu/rs_arm/install/rs_a3_web_ui:/home/ubuntu/rs_arm/install/rs_a3_teleop:/opt/ros/humble /home/ubuntu/.local/bin/cmake --install /home/ubuntu/rs_arm/build/rs_a3_urdf_legacy
[0.840s] Level 1:colcon.colcon_core.environment:checking '/home/ubuntu/rs_arm/install/rs_a3_urdf_legacy' for CMake module files
[0.840s] Level 1:colcon.colcon_core.environment:checking '/home/ubuntu/rs_arm/install/rs_a3_urdf_legacy' for CMake config files
[0.840s] Level 1:colcon.colcon_core.shell:create_environment_hook('rs_a3_urdf_legacy', 'cmake_prefix_path')
[0.840s] INFO:colcon.colcon_core.shell:Creating environment hook '/home/ubuntu/rs_arm/install/rs_a3_urdf_legacy/share/rs_a3_urdf_legacy/hook/cmake_prefix_path.ps1'
[0.841s] INFO:colcon.colcon_core.shell:Creating environment descriptor '/home/ubuntu/rs_arm/install/rs_a3_urdf_legacy/share/rs_a3_urdf_legacy/hook/cmake_prefix_path.dsv'
[0.841s] INFO:colcon.colcon_core.shell:Creating environment hook '/home/ubuntu/rs_arm/install/rs_a3_urdf_legacy/share/rs_a3_urdf_legacy/hook/cmake_prefix_path.sh'
[0.841s] Level 1:colcon.colcon_core.environment:checking '/home/ubuntu/rs_arm/install/rs_a3_urdf_legacy/bin'
[0.841s] Level 1:colcon.colcon_core.environment:checking '/home/ubuntu/rs_arm/install/rs_a3_urdf_legacy/lib/pkgconfig/rs_a3_urdf_legacy.pc'
[0.841s] Level 1:colcon.colcon_core.environment:checking '/home/ubuntu/rs_arm/install/rs_a3_urdf_legacy/lib/python3.10/site-packages'
[0.842s] Level 1:colcon.colcon_core.environment:checking '/home/ubuntu/rs_arm/install/rs_a3_urdf_legacy/bin'
[0.842s] INFO:colcon.colcon_core.shell:Creating package script '/home/ubuntu/rs_arm/install/rs_a3_urdf_legacy/share/rs_a3_urdf_legacy/package.ps1'
[0.844s] INFO:colcon.colcon_core.shell:Creating package descriptor '/home/ubuntu/rs_arm/install/rs_a3_urdf_legacy/share/rs_a3_urdf_legacy/package.dsv'
[0.845s] INFO:colcon.colcon_core.shell:Creating package script '/home/ubuntu/rs_arm/install/rs_a3_urdf_legacy/share/rs_a3_urdf_legacy/package.sh'
[0.846s] INFO:colcon.colcon_core.shell:Creating package script '/home/ubuntu/rs_arm/install/rs_a3_urdf_legacy/share/rs_a3_urdf_legacy/package.bash'
[0.846s] INFO:colcon.colcon_core.shell:Creating package script '/home/ubuntu/rs_arm/install/rs_a3_urdf_legacy/share/rs_a3_urdf_legacy/package.zsh'
[0.847s] Level 1:colcon.colcon_core.environment:create_file_with_runtime_dependencies(/home/ubuntu/rs_arm/install/rs_a3_urdf_legacy/share/colcon-core/packages/rs_a3_urdf_legacy)
[0.847s] Level 1:colcon.colcon_core.environment:create_environment_scripts_only(rs_a3_urdf_legacy)
[0.847s] Level 1:colcon.colcon_core.environment:checking '/home/ubuntu/rs_arm/install/rs_a3_urdf_legacy' for CMake module files
[0.848s] Level 1:colcon.colcon_core.environment:checking '/home/ubuntu/rs_arm/install/rs_a3_urdf_legacy' for CMake config files
[0.848s] Level 1:colcon.colcon_core.shell:create_environment_hook('rs_a3_urdf_legacy', 'cmake_prefix_path')
[0.848s] INFO:colcon.colcon_core.shell:Creating environment hook '/home/ubuntu/rs_arm/install/rs_a3_urdf_legacy/share/rs_a3_urdf_legacy/hook/cmake_prefix_path.ps1'
[0.848s] INFO:colcon.colcon_core.shell:Creating environment descriptor '/home/ubuntu/rs_arm/install/rs_a3_urdf_legacy/share/rs_a3_urdf_legacy/hook/cmake_prefix_path.dsv'
[0.848s] INFO:colcon.colcon_core.shell:Creating environment hook '/home/ubuntu/rs_arm/install/rs_a3_urdf_legacy/share/rs_a3_urdf_legacy/hook/cmake_prefix_path.sh'
[0.852s] Level 1:colcon.colcon_core.environment:checking '/home/ubuntu/rs_arm/install/rs_a3_urdf_legacy/bin'
[0.852s] Level 1:colcon.colcon_core.environment:checking '/home/ubuntu/rs_arm/install/rs_a3_urdf_legacy/lib/pkgconfig/rs_a3_urdf_legacy.pc'
[0.852s] Level 1:colcon.colcon_core.environment:checking '/home/ubuntu/rs_arm/install/rs_a3_urdf_legacy/lib/python3.10/site-packages'
[0.853s] Level 1:colcon.colcon_core.environment:checking '/home/ubuntu/rs_arm/install/rs_a3_urdf_legacy/bin'
[0.853s] INFO:colcon.colcon_core.shell:Creating package script '/home/ubuntu/rs_arm/install/rs_a3_urdf_legacy/share/rs_a3_urdf_legacy/package.ps1'
[0.853s] INFO:colcon.colcon_core.shell:Creating package descriptor '/home/ubuntu/rs_arm/install/rs_a3_urdf_legacy/share/rs_a3_urdf_legacy/package.dsv'
[0.854s] INFO:colcon.colcon_core.shell:Creating package script '/home/ubuntu/rs_arm/install/rs_a3_urdf_legacy/share/rs_a3_urdf_legacy/package.sh'
[0.854s] INFO:colcon.colcon_core.shell:Creating package script '/home/ubuntu/rs_arm/install/rs_a3_urdf_legacy/share/rs_a3_urdf_legacy/package.bash'
[0.854s] INFO:colcon.colcon_core.shell:Creating package script '/home/ubuntu/rs_arm/install/rs_a3_urdf_legacy/share/rs_a3_urdf_legacy/package.zsh'
[0.854s] Level 1:colcon.colcon_core.environment:create_file_with_runtime_dependencies(/home/ubuntu/rs_arm/install/rs_a3_urdf_legacy/share/colcon-core/packages/rs_a3_urdf_legacy)
[1.243s] DEBUG:colcon.colcon_core.event_handler.log_command:Invoking command in '/home/ubuntu/rs_arm/src/rs_a3_web_ui': PYTHONPATH=/home/ubuntu/rs_arm/build/rs_a3_web_ui/prefix_override:/usr/lib/python3/dist-packages/colcon_core/task/python/colcon_distutils_commands:/home/ubuntu/rs_arm/install/rs_a3_web_ui/lib/python3.10/site-packages:${PYTHONPATH} /usr/bin/python3 -W ignore:setup.py install is deprecated -W ignore:easy_install command is deprecated setup.py egg_info --egg-base ../../build/rs_a3_web_ui build --build-base /home/ubuntu/rs_arm/build/rs_a3_web_ui/build install --record /home/ubuntu/rs_arm/build/rs_a3_web_ui/install.log --single-version-externally-managed install_data
[1.246s] DEBUG:colcon.colcon_core.event_handler.log_command:Invoking command in '/home/ubuntu/rs_arm/src/rs_a3_teleop': PYTHONPATH=/home/ubuntu/rs_arm/build/rs_a3_teleop/prefix_override:/usr/lib/python3/dist-packages/colcon_core/task/python/colcon_distutils_commands:/home/ubuntu/rs_arm/install/rs_a3_teleop/lib/python3.10/site-packages:${PYTHONPATH} /usr/bin/python3 -W ignore:setup.py install is deprecated -W ignore:easy_install command is deprecated setup.py egg_info --egg-base ../../build/rs_a3_teleop build --build-base /home/ubuntu/rs_arm/build/rs_a3_teleop/build install --record /home/ubuntu/rs_arm/build/rs_a3_teleop/install.log --single-version-externally-managed install_data
[1.438s] DEBUG:colcon.colcon_core.event_handler.log_command:Invoked command in '/home/ubuntu/rs_arm/build/rs_a3_hardware' returned '2': CMAKE_PREFIX_PATH=${CMAKE_PREFIX_PATH}:/home/ubuntu/rs_arm/install/rs_a3_web_ui:/home/ubuntu/rs_arm/install/rs_a3_teleop:/opt/ros/humble /home/ubuntu/.local/bin/cmake --build /home/ubuntu/rs_arm/build/rs_a3_hardware -- -j24 -l24
[1.438s] Level 1:colcon.colcon_core.environment:create_environment_scripts_only(rs_a3_hardware)
[1.440s] Level 1:colcon.colcon_core.environment:checking '/home/ubuntu/rs_arm/install/rs_a3_hardware' for CMake module files
[1.444s] Level 1:colcon.colcon_core.environment:checking '/home/ubuntu/rs_arm/install/rs_a3_hardware' for CMake config files
[1.444s] Level 1:colcon.colcon_core.shell:create_environment_hook('rs_a3_hardware', 'cmake_prefix_path')
[1.444s] INFO:colcon.colcon_core.shell:Creating environment hook '/home/ubuntu/rs_arm/install/rs_a3_hardware/share/rs_a3_hardware/hook/cmake_prefix_path.ps1'
[1.445s] INFO:colcon.colcon_core.shell:Creating environment descriptor '/home/ubuntu/rs_arm/install/rs_a3_hardware/share/rs_a3_hardware/hook/cmake_prefix_path.dsv'
[1.445s] INFO:colcon.colcon_core.shell:Creating environment hook '/home/ubuntu/rs_arm/install/rs_a3_hardware/share/rs_a3_hardware/hook/cmake_prefix_path.sh'
[1.446s] Level 1:colcon.colcon_core.environment:checking '/home/ubuntu/rs_arm/install/rs_a3_hardware/lib'
[1.446s] Level 1:colcon.colcon_core.shell:create_environment_hook('rs_a3_hardware', 'ld_library_path_lib')
[1.446s] INFO:colcon.colcon_core.shell:Creating environment hook '/home/ubuntu/rs_arm/install/rs_a3_hardware/share/rs_a3_hardware/hook/ld_library_path_lib.ps1'
[1.447s] INFO:colcon.colcon_core.shell:Creating environment descriptor '/home/ubuntu/rs_arm/install/rs_a3_hardware/share/rs_a3_hardware/hook/ld_library_path_lib.dsv'
[1.447s] INFO:colcon.colcon_core.shell:Creating environment hook '/home/ubuntu/rs_arm/install/rs_a3_hardware/share/rs_a3_hardware/hook/ld_library_path_lib.sh'
[1.447s] Level 1:colcon.colcon_core.environment:checking '/home/ubuntu/rs_arm/install/rs_a3_hardware/bin'
[1.447s] Level 1:colcon.colcon_core.environment:checking '/home/ubuntu/rs_arm/install/rs_a3_hardware/lib/pkgconfig/rs_a3_hardware.pc'
[1.448s] Level 1:colcon.colcon_core.environment:checking '/home/ubuntu/rs_arm/install/rs_a3_hardware/lib/python3.10/site-packages'
[1.448s] Level 1:colcon.colcon_core.environment:checking '/home/ubuntu/rs_arm/install/rs_a3_hardware/bin'
[1.451s] INFO:colcon.colcon_core.shell:Creating package script '/home/ubuntu/rs_arm/install/rs_a3_hardware/share/rs_a3_hardware/package.ps1'
[1.452s] INFO:colcon.colcon_core.shell:Creating package descriptor '/home/ubuntu/rs_arm/install/rs_a3_hardware/share/rs_a3_hardware/package.dsv'
[1.452s] INFO:colcon.colcon_core.shell:Creating package script '/home/ubuntu/rs_arm/install/rs_a3_hardware/share/rs_a3_hardware/package.sh'
[1.453s] INFO:colcon.colcon_core.shell:Creating package script '/home/ubuntu/rs_arm/install/rs_a3_hardware/share/rs_a3_hardware/package.bash'
[1.453s] INFO:colcon.colcon_core.shell:Creating package script '/home/ubuntu/rs_arm/install/rs_a3_hardware/share/rs_a3_hardware/package.zsh'
[1.453s] Level 1:colcon.colcon_core.environment:create_file_with_runtime_dependencies(/home/ubuntu/rs_arm/install/rs_a3_hardware/share/colcon-core/packages/rs_a3_hardware)
[1.742s] DEBUG:colcon.colcon_parallel_executor.executor.parallel:closing loop
[1.742s] DEBUG:colcon.colcon_parallel_executor.executor.parallel:loop closed
[1.742s] DEBUG:colcon.colcon_parallel_executor.executor.parallel:run_until_complete finished with '2'
[1.742s] DEBUG:colcon.colcon_core.event_reactor:joining thread
[1.750s] INFO:colcon.colcon_core.plugin_system:Skipping extension 'colcon_notification.desktop_notification.terminal_notifier': Not used on non-Darwin systems
[1.750s] INFO:colcon.colcon_core.plugin_system:Skipping extension 'colcon_notification.desktop_notification.win32': Not used on non-Windows systems
[1.750s] INFO:colcon.colcon_notification.desktop_notification:Sending desktop notification using 'notify2'
[1.775s] DEBUG:colcon.colcon_core.event_reactor:joined thread
[1.776s] INFO:colcon.colcon_core.shell:Creating prefix script '/home/ubuntu/rs_arm/install/local_setup.ps1'
[1.778s] INFO:colcon.colcon_core.shell:Creating prefix util module '/home/ubuntu/rs_arm/install/_local_setup_util_ps1.py'
[1.788s] INFO:colcon.colcon_core.shell:Creating prefix chain script '/home/ubuntu/rs_arm/install/setup.ps1'
[1.789s] INFO:colcon.colcon_core.shell:Creating prefix script '/home/ubuntu/rs_arm/install/local_setup.sh'
[1.790s] INFO:colcon.colcon_core.shell:Creating prefix util module '/home/ubuntu/rs_arm/install/_local_setup_util_sh.py'
[1.790s] INFO:colcon.colcon_core.shell:Creating prefix chain script '/home/ubuntu/rs_arm/install/setup.sh'
[1.791s] INFO:colcon.colcon_core.shell:Creating prefix script '/home/ubuntu/rs_arm/install/local_setup.bash'
[1.792s] INFO:colcon.colcon_core.shell:Creating prefix chain script '/home/ubuntu/rs_arm/install/setup.bash'
[1.793s] INFO:colcon.colcon_core.shell:Creating prefix script '/home/ubuntu/rs_arm/install/local_setup.zsh'
[1.794s] INFO:colcon.colcon_core.shell:Creating prefix chain script '/home/ubuntu/rs_arm/install/setup.zsh'
