[0.013s] Invoking command in '/home/ubuntu/rs_arm/build/rs_a3_hardware': CMAKE_PREFIX_PATH=${CMAKE_PREFIX_PATH}:/home/ubuntu/rs_arm/install/rs_a3_teleop:/opt/ros/humble /home/ubuntu/.local/bin/cmake --build /home/ubuntu/rs_arm/build/rs_a3_hardware -- -j24 -l24
[0.153s] [100%] Built target rs_a3_hardware
[0.178s] Invoked command in '/home/ubuntu/rs_arm/build/rs_a3_hardware' returned '0': CMAKE_PREFIX_PATH=${CMAKE_PREFIX_PATH}:/home/ubuntu/rs_arm/install/rs_a3_teleop:/opt/ros/humble /home/ubuntu/.local/bin/cmake --build /home/ubuntu/rs_arm/build/rs_a3_hardware -- -j24 -l24
[0.240s] Invoking command in '/home/ubuntu/rs_arm/build/rs_a3_hardware': CMAKE_PREFIX_PATH=${CMAKE_PREFIX_PATH}:/home/ubuntu/rs_arm/install/rs_a3_teleop:/opt/ros/humble /home/ubuntu/.local/bin/cmake --install /home/ubuntu/rs_arm/build/rs_a3_hardware
[0.291s] -- Install configuration: ""
[0.291s] -- Up-to-date: /home/ubuntu/rs_arm/install/rs_a3_hardware/share/rs_a3_hardware/rs_a3_hardware_plugin.xml
[0.293s] -- Up-to-date: /home/ubuntu/rs_arm/install/rs_a3_hardware/lib/librs_a3_hardware.so
[0.293s] -- Up-to-date: /home/ubuntu/rs_arm/install/rs_a3_hardware/include
[0.293s] -- Up-to-date: /home/ubuntu/rs_arm/install/rs_a3_hardware/include/rs_a3_hardware
[0.293s] -- Up-to-date: /home/ubuntu/rs_arm/install/rs_a3_hardware/include/rs_a3_hardware/rs_a3_hardware.hpp
[0.293s] -- Up-to-date: /home/ubuntu/rs_arm/install/rs_a3_hardware/include/rs_a3_hardware/s_curve_generator.hpp
[0.293s] -- Up-to-date: /home/ubuntu/rs_arm/install/rs_a3_hardware/include/rs_a3_hardware/robstride_can_driver.hpp
[0.293s] -- Up-to-date: /home/ubuntu/rs_arm/install/rs_a3_hardware/share/rs_a3_hardware/rs_a3_hardware_plugin.xml
[0.293s] -- Up-to-date: /home/ubuntu/rs_arm/install/rs_a3_hardware/share/rs_a3_hardware/environment/library_path.sh
[0.293s] -- Up-to-date: /home/ubuntu/rs_arm/install/rs_a3_hardware/share/rs_a3_hardware/environment/library_path.dsv
[0.293s] -- Up-to-date: /home/ubuntu/rs_arm/install/rs_a3_hardware/share/ament_index/resource_index/package_run_dependencies/rs_a3_hardware
[0.293s] -- Up-to-date: /home/ubuntu/rs_arm/install/rs_a3_hardware/share/ament_index/resource_index/parent_prefix_path/rs_a3_hardware
[0.293s] -- Up-to-date: /home/ubuntu/rs_arm/install/rs_a3_hardware/share/rs_a3_hardware/environment/ament_prefix_path.sh
[0.294s] -- Up-to-date: /home/ubuntu/rs_arm/install/rs_a3_hardware/share/rs_a3_hardware/environment/ament_prefix_path.dsv
[0.294s] -- Up-to-date: /home/ubuntu/rs_arm/install/rs_a3_hardware/share/rs_a3_hardware/environment/path.sh
[0.294s] -- Up-to-date: /home/ubuntu/rs_arm/install/rs_a3_hardware/share/rs_a3_hardware/environment/path.dsv
[0.294s] -- Up-to-date: /home/ubuntu/rs_arm/install/rs_a3_hardware/share/rs_a3_hardware/local_setup.bash
[0.294s] -- Up-to-date: /home/ubuntu/rs_arm/install/rs_a3_hardware/share/rs_a3_hardware/local_setup.sh
[0.294s] -- Up-to-date: /home/ubuntu/rs_arm/install/rs_a3_hardware/share/rs_a3_hardware/local_setup.zsh
[0.294s] -- Up-to-date: /home/ubuntu/rs_arm/install/rs_a3_hardware/share/rs_a3_hardware/local_setup.dsv
[0.294s] -- Installing: /home/ubuntu/rs_arm/install/rs_a3_hardware/share/rs_a3_hardware/package.dsv
[0.297s] -- Up-to-date: /home/ubuntu/rs_arm/install/rs_a3_hardware/share/ament_index/resource_index/packages/rs_a3_hardware
[0.297s] -- Up-to-date: /home/ubuntu/rs_arm/install/rs_a3_hardware/share/ament_index/resource_index/hardware_interface__pluginlib__plugin/rs_a3_hardware
[0.297s] -- Up-to-date: /home/ubuntu/rs_arm/install/rs_a3_hardware/share/rs_a3_hardware/cmake/export_rs_a3_hardwareExport.cmake
[0.298s] -- Up-to-date: /home/ubuntu/rs_arm/install/rs_a3_hardware/share/rs_a3_hardware/cmake/export_rs_a3_hardwareExport-noconfig.cmake
[0.298s] -- Up-to-date: /home/ubuntu/rs_arm/install/rs_a3_hardware/share/rs_a3_hardware/cmake/ament_cmake_export_include_directories-extras.cmake
[0.298s] -- Up-to-date: /home/ubuntu/rs_arm/install/rs_a3_hardware/share/rs_a3_hardware/cmake/ament_cmake_export_libraries-extras.cmake
[0.298s] -- Up-to-date: /home/ubuntu/rs_arm/install/rs_a3_hardware/share/rs_a3_hardware/cmake/ament_cmake_export_targets-extras.cmake
[0.298s] -- Up-to-date: /home/ubuntu/rs_arm/install/rs_a3_hardware/share/rs_a3_hardware/cmake/rs_a3_hardwareConfig.cmake
[0.298s] -- Up-to-date: /home/ubuntu/rs_arm/install/rs_a3_hardware/share/rs_a3_hardware/cmake/rs_a3_hardwareConfig-version.cmake
[0.298s] -- Up-to-date: /home/ubuntu/rs_arm/install/rs_a3_hardware/share/rs_a3_hardware/package.xml
[0.298s] Invoked command in '/home/ubuntu/rs_arm/build/rs_a3_hardware' returned '0': CMAKE_PREFIX_PATH=${CMAKE_PREFIX_PATH}:/home/ubuntu/rs_arm/install/rs_a3_teleop:/opt/ros/humble /home/ubuntu/.local/bin/cmake --install /home/ubuntu/rs_arm/build/rs_a3_hardware
