running develop
running egg_info
creating rs_a3_teleop.egg-info
writing rs_a3_teleop.egg-info/PKG-INFO
writing dependency_links to rs_a3_teleop.egg-info/dependency_links.txt
writing entry points to rs_a3_teleop.egg-info/entry_points.txt
writing requirements to rs_a3_teleop.egg-info/requires.txt
writing top-level names to rs_a3_teleop.egg-info/top_level.txt
writing manifest file 'rs_a3_teleop.egg-info/SOURCES.txt'
reading manifest file 'rs_a3_teleop.egg-info/SOURCES.txt'
writing manifest file 'rs_a3_teleop.egg-info/SOURCES.txt'
running build_ext
Creating /home/wy/RS/A3/ros2_ws/install/rs_a3_teleop/lib/python3.10/site-packages/rs-a3-teleop.egg-link (link to .)
Installing xbox_servo_teleop_node script to /home/wy/RS/A3/ros2_ws/install/rs_a3_teleop/lib/rs_a3_teleop
Installing xbox_teleop_node script to /home/wy/RS/A3/ros2_ws/install/rs_a3_teleop/lib/rs_a3_teleop

Installed /home/wy/RS/A3/ros2_ws/build/rs_a3_teleop
running symlink_data
creating /home/wy/RS/A3/ros2_ws/install/rs_a3_teleop/share/ament_index
creating /home/wy/RS/A3/ros2_ws/install/rs_a3_teleop/share/ament_index/resource_index
creating /home/wy/RS/A3/ros2_ws/install/rs_a3_teleop/share/ament_index/resource_index/packages
symbolically linking /home/wy/RS/A3/ros2_ws/build/rs_a3_teleop/resource/rs_a3_teleop -> /home/wy/RS/A3/ros2_ws/install/rs_a3_teleop/share/ament_index/resource_index/packages
symbolically linking /home/wy/RS/A3/ros2_ws/build/rs_a3_teleop/package.xml -> /home/wy/RS/A3/ros2_ws/install/rs_a3_teleop/share/rs_a3_teleop
creating /home/wy/RS/A3/ros2_ws/install/rs_a3_teleop/share/rs_a3_teleop/launch
symbolically linking /home/wy/RS/A3/ros2_ws/build/rs_a3_teleop/launch/xbox_teleop.launch.py -> /home/wy/RS/A3/ros2_ws/install/rs_a3_teleop/share/rs_a3_teleop/launch
symbolically linking /home/wy/RS/A3/ros2_ws/build/rs_a3_teleop/launch/xbox_servo_teleop.launch.py -> /home/wy/RS/A3/ros2_ws/install/rs_a3_teleop/share/rs_a3_teleop/launch
symbolically linking /home/wy/RS/A3/ros2_ws/build/rs_a3_teleop/launch/simple_teleop.launch.py -> /home/wy/RS/A3/ros2_ws/install/rs_a3_teleop/share/rs_a3_teleop/launch
symbolically linking /home/wy/RS/A3/ros2_ws/build/rs_a3_teleop/launch/complete_teleop.launch.py -> /home/wy/RS/A3/ros2_ws/install/rs_a3_teleop/share/rs_a3_teleop/launch
creating /home/wy/RS/A3/ros2_ws/install/rs_a3_teleop/share/rs_a3_teleop/config
symbolically linking /home/wy/RS/A3/ros2_ws/build/rs_a3_teleop/config/moveit_servo_config.yaml -> /home/wy/RS/A3/ros2_ws/install/rs_a3_teleop/share/rs_a3_teleop/config
symbolically linking /home/wy/RS/A3/ros2_ws/build/rs_a3_teleop/config/xbox_servo_teleop.yaml -> /home/wy/RS/A3/ros2_ws/install/rs_a3_teleop/share/rs_a3_teleop/config
symbolically linking /home/wy/RS/A3/ros2_ws/build/rs_a3_teleop/config/xbox_teleop.yaml -> /home/wy/RS/A3/ros2_ws/install/rs_a3_teleop/share/rs_a3_teleop/config
