[0.000000] (-) TimerEvent: {}
[0.000146] (-) JobUnselected: {'identifier': 'rs_a3_description'}
[0.000353] (-) JobUnselected: {'identifier': 'rs_a3_description'}
[0.000434] (-) JobUnselected: {'identifier': 'rs_a3_moveit_config'}
[0.000483] (-) JobUnselected: {'identifier': 'rs_a3_teleop'}
[0.000492] (rs_a3_hardware) JobQueued: {'identifier': 'rs_a3_hardware', 'dependencies': OrderedDict()}
[0.000500] (rs_a3_hardware) JobStarted: {'identifier': 'rs_a3_hardware'}
[0.003925] (rs_a3_hardware) JobProgress: {'identifier': 'rs_a3_hardware', 'progress': 'cmake'}
[0.004197] (rs_a3_hardware) JobProgress: {'identifier': 'rs_a3_hardware', 'progress': 'build'}
[0.004546] (rs_a3_hardware) Command: {'cmd': ['/usr/bin/cmake', '--build', '/home/wy/RS/A3/build/rs_a3_hardware', '--', '-j24', '-l24'], 'cwd': '/home/wy/RS/A3/build/rs_a3_hardware', 'env': OrderedDict([('LESSOPEN', '| /usr/bin/lesspipe %s'), ('VSCODE_CWD', '/home/wy'), ('VSCODE_ESM_ENTRYPOINT', 'vs/workbench/api/node/extensionHostProcess'), ('CONDA_PROMPT_MODIFIER', '(base)'), ('LANGUAGE', 'zh_CN:en'), ('USER', 'wy'), ('LC_TIME', 'en_US.UTF-8'), ('VSCODE_NLS_CONFIG', '{"userLocale":"zh-cn","osLocale":"zh-cn","resolvedLanguage":"zh-cn","defaultMessagesFile":"/usr/share/cursor/resources/app/out/nls.messages.json","languagePack":{"translationsConfigFile":"/home/wy/.config/Cursor/clp/3bfb7f1471a52e527cfc1587dd57c7c1.zh-cn/tcf.json","messagesFile":"/home/wy/.config/Cursor/clp/3bfb7f1471a52e527cfc1587dd57c7c1.zh-cn/20adc1003928b0f1b99305dbaf845656ff81f5d0/nls.messages.json","corruptMarkerFile":"/home/wy/.config/Cursor/clp/3bfb7f1471a52e527cfc1587dd57c7c1.zh-cn/corrupted.info"},"locale":"zh-cn","availableLanguages":{"*":"zh-cn"},"_languagePackId":"3bfb7f1471a52e527cfc1587dd57c7c1.zh-cn","_languagePackSupport":true,"_translationsConfigFile":"/home/wy/.config/Cursor/clp/3bfb7f1471a52e527cfc1587dd57c7c1.zh-cn/tcf.json","_cacheRoot":"/home/wy/.config/Cursor/clp/3bfb7f1471a52e527cfc1587dd57c7c1.zh-cn","_resolvedLanguagePackCoreLocation":"/home/wy/.config/Cursor/clp/3bfb7f1471a52e527cfc1587dd57c7c1.zh-cn/20adc1003928b0f1b99305dbaf845656ff81f5d0","_corruptedFile":"/home/wy/.config/Cursor/clp/3bfb7f1471a52e527cfc1587dd57c7c1.zh-cn/corrupted.info"}'), ('VSCODE_HANDLES_UNCAUGHT_ERRORS', 'true'), ('XDG_SESSION_TYPE', 'x11'), ('SHLVL', '0'), ('LD_LIBRARY_PATH', '/opt/ros/humble/opt/rviz_ogre_vendor/lib:/opt/ros/humble/lib/x86_64-linux-gnu:/opt/ros/humble/lib::/home/wy/miniconda3/envs/rl_gpu/lib'), ('HOME', '/home/wy'), ('CHROME_DESKTOP', 'cursor.desktop'), ('CONDA_SHLVL', '1'), ('OLDPWD', '/home/wy/RS/A3'), ('DESKTOP_SESSION', 'ubuntu'), ('VSCODE_IPC_HOOK', '/run/user/1000/vscode-ffeb21a4-2.2.-main.sock'), ('GIO_LAUNCHED_DESKTOP_FILE', '/usr/share/applications/cursor.desktop'), ('ROS_PYTHON_VERSION', '3'), ('GNOME_SHELL_SESSION_MODE', 'ubuntu'), ('GTK_MODULES', 'gail:atk-bridge'), ('XDG_SEAT_PATH', '/org/freedesktop/DisplayManager/Seat0'), ('LC_MONETARY', 'en_US.UTF-8'), ('MANAGERPID', '2112'), ('SYSTEMD_EXEC_PID', '2304'), ('NO_COLOR', '1'), ('DBUS_SESSION_BUS_ADDRESS', 'unix:path=/run/user/1000/bus'), ('_CONDA_ROOT', '/home/wy/miniconda3'), ('GIO_LAUNCHED_DESKTOP_FILE_PID', '4319'), ('VSCODE_CRASH_REPORTER_PROCESS_TYPE', 'extensionHost'), ('VSCODE_L10N_BUNDLE_LOCATION', 'file:///home/wy/.cursor/extensions/ms-ceintl.vscode-language-pack-zh-hans-1.105.0-universal/translations/extensions/vscode.json-language-features.i18n.json'), ('ROS_DISTRO', 'humble'), ('GTK_IM_MODULE', 'fcitx'), ('LOGNAME', 'wy'), ('FORCE_COLOR', '0'), ('JOURNAL_STREAM', '8:20670'), ('PULSE_SERVER', 'unix:/run/user/1000/pulse/native'), ('_', '/usr/bin/colcon'), ('ROS_VERSION', '2'), ('XDG_SESSION_CLASS', 'user'), ('TERM', 'dumb'), ('EVERYSPHERE_RIPGREP_PATH', '/usr/share/cursor/resources/app/node_modules/@vscode/ripgrep/bin/rg'), ('GNOME_DESKTOP_SESSION_ID', 'this-is-deprecated'), ('ROS_LOCALHOST_ONLY', '0'), ('COMPOSER_NO_INTERACTION', '1'), ('PATH', '/opt/ros/humble/bin:/home/wy/miniconda3/bin:/home/wy/miniconda3/condabin:/usr/local/sbin:/usr/local/bin:/usr/sbin:/usr/bin:/sbin:/bin:/usr/games:/usr/local/games:/snap/bin'), ('SESSION_MANAGER', 'local/RS-wy:@/tmp/.ICE-unix/2304,unix/RS-wy:/tmp/.ICE-unix/2304'), ('GDM_LANG', 'zh_CN'), ('INVOCATION_ID', 'e33984b694004e6390f46fe29ec8d089'), ('PAPERSIZE', 'letter'), ('XDG_SESSION_PATH', '/org/freedesktop/DisplayManager/Session0'), ('XDG_MENU_PREFIX', 'gnome-'), ('LC_ADDRESS', 'en_US.UTF-8'), ('VSCODE_PROCESS_TITLE', 'extension-host  [1-1]'), ('XDG_RUNTIME_DIR', '/run/user/1000'), ('GDK_BACKEND', 'x11'), ('CURSOR_AGENT', '1'), ('DISPLAY', ':0'), ('LANG', 'zh_CN.UTF-8'), ('XDG_CURRENT_DESKTOP', 'Unity'), ('LC_TELEPHONE', 'en_US.UTF-8'), ('XMODIFIERS', '@im=fcitx'), ('XDG_SESSION_DESKTOP', 'ubuntu'), ('XAUTHORITY', '/home/wy/.Xauthority'), ('CURSOR_TRACE_ID', 'b435035fe07c420b8fea1225b6b7b6b6'), ('SSH_AGENT_LAUNCHER', 'gnome-keyring'), ('SSH_AUTH_SOCK', '/run/user/1000/keyring/ssh'), ('GSETTINGS_SCHEMA_DIR', '/home/wy/data'), ('XDG_GREETER_DATA_DIR', '/var/lib/lightdm-data/wy'), ('AMENT_PREFIX_PATH', '/opt/ros/humble'), ('CONDA_PYTHON_EXE', '/home/wy/miniconda3/bin/python'), ('ORIGINAL_XDG_CURRENT_DESKTOP', 'ubuntu:GNOME'), ('SHELL', '/bin/bash'), ('LC_NAME', 'en_US.UTF-8'), ('QT_ACCESSIBILITY', '1'), ('GDMSESSION', 'ubuntu'), ('LESSCLOSE', '/usr/bin/lesspipe %s %s'), ('CONDA_DEFAULT_ENV', 'base'), ('LC_MEASUREMENT', 'en_US.UTF-8'), ('GPG_AGENT_INFO', '/run/user/1000/gnupg/S.gpg-agent:0:1'), ('_CONDA_EXE', '/home/wy/miniconda3/bin/conda'), ('LC_IDENTIFICATION', 'en_US.UTF-8'), ('QT_IM_MODULE', 'fcitx'), ('PWD', '/home/wy/RS/A3/build/rs_a3_hardware'), ('LC_ALL', 'en_US.UTF-8'), ('XDG_CONFIG_DIRS', '/etc/xdg/xdg-ubuntu:/etc/xdg'), ('CONDA_EXE', '/home/wy/miniconda3/bin/conda'), ('VSCODE_CODE_CACHE_PATH', '/home/wy/.config/Cursor/CachedData/20adc1003928b0f1b99305dbaf845656ff81f5d0'), ('XDG_DATA_DIRS', '/usr/share/ubuntu:/usr/share/gnome:/usr/local/share:/usr/share:/var/lib/snapd/desktop'), ('PYTHONPATH', '/opt/ros/humble/lib/python3.10/site-packages:/opt/ros/humble/local/lib/python3.10/dist-packages'), ('LC_NUMERIC', 'en_US.UTF-8'), ('CONDA_PREFIX', '/home/wy/miniconda3'), ('LC_PAPER', 'en_US.UTF-8'), ('COLCON', '1'), ('_ZO_DOCTOR', '0'), ('VSCODE_PID', '4319'), ('CMAKE_PREFIX_PATH', '/opt/ros/humble')]), 'shell': False}
[0.036670] (rs_a3_hardware) StdoutLine: {'line': b'Consolidate compiler generated dependencies of target rs_a3_hardware\n'}
[0.045786] (rs_a3_hardware) StdoutLine: {'line': b'[ 33%] Building CXX object CMakeFiles/rs_a3_hardware.dir/src/rs_a3_hardware.cpp.o\n'}
[0.099900] (-) TimerEvent: {}
[0.200100] (-) TimerEvent: {}
[0.300280] (-) TimerEvent: {}
[0.400457] (-) TimerEvent: {}
[0.500636] (-) TimerEvent: {}
[0.600836] (-) TimerEvent: {}
[0.701015] (-) TimerEvent: {}
[0.801280] (-) TimerEvent: {}
[0.901746] (-) TimerEvent: {}
[1.001921] (-) TimerEvent: {}
[1.102102] (-) TimerEvent: {}
[1.202279] (-) TimerEvent: {}
[1.302461] (-) TimerEvent: {}
[1.402788] (-) TimerEvent: {}
[1.502957] (-) TimerEvent: {}
[1.603100] (-) TimerEvent: {}
[1.703358] (-) TimerEvent: {}
[1.803517] (-) TimerEvent: {}
[1.903791] (-) TimerEvent: {}
[1.906495] (rs_a3_hardware) StdoutLine: {'line': b'[ 66%] Linking CXX shared library librs_a3_hardware.so\n'}
[1.998874] (rs_a3_hardware) StdoutLine: {'line': b'[100%] Built target rs_a3_hardware\n'}
[2.003852] (-) TimerEvent: {}
[2.006561] (rs_a3_hardware) CommandEnded: {'returncode': 0}
[2.006991] (rs_a3_hardware) JobProgress: {'identifier': 'rs_a3_hardware', 'progress': 'install'}
[2.012203] (rs_a3_hardware) Command: {'cmd': ['/usr/bin/cmake', '--install', '/home/wy/RS/A3/build/rs_a3_hardware'], 'cwd': '/home/wy/RS/A3/build/rs_a3_hardware', 'env': OrderedDict([('LESSOPEN', '| /usr/bin/lesspipe %s'), ('VSCODE_CWD', '/home/wy'), ('VSCODE_ESM_ENTRYPOINT', 'vs/workbench/api/node/extensionHostProcess'), ('CONDA_PROMPT_MODIFIER', '(base)'), ('LANGUAGE', 'zh_CN:en'), ('USER', 'wy'), ('LC_TIME', 'en_US.UTF-8'), ('VSCODE_NLS_CONFIG', '{"userLocale":"zh-cn","osLocale":"zh-cn","resolvedLanguage":"zh-cn","defaultMessagesFile":"/usr/share/cursor/resources/app/out/nls.messages.json","languagePack":{"translationsConfigFile":"/home/wy/.config/Cursor/clp/3bfb7f1471a52e527cfc1587dd57c7c1.zh-cn/tcf.json","messagesFile":"/home/wy/.config/Cursor/clp/3bfb7f1471a52e527cfc1587dd57c7c1.zh-cn/20adc1003928b0f1b99305dbaf845656ff81f5d0/nls.messages.json","corruptMarkerFile":"/home/wy/.config/Cursor/clp/3bfb7f1471a52e527cfc1587dd57c7c1.zh-cn/corrupted.info"},"locale":"zh-cn","availableLanguages":{"*":"zh-cn"},"_languagePackId":"3bfb7f1471a52e527cfc1587dd57c7c1.zh-cn","_languagePackSupport":true,"_translationsConfigFile":"/home/wy/.config/Cursor/clp/3bfb7f1471a52e527cfc1587dd57c7c1.zh-cn/tcf.json","_cacheRoot":"/home/wy/.config/Cursor/clp/3bfb7f1471a52e527cfc1587dd57c7c1.zh-cn","_resolvedLanguagePackCoreLocation":"/home/wy/.config/Cursor/clp/3bfb7f1471a52e527cfc1587dd57c7c1.zh-cn/20adc1003928b0f1b99305dbaf845656ff81f5d0","_corruptedFile":"/home/wy/.config/Cursor/clp/3bfb7f1471a52e527cfc1587dd57c7c1.zh-cn/corrupted.info"}'), ('VSCODE_HANDLES_UNCAUGHT_ERRORS', 'true'), ('XDG_SESSION_TYPE', 'x11'), ('SHLVL', '0'), ('LD_LIBRARY_PATH', '/opt/ros/humble/opt/rviz_ogre_vendor/lib:/opt/ros/humble/lib/x86_64-linux-gnu:/opt/ros/humble/lib::/home/wy/miniconda3/envs/rl_gpu/lib'), ('HOME', '/home/wy'), ('CHROME_DESKTOP', 'cursor.desktop'), ('CONDA_SHLVL', '1'), ('OLDPWD', '/home/wy/RS/A3'), ('DESKTOP_SESSION', 'ubuntu'), ('VSCODE_IPC_HOOK', '/run/user/1000/vscode-ffeb21a4-2.2.-main.sock'), ('GIO_LAUNCHED_DESKTOP_FILE', '/usr/share/applications/cursor.desktop'), ('ROS_PYTHON_VERSION', '3'), ('GNOME_SHELL_SESSION_MODE', 'ubuntu'), ('GTK_MODULES', 'gail:atk-bridge'), ('XDG_SEAT_PATH', '/org/freedesktop/DisplayManager/Seat0'), ('LC_MONETARY', 'en_US.UTF-8'), ('MANAGERPID', '2112'), ('SYSTEMD_EXEC_PID', '2304'), ('NO_COLOR', '1'), ('DBUS_SESSION_BUS_ADDRESS', 'unix:path=/run/user/1000/bus'), ('_CONDA_ROOT', '/home/wy/miniconda3'), ('GIO_LAUNCHED_DESKTOP_FILE_PID', '4319'), ('VSCODE_CRASH_REPORTER_PROCESS_TYPE', 'extensionHost'), ('VSCODE_L10N_BUNDLE_LOCATION', 'file:///home/wy/.cursor/extensions/ms-ceintl.vscode-language-pack-zh-hans-1.105.0-universal/translations/extensions/vscode.json-language-features.i18n.json'), ('ROS_DISTRO', 'humble'), ('GTK_IM_MODULE', 'fcitx'), ('LOGNAME', 'wy'), ('FORCE_COLOR', '0'), ('JOURNAL_STREAM', '8:20670'), ('PULSE_SERVER', 'unix:/run/user/1000/pulse/native'), ('_', '/usr/bin/colcon'), ('ROS_VERSION', '2'), ('XDG_SESSION_CLASS', 'user'), ('TERM', 'dumb'), ('EVERYSPHERE_RIPGREP_PATH', '/usr/share/cursor/resources/app/node_modules/@vscode/ripgrep/bin/rg'), ('GNOME_DESKTOP_SESSION_ID', 'this-is-deprecated'), ('ROS_LOCALHOST_ONLY', '0'), ('COMPOSER_NO_INTERACTION', '1'), ('PATH', '/opt/ros/humble/bin:/home/wy/miniconda3/bin:/home/wy/miniconda3/condabin:/usr/local/sbin:/usr/local/bin:/usr/sbin:/usr/bin:/sbin:/bin:/usr/games:/usr/local/games:/snap/bin'), ('SESSION_MANAGER', 'local/RS-wy:@/tmp/.ICE-unix/2304,unix/RS-wy:/tmp/.ICE-unix/2304'), ('GDM_LANG', 'zh_CN'), ('INVOCATION_ID', 'e33984b694004e6390f46fe29ec8d089'), ('PAPERSIZE', 'letter'), ('XDG_SESSION_PATH', '/org/freedesktop/DisplayManager/Session0'), ('XDG_MENU_PREFIX', 'gnome-'), ('LC_ADDRESS', 'en_US.UTF-8'), ('VSCODE_PROCESS_TITLE', 'extension-host  [1-1]'), ('XDG_RUNTIME_DIR', '/run/user/1000'), ('GDK_BACKEND', 'x11'), ('CURSOR_AGENT', '1'), ('DISPLAY', ':0'), ('LANG', 'zh_CN.UTF-8'), ('XDG_CURRENT_DESKTOP', 'Unity'), ('LC_TELEPHONE', 'en_US.UTF-8'), ('XMODIFIERS', '@im=fcitx'), ('XDG_SESSION_DESKTOP', 'ubuntu'), ('XAUTHORITY', '/home/wy/.Xauthority'), ('CURSOR_TRACE_ID', 'b435035fe07c420b8fea1225b6b7b6b6'), ('SSH_AGENT_LAUNCHER', 'gnome-keyring'), ('SSH_AUTH_SOCK', '/run/user/1000/keyring/ssh'), ('GSETTINGS_SCHEMA_DIR', '/home/wy/data'), ('XDG_GREETER_DATA_DIR', '/var/lib/lightdm-data/wy'), ('AMENT_PREFIX_PATH', '/opt/ros/humble'), ('CONDA_PYTHON_EXE', '/home/wy/miniconda3/bin/python'), ('ORIGINAL_XDG_CURRENT_DESKTOP', 'ubuntu:GNOME'), ('SHELL', '/bin/bash'), ('LC_NAME', 'en_US.UTF-8'), ('QT_ACCESSIBILITY', '1'), ('GDMSESSION', 'ubuntu'), ('LESSCLOSE', '/usr/bin/lesspipe %s %s'), ('CONDA_DEFAULT_ENV', 'base'), ('LC_MEASUREMENT', 'en_US.UTF-8'), ('GPG_AGENT_INFO', '/run/user/1000/gnupg/S.gpg-agent:0:1'), ('_CONDA_EXE', '/home/wy/miniconda3/bin/conda'), ('LC_IDENTIFICATION', 'en_US.UTF-8'), ('QT_IM_MODULE', 'fcitx'), ('PWD', '/home/wy/RS/A3/build/rs_a3_hardware'), ('LC_ALL', 'en_US.UTF-8'), ('XDG_CONFIG_DIRS', '/etc/xdg/xdg-ubuntu:/etc/xdg'), ('CONDA_EXE', '/home/wy/miniconda3/bin/conda'), ('VSCODE_CODE_CACHE_PATH', '/home/wy/.config/Cursor/CachedData/20adc1003928b0f1b99305dbaf845656ff81f5d0'), ('XDG_DATA_DIRS', '/usr/share/ubuntu:/usr/share/gnome:/usr/local/share:/usr/share:/var/lib/snapd/desktop'), ('PYTHONPATH', '/opt/ros/humble/lib/python3.10/site-packages:/opt/ros/humble/local/lib/python3.10/dist-packages'), ('LC_NUMERIC', 'en_US.UTF-8'), ('CONDA_PREFIX', '/home/wy/miniconda3'), ('LC_PAPER', 'en_US.UTF-8'), ('COLCON', '1'), ('_ZO_DOCTOR', '0'), ('VSCODE_PID', '4319'), ('CMAKE_PREFIX_PATH', '/opt/ros/humble')]), 'shell': False}
[2.017329] (rs_a3_hardware) StdoutLine: {'line': b'-- Install configuration: ""\n'}
[2.017394] (rs_a3_hardware) StdoutLine: {'line': b'-- Up-to-date: /home/wy/RS/A3/install/rs_a3_hardware/share/rs_a3_hardware/rs_a3_hardware_plugin.xml\n'}
[2.017469] (rs_a3_hardware) StdoutLine: {'line': b'-- Installing: /home/wy/RS/A3/install/rs_a3_hardware/lib/librs_a3_hardware.so\n'}
[2.018130] (rs_a3_hardware) StdoutLine: {'line': b'-- Set runtime path of "/home/wy/RS/A3/install/rs_a3_hardware/lib/librs_a3_hardware.so" to ""\n'}
[2.018217] (rs_a3_hardware) StdoutLine: {'line': b'-- Up-to-date: /home/wy/RS/A3/install/rs_a3_hardware/include\n'}
[2.018247] (rs_a3_hardware) StdoutLine: {'line': b'-- Up-to-date: /home/wy/RS/A3/install/rs_a3_hardware/include/rs_a3_hardware\n'}
[2.018274] (rs_a3_hardware) StdoutLine: {'line': b'-- Installing: /home/wy/RS/A3/install/rs_a3_hardware/include/rs_a3_hardware/rs_a3_hardware.hpp\n'}
[2.018349] (rs_a3_hardware) StdoutLine: {'line': b'-- Up-to-date: /home/wy/RS/A3/install/rs_a3_hardware/include/rs_a3_hardware/robstride_can_driver.hpp\n'}
[2.018377] (rs_a3_hardware) StdoutLine: {'line': b'-- Up-to-date: /home/wy/RS/A3/install/rs_a3_hardware/share/rs_a3_hardware/rs_a3_hardware_plugin.xml\n'}
[2.018402] (rs_a3_hardware) StdoutLine: {'line': b'-- Up-to-date: /home/wy/RS/A3/install/rs_a3_hardware/share/rs_a3_hardware/environment/library_path.sh\n'}
[2.018423] (rs_a3_hardware) StdoutLine: {'line': b'-- Up-to-date: /home/wy/RS/A3/install/rs_a3_hardware/share/rs_a3_hardware/environment/library_path.dsv\n'}
[2.018443] (rs_a3_hardware) StdoutLine: {'line': b'-- Up-to-date: /home/wy/RS/A3/install/rs_a3_hardware/share/ament_index/resource_index/package_run_dependencies/rs_a3_hardware\n'}
[2.018504] (rs_a3_hardware) StdoutLine: {'line': b'-- Up-to-date: /home/wy/RS/A3/install/rs_a3_hardware/share/ament_index/resource_index/parent_prefix_path/rs_a3_hardware\n'}
[2.018526] (rs_a3_hardware) StdoutLine: {'line': b'-- Up-to-date: /home/wy/RS/A3/install/rs_a3_hardware/share/rs_a3_hardware/environment/ament_prefix_path.sh\n'}
[2.018546] (rs_a3_hardware) StdoutLine: {'line': b'-- Up-to-date: /home/wy/RS/A3/install/rs_a3_hardware/share/rs_a3_hardware/environment/ament_prefix_path.dsv\n'}
[2.018566] (rs_a3_hardware) StdoutLine: {'line': b'-- Up-to-date: /home/wy/RS/A3/install/rs_a3_hardware/share/rs_a3_hardware/environment/path.sh\n'}
[2.018585] (rs_a3_hardware) StdoutLine: {'line': b'-- Up-to-date: /home/wy/RS/A3/install/rs_a3_hardware/share/rs_a3_hardware/environment/path.dsv\n'}
[2.018603] (rs_a3_hardware) StdoutLine: {'line': b'-- Up-to-date: /home/wy/RS/A3/install/rs_a3_hardware/share/rs_a3_hardware/local_setup.bash\n'}
[2.018621] (rs_a3_hardware) StdoutLine: {'line': b'-- Up-to-date: /home/wy/RS/A3/install/rs_a3_hardware/share/rs_a3_hardware/local_setup.sh\n'}
[2.018639] (rs_a3_hardware) StdoutLine: {'line': b'-- Up-to-date: /home/wy/RS/A3/install/rs_a3_hardware/share/rs_a3_hardware/local_setup.zsh\n'}
[2.018699] (rs_a3_hardware) StdoutLine: {'line': b'-- Up-to-date: /home/wy/RS/A3/install/rs_a3_hardware/share/rs_a3_hardware/local_setup.dsv\n'}
[2.018720] (rs_a3_hardware) StdoutLine: {'line': b'-- Installing: /home/wy/RS/A3/install/rs_a3_hardware/share/rs_a3_hardware/package.dsv\n'}
[2.018739] (rs_a3_hardware) StdoutLine: {'line': b'-- Up-to-date: /home/wy/RS/A3/install/rs_a3_hardware/share/ament_index/resource_index/packages/rs_a3_hardware\n'}
[2.018781] (rs_a3_hardware) StdoutLine: {'line': b'-- Up-to-date: /home/wy/RS/A3/install/rs_a3_hardware/share/ament_index/resource_index/hardware_interface__pluginlib__plugin/rs_a3_hardware\n'}
[2.018797] (rs_a3_hardware) StdoutLine: {'line': b'-- Up-to-date: /home/wy/RS/A3/install/rs_a3_hardware/share/rs_a3_hardware/cmake/export_rs_a3_hardwareExport.cmake\n'}
[2.018812] (rs_a3_hardware) StdoutLine: {'line': b'-- Up-to-date: /home/wy/RS/A3/install/rs_a3_hardware/share/rs_a3_hardware/cmake/export_rs_a3_hardwareExport-noconfig.cmake\n'}
[2.018827] (rs_a3_hardware) StdoutLine: {'line': b'-- Up-to-date: /home/wy/RS/A3/install/rs_a3_hardware/share/rs_a3_hardware/cmake/ament_cmake_export_include_directories-extras.cmake\n'}
[2.018841] (rs_a3_hardware) StdoutLine: {'line': b'-- Up-to-date: /home/wy/RS/A3/install/rs_a3_hardware/share/rs_a3_hardware/cmake/ament_cmake_export_libraries-extras.cmake\n'}
[2.018856] (rs_a3_hardware) StdoutLine: {'line': b'-- Up-to-date: /home/wy/RS/A3/install/rs_a3_hardware/share/rs_a3_hardware/cmake/ament_cmake_export_targets-extras.cmake\n'}
[2.018871] (rs_a3_hardware) StdoutLine: {'line': b'-- Up-to-date: /home/wy/RS/A3/install/rs_a3_hardware/share/rs_a3_hardware/cmake/rs_a3_hardwareConfig.cmake\n'}
[2.018888] (rs_a3_hardware) StdoutLine: {'line': b'-- Up-to-date: /home/wy/RS/A3/install/rs_a3_hardware/share/rs_a3_hardware/cmake/rs_a3_hardwareConfig-version.cmake\n'}
[2.018903] (rs_a3_hardware) StdoutLine: {'line': b'-- Up-to-date: /home/wy/RS/A3/install/rs_a3_hardware/share/rs_a3_hardware/package.xml\n'}
[2.020205] (rs_a3_hardware) CommandEnded: {'returncode': 0}
[2.031447] (rs_a3_hardware) JobEnded: {'identifier': 'rs_a3_hardware', 'rc': 0}
[2.031781] (-) EventReactorShutdown: {}
