[0.006s] Invoking command in '/home/wy/RS/A3/build/rs_a3_hardware': CMAKE_PREFIX_PATH=/opt/ros/humble CONDA_PROMPT_MODIFIER=(base) /usr/bin/cmake /home/wy/RS/A3/ros2_ws/src/rs_a3_hardware -DAMENT_CMAKE_SYMLINK_INSTALL=1 -DCMAKE_INSTALL_PREFIX=/home/wy/RS/A3/install/rs_a3_hardware
[0.041s] -- The C compiler identification is GNU 11.4.0
[0.074s] -- The CXX compiler identification is GNU 11.4.0
[0.079s] -- Detecting C compiler ABI info
[0.119s] -- Detecting C compiler ABI info - done
[0.122s] -- Check for working C compiler: /usr/bin/cc - skipped
[0.123s] -- Detecting C compile features
[0.124s] -- Detecting C compile features - done
[0.125s] -- Detecting CXX compiler ABI info
[0.167s] -- Detecting CXX compiler ABI info - done
[0.171s] -- Check for working CXX compiler: /usr/bin/c++ - skipped
[0.171s] -- Detecting CXX compile features
[0.171s] -- Detecting CXX compile features - done
[0.174s] -- Found ament_cmake: 1.3.12 (/opt/ros/humble/share/ament_cmake/cmake)
[0.371s] -- Found Python3: /home/wy/miniconda3/bin/python3 (found version "3.13.11") found components: Interpreter 
[0.412s] -- Override CMake install command with custom implementation using symlinks instead of copying resources
[0.428s] -- Found rclcpp: 16.0.16 (/opt/ros/humble/share/rclcpp/cmake)
[0.458s] -- Found rosidl_generator_c: 3.1.7 (/opt/ros/humble/share/rosidl_generator_c/cmake)
[0.461s] -- Found rosidl_adapter: 3.1.7 (/opt/ros/humble/share/rosidl_adapter/cmake)
[0.466s] -- Found rosidl_generator_cpp: 3.1.7 (/opt/ros/humble/share/rosidl_generator_cpp/cmake)
[0.474s] -- Using all available rosidl_typesupport_c: rosidl_typesupport_fastrtps_c;rosidl_typesupport_introspection_c
[0.486s] -- Using all available rosidl_typesupport_cpp: rosidl_typesupport_fastrtps_cpp;rosidl_typesupport_introspection_cpp
[0.519s] -- Found rmw_implementation_cmake: 6.1.2 (/opt/ros/humble/share/rmw_implementation_cmake/cmake)
[0.521s] -- Found rmw_fastrtps_cpp: 6.2.9 (/opt/ros/humble/share/rmw_fastrtps_cpp/cmake)
[0.583s] -- Found OpenSSL: /usr/lib/x86_64-linux-gnu/libcrypto.so (found version "3.0.2")  
[0.599s] -- Found FastRTPS: /opt/ros/humble/include  
[0.620s] -- Using RMW implementation 'rmw_fastrtps_cpp' as default
[0.626s] -- Looking for pthread.h
[0.673s] -- Looking for pthread.h - found
[0.674s] -- Performing Test CMAKE_HAVE_LIBC_PTHREAD
[0.715s] -- Performing Test CMAKE_HAVE_LIBC_PTHREAD - Success
[0.716s] -- Found Threads: TRUE  
[0.749s] -- Found rclcpp_lifecycle: 16.0.16 (/opt/ros/humble/share/rclcpp_lifecycle/cmake)
[0.762s] -- Found hardware_interface: 2.52.2 (/opt/ros/humble/share/hardware_interface/cmake)
[0.835s] -- Found ament_lint_auto: 0.12.14 (/opt/ros/humble/share/ament_lint_auto/cmake)
[0.852s] Traceback (most recent call last):
[0.853s]   File "/opt/ros/humble/share/ament_cmake_core/cmake/core/package_xml_2_cmake.py", line 22, in <module>
[0.853s]     from catkin_pkg.package import parse_package_string
[0.853s] ModuleNotFoundError: No module named 'catkin_pkg'
[0.855s] CMake Error at /opt/ros/humble/share/ament_cmake_core/cmake/core/ament_package_xml.cmake:95 (message):
[0.855s]   execute_process(/home/wy/miniconda3/bin/python3
[0.855s]   /opt/ros/humble/share/ament_cmake_core/cmake/core/package_xml_2_cmake.py
[0.855s]   /home/wy/RS/A3/ros2_ws/src/rs_a3_hardware/package.xml
[0.855s]   /home/wy/RS/A3/build/rs_a3_hardware/ament_cmake_core/package.cmake)
[0.855s]   returned error code 1
[0.855s] Call Stack (most recent call first):
[0.855s]   /opt/ros/humble/share/ament_cmake_core/cmake/core/ament_package_xml.cmake:49 (_ament_package_xml)
[0.855s]   /opt/ros/humble/share/ament_lint_auto/cmake/ament_lint_auto_find_test_dependencies.cmake:31 (ament_package_xml)
[0.855s]   CMakeLists.txt:60 (ament_lint_auto_find_test_dependencies)
[0.855s] 
[0.855s] 
[0.856s] -- Configuring incomplete, errors occurred!
[0.856s] See also "/home/wy/RS/A3/build/rs_a3_hardware/CMakeFiles/CMakeOutput.log".
[0.863s] Invoked command in '/home/wy/RS/A3/build/rs_a3_hardware' returned '1': CMAKE_PREFIX_PATH=/opt/ros/humble CONDA_PROMPT_MODIFIER=(base) /usr/bin/cmake /home/wy/RS/A3/ros2_ws/src/rs_a3_hardware -DAMENT_CMAKE_SYMLINK_INSTALL=1 -DCMAKE_INSTALL_PREFIX=/home/wy/RS/A3/install/rs_a3_hardware
