[0.048s] DEBUG:colcon:Command line arguments: ['/usr/bin/colcon', 'build', '--packages-select', 'rs_a3_teleop', '--symlink-install']
[0.048s] DEBUG:colcon:Parsed command line arguments: Namespace(log_base=None, log_level=None, verb_name='build', build_base='build', install_base='install', merge_install=False, symlink_install=True, test_result_base=None, continue_on_error=False, executor='parallel', parallel_workers=24, event_handlers=None, ignore_user_meta=False, metas=['./colcon.meta'], base_paths=['.'], packages_ignore=None, packages_ignore_regex=None, paths=None, packages_up_to=None, packages_up_to_regex=None, packages_above=None, packages_above_and_dependencies=None, packages_above_depth=None, packages_select_by_dep=None, packages_skip_by_dep=None, packages_skip_up_to=None, packages_select_build_failed=False, packages_skip_build_finished=False, packages_select_test_failures=False, packages_skip_test_passed=False, packages_select=['rs_a3_teleop'], packages_skip=None, packages_select_regex=None, packages_skip_regex=None, packages_start=None, packages_end=None, allow_overriding=[], cmake_args=None, cmake_target=None, cmake_target_skip_unavailable=False, cmake_clean_cache=False, cmake_clean_first=False, cmake_force_configure=False, ament_cmake_args=None, catkin_cmake_args=None, catkin_skip_building_tests=False, mixin_files=None, mixin=None, verb_parser=<colcon_mixin.mixin.mixin_argument.MixinArgumentDecorator object at 0x7ca2c8dfe1a0>, verb_extension=<colcon_core.verb.build.BuildVerb object at 0x7ca2c8f67130>, main=<bound method BuildVerb.main of <colcon_core.verb.build.BuildVerb object at 0x7ca2c8f67130>>, mixin_verb=('build',))
[0.112s] Level 1:colcon.colcon_core.package_discovery:discover_packages(colcon_meta) check parameters
[0.112s] Level 1:colcon.colcon_core.package_discovery:discover_packages(recursive) check parameters
[0.112s] Level 1:colcon.colcon_core.package_discovery:discover_packages(ignore) check parameters
[0.112s] Level 1:colcon.colcon_core.package_discovery:discover_packages(path) check parameters
[0.112s] Level 1:colcon.colcon_core.package_discovery:discover_packages(colcon_meta) discover
[0.112s] Level 1:colcon.colcon_core.package_discovery:discover_packages(recursive) discover
[0.112s] INFO:colcon.colcon_core.package_discovery:Crawling recursively for packages in '/home/wy/RS/A3/ros2_ws'
[0.112s] Level 1:colcon.colcon_core.package_identification:_identify(.) by extensions ['ignore', 'ignore_ament_install']
[0.113s] Level 1:colcon.colcon_core.package_identification:_identify(.) by extension 'ignore'
[0.113s] Level 1:colcon.colcon_core.package_identification:_identify(.) by extension 'ignore_ament_install'
[0.113s] Level 1:colcon.colcon_core.package_identification:_identify(.) by extensions ['colcon_pkg']
[0.113s] Level 1:colcon.colcon_core.package_identification:_identify(.) by extension 'colcon_pkg'
[0.113s] Level 1:colcon.colcon_core.package_identification:_identify(.) by extensions ['colcon_meta']
[0.113s] Level 1:colcon.colcon_core.package_identification:_identify(.) by extension 'colcon_meta'
[0.113s] Level 1:colcon.colcon_core.package_identification:_identify(.) by extensions ['ros']
[0.113s] Level 1:colcon.colcon_core.package_identification:_identify(.) by extension 'ros'
[0.118s] Level 1:colcon.colcon_core.package_identification:_identify(.) by extensions ['cmake', 'python']
[0.118s] Level 1:colcon.colcon_core.package_identification:_identify(.) by extension 'cmake'
[0.118s] Level 1:colcon.colcon_core.package_identification:_identify(.) by extension 'python'
[0.118s] Level 1:colcon.colcon_core.package_identification:_identify(.) by extensions ['python_setup_py']
[0.118s] Level 1:colcon.colcon_core.package_identification:_identify(.) by extension 'python_setup_py'
[0.118s] Level 1:colcon.colcon_core.package_identification:_identify(build) by extensions ['ignore', 'ignore_ament_install']
[0.118s] Level 1:colcon.colcon_core.package_identification:_identify(build) by extension 'ignore'
[0.118s] Level 1:colcon.colcon_core.package_identification:_identify(build) ignored
[0.118s] Level 1:colcon.colcon_core.package_identification:_identify(install) by extensions ['ignore', 'ignore_ament_install']
[0.118s] Level 1:colcon.colcon_core.package_identification:_identify(install) by extension 'ignore'
[0.118s] Level 1:colcon.colcon_core.package_identification:_identify(install) ignored
[0.118s] Level 1:colcon.colcon_core.package_identification:_identify(log) by extensions ['ignore', 'ignore_ament_install']
[0.118s] Level 1:colcon.colcon_core.package_identification:_identify(log) by extension 'ignore'
[0.118s] Level 1:colcon.colcon_core.package_identification:_identify(log) ignored
[0.118s] Level 1:colcon.colcon_core.package_identification:_identify(src) by extensions ['ignore', 'ignore_ament_install']
[0.118s] Level 1:colcon.colcon_core.package_identification:_identify(src) by extension 'ignore'
[0.118s] Level 1:colcon.colcon_core.package_identification:_identify(src) by extension 'ignore_ament_install'
[0.118s] Level 1:colcon.colcon_core.package_identification:_identify(src) by extensions ['colcon_pkg']
[0.118s] Level 1:colcon.colcon_core.package_identification:_identify(src) by extension 'colcon_pkg'
[0.118s] Level 1:colcon.colcon_core.package_identification:_identify(src) by extensions ['colcon_meta']
[0.118s] Level 1:colcon.colcon_core.package_identification:_identify(src) by extension 'colcon_meta'
[0.118s] Level 1:colcon.colcon_core.package_identification:_identify(src) by extensions ['ros']
[0.118s] Level 1:colcon.colcon_core.package_identification:_identify(src) by extension 'ros'
[0.118s] Level 1:colcon.colcon_core.package_identification:_identify(src) by extensions ['cmake', 'python']
[0.118s] Level 1:colcon.colcon_core.package_identification:_identify(src) by extension 'cmake'
[0.118s] Level 1:colcon.colcon_core.package_identification:_identify(src) by extension 'python'
[0.118s] Level 1:colcon.colcon_core.package_identification:_identify(src) by extensions ['python_setup_py']
[0.118s] Level 1:colcon.colcon_core.package_identification:_identify(src) by extension 'python_setup_py'
[0.118s] Level 1:colcon.colcon_core.package_identification:_identify(src/rs_a3_description) by extensions ['ignore', 'ignore_ament_install']
[0.118s] Level 1:colcon.colcon_core.package_identification:_identify(src/rs_a3_description) by extension 'ignore'
[0.118s] Level 1:colcon.colcon_core.package_identification:_identify(src/rs_a3_description) by extension 'ignore_ament_install'
[0.118s] Level 1:colcon.colcon_core.package_identification:_identify(src/rs_a3_description) by extensions ['colcon_pkg']
[0.118s] Level 1:colcon.colcon_core.package_identification:_identify(src/rs_a3_description) by extension 'colcon_pkg'
[0.118s] Level 1:colcon.colcon_core.package_identification:_identify(src/rs_a3_description) by extensions ['colcon_meta']
[0.118s] Level 1:colcon.colcon_core.package_identification:_identify(src/rs_a3_description) by extension 'colcon_meta'
[0.118s] Level 1:colcon.colcon_core.package_identification:_identify(src/rs_a3_description) by extensions ['ros']
[0.118s] Level 1:colcon.colcon_core.package_identification:_identify(src/rs_a3_description) by extension 'ros'
[0.120s] DEBUG:colcon.colcon_core.package_identification:Package 'src/rs_a3_description' with type 'ros.ament_cmake' and name 'rs_a3_description'
[0.120s] Level 1:colcon.colcon_core.package_identification:_identify(src/rs_a3_hardware) by extensions ['ignore', 'ignore_ament_install']
[0.120s] Level 1:colcon.colcon_core.package_identification:_identify(src/rs_a3_hardware) by extension 'ignore'
[0.120s] Level 1:colcon.colcon_core.package_identification:_identify(src/rs_a3_hardware) by extension 'ignore_ament_install'
[0.120s] Level 1:colcon.colcon_core.package_identification:_identify(src/rs_a3_hardware) by extensions ['colcon_pkg']
[0.120s] Level 1:colcon.colcon_core.package_identification:_identify(src/rs_a3_hardware) by extension 'colcon_pkg'
[0.120s] Level 1:colcon.colcon_core.package_identification:_identify(src/rs_a3_hardware) by extensions ['colcon_meta']
[0.120s] Level 1:colcon.colcon_core.package_identification:_identify(src/rs_a3_hardware) by extension 'colcon_meta'
[0.120s] Level 1:colcon.colcon_core.package_identification:_identify(src/rs_a3_hardware) by extensions ['ros']
[0.120s] Level 1:colcon.colcon_core.package_identification:_identify(src/rs_a3_hardware) by extension 'ros'
[0.120s] DEBUG:colcon.colcon_core.package_identification:Package 'src/rs_a3_hardware' with type 'ros.ament_cmake' and name 'rs_a3_hardware'
[0.120s] Level 1:colcon.colcon_core.package_identification:_identify(src/rs_a3_moveit_config) by extensions ['ignore', 'ignore_ament_install']
[0.120s] Level 1:colcon.colcon_core.package_identification:_identify(src/rs_a3_moveit_config) by extension 'ignore'
[0.120s] Level 1:colcon.colcon_core.package_identification:_identify(src/rs_a3_moveit_config) by extension 'ignore_ament_install'
[0.120s] Level 1:colcon.colcon_core.package_identification:_identify(src/rs_a3_moveit_config) by extensions ['colcon_pkg']
[0.120s] Level 1:colcon.colcon_core.package_identification:_identify(src/rs_a3_moveit_config) by extension 'colcon_pkg'
[0.120s] Level 1:colcon.colcon_core.package_identification:_identify(src/rs_a3_moveit_config) by extensions ['colcon_meta']
[0.120s] Level 1:colcon.colcon_core.package_identification:_identify(src/rs_a3_moveit_config) by extension 'colcon_meta'
[0.120s] Level 1:colcon.colcon_core.package_identification:_identify(src/rs_a3_moveit_config) by extensions ['ros']
[0.120s] Level 1:colcon.colcon_core.package_identification:_identify(src/rs_a3_moveit_config) by extension 'ros'
[0.121s] DEBUG:colcon.colcon_core.package_identification:Package 'src/rs_a3_moveit_config' with type 'ros.ament_cmake' and name 'rs_a3_moveit_config'
[0.121s] Level 1:colcon.colcon_core.package_identification:_identify(src/rs_a3_teleop) by extensions ['ignore', 'ignore_ament_install']
[0.121s] Level 1:colcon.colcon_core.package_identification:_identify(src/rs_a3_teleop) by extension 'ignore'
[0.121s] Level 1:colcon.colcon_core.package_identification:_identify(src/rs_a3_teleop) by extension 'ignore_ament_install'
[0.121s] Level 1:colcon.colcon_core.package_identification:_identify(src/rs_a3_teleop) by extensions ['colcon_pkg']
[0.121s] Level 1:colcon.colcon_core.package_identification:_identify(src/rs_a3_teleop) by extension 'colcon_pkg'
[0.121s] Level 1:colcon.colcon_core.package_identification:_identify(src/rs_a3_teleop) by extensions ['colcon_meta']
[0.121s] Level 1:colcon.colcon_core.package_identification:_identify(src/rs_a3_teleop) by extension 'colcon_meta'
[0.121s] Level 1:colcon.colcon_core.package_identification:_identify(src/rs_a3_teleop) by extensions ['ros']
[0.121s] Level 1:colcon.colcon_core.package_identification:_identify(src/rs_a3_teleop) by extension 'ros'
[0.121s] DEBUG:colcon.colcon_core.package_identification:Package 'src/rs_a3_teleop' with type 'ros.ament_python' and name 'rs_a3_teleop'
[0.121s] Level 1:colcon.colcon_core.package_discovery:discover_packages(recursive) using defaults
[0.121s] Level 1:colcon.colcon_core.package_discovery:discover_packages(ignore) discover
[0.121s] Level 1:colcon.colcon_core.package_discovery:discover_packages(ignore) using defaults
[0.121s] Level 1:colcon.colcon_core.package_discovery:discover_packages(path) discover
[0.121s] Level 1:colcon.colcon_core.package_discovery:discover_packages(path) using defaults
[0.136s] INFO:colcon.colcon_core.package_selection:Skipping not selected package 'rs_a3_hardware' in 'src/rs_a3_hardware'
[0.136s] INFO:colcon.colcon_core.package_selection:Skipping not selected package 'rs_a3_description' in 'src/rs_a3_description'
[0.136s] INFO:colcon.colcon_core.package_selection:Skipping not selected package 'rs_a3_moveit_config' in 'src/rs_a3_moveit_config'
[0.136s] Level 1:colcon.colcon_core.package_discovery:discover_packages(prefix_path) check parameters
[0.136s] Level 1:colcon.colcon_core.package_discovery:discover_packages(prefix_path) discover
[0.137s] DEBUG:colcon.colcon_installed_package_information.package_discovery:Found 356 installed packages in /opt/ros/humble
[0.138s] Level 1:colcon.colcon_core.package_discovery:discover_packages(prefix_path) using defaults
[0.155s] Level 5:colcon.colcon_core.verb:set package 'rs_a3_teleop' build argument 'cmake_args' from command line to 'None'
[0.155s] Level 5:colcon.colcon_core.verb:set package 'rs_a3_teleop' build argument 'cmake_target' from command line to 'None'
[0.155s] Level 5:colcon.colcon_core.verb:set package 'rs_a3_teleop' build argument 'cmake_target_skip_unavailable' from command line to 'False'
[0.155s] Level 5:colcon.colcon_core.verb:set package 'rs_a3_teleop' build argument 'cmake_clean_cache' from command line to 'False'
[0.155s] Level 5:colcon.colcon_core.verb:set package 'rs_a3_teleop' build argument 'cmake_clean_first' from command line to 'False'
[0.155s] Level 5:colcon.colcon_core.verb:set package 'rs_a3_teleop' build argument 'cmake_force_configure' from command line to 'False'
[0.155s] Level 5:colcon.colcon_core.verb:set package 'rs_a3_teleop' build argument 'ament_cmake_args' from command line to 'None'
[0.155s] Level 5:colcon.colcon_core.verb:set package 'rs_a3_teleop' build argument 'catkin_cmake_args' from command line to 'None'
[0.155s] Level 5:colcon.colcon_core.verb:set package 'rs_a3_teleop' build argument 'catkin_skip_building_tests' from command line to 'False'
[0.155s] DEBUG:colcon.colcon_core.verb:Building package 'rs_a3_teleop' with the following arguments: {'ament_cmake_args': None, 'build_base': '/home/wy/RS/A3/ros2_ws/build/rs_a3_teleop', 'catkin_cmake_args': None, 'catkin_skip_building_tests': False, 'cmake_args': None, 'cmake_clean_cache': False, 'cmake_clean_first': False, 'cmake_force_configure': False, 'cmake_target': None, 'cmake_target_skip_unavailable': False, 'install_base': '/home/wy/RS/A3/ros2_ws/install/rs_a3_teleop', 'merge_install': False, 'path': '/home/wy/RS/A3/ros2_ws/src/rs_a3_teleop', 'symlink_install': True, 'test_result_base': None}
[0.155s] INFO:colcon.colcon_core.executor:Executing jobs using 'parallel' executor
[0.155s] DEBUG:colcon.colcon_parallel_executor.executor.parallel:run_until_complete
[0.156s] INFO:colcon.colcon_ros.task.ament_python.build:Building ROS package in '/home/wy/RS/A3/ros2_ws/src/rs_a3_teleop' with build type 'ament_python'
[0.156s] Level 1:colcon.colcon_core.shell:create_environment_hook('rs_a3_teleop', 'ament_prefix_path')
[0.157s] INFO:colcon.colcon_core.plugin_system:Skipping extension 'colcon_core.shell.bat': Not used on non-Windows systems
[0.157s] INFO:colcon.colcon_core.shell:Creating environment hook '/home/wy/RS/A3/ros2_ws/install/rs_a3_teleop/share/rs_a3_teleop/hook/ament_prefix_path.ps1'
[0.157s] INFO:colcon.colcon_core.shell:Creating environment descriptor '/home/wy/RS/A3/ros2_ws/install/rs_a3_teleop/share/rs_a3_teleop/hook/ament_prefix_path.dsv'
[0.157s] INFO:colcon.colcon_core.shell:Creating environment hook '/home/wy/RS/A3/ros2_ws/install/rs_a3_teleop/share/rs_a3_teleop/hook/ament_prefix_path.sh'
[0.157s] INFO:colcon.colcon_core.shell:Skip shell extension 'powershell' for command environment: Not usable outside of PowerShell
[0.157s] DEBUG:colcon.colcon_core.shell:Skip shell extension 'dsv' for command environment
[0.263s] INFO:colcon.colcon_core.task.python.build:Building Python package in '/home/wy/RS/A3/ros2_ws/src/rs_a3_teleop'
[0.263s] INFO:colcon.colcon_core.shell:Skip shell extension 'powershell' for command environment: Not usable outside of PowerShell
[0.263s] DEBUG:colcon.colcon_core.shell:Skip shell extension 'dsv' for command environment
[0.414s] DEBUG:colcon.colcon_core.event_handler.log_command:Invoking command in '/home/wy/RS/A3/ros2_ws/build/rs_a3_teleop': CONDA_PROMPT_MODIFIER=(base) PYTHONPATH=/home/wy/RS/A3/ros2_ws/build/rs_a3_teleop/prefix_override:/usr/lib/python3/dist-packages/colcon_core/task/python/colcon_distutils_commands:/home/wy/RS/A3/ros2_ws/install/rs_a3_teleop/lib/python3.10/site-packages:${PYTHONPATH} /usr/bin/python3 -W ignore:setup.py install is deprecated -W ignore:easy_install command is deprecated setup.py develop --editable --build-directory /home/wy/RS/A3/ros2_ws/build/rs_a3_teleop/build --no-deps symlink_data
[0.609s] Level 1:colcon.colcon_core.shell:create_environment_hook('rs_a3_teleop', 'pythonpath_develop')
[0.609s] INFO:colcon.colcon_core.shell:Creating environment hook '/home/wy/RS/A3/ros2_ws/build/rs_a3_teleop/share/rs_a3_teleop/hook/pythonpath_develop.ps1'
[0.610s] DEBUG:colcon.colcon_core.event_handler.log_command:Invoked command in '/home/wy/RS/A3/ros2_ws/build/rs_a3_teleop' returned '0': CONDA_PROMPT_MODIFIER=(base) PYTHONPATH=/home/wy/RS/A3/ros2_ws/build/rs_a3_teleop/prefix_override:/usr/lib/python3/dist-packages/colcon_core/task/python/colcon_distutils_commands:/home/wy/RS/A3/ros2_ws/install/rs_a3_teleop/lib/python3.10/site-packages:${PYTHONPATH} /usr/bin/python3 -W ignore:setup.py install is deprecated -W ignore:easy_install command is deprecated setup.py develop --editable --build-directory /home/wy/RS/A3/ros2_ws/build/rs_a3_teleop/build --no-deps symlink_data
[0.610s] INFO:colcon.colcon_core.shell:Creating environment descriptor '/home/wy/RS/A3/ros2_ws/build/rs_a3_teleop/share/rs_a3_teleop/hook/pythonpath_develop.dsv'
[0.610s] INFO:colcon.colcon_core.shell:Creating environment hook '/home/wy/RS/A3/ros2_ws/build/rs_a3_teleop/share/rs_a3_teleop/hook/pythonpath_develop.sh'
[0.611s] Level 1:colcon.colcon_core.environment:checking '/home/wy/RS/A3/ros2_ws/install/rs_a3_teleop' for CMake module files
[0.611s] Level 1:colcon.colcon_core.environment:checking '/home/wy/RS/A3/ros2_ws/install/rs_a3_teleop' for CMake config files
[0.611s] Level 1:colcon.colcon_core.environment:checking '/home/wy/RS/A3/ros2_ws/install/rs_a3_teleop/lib'
[0.612s] Level 1:colcon.colcon_core.environment:checking '/home/wy/RS/A3/ros2_ws/install/rs_a3_teleop/bin'
[0.612s] Level 1:colcon.colcon_core.environment:checking '/home/wy/RS/A3/ros2_ws/install/rs_a3_teleop/lib/pkgconfig/rs_a3_teleop.pc'
[0.612s] Level 1:colcon.colcon_core.environment:checking '/home/wy/RS/A3/ros2_ws/install/rs_a3_teleop/lib/python3.10/site-packages'
[0.612s] Level 1:colcon.colcon_core.shell:create_environment_hook('rs_a3_teleop', 'pythonpath')
[0.612s] INFO:colcon.colcon_core.shell:Creating environment hook '/home/wy/RS/A3/ros2_ws/install/rs_a3_teleop/share/rs_a3_teleop/hook/pythonpath.ps1'
[0.612s] INFO:colcon.colcon_core.shell:Creating environment descriptor '/home/wy/RS/A3/ros2_ws/install/rs_a3_teleop/share/rs_a3_teleop/hook/pythonpath.dsv'
[0.612s] INFO:colcon.colcon_core.shell:Creating environment hook '/home/wy/RS/A3/ros2_ws/install/rs_a3_teleop/share/rs_a3_teleop/hook/pythonpath.sh'
[0.612s] Level 1:colcon.colcon_core.environment:checking '/home/wy/RS/A3/ros2_ws/install/rs_a3_teleop/bin'
[0.612s] Level 1:colcon.colcon_core.environment:create_environment_scripts_only(rs_a3_teleop)
[0.613s] INFO:colcon.colcon_core.shell:Creating package script '/home/wy/RS/A3/ros2_ws/install/rs_a3_teleop/share/rs_a3_teleop/package.ps1'
[0.613s] INFO:colcon.colcon_core.shell:Creating package descriptor '/home/wy/RS/A3/ros2_ws/install/rs_a3_teleop/share/rs_a3_teleop/package.dsv'
[0.613s] INFO:colcon.colcon_core.shell:Creating package script '/home/wy/RS/A3/ros2_ws/install/rs_a3_teleop/share/rs_a3_teleop/package.sh'
[0.613s] INFO:colcon.colcon_core.shell:Creating package script '/home/wy/RS/A3/ros2_ws/install/rs_a3_teleop/share/rs_a3_teleop/package.bash'
[0.614s] INFO:colcon.colcon_core.shell:Creating package script '/home/wy/RS/A3/ros2_ws/install/rs_a3_teleop/share/rs_a3_teleop/package.zsh'
[0.614s] Level 1:colcon.colcon_core.environment:create_file_with_runtime_dependencies(/home/wy/RS/A3/ros2_ws/install/rs_a3_teleop/share/colcon-core/packages/rs_a3_teleop)
[0.614s] DEBUG:colcon.colcon_parallel_executor.executor.parallel:closing loop
[0.614s] DEBUG:colcon.colcon_parallel_executor.executor.parallel:loop closed
[0.614s] DEBUG:colcon.colcon_parallel_executor.executor.parallel:run_until_complete finished with '0'
[0.614s] DEBUG:colcon.colcon_core.event_reactor:joining thread
[0.617s] INFO:colcon.colcon_core.plugin_system:Skipping extension 'colcon_notification.desktop_notification.terminal_notifier': Not used on non-Darwin systems
[0.617s] INFO:colcon.colcon_core.plugin_system:Skipping extension 'colcon_notification.desktop_notification.win32': Not used on non-Windows systems
[0.617s] INFO:colcon.colcon_notification.desktop_notification:Sending desktop notification using 'notify2'
[0.632s] DEBUG:colcon.colcon_core.event_reactor:joined thread
[0.632s] INFO:colcon.colcon_core.shell:Creating prefix script '/home/wy/RS/A3/ros2_ws/install/local_setup.ps1'
[0.633s] INFO:colcon.colcon_core.shell:Creating prefix util module '/home/wy/RS/A3/ros2_ws/install/_local_setup_util_ps1.py'
[0.633s] INFO:colcon.colcon_core.shell:Creating prefix chain script '/home/wy/RS/A3/ros2_ws/install/setup.ps1'
[0.634s] INFO:colcon.colcon_core.shell:Creating prefix script '/home/wy/RS/A3/ros2_ws/install/local_setup.sh'
[0.634s] INFO:colcon.colcon_core.shell:Creating prefix util module '/home/wy/RS/A3/ros2_ws/install/_local_setup_util_sh.py'
[0.634s] INFO:colcon.colcon_core.shell:Creating prefix chain script '/home/wy/RS/A3/ros2_ws/install/setup.sh'
[0.634s] INFO:colcon.colcon_core.shell:Creating prefix script '/home/wy/RS/A3/ros2_ws/install/local_setup.bash'
[0.635s] INFO:colcon.colcon_core.shell:Creating prefix chain script '/home/wy/RS/A3/ros2_ws/install/setup.bash'
[0.635s] INFO:colcon.colcon_core.shell:Creating prefix script '/home/wy/RS/A3/ros2_ws/install/local_setup.zsh'
[0.635s] INFO:colcon.colcon_core.shell:Creating prefix chain script '/home/wy/RS/A3/ros2_ws/install/setup.zsh'
