/home/ubuntu/rs_arm/install/rs_a3_web_ui/lib/python3.10/site-packages/rs_a3_web_ui/__init__.py
/home/ubuntu/rs_arm/install/rs_a3_web_ui/lib/python3.10/site-packages/rs_a3_web_ui/ros2_bridge.py
/home/ubuntu/rs_arm/install/rs_a3_web_ui/lib/python3.10/site-packages/rs_a3_web_ui/web_server.py
/home/ubuntu/rs_arm/install/rs_a3_web_ui/lib/python3.10/site-packages/rs_a3_web_ui/__pycache__/__init__.cpython-310.pyc
/home/ubuntu/rs_arm/install/rs_a3_web_ui/lib/python3.10/site-packages/rs_a3_web_ui/__pycache__/ros2_bridge.cpython-310.pyc
/home/ubuntu/rs_arm/install/rs_a3_web_ui/lib/python3.10/site-packages/rs_a3_web_ui/__pycache__/web_server.cpython-310.pyc
/home/ubuntu/rs_arm/install/rs_a3_web_ui/share/ament_index/resource_index/packages/rs_a3_web_ui
/home/ubuntu/rs_arm/install/rs_a3_web_ui/share/rs_a3_web_ui/package.xml
/home/ubuntu/rs_arm/install/rs_a3_web_ui/share/rs_a3_web_ui/launch/web_ui.launch.py
/home/ubuntu/rs_arm/install/rs_a3_web_ui/share/rs_a3_web_ui/templates/index.html
/home/ubuntu/rs_arm/install/rs_a3_web_ui/share/rs_a3_web_ui/static/css/style.css
/home/ubuntu/rs_arm/install/rs_a3_web_ui/share/rs_a3_web_ui/static/js/control_panel.js
/home/ubuntu/rs_arm/install/rs_a3_web_ui/share/rs_a3_web_ui/static/js/app.js
/home/ubuntu/rs_arm/install/rs_a3_web_ui/share/rs_a3_web_ui/static/js/dashboard.js
/home/ubuntu/rs_arm/install/rs_a3_web_ui/share/rs_a3_web_ui/static/js/robot_viewer.js
/home/ubuntu/rs_arm/install/rs_a3_web_ui/share/rs_a3_web_ui/static/urdf/rs_a3.urdf
/home/ubuntu/rs_arm/install/rs_a3_web_ui/share/rs_a3_web_ui/static/urdf/meshes/l5_shake.stl
/home/ubuntu/rs_arm/install/rs_a3_web_ui/share/rs_a3_web_ui/static/urdf/meshes/6705__2.stl
/home/ubuntu/rs_arm/install/rs_a3_web_ui/share/rs_a3_web_ui/static/urdf/meshes/l1_link_stop.stl
/home/ubuntu/rs_arm/install/rs_a3_web_ui/share/rs_a3_web_ui/static/urdf/meshes/rs05_l4.stl
/home/ubuntu/rs_arm/install/rs_a3_web_ui/share/rs_a3_web_ui/static/urdf/meshes/part_9.stl
/home/ubuntu/rs_arm/install/rs_a3_web_ui/share/rs_a3_web_ui/static/urdf/meshes/6705.stl
/home/ubuntu/rs_arm/install/rs_a3_web_ui/share/rs_a3_web_ui/static/urdf/meshes/rack__30_teeth.stl
/home/ubuntu/rs_arm/install/rs_a3_web_ui/share/rs_a3_web_ui/static/urdf/meshes/manifold_solid_brep_40_1.stl
/home/ubuntu/rs_arm/install/rs_a3_web_ui/share/rs_a3_web_ui/static/urdf/meshes/l4_l5_link_back__2.stl
/home/ubuntu/rs_arm/install/rs_a3_web_ui/share/rs_a3_web_ui/static/urdf/meshes/l1_base.stl
/home/ubuntu/rs_arm/install/rs_a3_web_ui/share/rs_a3_web_ui/static/urdf/meshes/rack__30_teeth__2.stl
/home/ubuntu/rs_arm/install/rs_a3_web_ui/share/rs_a3_web_ui/static/urdf/meshes/l4_l5_link_back.stl
/home/ubuntu/rs_arm/install/rs_a3_web_ui/share/rs_a3_web_ui/static/urdf/meshes/l1_link_drv.stl
/home/ubuntu/rs_arm/install/rs_a3_web_ui/share/rs_a3_web_ui/static/urdf/meshes/hand_r.stl
/home/ubuntu/rs_arm/install/rs_a3_web_ui/share/rs_a3_web_ui/static/urdf/meshes/rack_str.stl
/home/ubuntu/rs_arm/install/rs_a3_web_ui/share/rs_a3_web_ui/static/urdf/meshes/part_1.stl
/home/ubuntu/rs_arm/install/rs_a3_web_ui/share/rs_a3_web_ui/static/urdf/meshes/mainlink_back.stl
/home/ubuntu/rs_arm/install/rs_a3_web_ui/share/rs_a3_web_ui/static/urdf/meshes/l4_link_back.stl
/home/ubuntu/rs_arm/install/rs_a3_web_ui/share/rs_a3_web_ui/static/urdf/meshes/rack_base.stl
/home/ubuntu/rs_arm/install/rs_a3_web_ui/share/rs_a3_web_ui/static/urdf/meshes/rs05.stl
/home/ubuntu/rs_arm/install/rs_a3_web_ui/share/rs_a3_web_ui/static/urdf/meshes/spur_gear__14_teeth.stl
/home/ubuntu/rs_arm/install/rs_a3_web_ui/share/rs_a3_web_ui/static/urdf/meshes/l2_stop.stl
/home/ubuntu/rs_arm/install/rs_a3_web_ui/share/rs_a3_web_ui/static/urdf/meshes/rs05_l5.stl
/home/ubuntu/rs_arm/install/rs_a3_web_ui/share/rs_a3_web_ui/static/urdf/meshes/rs00_l2.stl
/home/ubuntu/rs_arm/install/rs_a3_web_ui/share/rs_a3_web_ui/static/urdf/meshes/part_2.stl
/home/ubuntu/rs_arm/install/rs_a3_web_ui/share/rs_a3_web_ui/static/urdf/meshes/mainlink_motor.stl
/home/ubuntu/rs_arm/install/rs_a3_web_ui/share/rs_a3_web_ui/static/urdf/meshes/part_15.stl
/home/ubuntu/rs_arm/install/rs_a3_web_ui/share/rs_a3_web_ui/static/urdf/meshes/manifold_solid_brep_39_1.stl
/home/ubuntu/rs_arm/install/rs_a3_web_ui/share/rs_a3_web_ui/static/urdf/meshes/l4_link_drv.stl
/home/ubuntu/rs_arm/install/rs_a3_web_ui/share/rs_a3_web_ui/static/urdf/meshes/rs00_l1.stl
/home/ubuntu/rs_arm/install/rs_a3_web_ui/share/rs_a3_web_ui/static/urdf/meshes/manifold_solid_brep_39_1__2.stl
/home/ubuntu/rs_arm/install/rs_a3_web_ui/share/rs_a3_web_ui/static/urdf/meshes/rs00_l3.stl
/home/ubuntu/rs_arm/install/rs_a3_web_ui/lib/python3.10/site-packages/rs_a3_web_ui-1.0.0-py3.10.egg-info/requires.txt
/home/ubuntu/rs_arm/install/rs_a3_web_ui/lib/python3.10/site-packages/rs_a3_web_ui-1.0.0-py3.10.egg-info/PKG-INFO
/home/ubuntu/rs_arm/install/rs_a3_web_ui/lib/python3.10/site-packages/rs_a3_web_ui-1.0.0-py3.10.egg-info/entry_points.txt
/home/ubuntu/rs_arm/install/rs_a3_web_ui/lib/python3.10/site-packages/rs_a3_web_ui-1.0.0-py3.10.egg-info/dependency_links.txt
/home/ubuntu/rs_arm/install/rs_a3_web_ui/lib/python3.10/site-packages/rs_a3_web_ui-1.0.0-py3.10.egg-info/SOURCES.txt
/home/ubuntu/rs_arm/install/rs_a3_web_ui/lib/python3.10/site-packages/rs_a3_web_ui-1.0.0-py3.10.egg-info/top_level.txt
/home/ubuntu/rs_arm/install/rs_a3_web_ui/lib/python3.10/site-packages/rs_a3_web_ui-1.0.0-py3.10.egg-info/zip-safe
/home/ubuntu/rs_arm/install/rs_a3_web_ui/lib/rs_a3_web_ui/web_server
