[0.005s] Invoking command in '/home/wy/RS/A3/build/rs_a3_hardware': CMAKE_PREFIX_PATH=/opt/ros/humble CONDA_PROMPT_MODIFIER=(base) /usr/bin/cmake /home/wy/RS/A3/ros2_ws/src/rs_a3_hardware -DCMAKE_INSTALL_PREFIX=/home/wy/RS/A3/install/rs_a3_hardware
[0.036s] -- The C compiler identification is GNU 11.4.0
[0.068s] -- The CXX compiler identification is GNU 11.4.0
[0.071s] -- Detecting C compiler ABI info
[0.110s] -- Detecting C compiler ABI info - done
[0.114s] -- Check for working C compiler: /usr/bin/cc - skipped
[0.114s] -- Detecting C compile features
[0.114s] -- Detecting C compile features - done
[0.116s] -- Detecting CXX compiler ABI info
[0.164s] -- Detecting CXX compiler ABI info - done
[0.168s] -- Check for working CXX compiler: /usr/bin/c++ - skipped
[0.168s] -- Detecting CXX compile features
[0.169s] -- Detecting CXX compile features - done
[0.170s] -- Found ament_cmake: 1.3.12 (/opt/ros/humble/share/ament_cmake/cmake)
[0.247s] -- Found Python3: /usr/bin/python3 (found version "3.10.12") found components: Interpreter 
[0.292s] -- Found rclcpp: 16.0.16 (/opt/ros/humble/share/rclcpp/cmake)
[0.311s] -- Found rosidl_generator_c: 3.1.7 (/opt/ros/humble/share/rosidl_generator_c/cmake)
[0.313s] -- Found rosidl_adapter: 3.1.7 (/opt/ros/humble/share/rosidl_adapter/cmake)
[0.317s] -- Found rosidl_generator_cpp: 3.1.7 (/opt/ros/humble/share/rosidl_generator_cpp/cmake)
[0.323s] -- Using all available rosidl_typesupport_c: rosidl_typesupport_fastrtps_c;rosidl_typesupport_introspection_c
[0.331s] -- Using all available rosidl_typesupport_cpp: rosidl_typesupport_fastrtps_cpp;rosidl_typesupport_introspection_cpp
[0.349s] -- Found rmw_implementation_cmake: 6.1.2 (/opt/ros/humble/share/rmw_implementation_cmake/cmake)
[0.350s] -- Found rmw_fastrtps_cpp: 6.2.9 (/opt/ros/humble/share/rmw_fastrtps_cpp/cmake)
[0.395s] -- Found OpenSSL: /usr/lib/x86_64-linux-gnu/libcrypto.so (found version "3.0.2")  
[0.408s] -- Found FastRTPS: /opt/ros/humble/include  
[0.429s] -- Using RMW implementation 'rmw_fastrtps_cpp' as default
[0.432s] -- Looking for pthread.h
[0.473s] -- Looking for pthread.h - found
[0.473s] -- Performing Test CMAKE_HAVE_LIBC_PTHREAD
[0.511s] -- Performing Test CMAKE_HAVE_LIBC_PTHREAD - Success
[0.511s] -- Found Threads: TRUE  
[0.535s] -- Found rclcpp_lifecycle: 16.0.16 (/opt/ros/humble/share/rclcpp_lifecycle/cmake)
[0.543s] -- Found hardware_interface: 2.52.2 (/opt/ros/humble/share/hardware_interface/cmake)
[0.599s] -- Found ament_lint_auto: 0.12.14 (/opt/ros/humble/share/ament_lint_auto/cmake)
[0.645s] -- Added test 'copyright' to check source files copyright and LICENSE
[0.645s] -- Added test 'cppcheck' to perform static code analysis on C / C++ code
[0.645s] -- Configured cppcheck include dirs: /home/wy/RS/A3/ros2_ws/src/rs_a3_hardware/include;$<BUILD_INTERFACE:/home/wy/RS/A3/ros2_ws/src/rs_a3_hardware/include>
[0.645s] -- Configured cppcheck exclude dirs and/or files: 
[0.645s] -- Added test 'cpplint' to check C / C++ code against the Google style
[0.646s] -- Configured cpplint exclude dirs and/or files: 
[0.646s] -- Added test 'lint_cmake' to check CMake code style
[0.646s] -- Added test 'uncrustify' to check C / C++ code style
[0.646s] -- Configured uncrustify additional arguments: 
[0.646s] -- Added test 'xmllint' to check XML markup files
[0.648s] -- Configuring done
[0.654s] -- Generating done
[0.656s] -- Build files have been written to: /home/wy/RS/A3/build/rs_a3_hardware
[0.663s] Invoked command in '/home/wy/RS/A3/build/rs_a3_hardware' returned '0': CMAKE_PREFIX_PATH=/opt/ros/humble CONDA_PROMPT_MODIFIER=(base) /usr/bin/cmake /home/wy/RS/A3/ros2_ws/src/rs_a3_hardware -DCMAKE_INSTALL_PREFIX=/home/wy/RS/A3/install/rs_a3_hardware
[0.664s] Invoking command in '/home/wy/RS/A3/build/rs_a3_hardware': CMAKE_PREFIX_PATH=/opt/ros/humble CONDA_PROMPT_MODIFIER=(base) /usr/bin/cmake --build /home/wy/RS/A3/build/rs_a3_hardware -- -j24 -l24
[0.696s] [ 33%] Building CXX object CMakeFiles/rs_a3_hardware.dir/src/rs_a3_hardware.cpp.o
[0.696s] [ 66%] Building CXX object CMakeFiles/rs_a3_hardware.dir/src/robstride_can_driver.cpp.o
[2.417s] [100%] Linking CXX shared library librs_a3_hardware.so
[2.502s] [100%] Built target rs_a3_hardware
[2.508s] Invoked command in '/home/wy/RS/A3/build/rs_a3_hardware' returned '0': CMAKE_PREFIX_PATH=/opt/ros/humble CONDA_PROMPT_MODIFIER=(base) /usr/bin/cmake --build /home/wy/RS/A3/build/rs_a3_hardware -- -j24 -l24
[2.513s] Invoking command in '/home/wy/RS/A3/build/rs_a3_hardware': CMAKE_PREFIX_PATH=/opt/ros/humble CONDA_PROMPT_MODIFIER=(base) /usr/bin/cmake --install /home/wy/RS/A3/build/rs_a3_hardware
[2.518s] -- Install configuration: ""
[2.519s] -- Installing: /home/wy/RS/A3/install/rs_a3_hardware/share/rs_a3_hardware/rs_a3_hardware_plugin.xml
[2.519s] -- Installing: /home/wy/RS/A3/install/rs_a3_hardware/lib/librs_a3_hardware.so
[2.519s] -- Set runtime path of "/home/wy/RS/A3/install/rs_a3_hardware/lib/librs_a3_hardware.so" to ""
[2.519s] -- Installing: /home/wy/RS/A3/install/rs_a3_hardware/include
[2.519s] -- Installing: /home/wy/RS/A3/install/rs_a3_hardware/include/rs_a3_hardware
[2.519s] -- Installing: /home/wy/RS/A3/install/rs_a3_hardware/include/rs_a3_hardware/rs_a3_hardware.hpp
[2.519s] -- Installing: /home/wy/RS/A3/install/rs_a3_hardware/include/rs_a3_hardware/robstride_can_driver.hpp
[2.520s] -- Up-to-date: /home/wy/RS/A3/install/rs_a3_hardware/share/rs_a3_hardware/rs_a3_hardware_plugin.xml
[2.520s] -- Installing: /home/wy/RS/A3/install/rs_a3_hardware/share/rs_a3_hardware/environment/library_path.sh
[2.520s] -- Installing: /home/wy/RS/A3/install/rs_a3_hardware/share/rs_a3_hardware/environment/library_path.dsv
[2.520s] -- Installing: /home/wy/RS/A3/install/rs_a3_hardware/share/ament_index/resource_index/package_run_dependencies/rs_a3_hardware
[2.520s] -- Installing: /home/wy/RS/A3/install/rs_a3_hardware/share/ament_index/resource_index/parent_prefix_path/rs_a3_hardware
[2.520s] -- Installing: /home/wy/RS/A3/install/rs_a3_hardware/share/rs_a3_hardware/environment/ament_prefix_path.sh
[2.521s] -- Installing: /home/wy/RS/A3/install/rs_a3_hardware/share/rs_a3_hardware/environment/ament_prefix_path.dsv
[2.521s] -- Installing: /home/wy/RS/A3/install/rs_a3_hardware/share/rs_a3_hardware/environment/path.sh
[2.521s] -- Installing: /home/wy/RS/A3/install/rs_a3_hardware/share/rs_a3_hardware/environment/path.dsv
[2.521s] -- Installing: /home/wy/RS/A3/install/rs_a3_hardware/share/rs_a3_hardware/local_setup.bash
[2.521s] -- Installing: /home/wy/RS/A3/install/rs_a3_hardware/share/rs_a3_hardware/local_setup.sh
[2.521s] -- Installing: /home/wy/RS/A3/install/rs_a3_hardware/share/rs_a3_hardware/local_setup.zsh
[2.521s] -- Installing: /home/wy/RS/A3/install/rs_a3_hardware/share/rs_a3_hardware/local_setup.dsv
[2.521s] -- Installing: /home/wy/RS/A3/install/rs_a3_hardware/share/rs_a3_hardware/package.dsv
[2.521s] -- Installing: /home/wy/RS/A3/install/rs_a3_hardware/share/ament_index/resource_index/packages/rs_a3_hardware
[2.521s] -- Installing: /home/wy/RS/A3/install/rs_a3_hardware/share/ament_index/resource_index/hardware_interface__pluginlib__plugin/rs_a3_hardware
[2.521s] -- Installing: /home/wy/RS/A3/install/rs_a3_hardware/share/rs_a3_hardware/cmake/export_rs_a3_hardwareExport.cmake
[2.521s] -- Installing: /home/wy/RS/A3/install/rs_a3_hardware/share/rs_a3_hardware/cmake/export_rs_a3_hardwareExport-noconfig.cmake
[2.521s] -- Installing: /home/wy/RS/A3/install/rs_a3_hardware/share/rs_a3_hardware/cmake/ament_cmake_export_include_directories-extras.cmake
[2.521s] -- Installing: /home/wy/RS/A3/install/rs_a3_hardware/share/rs_a3_hardware/cmake/ament_cmake_export_libraries-extras.cmake
[2.522s] -- Installing: /home/wy/RS/A3/install/rs_a3_hardware/share/rs_a3_hardware/cmake/ament_cmake_export_targets-extras.cmake
[2.522s] -- Installing: /home/wy/RS/A3/install/rs_a3_hardware/share/rs_a3_hardware/cmake/rs_a3_hardwareConfig.cmake
[2.522s] -- Installing: /home/wy/RS/A3/install/rs_a3_hardware/share/rs_a3_hardware/cmake/rs_a3_hardwareConfig-version.cmake
[2.523s] -- Installing: /home/wy/RS/A3/install/rs_a3_hardware/share/rs_a3_hardware/package.xml
[2.523s] Invoked command in '/home/wy/RS/A3/build/rs_a3_hardware' returned '0': CMAKE_PREFIX_PATH=/opt/ros/humble CONDA_PROMPT_MODIFIER=(base) /usr/bin/cmake --install /home/wy/RS/A3/build/rs_a3_hardware
