[0.095s] DEBUG:colcon:Command line arguments: ['/usr/bin/colcon', 'build']
[0.095s] DEBUG:colcon:Parsed command line arguments: Namespace(log_base=None, log_level=None, verb_name='build', build_base='build', install_base='install', merge_install=False, symlink_install=False, test_result_base=None, continue_on_error=False, executor='parallel', parallel_workers=24, event_handlers=None, ignore_user_meta=False, metas=['./colcon.meta'], base_paths=['.'], packages_ignore=None, packages_ignore_regex=None, paths=None, packages_up_to=None, packages_up_to_regex=None, packages_above=None, packages_above_and_dependencies=None, packages_above_depth=None, packages_select_by_dep=None, packages_skip_by_dep=None, packages_skip_up_to=None, packages_select_build_failed=False, packages_skip_build_finished=False, packages_select_test_failures=False, packages_skip_test_passed=False, packages_select=None, packages_skip=None, packages_select_regex=None, packages_skip_regex=None, packages_start=None, packages_end=None, allow_overriding=[], cmake_args=None, cmake_target=None, cmake_target_skip_unavailable=False, cmake_clean_cache=False, cmake_clean_first=False, cmake_force_configure=False, ament_cmake_args=None, catkin_cmake_args=None, catkin_skip_building_tests=False, mixin_files=None, mixin=None, verb_parser=<colcon_mixin.mixin.mixin_argument.MixinArgumentDecorator object at 0x7195fde71630>, verb_extension=<colcon_core.verb.build.BuildVerb object at 0x7195fdfaac50>, main=<bound method BuildVerb.main of <colcon_core.verb.build.BuildVerb object at 0x7195fdfaac50>>, mixin_verb=('build',))
[0.126s] Level 1:colcon.colcon_core.package_discovery:discover_packages(colcon_meta) check parameters
[0.127s] Level 1:colcon.colcon_core.package_discovery:discover_packages(recursive) check parameters
[0.127s] Level 1:colcon.colcon_core.package_discovery:discover_packages(ignore) check parameters
[0.127s] Level 1:colcon.colcon_core.package_discovery:discover_packages(path) check parameters
[0.127s] Level 1:colcon.colcon_core.package_discovery:discover_packages(colcon_meta) discover
[0.127s] Level 1:colcon.colcon_core.package_discovery:discover_packages(recursive) discover
[0.127s] INFO:colcon.colcon_core.package_discovery:Crawling recursively for packages in '/home/ubuntu/rs_arm'
[0.127s] Level 1:colcon.colcon_core.package_identification:_identify(.) by extensions ['ignore', 'ignore_ament_install']
[0.127s] Level 1:colcon.colcon_core.package_identification:_identify(.) by extension 'ignore'
[0.128s] Level 1:colcon.colcon_core.package_identification:_identify(.) by extension 'ignore_ament_install'
[0.128s] Level 1:colcon.colcon_core.package_identification:_identify(.) by extensions ['colcon_pkg']
[0.128s] Level 1:colcon.colcon_core.package_identification:_identify(.) by extension 'colcon_pkg'
[0.128s] Level 1:colcon.colcon_core.package_identification:_identify(.) by extensions ['colcon_meta']
[0.128s] Level 1:colcon.colcon_core.package_identification:_identify(.) by extension 'colcon_meta'
[0.128s] Level 1:colcon.colcon_core.package_identification:_identify(.) by extensions ['ros']
[0.128s] Level 1:colcon.colcon_core.package_identification:_identify(.) by extension 'ros'
[0.141s] Level 1:colcon.colcon_core.package_identification:_identify(.) by extensions ['cmake', 'python']
[0.142s] Level 1:colcon.colcon_core.package_identification:_identify(.) by extension 'cmake'
[0.142s] Level 1:colcon.colcon_core.package_identification:_identify(.) by extension 'python'
[0.142s] Level 1:colcon.colcon_core.package_identification:_identify(.) by extensions ['python_setup_py']
[0.142s] Level 1:colcon.colcon_core.package_identification:_identify(.) by extension 'python_setup_py'
[0.142s] Level 1:colcon.colcon_core.package_identification:_identify(build) by extensions ['ignore', 'ignore_ament_install']
[0.142s] Level 1:colcon.colcon_core.package_identification:_identify(build) by extension 'ignore'
[0.142s] Level 1:colcon.colcon_core.package_identification:_identify(build) ignored
[0.142s] Level 1:colcon.colcon_core.package_identification:_identify(install) by extensions ['ignore', 'ignore_ament_install']
[0.142s] Level 1:colcon.colcon_core.package_identification:_identify(install) by extension 'ignore'
[0.142s] Level 1:colcon.colcon_core.package_identification:_identify(install) ignored
[0.142s] Level 1:colcon.colcon_core.package_identification:_identify(log) by extensions ['ignore', 'ignore_ament_install']
[0.142s] Level 1:colcon.colcon_core.package_identification:_identify(log) by extension 'ignore'
[0.142s] Level 1:colcon.colcon_core.package_identification:_identify(log) ignored
[0.142s] Level 1:colcon.colcon_core.package_identification:_identify(src) by extensions ['ignore', 'ignore_ament_install']
[0.142s] Level 1:colcon.colcon_core.package_identification:_identify(src) by extension 'ignore'
[0.142s] Level 1:colcon.colcon_core.package_identification:_identify(src) by extension 'ignore_ament_install'
[0.142s] Level 1:colcon.colcon_core.package_identification:_identify(src) by extensions ['colcon_pkg']
[0.142s] Level 1:colcon.colcon_core.package_identification:_identify(src) by extension 'colcon_pkg'
[0.142s] Level 1:colcon.colcon_core.package_identification:_identify(src) by extensions ['colcon_meta']
[0.143s] Level 1:colcon.colcon_core.package_identification:_identify(src) by extension 'colcon_meta'
[0.143s] Level 1:colcon.colcon_core.package_identification:_identify(src) by extensions ['ros']
[0.143s] Level 1:colcon.colcon_core.package_identification:_identify(src) by extension 'ros'
[0.143s] Level 1:colcon.colcon_core.package_identification:_identify(src) by extensions ['cmake', 'python']
[0.143s] Level 1:colcon.colcon_core.package_identification:_identify(src) by extension 'cmake'
[0.143s] Level 1:colcon.colcon_core.package_identification:_identify(src) by extension 'python'
[0.143s] Level 1:colcon.colcon_core.package_identification:_identify(src) by extensions ['python_setup_py']
[0.143s] Level 1:colcon.colcon_core.package_identification:_identify(src) by extension 'python_setup_py'
[0.143s] Level 1:colcon.colcon_core.package_identification:_identify(src/RS_A3_urdf) by extensions ['ignore', 'ignore_ament_install']
[0.143s] Level 1:colcon.colcon_core.package_identification:_identify(src/RS_A3_urdf) by extension 'ignore'
[0.143s] Level 1:colcon.colcon_core.package_identification:_identify(src/RS_A3_urdf) by extension 'ignore_ament_install'
[0.143s] Level 1:colcon.colcon_core.package_identification:_identify(src/RS_A3_urdf) by extensions ['colcon_pkg']
[0.143s] Level 1:colcon.colcon_core.package_identification:_identify(src/RS_A3_urdf) by extension 'colcon_pkg'
[0.143s] Level 1:colcon.colcon_core.package_identification:_identify(src/RS_A3_urdf) by extensions ['colcon_meta']
[0.143s] Level 1:colcon.colcon_core.package_identification:_identify(src/RS_A3_urdf) by extension 'colcon_meta'
[0.143s] Level 1:colcon.colcon_core.package_identification:_identify(src/RS_A3_urdf) by extensions ['ros']
[0.143s] Level 1:colcon.colcon_core.package_identification:_identify(src/RS_A3_urdf) by extension 'ros'
[0.143s] Level 1:colcon.colcon_core.package_identification:_identify(src/RS_A3_urdf) by extensions ['cmake', 'python']
[0.143s] Level 1:colcon.colcon_core.package_identification:_identify(src/RS_A3_urdf) by extension 'cmake'
[0.143s] Level 1:colcon.colcon_core.package_identification:_identify(src/RS_A3_urdf) by extension 'python'
[0.143s] Level 1:colcon.colcon_core.package_identification:_identify(src/RS_A3_urdf) by extensions ['python_setup_py']
[0.143s] Level 1:colcon.colcon_core.package_identification:_identify(src/RS_A3_urdf) by extension 'python_setup_py'
[0.143s] Level 1:colcon.colcon_core.package_identification:_identify(src/RS_A3_urdf/RS-A3) by extensions ['ignore', 'ignore_ament_install']
[0.143s] Level 1:colcon.colcon_core.package_identification:_identify(src/RS_A3_urdf/RS-A3) by extension 'ignore'
[0.143s] Level 1:colcon.colcon_core.package_identification:_identify(src/RS_A3_urdf/RS-A3) by extension 'ignore_ament_install'
[0.143s] Level 1:colcon.colcon_core.package_identification:_identify(src/RS_A3_urdf/RS-A3) by extensions ['colcon_pkg']
[0.143s] Level 1:colcon.colcon_core.package_identification:_identify(src/RS_A3_urdf/RS-A3) by extension 'colcon_pkg'
[0.143s] Level 1:colcon.colcon_core.package_identification:_identify(src/RS_A3_urdf/RS-A3) by extensions ['colcon_meta']
[0.143s] Level 1:colcon.colcon_core.package_identification:_identify(src/RS_A3_urdf/RS-A3) by extension 'colcon_meta'
[0.143s] Level 1:colcon.colcon_core.package_identification:_identify(src/RS_A3_urdf/RS-A3) by extensions ['ros']
[0.143s] Level 1:colcon.colcon_core.package_identification:_identify(src/RS_A3_urdf/RS-A3) by extension 'ros'
[0.145s] DEBUG:colcon.colcon_core.package_identification:Package 'src/RS_A3_urdf/RS-A3' with type 'ros.ament_cmake' and name 'rs_a3_urdf_legacy'
[0.145s] Level 1:colcon.colcon_core.package_identification:_identify(src/rs_a3_description) by extensions ['ignore', 'ignore_ament_install']
[0.145s] Level 1:colcon.colcon_core.package_identification:_identify(src/rs_a3_description) by extension 'ignore'
[0.145s] Level 1:colcon.colcon_core.package_identification:_identify(src/rs_a3_description) by extension 'ignore_ament_install'
[0.145s] Level 1:colcon.colcon_core.package_identification:_identify(src/rs_a3_description) by extensions ['colcon_pkg']
[0.145s] Level 1:colcon.colcon_core.package_identification:_identify(src/rs_a3_description) by extension 'colcon_pkg'
[0.145s] Level 1:colcon.colcon_core.package_identification:_identify(src/rs_a3_description) by extensions ['colcon_meta']
[0.145s] Level 1:colcon.colcon_core.package_identification:_identify(src/rs_a3_description) by extension 'colcon_meta'
[0.145s] Level 1:colcon.colcon_core.package_identification:_identify(src/rs_a3_description) by extensions ['ros']
[0.145s] Level 1:colcon.colcon_core.package_identification:_identify(src/rs_a3_description) by extension 'ros'
[0.145s] DEBUG:colcon.colcon_core.package_identification:Package 'src/rs_a3_description' with type 'ros.ament_cmake' and name 'rs_a3_description'
[0.146s] Level 1:colcon.colcon_core.package_identification:_identify(src/rs_a3_hardware) by extensions ['ignore', 'ignore_ament_install']
[0.146s] Level 1:colcon.colcon_core.package_identification:_identify(src/rs_a3_hardware) by extension 'ignore'
[0.146s] Level 1:colcon.colcon_core.package_identification:_identify(src/rs_a3_hardware) by extension 'ignore_ament_install'
[0.146s] Level 1:colcon.colcon_core.package_identification:_identify(src/rs_a3_hardware) by extensions ['colcon_pkg']
[0.146s] Level 1:colcon.colcon_core.package_identification:_identify(src/rs_a3_hardware) by extension 'colcon_pkg'
[0.146s] Level 1:colcon.colcon_core.package_identification:_identify(src/rs_a3_hardware) by extensions ['colcon_meta']
[0.146s] Level 1:colcon.colcon_core.package_identification:_identify(src/rs_a3_hardware) by extension 'colcon_meta'
[0.146s] Level 1:colcon.colcon_core.package_identification:_identify(src/rs_a3_hardware) by extensions ['ros']
[0.146s] Level 1:colcon.colcon_core.package_identification:_identify(src/rs_a3_hardware) by extension 'ros'
[0.146s] DEBUG:colcon.colcon_core.package_identification:Package 'src/rs_a3_hardware' with type 'ros.ament_cmake' and name 'rs_a3_hardware'
[0.146s] Level 1:colcon.colcon_core.package_identification:_identify(src/rs_a3_moveit_config) by extensions ['ignore', 'ignore_ament_install']
[0.146s] Level 1:colcon.colcon_core.package_identification:_identify(src/rs_a3_moveit_config) by extension 'ignore'
[0.146s] Level 1:colcon.colcon_core.package_identification:_identify(src/rs_a3_moveit_config) by extension 'ignore_ament_install'
[0.146s] Level 1:colcon.colcon_core.package_identification:_identify(src/rs_a3_moveit_config) by extensions ['colcon_pkg']
[0.146s] Level 1:colcon.colcon_core.package_identification:_identify(src/rs_a3_moveit_config) by extension 'colcon_pkg'
[0.146s] Level 1:colcon.colcon_core.package_identification:_identify(src/rs_a3_moveit_config) by extensions ['colcon_meta']
[0.146s] Level 1:colcon.colcon_core.package_identification:_identify(src/rs_a3_moveit_config) by extension 'colcon_meta'
[0.146s] Level 1:colcon.colcon_core.package_identification:_identify(src/rs_a3_moveit_config) by extensions ['ros']
[0.146s] Level 1:colcon.colcon_core.package_identification:_identify(src/rs_a3_moveit_config) by extension 'ros'
[0.147s] DEBUG:colcon.colcon_core.package_identification:Package 'src/rs_a3_moveit_config' with type 'ros.ament_cmake' and name 'rs_a3_moveit_config'
[0.147s] Level 1:colcon.colcon_core.package_identification:_identify(src/rs_a3_teleop) by extensions ['ignore', 'ignore_ament_install']
[0.147s] Level 1:colcon.colcon_core.package_identification:_identify(src/rs_a3_teleop) by extension 'ignore'
[0.147s] Level 1:colcon.colcon_core.package_identification:_identify(src/rs_a3_teleop) by extension 'ignore_ament_install'
[0.147s] Level 1:colcon.colcon_core.package_identification:_identify(src/rs_a3_teleop) by extensions ['colcon_pkg']
[0.147s] Level 1:colcon.colcon_core.package_identification:_identify(src/rs_a3_teleop) by extension 'colcon_pkg'
[0.147s] Level 1:colcon.colcon_core.package_identification:_identify(src/rs_a3_teleop) by extensions ['colcon_meta']
[0.147s] Level 1:colcon.colcon_core.package_identification:_identify(src/rs_a3_teleop) by extension 'colcon_meta'
[0.147s] Level 1:colcon.colcon_core.package_identification:_identify(src/rs_a3_teleop) by extensions ['ros']
[0.147s] Level 1:colcon.colcon_core.package_identification:_identify(src/rs_a3_teleop) by extension 'ros'
[0.148s] DEBUG:colcon.colcon_core.package_identification:Package 'src/rs_a3_teleop' with type 'ros.ament_python' and name 'rs_a3_teleop'
[0.148s] Level 1:colcon.colcon_core.package_identification:_identify(src/rs_a3_web_ui) by extensions ['ignore', 'ignore_ament_install']
[0.148s] Level 1:colcon.colcon_core.package_identification:_identify(src/rs_a3_web_ui) by extension 'ignore'
[0.148s] Level 1:colcon.colcon_core.package_identification:_identify(src/rs_a3_web_ui) by extension 'ignore_ament_install'
[0.148s] Level 1:colcon.colcon_core.package_identification:_identify(src/rs_a3_web_ui) by extensions ['colcon_pkg']
[0.148s] Level 1:colcon.colcon_core.package_identification:_identify(src/rs_a3_web_ui) by extension 'colcon_pkg'
[0.148s] Level 1:colcon.colcon_core.package_identification:_identify(src/rs_a3_web_ui) by extensions ['colcon_meta']
[0.148s] Level 1:colcon.colcon_core.package_identification:_identify(src/rs_a3_web_ui) by extension 'colcon_meta'
[0.148s] Level 1:colcon.colcon_core.package_identification:_identify(src/rs_a3_web_ui) by extensions ['ros']
[0.148s] Level 1:colcon.colcon_core.package_identification:_identify(src/rs_a3_web_ui) by extension 'ros'
[0.149s] DEBUG:colcon.colcon_core.package_identification:Package 'src/rs_a3_web_ui' with type 'ros.ament_python' and name 'rs_a3_web_ui'
[0.149s] Level 1:colcon.colcon_core.package_identification:_identify(src/scripts) by extensions ['ignore', 'ignore_ament_install']
[0.149s] Level 1:colcon.colcon_core.package_identification:_identify(src/scripts) by extension 'ignore'
[0.149s] Level 1:colcon.colcon_core.package_identification:_identify(src/scripts) by extension 'ignore_ament_install'
[0.149s] Level 1:colcon.colcon_core.package_identification:_identify(src/scripts) by extensions ['colcon_pkg']
[0.149s] Level 1:colcon.colcon_core.package_identification:_identify(src/scripts) by extension 'colcon_pkg'
[0.149s] Level 1:colcon.colcon_core.package_identification:_identify(src/scripts) by extensions ['colcon_meta']
[0.149s] Level 1:colcon.colcon_core.package_identification:_identify(src/scripts) by extension 'colcon_meta'
[0.149s] Level 1:colcon.colcon_core.package_identification:_identify(src/scripts) by extensions ['ros']
[0.149s] Level 1:colcon.colcon_core.package_identification:_identify(src/scripts) by extension 'ros'
[0.149s] Level 1:colcon.colcon_core.package_identification:_identify(src/scripts) by extensions ['cmake', 'python']
[0.149s] Level 1:colcon.colcon_core.package_identification:_identify(src/scripts) by extension 'cmake'
[0.149s] Level 1:colcon.colcon_core.package_identification:_identify(src/scripts) by extension 'python'
[0.149s] Level 1:colcon.colcon_core.package_identification:_identify(src/scripts) by extensions ['python_setup_py']
[0.149s] Level 1:colcon.colcon_core.package_identification:_identify(src/scripts) by extension 'python_setup_py'
[0.150s] Level 1:colcon.colcon_core.package_discovery:discover_packages(recursive) using defaults
[0.150s] Level 1:colcon.colcon_core.package_discovery:discover_packages(ignore) discover
[0.150s] Level 1:colcon.colcon_core.package_discovery:discover_packages(ignore) using defaults
[0.150s] Level 1:colcon.colcon_core.package_discovery:discover_packages(path) discover
[0.150s] Level 1:colcon.colcon_core.package_discovery:discover_packages(path) using defaults
[0.168s] Level 1:colcon.colcon_core.package_discovery:discover_packages(prefix_path) check parameters
[0.169s] Level 1:colcon.colcon_core.package_discovery:discover_packages(prefix_path) discover
[0.170s] DEBUG:colcon.colcon_installed_package_information.package_discovery:Found 6 installed packages in /home/ubuntu/rs_arm/install
[0.170s] DEBUG:colcon.colcon_installed_package_information.package_discovery:Found 371 installed packages in /opt/ros/humble
[0.171s] Level 1:colcon.colcon_core.package_discovery:discover_packages(prefix_path) using defaults
[0.195s] Level 5:colcon.colcon_core.verb:set package 'rs_a3_hardware' build argument 'cmake_args' from command line to 'None'
[0.195s] Level 5:colcon.colcon_core.verb:set package 'rs_a3_hardware' build argument 'cmake_target' from command line to 'None'
[0.195s] Level 5:colcon.colcon_core.verb:set package 'rs_a3_hardware' build argument 'cmake_target_skip_unavailable' from command line to 'False'
[0.195s] Level 5:colcon.colcon_core.verb:set package 'rs_a3_hardware' build argument 'cmake_clean_cache' from command line to 'False'
[0.195s] Level 5:colcon.colcon_core.verb:set package 'rs_a3_hardware' build argument 'cmake_clean_first' from command line to 'False'
[0.195s] Level 5:colcon.colcon_core.verb:set package 'rs_a3_hardware' build argument 'cmake_force_configure' from command line to 'False'
[0.195s] Level 5:colcon.colcon_core.verb:set package 'rs_a3_hardware' build argument 'ament_cmake_args' from command line to 'None'
[0.195s] Level 5:colcon.colcon_core.verb:set package 'rs_a3_hardware' build argument 'catkin_cmake_args' from command line to 'None'
[0.195s] Level 5:colcon.colcon_core.verb:set package 'rs_a3_hardware' build argument 'catkin_skip_building_tests' from command line to 'False'
[0.195s] DEBUG:colcon.colcon_core.verb:Building package 'rs_a3_hardware' with the following arguments: {'ament_cmake_args': None, 'build_base': '/home/ubuntu/rs_arm/build/rs_a3_hardware', 'catkin_cmake_args': None, 'catkin_skip_building_tests': False, 'cmake_args': None, 'cmake_clean_cache': False, 'cmake_clean_first': False, 'cmake_force_configure': False, 'cmake_target': None, 'cmake_target_skip_unavailable': False, 'install_base': '/home/ubuntu/rs_arm/install/rs_a3_hardware', 'merge_install': False, 'path': '/home/ubuntu/rs_arm/src/rs_a3_hardware', 'symlink_install': False, 'test_result_base': None}
[0.195s] Level 5:colcon.colcon_core.verb:set package 'rs_a3_teleop' build argument 'cmake_args' from command line to 'None'
[0.195s] Level 5:colcon.colcon_core.verb:set package 'rs_a3_teleop' build argument 'cmake_target' from command line to 'None'
[0.195s] Level 5:colcon.colcon_core.verb:set package 'rs_a3_teleop' build argument 'cmake_target_skip_unavailable' from command line to 'False'
[0.195s] Level 5:colcon.colcon_core.verb:set package 'rs_a3_teleop' build argument 'cmake_clean_cache' from command line to 'False'
[0.195s] Level 5:colcon.colcon_core.verb:set package 'rs_a3_teleop' build argument 'cmake_clean_first' from command line to 'False'
[0.195s] Level 5:colcon.colcon_core.verb:set package 'rs_a3_teleop' build argument 'cmake_force_configure' from command line to 'False'
[0.195s] Level 5:colcon.colcon_core.verb:set package 'rs_a3_teleop' build argument 'ament_cmake_args' from command line to 'None'
[0.195s] Level 5:colcon.colcon_core.verb:set package 'rs_a3_teleop' build argument 'catkin_cmake_args' from command line to 'None'
[0.195s] Level 5:colcon.colcon_core.verb:set package 'rs_a3_teleop' build argument 'catkin_skip_building_tests' from command line to 'False'
[0.196s] DEBUG:colcon.colcon_core.verb:Building package 'rs_a3_teleop' with the following arguments: {'ament_cmake_args': None, 'build_base': '/home/ubuntu/rs_arm/build/rs_a3_teleop', 'catkin_cmake_args': None, 'catkin_skip_building_tests': False, 'cmake_args': None, 'cmake_clean_cache': False, 'cmake_clean_first': False, 'cmake_force_configure': False, 'cmake_target': None, 'cmake_target_skip_unavailable': False, 'install_base': '/home/ubuntu/rs_arm/install/rs_a3_teleop', 'merge_install': False, 'path': '/home/ubuntu/rs_arm/src/rs_a3_teleop', 'symlink_install': False, 'test_result_base': None}
[0.196s] Level 5:colcon.colcon_core.verb:set package 'rs_a3_urdf_legacy' build argument 'cmake_args' from command line to 'None'
[0.196s] Level 5:colcon.colcon_core.verb:set package 'rs_a3_urdf_legacy' build argument 'cmake_target' from command line to 'None'
[0.196s] Level 5:colcon.colcon_core.verb:set package 'rs_a3_urdf_legacy' build argument 'cmake_target_skip_unavailable' from command line to 'False'
[0.196s] Level 5:colcon.colcon_core.verb:set package 'rs_a3_urdf_legacy' build argument 'cmake_clean_cache' from command line to 'False'
[0.196s] Level 5:colcon.colcon_core.verb:set package 'rs_a3_urdf_legacy' build argument 'cmake_clean_first' from command line to 'False'
[0.196s] Level 5:colcon.colcon_core.verb:set package 'rs_a3_urdf_legacy' build argument 'cmake_force_configure' from command line to 'False'
[0.196s] Level 5:colcon.colcon_core.verb:set package 'rs_a3_urdf_legacy' build argument 'ament_cmake_args' from command line to 'None'
[0.196s] Level 5:colcon.colcon_core.verb:set package 'rs_a3_urdf_legacy' build argument 'catkin_cmake_args' from command line to 'None'
[0.196s] Level 5:colcon.colcon_core.verb:set package 'rs_a3_urdf_legacy' build argument 'catkin_skip_building_tests' from command line to 'False'
[0.196s] DEBUG:colcon.colcon_core.verb:Building package 'rs_a3_urdf_legacy' with the following arguments: {'ament_cmake_args': None, 'build_base': '/home/ubuntu/rs_arm/build/rs_a3_urdf_legacy', 'catkin_cmake_args': None, 'catkin_skip_building_tests': False, 'cmake_args': None, 'cmake_clean_cache': False, 'cmake_clean_first': False, 'cmake_force_configure': False, 'cmake_target': None, 'cmake_target_skip_unavailable': False, 'install_base': '/home/ubuntu/rs_arm/install/rs_a3_urdf_legacy', 'merge_install': False, 'path': '/home/ubuntu/rs_arm/src/RS_A3_urdf/RS-A3', 'symlink_install': False, 'test_result_base': None}
[0.196s] Level 5:colcon.colcon_core.verb:set package 'rs_a3_web_ui' build argument 'cmake_args' from command line to 'None'
[0.196s] Level 5:colcon.colcon_core.verb:set package 'rs_a3_web_ui' build argument 'cmake_target' from command line to 'None'
[0.196s] Level 5:colcon.colcon_core.verb:set package 'rs_a3_web_ui' build argument 'cmake_target_skip_unavailable' from command line to 'False'
[0.196s] Level 5:colcon.colcon_core.verb:set package 'rs_a3_web_ui' build argument 'cmake_clean_cache' from command line to 'False'
[0.196s] Level 5:colcon.colcon_core.verb:set package 'rs_a3_web_ui' build argument 'cmake_clean_first' from command line to 'False'
[0.196s] Level 5:colcon.colcon_core.verb:set package 'rs_a3_web_ui' build argument 'cmake_force_configure' from command line to 'False'
[0.196s] Level 5:colcon.colcon_core.verb:set package 'rs_a3_web_ui' build argument 'ament_cmake_args' from command line to 'None'
[0.196s] Level 5:colcon.colcon_core.verb:set package 'rs_a3_web_ui' build argument 'catkin_cmake_args' from command line to 'None'
[0.196s] Level 5:colcon.colcon_core.verb:set package 'rs_a3_web_ui' build argument 'catkin_skip_building_tests' from command line to 'False'
[0.196s] DEBUG:colcon.colcon_core.verb:Building package 'rs_a3_web_ui' with the following arguments: {'ament_cmake_args': None, 'build_base': '/home/ubuntu/rs_arm/build/rs_a3_web_ui', 'catkin_cmake_args': None, 'catkin_skip_building_tests': False, 'cmake_args': None, 'cmake_clean_cache': False, 'cmake_clean_first': False, 'cmake_force_configure': False, 'cmake_target': None, 'cmake_target_skip_unavailable': False, 'install_base': '/home/ubuntu/rs_arm/install/rs_a3_web_ui', 'merge_install': False, 'path': '/home/ubuntu/rs_arm/src/rs_a3_web_ui', 'symlink_install': False, 'test_result_base': None}
[0.196s] Level 5:colcon.colcon_core.verb:set package 'rs_a3_description' build argument 'cmake_args' from command line to 'None'
[0.196s] Level 5:colcon.colcon_core.verb:set package 'rs_a3_description' build argument 'cmake_target' from command line to 'None'
[0.196s] Level 5:colcon.colcon_core.verb:set package 'rs_a3_description' build argument 'cmake_target_skip_unavailable' from command line to 'False'
[0.196s] Level 5:colcon.colcon_core.verb:set package 'rs_a3_description' build argument 'cmake_clean_cache' from command line to 'False'
[0.196s] Level 5:colcon.colcon_core.verb:set package 'rs_a3_description' build argument 'cmake_clean_first' from command line to 'False'
[0.196s] Level 5:colcon.colcon_core.verb:set package 'rs_a3_description' build argument 'cmake_force_configure' from command line to 'False'
[0.196s] Level 5:colcon.colcon_core.verb:set package 'rs_a3_description' build argument 'ament_cmake_args' from command line to 'None'
[0.196s] Level 5:colcon.colcon_core.verb:set package 'rs_a3_description' build argument 'catkin_cmake_args' from command line to 'None'
[0.196s] Level 5:colcon.colcon_core.verb:set package 'rs_a3_description' build argument 'catkin_skip_building_tests' from command line to 'False'
[0.196s] DEBUG:colcon.colcon_core.verb:Building package 'rs_a3_description' with the following arguments: {'ament_cmake_args': None, 'build_base': '/home/ubuntu/rs_arm/build/rs_a3_description', 'catkin_cmake_args': None, 'catkin_skip_building_tests': False, 'cmake_args': None, 'cmake_clean_cache': False, 'cmake_clean_first': False, 'cmake_force_configure': False, 'cmake_target': None, 'cmake_target_skip_unavailable': False, 'install_base': '/home/ubuntu/rs_arm/install/rs_a3_description', 'merge_install': False, 'path': '/home/ubuntu/rs_arm/src/rs_a3_description', 'symlink_install': False, 'test_result_base': None}
[0.196s] Level 5:colcon.colcon_core.verb:set package 'rs_a3_moveit_config' build argument 'cmake_args' from command line to 'None'
[0.196s] Level 5:colcon.colcon_core.verb:set package 'rs_a3_moveit_config' build argument 'cmake_target' from command line to 'None'
[0.196s] Level 5:colcon.colcon_core.verb:set package 'rs_a3_moveit_config' build argument 'cmake_target_skip_unavailable' from command line to 'False'
[0.196s] Level 5:colcon.colcon_core.verb:set package 'rs_a3_moveit_config' build argument 'cmake_clean_cache' from command line to 'False'
[0.196s] Level 5:colcon.colcon_core.verb:set package 'rs_a3_moveit_config' build argument 'cmake_clean_first' from command line to 'False'
[0.197s] Level 5:colcon.colcon_core.verb:set package 'rs_a3_moveit_config' build argument 'cmake_force_configure' from command line to 'False'
[0.197s] Level 5:colcon.colcon_core.verb:set package 'rs_a3_moveit_config' build argument 'ament_cmake_args' from command line to 'None'
[0.197s] Level 5:colcon.colcon_core.verb:set package 'rs_a3_moveit_config' build argument 'catkin_cmake_args' from command line to 'None'
[0.197s] Level 5:colcon.colcon_core.verb:set package 'rs_a3_moveit_config' build argument 'catkin_skip_building_tests' from command line to 'False'
[0.197s] DEBUG:colcon.colcon_core.verb:Building package 'rs_a3_moveit_config' with the following arguments: {'ament_cmake_args': None, 'build_base': '/home/ubuntu/rs_arm/build/rs_a3_moveit_config', 'catkin_cmake_args': None, 'catkin_skip_building_tests': False, 'cmake_args': None, 'cmake_clean_cache': False, 'cmake_clean_first': False, 'cmake_force_configure': False, 'cmake_target': None, 'cmake_target_skip_unavailable': False, 'install_base': '/home/ubuntu/rs_arm/install/rs_a3_moveit_config', 'merge_install': False, 'path': '/home/ubuntu/rs_arm/src/rs_a3_moveit_config', 'symlink_install': False, 'test_result_base': None}
[0.197s] INFO:colcon.colcon_core.executor:Executing jobs using 'parallel' executor
[0.197s] DEBUG:colcon.colcon_parallel_executor.executor.parallel:run_until_complete
[0.198s] INFO:colcon.colcon_ros.task.ament_cmake.build:Building ROS package in '/home/ubuntu/rs_arm/src/rs_a3_hardware' with build type 'ament_cmake'
[0.198s] INFO:colcon.colcon_cmake.task.cmake.build:Building CMake package in '/home/ubuntu/rs_arm/src/rs_a3_hardware'
[0.199s] INFO:colcon.colcon_core.plugin_system:Skipping extension 'colcon_core.shell.bat': Not used on non-Windows systems
[0.199s] INFO:colcon.colcon_core.shell:Skip shell extension 'powershell' for command environment: Not usable outside of PowerShell
[0.199s] DEBUG:colcon.colcon_core.shell:Skip shell extension 'dsv' for command environment
[0.201s] INFO:colcon.colcon_ros.task.ament_python.build:Building ROS package in '/home/ubuntu/rs_arm/src/rs_a3_teleop' with build type 'ament_python'
[0.201s] Level 1:colcon.colcon_core.shell:create_environment_hook('rs_a3_teleop', 'ament_prefix_path')
[0.201s] INFO:colcon.colcon_core.shell:Creating environment hook '/home/ubuntu/rs_arm/install/rs_a3_teleop/share/rs_a3_teleop/hook/ament_prefix_path.ps1'
[0.202s] INFO:colcon.colcon_core.shell:Creating environment descriptor '/home/ubuntu/rs_arm/install/rs_a3_teleop/share/rs_a3_teleop/hook/ament_prefix_path.dsv'
[0.202s] INFO:colcon.colcon_core.shell:Creating environment hook '/home/ubuntu/rs_arm/install/rs_a3_teleop/share/rs_a3_teleop/hook/ament_prefix_path.sh'
[0.202s] INFO:colcon.colcon_core.shell:Skip shell extension 'powershell' for command environment: Not usable outside of PowerShell
[0.202s] DEBUG:colcon.colcon_core.shell:Skip shell extension 'dsv' for command environment
[0.206s] INFO:colcon.colcon_ros.task.ament_cmake.build:Building ROS package in '/home/ubuntu/rs_arm/src/RS_A3_urdf/RS-A3' with build type 'ament_cmake'
[0.206s] INFO:colcon.colcon_cmake.task.cmake.build:Building CMake package in '/home/ubuntu/rs_arm/src/RS_A3_urdf/RS-A3'
[0.206s] INFO:colcon.colcon_core.shell:Skip shell extension 'powershell' for command environment: Not usable outside of PowerShell
[0.206s] DEBUG:colcon.colcon_core.shell:Skip shell extension 'dsv' for command environment
[0.209s] INFO:colcon.colcon_ros.task.ament_python.build:Building ROS package in '/home/ubuntu/rs_arm/src/rs_a3_web_ui' with build type 'ament_python'
[0.209s] Level 1:colcon.colcon_core.shell:create_environment_hook('rs_a3_web_ui', 'ament_prefix_path')
[0.209s] INFO:colcon.colcon_core.shell:Creating environment hook '/home/ubuntu/rs_arm/install/rs_a3_web_ui/share/rs_a3_web_ui/hook/ament_prefix_path.ps1'
[0.210s] INFO:colcon.colcon_core.shell:Creating environment descriptor '/home/ubuntu/rs_arm/install/rs_a3_web_ui/share/rs_a3_web_ui/hook/ament_prefix_path.dsv'
[0.210s] INFO:colcon.colcon_core.shell:Creating environment hook '/home/ubuntu/rs_arm/install/rs_a3_web_ui/share/rs_a3_web_ui/hook/ament_prefix_path.sh'
[0.211s] INFO:colcon.colcon_core.shell:Skip shell extension 'powershell' for command environment: Not usable outside of PowerShell
[0.211s] DEBUG:colcon.colcon_core.shell:Skip shell extension 'dsv' for command environment
[0.222s] DEBUG:colcon.colcon_core.event_handler.log_command:Invoking command in '/home/ubuntu/rs_arm/build/rs_a3_hardware': CMAKE_PREFIX_PATH=${CMAKE_PREFIX_PATH}:/home/ubuntu/rs_arm/install/rs_a3_web_ui:/home/ubuntu/rs_arm/install/rs_a3_teleop:/opt/ros/humble /home/ubuntu/.local/bin/cmake --build /home/ubuntu/rs_arm/build/rs_a3_hardware -- -j24 -l24
[0.430s] INFO:colcon.colcon_core.task.python.build:Building Python package in '/home/ubuntu/rs_arm/src/rs_a3_teleop'
[0.430s] INFO:colcon.colcon_core.shell:Skip shell extension 'powershell' for command environment: Not usable outside of PowerShell
[0.430s] DEBUG:colcon.colcon_core.shell:Skip shell extension 'dsv' for command environment
[0.435s] DEBUG:colcon.colcon_core.event_handler.log_command:Invoking command in '/home/ubuntu/rs_arm/build/rs_a3_urdf_legacy': CMAKE_PREFIX_PATH=${CMAKE_PREFIX_PATH}:/home/ubuntu/rs_arm/install/rs_a3_web_ui:/home/ubuntu/rs_arm/install/rs_a3_teleop:/opt/ros/humble /home/ubuntu/.local/bin/cmake --build /home/ubuntu/rs_arm/build/rs_a3_urdf_legacy -- -j24 -l24
[0.610s] INFO:colcon.colcon_core.task.python.build:Building Python package in '/home/ubuntu/rs_arm/src/rs_a3_web_ui'
[0.610s] INFO:colcon.colcon_core.shell:Skip shell extension 'powershell' for command environment: Not usable outside of PowerShell
[0.610s] DEBUG:colcon.colcon_core.shell:Skip shell extension 'dsv' for command environment
[0.627s] DEBUG:colcon.colcon_core.event_handler.log_command:Invoked command in '/home/ubuntu/rs_arm/build/rs_a3_urdf_legacy' returned '0': CMAKE_PREFIX_PATH=${CMAKE_PREFIX_PATH}:/home/ubuntu/rs_arm/install/rs_a3_web_ui:/home/ubuntu/rs_arm/install/rs_a3_teleop:/opt/ros/humble /home/ubuntu/.local/bin/cmake --build /home/ubuntu/rs_arm/build/rs_a3_urdf_legacy -- -j24 -l24
[0.740s] DEBUG:colcon.colcon_core.event_handler.log_command:Invoking command in '/home/ubuntu/rs_arm/build/rs_a3_urdf_legacy': CMAKE_PREFIX_PATH=${CMAKE_PREFIX_PATH}:/home/ubuntu/rs_arm/install/rs_a3_web_ui:/home/ubuntu/rs_arm/install/rs_a3_teleop:/opt/ros/humble /home/ubuntu/.local/bin/cmake --install /home/ubuntu/rs_arm/build/rs_a3_urdf_legacy
[0.822s] Level 1:colcon.colcon_core.environment:create_environment_scripts_only(rs_a3_urdf_legacy)
[0.828s] Level 1:colcon.colcon_core.environment:checking '/home/ubuntu/rs_arm/install/rs_a3_urdf_legacy' for CMake module files
[0.829s] DEBUG:colcon.colcon_core.event_handler.log_command:Invoked command in '/home/ubuntu/rs_arm/build/rs_a3_urdf_legacy' returned '0': CMAKE_PREFIX_PATH=${CMAKE_PREFIX_PATH}:/home/ubuntu/rs_arm/install/rs_a3_web_ui:/home/ubuntu/rs_arm/install/rs_a3_teleop:/opt/ros/humble /home/ubuntu/.local/bin/cmake --install /home/ubuntu/rs_arm/build/rs_a3_urdf_legacy
[0.829s] Level 1:colcon.colcon_core.environment:checking '/home/ubuntu/rs_arm/install/rs_a3_urdf_legacy' for CMake config files
[0.830s] Level 1:colcon.colcon_core.shell:create_environment_hook('rs_a3_urdf_legacy', 'cmake_prefix_path')
[0.830s] INFO:colcon.colcon_core.shell:Creating environment hook '/home/ubuntu/rs_arm/install/rs_a3_urdf_legacy/share/rs_a3_urdf_legacy/hook/cmake_prefix_path.ps1'
[0.832s] INFO:colcon.colcon_core.shell:Creating environment descriptor '/home/ubuntu/rs_arm/install/rs_a3_urdf_legacy/share/rs_a3_urdf_legacy/hook/cmake_prefix_path.dsv'
[0.832s] INFO:colcon.colcon_core.shell:Creating environment hook '/home/ubuntu/rs_arm/install/rs_a3_urdf_legacy/share/rs_a3_urdf_legacy/hook/cmake_prefix_path.sh'
[0.833s] Level 1:colcon.colcon_core.environment:checking '/home/ubuntu/rs_arm/install/rs_a3_urdf_legacy/bin'
[0.833s] Level 1:colcon.colcon_core.environment:checking '/home/ubuntu/rs_arm/install/rs_a3_urdf_legacy/lib/pkgconfig/rs_a3_urdf_legacy.pc'
[0.833s] Level 1:colcon.colcon_core.environment:checking '/home/ubuntu/rs_arm/install/rs_a3_urdf_legacy/lib/python3.10/site-packages'
[0.833s] Level 1:colcon.colcon_core.environment:checking '/home/ubuntu/rs_arm/install/rs_a3_urdf_legacy/bin'
[0.834s] INFO:colcon.colcon_core.shell:Creating package script '/home/ubuntu/rs_arm/install/rs_a3_urdf_legacy/share/rs_a3_urdf_legacy/package.ps1'
[0.835s] INFO:colcon.colcon_core.shell:Creating package descriptor '/home/ubuntu/rs_arm/install/rs_a3_urdf_legacy/share/rs_a3_urdf_legacy/package.dsv'
[0.835s] INFO:colcon.colcon_core.shell:Creating package script '/home/ubuntu/rs_arm/install/rs_a3_urdf_legacy/share/rs_a3_urdf_legacy/package.sh'
[0.836s] INFO:colcon.colcon_core.shell:Creating package script '/home/ubuntu/rs_arm/install/rs_a3_urdf_legacy/share/rs_a3_urdf_legacy/package.bash'
[0.837s] INFO:colcon.colcon_core.shell:Creating package script '/home/ubuntu/rs_arm/install/rs_a3_urdf_legacy/share/rs_a3_urdf_legacy/package.zsh'
[0.837s] Level 1:colcon.colcon_core.environment:create_file_with_runtime_dependencies(/home/ubuntu/rs_arm/install/rs_a3_urdf_legacy/share/colcon-core/packages/rs_a3_urdf_legacy)
[0.838s] Level 1:colcon.colcon_core.environment:create_environment_scripts_only(rs_a3_urdf_legacy)
[0.838s] Level 1:colcon.colcon_core.environment:checking '/home/ubuntu/rs_arm/install/rs_a3_urdf_legacy' for CMake module files
[0.838s] Level 1:colcon.colcon_core.environment:checking '/home/ubuntu/rs_arm/install/rs_a3_urdf_legacy' for CMake config files
[0.838s] Level 1:colcon.colcon_core.shell:create_environment_hook('rs_a3_urdf_legacy', 'cmake_prefix_path')
[0.838s] INFO:colcon.colcon_core.shell:Creating environment hook '/home/ubuntu/rs_arm/install/rs_a3_urdf_legacy/share/rs_a3_urdf_legacy/hook/cmake_prefix_path.ps1'
[0.839s] INFO:colcon.colcon_core.shell:Creating environment descriptor '/home/ubuntu/rs_arm/install/rs_a3_urdf_legacy/share/rs_a3_urdf_legacy/hook/cmake_prefix_path.dsv'
[0.839s] INFO:colcon.colcon_core.shell:Creating environment hook '/home/ubuntu/rs_arm/install/rs_a3_urdf_legacy/share/rs_a3_urdf_legacy/hook/cmake_prefix_path.sh'
[0.839s] Level 1:colcon.colcon_core.environment:checking '/home/ubuntu/rs_arm/install/rs_a3_urdf_legacy/bin'
[0.839s] Level 1:colcon.colcon_core.environment:checking '/home/ubuntu/rs_arm/install/rs_a3_urdf_legacy/lib/pkgconfig/rs_a3_urdf_legacy.pc'
[0.840s] Level 1:colcon.colcon_core.environment:checking '/home/ubuntu/rs_arm/install/rs_a3_urdf_legacy/lib/python3.10/site-packages'
[0.840s] Level 1:colcon.colcon_core.environment:checking '/home/ubuntu/rs_arm/install/rs_a3_urdf_legacy/bin'
[0.840s] INFO:colcon.colcon_core.shell:Creating package script '/home/ubuntu/rs_arm/install/rs_a3_urdf_legacy/share/rs_a3_urdf_legacy/package.ps1'
[0.840s] INFO:colcon.colcon_core.shell:Creating package descriptor '/home/ubuntu/rs_arm/install/rs_a3_urdf_legacy/share/rs_a3_urdf_legacy/package.dsv'
[0.841s] INFO:colcon.colcon_core.shell:Creating package script '/home/ubuntu/rs_arm/install/rs_a3_urdf_legacy/share/rs_a3_urdf_legacy/package.sh'
[0.841s] INFO:colcon.colcon_core.shell:Creating package script '/home/ubuntu/rs_arm/install/rs_a3_urdf_legacy/share/rs_a3_urdf_legacy/package.bash'
[0.841s] INFO:colcon.colcon_core.shell:Creating package script '/home/ubuntu/rs_arm/install/rs_a3_urdf_legacy/share/rs_a3_urdf_legacy/package.zsh'
[0.841s] Level 1:colcon.colcon_core.environment:create_file_with_runtime_dependencies(/home/ubuntu/rs_arm/install/rs_a3_urdf_legacy/share/colcon-core/packages/rs_a3_urdf_legacy)
[1.078s] DEBUG:colcon.colcon_core.event_handler.log_command:Invoking command in '/home/ubuntu/rs_arm/src/rs_a3_teleop': PYTHONPATH=/home/ubuntu/rs_arm/build/rs_a3_teleop/prefix_override:/usr/lib/python3/dist-packages/colcon_core/task/python/colcon_distutils_commands:/home/ubuntu/rs_arm/install/rs_a3_teleop/lib/python3.10/site-packages:${PYTHONPATH} /usr/bin/python3 -W ignore:setup.py install is deprecated -W ignore:easy_install command is deprecated setup.py egg_info --egg-base ../../build/rs_a3_teleop build --build-base /home/ubuntu/rs_arm/build/rs_a3_teleop/build install --record /home/ubuntu/rs_arm/build/rs_a3_teleop/install.log --single-version-externally-managed install_data
[1.153s] DEBUG:colcon.colcon_core.event_handler.log_command:Invoking command in '/home/ubuntu/rs_arm/src/rs_a3_web_ui': PYTHONPATH=/home/ubuntu/rs_arm/build/rs_a3_web_ui/prefix_override:/usr/lib/python3/dist-packages/colcon_core/task/python/colcon_distutils_commands:/home/ubuntu/rs_arm/install/rs_a3_web_ui/lib/python3.10/site-packages:${PYTHONPATH} /usr/bin/python3 -W ignore:setup.py install is deprecated -W ignore:easy_install command is deprecated setup.py egg_info --egg-base ../../build/rs_a3_web_ui build --build-base /home/ubuntu/rs_arm/build/rs_a3_web_ui/build install --record /home/ubuntu/rs_arm/build/rs_a3_web_ui/install.log --single-version-externally-managed install_data
[1.520s] Level 1:colcon.colcon_core.environment:checking '/home/ubuntu/rs_arm/install/rs_a3_teleop' for CMake module files
[1.520s] DEBUG:colcon.colcon_core.event_handler.log_command:Invoked command in '/home/ubuntu/rs_arm/src/rs_a3_teleop' returned '0': PYTHONPATH=/home/ubuntu/rs_arm/build/rs_a3_teleop/prefix_override:/usr/lib/python3/dist-packages/colcon_core/task/python/colcon_distutils_commands:/home/ubuntu/rs_arm/install/rs_a3_teleop/lib/python3.10/site-packages:${PYTHONPATH} /usr/bin/python3 -W ignore:setup.py install is deprecated -W ignore:easy_install command is deprecated setup.py egg_info --egg-base ../../build/rs_a3_teleop build --build-base /home/ubuntu/rs_arm/build/rs_a3_teleop/build install --record /home/ubuntu/rs_arm/build/rs_a3_teleop/install.log --single-version-externally-managed install_data
[1.522s] Level 1:colcon.colcon_core.environment:checking '/home/ubuntu/rs_arm/install/rs_a3_teleop' for CMake config files
[1.522s] Level 1:colcon.colcon_core.environment:checking '/home/ubuntu/rs_arm/install/rs_a3_teleop/lib'
[1.523s] Level 1:colcon.colcon_core.environment:checking '/home/ubuntu/rs_arm/install/rs_a3_teleop/bin'
[1.523s] Level 1:colcon.colcon_core.environment:checking '/home/ubuntu/rs_arm/install/rs_a3_teleop/lib/pkgconfig/rs_a3_teleop.pc'
[1.523s] Level 1:colcon.colcon_core.environment:checking '/home/ubuntu/rs_arm/install/rs_a3_teleop/lib/python3.10/site-packages'
[1.523s] Level 1:colcon.colcon_core.shell:create_environment_hook('rs_a3_teleop', 'pythonpath')
[1.523s] INFO:colcon.colcon_core.shell:Creating environment hook '/home/ubuntu/rs_arm/install/rs_a3_teleop/share/rs_a3_teleop/hook/pythonpath.ps1'
[1.525s] INFO:colcon.colcon_core.shell:Creating environment descriptor '/home/ubuntu/rs_arm/install/rs_a3_teleop/share/rs_a3_teleop/hook/pythonpath.dsv'
[1.525s] INFO:colcon.colcon_core.shell:Creating environment hook '/home/ubuntu/rs_arm/install/rs_a3_teleop/share/rs_a3_teleop/hook/pythonpath.sh'
[1.526s] Level 1:colcon.colcon_core.environment:checking '/home/ubuntu/rs_arm/install/rs_a3_teleop/bin'
[1.526s] Level 1:colcon.colcon_core.environment:create_environment_scripts_only(rs_a3_teleop)
[1.526s] INFO:colcon.colcon_core.shell:Creating package script '/home/ubuntu/rs_arm/install/rs_a3_teleop/share/rs_a3_teleop/package.ps1'
[1.527s] INFO:colcon.colcon_core.shell:Creating package descriptor '/home/ubuntu/rs_arm/install/rs_a3_teleop/share/rs_a3_teleop/package.dsv'
[1.527s] INFO:colcon.colcon_core.shell:Creating package script '/home/ubuntu/rs_arm/install/rs_a3_teleop/share/rs_a3_teleop/package.sh'
[1.527s] INFO:colcon.colcon_core.shell:Creating package script '/home/ubuntu/rs_arm/install/rs_a3_teleop/share/rs_a3_teleop/package.bash'
[1.528s] INFO:colcon.colcon_core.shell:Creating package script '/home/ubuntu/rs_arm/install/rs_a3_teleop/share/rs_a3_teleop/package.zsh'
[1.528s] Level 1:colcon.colcon_core.environment:create_file_with_runtime_dependencies(/home/ubuntu/rs_arm/install/rs_a3_teleop/share/colcon-core/packages/rs_a3_teleop)
[1.566s] Level 1:colcon.colcon_core.environment:checking '/home/ubuntu/rs_arm/install/rs_a3_web_ui' for CMake module files
[1.566s] DEBUG:colcon.colcon_core.event_handler.log_command:Invoked command in '/home/ubuntu/rs_arm/src/rs_a3_web_ui' returned '0': PYTHONPATH=/home/ubuntu/rs_arm/build/rs_a3_web_ui/prefix_override:/usr/lib/python3/dist-packages/colcon_core/task/python/colcon_distutils_commands:/home/ubuntu/rs_arm/install/rs_a3_web_ui/lib/python3.10/site-packages:${PYTHONPATH} /usr/bin/python3 -W ignore:setup.py install is deprecated -W ignore:easy_install command is deprecated setup.py egg_info --egg-base ../../build/rs_a3_web_ui build --build-base /home/ubuntu/rs_arm/build/rs_a3_web_ui/build install --record /home/ubuntu/rs_arm/build/rs_a3_web_ui/install.log --single-version-externally-managed install_data
[1.567s] Level 1:colcon.colcon_core.environment:checking '/home/ubuntu/rs_arm/install/rs_a3_web_ui' for CMake config files
[1.567s] Level 1:colcon.colcon_core.environment:checking '/home/ubuntu/rs_arm/install/rs_a3_web_ui/lib'
[1.567s] Level 1:colcon.colcon_core.environment:checking '/home/ubuntu/rs_arm/install/rs_a3_web_ui/bin'
[1.567s] Level 1:colcon.colcon_core.environment:checking '/home/ubuntu/rs_arm/install/rs_a3_web_ui/lib/pkgconfig/rs_a3_web_ui.pc'
[1.568s] Level 1:colcon.colcon_core.environment:checking '/home/ubuntu/rs_arm/install/rs_a3_web_ui/lib/python3.10/site-packages'
[1.568s] Level 1:colcon.colcon_core.shell:create_environment_hook('rs_a3_web_ui', 'pythonpath')
[1.568s] INFO:colcon.colcon_core.shell:Creating environment hook '/home/ubuntu/rs_arm/install/rs_a3_web_ui/share/rs_a3_web_ui/hook/pythonpath.ps1'
[1.568s] INFO:colcon.colcon_core.shell:Creating environment descriptor '/home/ubuntu/rs_arm/install/rs_a3_web_ui/share/rs_a3_web_ui/hook/pythonpath.dsv'
[1.568s] INFO:colcon.colcon_core.shell:Creating environment hook '/home/ubuntu/rs_arm/install/rs_a3_web_ui/share/rs_a3_web_ui/hook/pythonpath.sh'
[1.569s] Level 1:colcon.colcon_core.environment:checking '/home/ubuntu/rs_arm/install/rs_a3_web_ui/bin'
[1.569s] Level 1:colcon.colcon_core.environment:create_environment_scripts_only(rs_a3_web_ui)
[1.569s] INFO:colcon.colcon_core.shell:Creating package script '/home/ubuntu/rs_arm/install/rs_a3_web_ui/share/rs_a3_web_ui/package.ps1'
[1.570s] INFO:colcon.colcon_core.shell:Creating package descriptor '/home/ubuntu/rs_arm/install/rs_a3_web_ui/share/rs_a3_web_ui/package.dsv'
[1.570s] INFO:colcon.colcon_core.shell:Creating package script '/home/ubuntu/rs_arm/install/rs_a3_web_ui/share/rs_a3_web_ui/package.sh'
[1.571s] INFO:colcon.colcon_core.shell:Creating package script '/home/ubuntu/rs_arm/install/rs_a3_web_ui/share/rs_a3_web_ui/package.bash'
[1.571s] INFO:colcon.colcon_core.shell:Creating package script '/home/ubuntu/rs_arm/install/rs_a3_web_ui/share/rs_a3_web_ui/package.zsh'
[1.572s] Level 1:colcon.colcon_core.environment:create_file_with_runtime_dependencies(/home/ubuntu/rs_arm/install/rs_a3_web_ui/share/colcon-core/packages/rs_a3_web_ui)
[6.357s] DEBUG:colcon.colcon_core.event_handler.log_command:Invoked command in '/home/ubuntu/rs_arm/build/rs_a3_hardware' returned '0': CMAKE_PREFIX_PATH=${CMAKE_PREFIX_PATH}:/home/ubuntu/rs_arm/install/rs_a3_web_ui:/home/ubuntu/rs_arm/install/rs_a3_teleop:/opt/ros/humble /home/ubuntu/.local/bin/cmake --build /home/ubuntu/rs_arm/build/rs_a3_hardware -- -j24 -l24
[6.359s] DEBUG:colcon.colcon_core.event_handler.log_command:Invoking command in '/home/ubuntu/rs_arm/build/rs_a3_hardware': CMAKE_PREFIX_PATH=${CMAKE_PREFIX_PATH}:/home/ubuntu/rs_arm/install/rs_a3_web_ui:/home/ubuntu/rs_arm/install/rs_a3_teleop:/opt/ros/humble /home/ubuntu/.local/bin/cmake --install /home/ubuntu/rs_arm/build/rs_a3_hardware
[6.448s] Level 1:colcon.colcon_core.environment:create_environment_scripts_only(rs_a3_hardware)
[6.448s] Level 1:colcon.colcon_core.environment:checking '/home/ubuntu/rs_arm/install/rs_a3_hardware' for CMake module files
[6.448s] DEBUG:colcon.colcon_core.event_handler.log_command:Invoked command in '/home/ubuntu/rs_arm/build/rs_a3_hardware' returned '0': CMAKE_PREFIX_PATH=${CMAKE_PREFIX_PATH}:/home/ubuntu/rs_arm/install/rs_a3_web_ui:/home/ubuntu/rs_arm/install/rs_a3_teleop:/opt/ros/humble /home/ubuntu/.local/bin/cmake --install /home/ubuntu/rs_arm/build/rs_a3_hardware
[6.449s] Level 1:colcon.colcon_core.environment:checking '/home/ubuntu/rs_arm/install/rs_a3_hardware' for CMake config files
[6.449s] Level 1:colcon.colcon_core.shell:create_environment_hook('rs_a3_hardware', 'cmake_prefix_path')
[6.449s] INFO:colcon.colcon_core.shell:Creating environment hook '/home/ubuntu/rs_arm/install/rs_a3_hardware/share/rs_a3_hardware/hook/cmake_prefix_path.ps1'
[6.449s] INFO:colcon.colcon_core.shell:Creating environment descriptor '/home/ubuntu/rs_arm/install/rs_a3_hardware/share/rs_a3_hardware/hook/cmake_prefix_path.dsv'
[6.450s] INFO:colcon.colcon_core.shell:Creating environment hook '/home/ubuntu/rs_arm/install/rs_a3_hardware/share/rs_a3_hardware/hook/cmake_prefix_path.sh'
[6.450s] Level 1:colcon.colcon_core.environment:checking '/home/ubuntu/rs_arm/install/rs_a3_hardware/lib'
[6.450s] Level 1:colcon.colcon_core.shell:create_environment_hook('rs_a3_hardware', 'ld_library_path_lib')
[6.450s] INFO:colcon.colcon_core.shell:Creating environment hook '/home/ubuntu/rs_arm/install/rs_a3_hardware/share/rs_a3_hardware/hook/ld_library_path_lib.ps1'
[6.450s] INFO:colcon.colcon_core.shell:Creating environment descriptor '/home/ubuntu/rs_arm/install/rs_a3_hardware/share/rs_a3_hardware/hook/ld_library_path_lib.dsv'
[6.451s] INFO:colcon.colcon_core.shell:Creating environment hook '/home/ubuntu/rs_arm/install/rs_a3_hardware/share/rs_a3_hardware/hook/ld_library_path_lib.sh'
[6.451s] Level 1:colcon.colcon_core.environment:checking '/home/ubuntu/rs_arm/install/rs_a3_hardware/bin'
[6.451s] Level 1:colcon.colcon_core.environment:checking '/home/ubuntu/rs_arm/install/rs_a3_hardware/lib/pkgconfig/rs_a3_hardware.pc'
[6.451s] Level 1:colcon.colcon_core.environment:checking '/home/ubuntu/rs_arm/install/rs_a3_hardware/lib/python3.10/site-packages'
[6.451s] Level 1:colcon.colcon_core.environment:checking '/home/ubuntu/rs_arm/install/rs_a3_hardware/bin'
[6.451s] INFO:colcon.colcon_core.shell:Creating package script '/home/ubuntu/rs_arm/install/rs_a3_hardware/share/rs_a3_hardware/package.ps1'
[6.452s] INFO:colcon.colcon_core.shell:Creating package descriptor '/home/ubuntu/rs_arm/install/rs_a3_hardware/share/rs_a3_hardware/package.dsv'
[6.452s] INFO:colcon.colcon_core.shell:Creating package script '/home/ubuntu/rs_arm/install/rs_a3_hardware/share/rs_a3_hardware/package.sh'
[6.453s] INFO:colcon.colcon_core.shell:Creating package script '/home/ubuntu/rs_arm/install/rs_a3_hardware/share/rs_a3_hardware/package.bash'
[6.453s] INFO:colcon.colcon_core.shell:Creating package script '/home/ubuntu/rs_arm/install/rs_a3_hardware/share/rs_a3_hardware/package.zsh'
[6.453s] Level 1:colcon.colcon_core.environment:create_file_with_runtime_dependencies(/home/ubuntu/rs_arm/install/rs_a3_hardware/share/colcon-core/packages/rs_a3_hardware)
[6.454s] Level 1:colcon.colcon_core.environment:create_environment_scripts_only(rs_a3_hardware)
[6.454s] Level 1:colcon.colcon_core.environment:checking '/home/ubuntu/rs_arm/install/rs_a3_hardware' for CMake module files
[6.455s] Level 1:colcon.colcon_core.environment:checking '/home/ubuntu/rs_arm/install/rs_a3_hardware' for CMake config files
[6.455s] Level 1:colcon.colcon_core.shell:create_environment_hook('rs_a3_hardware', 'cmake_prefix_path')
[6.455s] INFO:colcon.colcon_core.shell:Creating environment hook '/home/ubuntu/rs_arm/install/rs_a3_hardware/share/rs_a3_hardware/hook/cmake_prefix_path.ps1'
[6.455s] INFO:colcon.colcon_core.shell:Creating environment descriptor '/home/ubuntu/rs_arm/install/rs_a3_hardware/share/rs_a3_hardware/hook/cmake_prefix_path.dsv'
[6.455s] INFO:colcon.colcon_core.shell:Creating environment hook '/home/ubuntu/rs_arm/install/rs_a3_hardware/share/rs_a3_hardware/hook/cmake_prefix_path.sh'
[6.456s] Level 1:colcon.colcon_core.environment:checking '/home/ubuntu/rs_arm/install/rs_a3_hardware/lib'
[6.456s] Level 1:colcon.colcon_core.shell:create_environment_hook('rs_a3_hardware', 'ld_library_path_lib')
[6.456s] INFO:colcon.colcon_core.shell:Creating environment hook '/home/ubuntu/rs_arm/install/rs_a3_hardware/share/rs_a3_hardware/hook/ld_library_path_lib.ps1'
[6.456s] INFO:colcon.colcon_core.shell:Creating environment descriptor '/home/ubuntu/rs_arm/install/rs_a3_hardware/share/rs_a3_hardware/hook/ld_library_path_lib.dsv'
[6.457s] INFO:colcon.colcon_core.shell:Creating environment hook '/home/ubuntu/rs_arm/install/rs_a3_hardware/share/rs_a3_hardware/hook/ld_library_path_lib.sh'
[6.457s] Level 1:colcon.colcon_core.environment:checking '/home/ubuntu/rs_arm/install/rs_a3_hardware/bin'
[6.457s] Level 1:colcon.colcon_core.environment:checking '/home/ubuntu/rs_arm/install/rs_a3_hardware/lib/pkgconfig/rs_a3_hardware.pc'
[6.457s] Level 1:colcon.colcon_core.environment:checking '/home/ubuntu/rs_arm/install/rs_a3_hardware/lib/python3.10/site-packages'
[6.457s] Level 1:colcon.colcon_core.environment:checking '/home/ubuntu/rs_arm/install/rs_a3_hardware/bin'
[6.457s] INFO:colcon.colcon_core.shell:Creating package script '/home/ubuntu/rs_arm/install/rs_a3_hardware/share/rs_a3_hardware/package.ps1'
[6.458s] INFO:colcon.colcon_core.shell:Creating package descriptor '/home/ubuntu/rs_arm/install/rs_a3_hardware/share/rs_a3_hardware/package.dsv'
[6.458s] INFO:colcon.colcon_core.shell:Creating package script '/home/ubuntu/rs_arm/install/rs_a3_hardware/share/rs_a3_hardware/package.sh'
[6.458s] INFO:colcon.colcon_core.shell:Creating package script '/home/ubuntu/rs_arm/install/rs_a3_hardware/share/rs_a3_hardware/package.bash'
[6.459s] INFO:colcon.colcon_core.shell:Creating package script '/home/ubuntu/rs_arm/install/rs_a3_hardware/share/rs_a3_hardware/package.zsh'
[6.459s] Level 1:colcon.colcon_core.environment:create_file_with_runtime_dependencies(/home/ubuntu/rs_arm/install/rs_a3_hardware/share/colcon-core/packages/rs_a3_hardware)
[6.459s] INFO:colcon.colcon_ros.task.ament_cmake.build:Building ROS package in '/home/ubuntu/rs_arm/src/rs_a3_description' with build type 'ament_cmake'
[6.459s] INFO:colcon.colcon_cmake.task.cmake.build:Building CMake package in '/home/ubuntu/rs_arm/src/rs_a3_description'
[6.459s] INFO:colcon.colcon_core.shell:Skip shell extension 'powershell' for command environment: Not usable outside of PowerShell
[6.460s] DEBUG:colcon.colcon_core.shell:Skip shell extension 'dsv' for command environment
[6.472s] DEBUG:colcon.colcon_core.event_handler.log_command:Invoking command in '/home/ubuntu/rs_arm/build/rs_a3_description': CMAKE_PREFIX_PATH=/home/ubuntu/rs_arm/install/rs_a3_hardware:/home/ubuntu/rs_arm/install/rs_a3_urdf_legacy:/home/ubuntu/rs_arm/install/rs_a3_moveit_config:/home/ubuntu/rs_arm/install/rs_a3_description:/home/ubuntu/rs_arm/install/rs_a3_web_ui:/home/ubuntu/rs_arm/install/rs_a3_teleop:/opt/ros/humble LD_LIBRARY_PATH=/home/ubuntu/rs_arm/install/rs_a3_hardware/lib:/opt/ros/humble/opt/rviz_ogre_vendor/lib:/opt/ros/humble/lib/x86_64-linux-gnu:/opt/ros/humble/lib:/tmp/.mount_CursorXXMBI6/usr/lib/:/tmp/.mount_CursorXXMBI6/usr/lib32/:/tmp/.mount_CursorXXMBI6/usr/lib64/:/tmp/.mount_CursorXXMBI6/lib/:/tmp/.mount_CursorXXMBI6/lib/i386-linux-gnu/:/tmp/.mount_CursorXXMBI6/lib/x86_64-linux-gnu/:/tmp/.mount_CursorXXMBI6/lib/aarch64-linux-gnu/:/tmp/.mount_CursorXXMBI6/lib32/:/tmp/.mount_CursorXXMBI6/lib64/:/usr/local/cuda-12.8/lib64:/usr/local/TensorRT-10.10.0.31/lib:/usr/local/cuda-12.8/lib64:/usr/local/TensorRT-10.10.0.31/lib /home/ubuntu/.local/bin/cmake --build /home/ubuntu/rs_arm/build/rs_a3_description -- -j24 -l24
[6.555s] DEBUG:colcon.colcon_core.event_handler.log_command:Invoked command in '/home/ubuntu/rs_arm/build/rs_a3_description' returned '0': CMAKE_PREFIX_PATH=/home/ubuntu/rs_arm/install/rs_a3_hardware:/home/ubuntu/rs_arm/install/rs_a3_urdf_legacy:/home/ubuntu/rs_arm/install/rs_a3_moveit_config:/home/ubuntu/rs_arm/install/rs_a3_description:/home/ubuntu/rs_arm/install/rs_a3_web_ui:/home/ubuntu/rs_arm/install/rs_a3_teleop:/opt/ros/humble LD_LIBRARY_PATH=/home/ubuntu/rs_arm/install/rs_a3_hardware/lib:/opt/ros/humble/opt/rviz_ogre_vendor/lib:/opt/ros/humble/lib/x86_64-linux-gnu:/opt/ros/humble/lib:/tmp/.mount_CursorXXMBI6/usr/lib/:/tmp/.mount_CursorXXMBI6/usr/lib32/:/tmp/.mount_CursorXXMBI6/usr/lib64/:/tmp/.mount_CursorXXMBI6/lib/:/tmp/.mount_CursorXXMBI6/lib/i386-linux-gnu/:/tmp/.mount_CursorXXMBI6/lib/x86_64-linux-gnu/:/tmp/.mount_CursorXXMBI6/lib/aarch64-linux-gnu/:/tmp/.mount_CursorXXMBI6/lib32/:/tmp/.mount_CursorXXMBI6/lib64/:/usr/local/cuda-12.8/lib64:/usr/local/TensorRT-10.10.0.31/lib:/usr/local/cuda-12.8/lib64:/usr/local/TensorRT-10.10.0.31/lib /home/ubuntu/.local/bin/cmake --build /home/ubuntu/rs_arm/build/rs_a3_description -- -j24 -l24
[6.555s] DEBUG:colcon.colcon_core.event_handler.log_command:Invoking command in '/home/ubuntu/rs_arm/build/rs_a3_description': CMAKE_PREFIX_PATH=/home/ubuntu/rs_arm/install/rs_a3_hardware:/home/ubuntu/rs_arm/install/rs_a3_urdf_legacy:/home/ubuntu/rs_arm/install/rs_a3_moveit_config:/home/ubuntu/rs_arm/install/rs_a3_description:/home/ubuntu/rs_arm/install/rs_a3_web_ui:/home/ubuntu/rs_arm/install/rs_a3_teleop:/opt/ros/humble LD_LIBRARY_PATH=/home/ubuntu/rs_arm/install/rs_a3_hardware/lib:/opt/ros/humble/opt/rviz_ogre_vendor/lib:/opt/ros/humble/lib/x86_64-linux-gnu:/opt/ros/humble/lib:/tmp/.mount_CursorXXMBI6/usr/lib/:/tmp/.mount_CursorXXMBI6/usr/lib32/:/tmp/.mount_CursorXXMBI6/usr/lib64/:/tmp/.mount_CursorXXMBI6/lib/:/tmp/.mount_CursorXXMBI6/lib/i386-linux-gnu/:/tmp/.mount_CursorXXMBI6/lib/x86_64-linux-gnu/:/tmp/.mount_CursorXXMBI6/lib/aarch64-linux-gnu/:/tmp/.mount_CursorXXMBI6/lib32/:/tmp/.mount_CursorXXMBI6/lib64/:/usr/local/cuda-12.8/lib64:/usr/local/TensorRT-10.10.0.31/lib:/usr/local/cuda-12.8/lib64:/usr/local/TensorRT-10.10.0.31/lib /home/ubuntu/.local/bin/cmake --install /home/ubuntu/rs_arm/build/rs_a3_description
[6.639s] Level 1:colcon.colcon_core.environment:create_environment_scripts_only(rs_a3_description)
[6.639s] Level 1:colcon.colcon_core.environment:checking '/home/ubuntu/rs_arm/install/rs_a3_description' for CMake module files
[6.640s] DEBUG:colcon.colcon_core.event_handler.log_command:Invoked command in '/home/ubuntu/rs_arm/build/rs_a3_description' returned '0': CMAKE_PREFIX_PATH=/home/ubuntu/rs_arm/install/rs_a3_hardware:/home/ubuntu/rs_arm/install/rs_a3_urdf_legacy:/home/ubuntu/rs_arm/install/rs_a3_moveit_config:/home/ubuntu/rs_arm/install/rs_a3_description:/home/ubuntu/rs_arm/install/rs_a3_web_ui:/home/ubuntu/rs_arm/install/rs_a3_teleop:/opt/ros/humble LD_LIBRARY_PATH=/home/ubuntu/rs_arm/install/rs_a3_hardware/lib:/opt/ros/humble/opt/rviz_ogre_vendor/lib:/opt/ros/humble/lib/x86_64-linux-gnu:/opt/ros/humble/lib:/tmp/.mount_CursorXXMBI6/usr/lib/:/tmp/.mount_CursorXXMBI6/usr/lib32/:/tmp/.mount_CursorXXMBI6/usr/lib64/:/tmp/.mount_CursorXXMBI6/lib/:/tmp/.mount_CursorXXMBI6/lib/i386-linux-gnu/:/tmp/.mount_CursorXXMBI6/lib/x86_64-linux-gnu/:/tmp/.mount_CursorXXMBI6/lib/aarch64-linux-gnu/:/tmp/.mount_CursorXXMBI6/lib32/:/tmp/.mount_CursorXXMBI6/lib64/:/usr/local/cuda-12.8/lib64:/usr/local/TensorRT-10.10.0.31/lib:/usr/local/cuda-12.8/lib64:/usr/local/TensorRT-10.10.0.31/lib /home/ubuntu/.local/bin/cmake --install /home/ubuntu/rs_arm/build/rs_a3_description
[6.640s] Level 1:colcon.colcon_core.environment:checking '/home/ubuntu/rs_arm/install/rs_a3_description' for CMake config files
[6.640s] Level 1:colcon.colcon_core.shell:create_environment_hook('rs_a3_description', 'cmake_prefix_path')
[6.640s] INFO:colcon.colcon_core.shell:Creating environment hook '/home/ubuntu/rs_arm/install/rs_a3_description/share/rs_a3_description/hook/cmake_prefix_path.ps1'
[6.641s] INFO:colcon.colcon_core.shell:Creating environment descriptor '/home/ubuntu/rs_arm/install/rs_a3_description/share/rs_a3_description/hook/cmake_prefix_path.dsv'
[6.641s] INFO:colcon.colcon_core.shell:Creating environment hook '/home/ubuntu/rs_arm/install/rs_a3_description/share/rs_a3_description/hook/cmake_prefix_path.sh'
[6.642s] Level 1:colcon.colcon_core.environment:checking '/home/ubuntu/rs_arm/install/rs_a3_description/bin'
[6.642s] Level 1:colcon.colcon_core.environment:checking '/home/ubuntu/rs_arm/install/rs_a3_description/lib/pkgconfig/rs_a3_description.pc'
[6.642s] Level 1:colcon.colcon_core.environment:checking '/home/ubuntu/rs_arm/install/rs_a3_description/lib/python3.10/site-packages'
[6.642s] Level 1:colcon.colcon_core.environment:checking '/home/ubuntu/rs_arm/install/rs_a3_description/bin'
[6.643s] INFO:colcon.colcon_core.shell:Creating package script '/home/ubuntu/rs_arm/install/rs_a3_description/share/rs_a3_description/package.ps1'
[6.643s] INFO:colcon.colcon_core.shell:Creating package descriptor '/home/ubuntu/rs_arm/install/rs_a3_description/share/rs_a3_description/package.dsv'
[6.643s] INFO:colcon.colcon_core.shell:Creating package script '/home/ubuntu/rs_arm/install/rs_a3_description/share/rs_a3_description/package.sh'
[6.644s] INFO:colcon.colcon_core.shell:Creating package script '/home/ubuntu/rs_arm/install/rs_a3_description/share/rs_a3_description/package.bash'
[6.644s] INFO:colcon.colcon_core.shell:Creating package script '/home/ubuntu/rs_arm/install/rs_a3_description/share/rs_a3_description/package.zsh'
[6.644s] Level 1:colcon.colcon_core.environment:create_file_with_runtime_dependencies(/home/ubuntu/rs_arm/install/rs_a3_description/share/colcon-core/packages/rs_a3_description)
[6.645s] Level 1:colcon.colcon_core.environment:create_environment_scripts_only(rs_a3_description)
[6.645s] Level 1:colcon.colcon_core.environment:checking '/home/ubuntu/rs_arm/install/rs_a3_description' for CMake module files
[6.645s] Level 1:colcon.colcon_core.environment:checking '/home/ubuntu/rs_arm/install/rs_a3_description' for CMake config files
[6.645s] Level 1:colcon.colcon_core.shell:create_environment_hook('rs_a3_description', 'cmake_prefix_path')
[6.646s] INFO:colcon.colcon_core.shell:Creating environment hook '/home/ubuntu/rs_arm/install/rs_a3_description/share/rs_a3_description/hook/cmake_prefix_path.ps1'
[6.646s] INFO:colcon.colcon_core.shell:Creating environment descriptor '/home/ubuntu/rs_arm/install/rs_a3_description/share/rs_a3_description/hook/cmake_prefix_path.dsv'
[6.646s] INFO:colcon.colcon_core.shell:Creating environment hook '/home/ubuntu/rs_arm/install/rs_a3_description/share/rs_a3_description/hook/cmake_prefix_path.sh'
[6.646s] Level 1:colcon.colcon_core.environment:checking '/home/ubuntu/rs_arm/install/rs_a3_description/bin'
[6.647s] Level 1:colcon.colcon_core.environment:checking '/home/ubuntu/rs_arm/install/rs_a3_description/lib/pkgconfig/rs_a3_description.pc'
[6.647s] Level 1:colcon.colcon_core.environment:checking '/home/ubuntu/rs_arm/install/rs_a3_description/lib/python3.10/site-packages'
[6.647s] Level 1:colcon.colcon_core.environment:checking '/home/ubuntu/rs_arm/install/rs_a3_description/bin'
[6.647s] INFO:colcon.colcon_core.shell:Creating package script '/home/ubuntu/rs_arm/install/rs_a3_description/share/rs_a3_description/package.ps1'
[6.648s] INFO:colcon.colcon_core.shell:Creating package descriptor '/home/ubuntu/rs_arm/install/rs_a3_description/share/rs_a3_description/package.dsv'
[6.648s] INFO:colcon.colcon_core.shell:Creating package script '/home/ubuntu/rs_arm/install/rs_a3_description/share/rs_a3_description/package.sh'
[6.648s] INFO:colcon.colcon_core.shell:Creating package script '/home/ubuntu/rs_arm/install/rs_a3_description/share/rs_a3_description/package.bash'
[6.649s] INFO:colcon.colcon_core.shell:Creating package script '/home/ubuntu/rs_arm/install/rs_a3_description/share/rs_a3_description/package.zsh'
[6.649s] Level 1:colcon.colcon_core.environment:create_file_with_runtime_dependencies(/home/ubuntu/rs_arm/install/rs_a3_description/share/colcon-core/packages/rs_a3_description)
[6.649s] INFO:colcon.colcon_ros.task.ament_cmake.build:Building ROS package in '/home/ubuntu/rs_arm/src/rs_a3_moveit_config' with build type 'ament_cmake'
[6.649s] INFO:colcon.colcon_cmake.task.cmake.build:Building CMake package in '/home/ubuntu/rs_arm/src/rs_a3_moveit_config'
[6.649s] INFO:colcon.colcon_core.shell:Skip shell extension 'powershell' for command environment: Not usable outside of PowerShell
[6.649s] DEBUG:colcon.colcon_core.shell:Skip shell extension 'dsv' for command environment
[6.676s] DEBUG:colcon.colcon_core.event_handler.log_command:Invoking command in '/home/ubuntu/rs_arm/build/rs_a3_moveit_config': CMAKE_PREFIX_PATH=/home/ubuntu/rs_arm/install/rs_a3_description:/home/ubuntu/rs_arm/install/rs_a3_hardware:/home/ubuntu/rs_arm/install/rs_a3_urdf_legacy:/home/ubuntu/rs_arm/install/rs_a3_moveit_config:/home/ubuntu/rs_arm/install/rs_a3_web_ui:/home/ubuntu/rs_arm/install/rs_a3_teleop:/opt/ros/humble LD_LIBRARY_PATH=/home/ubuntu/rs_arm/install/rs_a3_hardware/lib:/opt/ros/humble/opt/rviz_ogre_vendor/lib:/opt/ros/humble/lib/x86_64-linux-gnu:/opt/ros/humble/lib:/tmp/.mount_CursorXXMBI6/usr/lib/:/tmp/.mount_CursorXXMBI6/usr/lib32/:/tmp/.mount_CursorXXMBI6/usr/lib64/:/tmp/.mount_CursorXXMBI6/lib/:/tmp/.mount_CursorXXMBI6/lib/i386-linux-gnu/:/tmp/.mount_CursorXXMBI6/lib/x86_64-linux-gnu/:/tmp/.mount_CursorXXMBI6/lib/aarch64-linux-gnu/:/tmp/.mount_CursorXXMBI6/lib32/:/tmp/.mount_CursorXXMBI6/lib64/:/usr/local/cuda-12.8/lib64:/usr/local/TensorRT-10.10.0.31/lib:/usr/local/cuda-12.8/lib64:/usr/local/TensorRT-10.10.0.31/lib /home/ubuntu/.local/bin/cmake --build /home/ubuntu/rs_arm/build/rs_a3_moveit_config -- -j24 -l24
[6.757s] DEBUG:colcon.colcon_core.event_handler.log_command:Invoked command in '/home/ubuntu/rs_arm/build/rs_a3_moveit_config' returned '0': CMAKE_PREFIX_PATH=/home/ubuntu/rs_arm/install/rs_a3_description:/home/ubuntu/rs_arm/install/rs_a3_hardware:/home/ubuntu/rs_arm/install/rs_a3_urdf_legacy:/home/ubuntu/rs_arm/install/rs_a3_moveit_config:/home/ubuntu/rs_arm/install/rs_a3_web_ui:/home/ubuntu/rs_arm/install/rs_a3_teleop:/opt/ros/humble LD_LIBRARY_PATH=/home/ubuntu/rs_arm/install/rs_a3_hardware/lib:/opt/ros/humble/opt/rviz_ogre_vendor/lib:/opt/ros/humble/lib/x86_64-linux-gnu:/opt/ros/humble/lib:/tmp/.mount_CursorXXMBI6/usr/lib/:/tmp/.mount_CursorXXMBI6/usr/lib32/:/tmp/.mount_CursorXXMBI6/usr/lib64/:/tmp/.mount_CursorXXMBI6/lib/:/tmp/.mount_CursorXXMBI6/lib/i386-linux-gnu/:/tmp/.mount_CursorXXMBI6/lib/x86_64-linux-gnu/:/tmp/.mount_CursorXXMBI6/lib/aarch64-linux-gnu/:/tmp/.mount_CursorXXMBI6/lib32/:/tmp/.mount_CursorXXMBI6/lib64/:/usr/local/cuda-12.8/lib64:/usr/local/TensorRT-10.10.0.31/lib:/usr/local/cuda-12.8/lib64:/usr/local/TensorRT-10.10.0.31/lib /home/ubuntu/.local/bin/cmake --build /home/ubuntu/rs_arm/build/rs_a3_moveit_config -- -j24 -l24
[6.759s] DEBUG:colcon.colcon_core.event_handler.log_command:Invoking command in '/home/ubuntu/rs_arm/build/rs_a3_moveit_config': CMAKE_PREFIX_PATH=/home/ubuntu/rs_arm/install/rs_a3_description:/home/ubuntu/rs_arm/install/rs_a3_hardware:/home/ubuntu/rs_arm/install/rs_a3_urdf_legacy:/home/ubuntu/rs_arm/install/rs_a3_moveit_config:/home/ubuntu/rs_arm/install/rs_a3_web_ui:/home/ubuntu/rs_arm/install/rs_a3_teleop:/opt/ros/humble LD_LIBRARY_PATH=/home/ubuntu/rs_arm/install/rs_a3_hardware/lib:/opt/ros/humble/opt/rviz_ogre_vendor/lib:/opt/ros/humble/lib/x86_64-linux-gnu:/opt/ros/humble/lib:/tmp/.mount_CursorXXMBI6/usr/lib/:/tmp/.mount_CursorXXMBI6/usr/lib32/:/tmp/.mount_CursorXXMBI6/usr/lib64/:/tmp/.mount_CursorXXMBI6/lib/:/tmp/.mount_CursorXXMBI6/lib/i386-linux-gnu/:/tmp/.mount_CursorXXMBI6/lib/x86_64-linux-gnu/:/tmp/.mount_CursorXXMBI6/lib/aarch64-linux-gnu/:/tmp/.mount_CursorXXMBI6/lib32/:/tmp/.mount_CursorXXMBI6/lib64/:/usr/local/cuda-12.8/lib64:/usr/local/TensorRT-10.10.0.31/lib:/usr/local/cuda-12.8/lib64:/usr/local/TensorRT-10.10.0.31/lib /home/ubuntu/.local/bin/cmake --install /home/ubuntu/rs_arm/build/rs_a3_moveit_config
[6.826s] Level 1:colcon.colcon_core.environment:create_environment_scripts_only(rs_a3_moveit_config)
[6.826s] DEBUG:colcon.colcon_core.event_handler.log_command:Invoked command in '/home/ubuntu/rs_arm/build/rs_a3_moveit_config' returned '0': CMAKE_PREFIX_PATH=/home/ubuntu/rs_arm/install/rs_a3_description:/home/ubuntu/rs_arm/install/rs_a3_hardware:/home/ubuntu/rs_arm/install/rs_a3_urdf_legacy:/home/ubuntu/rs_arm/install/rs_a3_moveit_config:/home/ubuntu/rs_arm/install/rs_a3_web_ui:/home/ubuntu/rs_arm/install/rs_a3_teleop:/opt/ros/humble LD_LIBRARY_PATH=/home/ubuntu/rs_arm/install/rs_a3_hardware/lib:/opt/ros/humble/opt/rviz_ogre_vendor/lib:/opt/ros/humble/lib/x86_64-linux-gnu:/opt/ros/humble/lib:/tmp/.mount_CursorXXMBI6/usr/lib/:/tmp/.mount_CursorXXMBI6/usr/lib32/:/tmp/.mount_CursorXXMBI6/usr/lib64/:/tmp/.mount_CursorXXMBI6/lib/:/tmp/.mount_CursorXXMBI6/lib/i386-linux-gnu/:/tmp/.mount_CursorXXMBI6/lib/x86_64-linux-gnu/:/tmp/.mount_CursorXXMBI6/lib/aarch64-linux-gnu/:/tmp/.mount_CursorXXMBI6/lib32/:/tmp/.mount_CursorXXMBI6/lib64/:/usr/local/cuda-12.8/lib64:/usr/local/TensorRT-10.10.0.31/lib:/usr/local/cuda-12.8/lib64:/usr/local/TensorRT-10.10.0.31/lib /home/ubuntu/.local/bin/cmake --install /home/ubuntu/rs_arm/build/rs_a3_moveit_config
[6.826s] Level 1:colcon.colcon_core.environment:checking '/home/ubuntu/rs_arm/install/rs_a3_moveit_config' for CMake module files
[6.828s] Level 1:colcon.colcon_core.environment:checking '/home/ubuntu/rs_arm/install/rs_a3_moveit_config' for CMake config files
[6.829s] Level 1:colcon.colcon_core.shell:create_environment_hook('rs_a3_moveit_config', 'cmake_prefix_path')
[6.829s] INFO:colcon.colcon_core.shell:Creating environment hook '/home/ubuntu/rs_arm/install/rs_a3_moveit_config/share/rs_a3_moveit_config/hook/cmake_prefix_path.ps1'
[6.829s] INFO:colcon.colcon_core.shell:Creating environment descriptor '/home/ubuntu/rs_arm/install/rs_a3_moveit_config/share/rs_a3_moveit_config/hook/cmake_prefix_path.dsv'
[6.829s] INFO:colcon.colcon_core.shell:Creating environment hook '/home/ubuntu/rs_arm/install/rs_a3_moveit_config/share/rs_a3_moveit_config/hook/cmake_prefix_path.sh'
[6.830s] Level 1:colcon.colcon_core.environment:checking '/home/ubuntu/rs_arm/install/rs_a3_moveit_config/bin'
[6.830s] Level 1:colcon.colcon_core.environment:checking '/home/ubuntu/rs_arm/install/rs_a3_moveit_config/lib/pkgconfig/rs_a3_moveit_config.pc'
[6.830s] Level 1:colcon.colcon_core.environment:checking '/home/ubuntu/rs_arm/install/rs_a3_moveit_config/lib/python3.10/site-packages'
[6.830s] Level 1:colcon.colcon_core.environment:checking '/home/ubuntu/rs_arm/install/rs_a3_moveit_config/bin'
[6.830s] INFO:colcon.colcon_core.shell:Creating package script '/home/ubuntu/rs_arm/install/rs_a3_moveit_config/share/rs_a3_moveit_config/package.ps1'
[6.831s] INFO:colcon.colcon_core.shell:Creating package descriptor '/home/ubuntu/rs_arm/install/rs_a3_moveit_config/share/rs_a3_moveit_config/package.dsv'
[6.831s] INFO:colcon.colcon_core.shell:Creating package script '/home/ubuntu/rs_arm/install/rs_a3_moveit_config/share/rs_a3_moveit_config/package.sh'
[6.831s] INFO:colcon.colcon_core.shell:Creating package script '/home/ubuntu/rs_arm/install/rs_a3_moveit_config/share/rs_a3_moveit_config/package.bash'
[6.831s] INFO:colcon.colcon_core.shell:Creating package script '/home/ubuntu/rs_arm/install/rs_a3_moveit_config/share/rs_a3_moveit_config/package.zsh'
[6.832s] Level 1:colcon.colcon_core.environment:create_file_with_runtime_dependencies(/home/ubuntu/rs_arm/install/rs_a3_moveit_config/share/colcon-core/packages/rs_a3_moveit_config)
[6.832s] Level 1:colcon.colcon_core.environment:create_environment_scripts_only(rs_a3_moveit_config)
[6.832s] Level 1:colcon.colcon_core.environment:checking '/home/ubuntu/rs_arm/install/rs_a3_moveit_config' for CMake module files
[6.832s] Level 1:colcon.colcon_core.environment:checking '/home/ubuntu/rs_arm/install/rs_a3_moveit_config' for CMake config files
[6.832s] Level 1:colcon.colcon_core.shell:create_environment_hook('rs_a3_moveit_config', 'cmake_prefix_path')
[6.832s] INFO:colcon.colcon_core.shell:Creating environment hook '/home/ubuntu/rs_arm/install/rs_a3_moveit_config/share/rs_a3_moveit_config/hook/cmake_prefix_path.ps1'
[6.833s] INFO:colcon.colcon_core.shell:Creating environment descriptor '/home/ubuntu/rs_arm/install/rs_a3_moveit_config/share/rs_a3_moveit_config/hook/cmake_prefix_path.dsv'
[6.836s] INFO:colcon.colcon_core.shell:Creating environment hook '/home/ubuntu/rs_arm/install/rs_a3_moveit_config/share/rs_a3_moveit_config/hook/cmake_prefix_path.sh'
[6.836s] Level 1:colcon.colcon_core.environment:checking '/home/ubuntu/rs_arm/install/rs_a3_moveit_config/bin'
[6.836s] Level 1:colcon.colcon_core.environment:checking '/home/ubuntu/rs_arm/install/rs_a3_moveit_config/lib/pkgconfig/rs_a3_moveit_config.pc'
[6.837s] Level 1:colcon.colcon_core.environment:checking '/home/ubuntu/rs_arm/install/rs_a3_moveit_config/lib/python3.10/site-packages'
[6.837s] Level 1:colcon.colcon_core.environment:checking '/home/ubuntu/rs_arm/install/rs_a3_moveit_config/bin'
[6.837s] INFO:colcon.colcon_core.shell:Creating package script '/home/ubuntu/rs_arm/install/rs_a3_moveit_config/share/rs_a3_moveit_config/package.ps1'
[6.837s] INFO:colcon.colcon_core.shell:Creating package descriptor '/home/ubuntu/rs_arm/install/rs_a3_moveit_config/share/rs_a3_moveit_config/package.dsv'
[6.838s] INFO:colcon.colcon_core.shell:Creating package script '/home/ubuntu/rs_arm/install/rs_a3_moveit_config/share/rs_a3_moveit_config/package.sh'
[6.838s] INFO:colcon.colcon_core.shell:Creating package script '/home/ubuntu/rs_arm/install/rs_a3_moveit_config/share/rs_a3_moveit_config/package.bash'
[6.838s] INFO:colcon.colcon_core.shell:Creating package script '/home/ubuntu/rs_arm/install/rs_a3_moveit_config/share/rs_a3_moveit_config/package.zsh'
[6.839s] Level 1:colcon.colcon_core.environment:create_file_with_runtime_dependencies(/home/ubuntu/rs_arm/install/rs_a3_moveit_config/share/colcon-core/packages/rs_a3_moveit_config)
[6.839s] DEBUG:colcon.colcon_parallel_executor.executor.parallel:closing loop
[6.839s] DEBUG:colcon.colcon_parallel_executor.executor.parallel:loop closed
[6.839s] DEBUG:colcon.colcon_parallel_executor.executor.parallel:run_until_complete finished with '0'
[6.839s] DEBUG:colcon.colcon_core.event_reactor:joining thread
[6.847s] INFO:colcon.colcon_core.plugin_system:Skipping extension 'colcon_notification.desktop_notification.terminal_notifier': Not used on non-Darwin systems
[6.847s] INFO:colcon.colcon_core.plugin_system:Skipping extension 'colcon_notification.desktop_notification.win32': Not used on non-Windows systems
[6.847s] INFO:colcon.colcon_notification.desktop_notification:Sending desktop notification using 'notify2'
[6.865s] DEBUG:colcon.colcon_core.event_reactor:joined thread
[6.865s] INFO:colcon.colcon_core.shell:Creating prefix script '/home/ubuntu/rs_arm/install/local_setup.ps1'
[6.866s] INFO:colcon.colcon_core.shell:Creating prefix util module '/home/ubuntu/rs_arm/install/_local_setup_util_ps1.py'
[6.869s] INFO:colcon.colcon_core.shell:Creating prefix chain script '/home/ubuntu/rs_arm/install/setup.ps1'
[6.872s] INFO:colcon.colcon_core.shell:Creating prefix script '/home/ubuntu/rs_arm/install/local_setup.sh'
[6.872s] INFO:colcon.colcon_core.shell:Creating prefix util module '/home/ubuntu/rs_arm/install/_local_setup_util_sh.py'
[6.873s] INFO:colcon.colcon_core.shell:Creating prefix chain script '/home/ubuntu/rs_arm/install/setup.sh'
[6.874s] INFO:colcon.colcon_core.shell:Creating prefix script '/home/ubuntu/rs_arm/install/local_setup.bash'
[6.874s] INFO:colcon.colcon_core.shell:Creating prefix chain script '/home/ubuntu/rs_arm/install/setup.bash'
[6.875s] INFO:colcon.colcon_core.shell:Creating prefix script '/home/ubuntu/rs_arm/install/local_setup.zsh'
[6.876s] INFO:colcon.colcon_core.shell:Creating prefix chain script '/home/ubuntu/rs_arm/install/setup.zsh'
